[2.911s] Invoking command in '/home/eleclabs/ros2_ws/src/usb_cam_example': PYTHONPATH=/home/eleclabs/ros2_ws/build/usb_cam_example/prefix_override:/usr/lib/python3/dist-packages/colcon_core/task/python/colcon_distutils_commands:/home/eleclabs/ros2_ws/install/usb_cam_example/lib/python3.10/site-packages:${PYTHONPATH} /usr/bin/python3 -W ignore:setup.py install is deprecated -W ignore:easy_install command is deprecated setup.py egg_info --egg-base ../../build/usb_cam_example build --build-base /home/eleclabs/ros2_ws/build/usb_cam_example/build install --record /home/eleclabs/ros2_ws/build/usb_cam_example/install.log --single-version-externally-managed install_data
[3.643s] running egg_info
[3.645s] writing ../../build/usb_cam_example/usb_cam_example.egg-info/PKG-INFO
[3.653s] writing dependency_links to ../../build/usb_cam_example/usb_cam_example.egg-info/dependency_links.txt
[3.655s] writing entry points to ../../build/usb_cam_example/usb_cam_example.egg-info/entry_points.txt
[3.656s] writing requirements to ../../build/usb_cam_example/usb_cam_example.egg-info/requires.txt
[3.657s] writing top-level names to ../../build/usb_cam_example/usb_cam_example.egg-info/top_level.txt
[3.661s] reading manifest file '../../build/usb_cam_example/usb_cam_example.egg-info/SOURCES.txt'
[3.664s] writing manifest file '../../build/usb_cam_example/usb_cam_example.egg-info/SOURCES.txt'
[3.666s] running build
[3.666s] running build_py
[3.675s] running install
[3.676s] running install_lib
[3.676s] running install_data
[3.677s] running install_egg_info
[3.686s] removing '/home/eleclabs/ros2_ws/install/usb_cam_example/lib/python3.10/site-packages/usb_cam_example-0.0.0-py3.10.egg-info' (and everything under it)
[3.708s] Copying ../../build/usb_cam_example/usb_cam_example.egg-info to /home/eleclabs/ros2_ws/install/usb_cam_example/lib/python3.10/site-packages/usb_cam_example-0.0.0-py3.10.egg-info
[3.715s] running install_scripts
[3.783s] Installing camera_publisher script to /home/eleclabs/ros2_ws/install/usb_cam_example/lib/usb_cam_example
[3.785s] Installing camera_subscriber script to /home/eleclabs/ros2_ws/install/usb_cam_example/lib/usb_cam_example
[3.788s] writing list of installed files to '/home/eleclabs/ros2_ws/build/usb_cam_example/install.log'
