[1.117s] Invoking command in '/home/eleclabs/ros2_ws/build/opencv_detechtion': CMAKE_PREFIX_PATH=${CMAKE_PREFIX_PATH}:/home/eleclabs/ros2_ws/install/usb_cam_realtime:/home/eleclabs/ros2_ws/install/usb_cam_example:/home/eleclabs/ros2_ws/install/ros2_opencv:/home/eleclabs/ros2_ws/install/opencv_tools:/home/eleclabs/ros2_ws/install/object_detection:/home/eleclabs/ros2_ws/install/image_viewer:/opt/ros/humble /usr/bin/cmake /home/eleclabs/ros2_ws/src/opencv_detechtion -DCMAKE_INSTALL_PREFIX=/home/eleclabs/ros2_ws/install/opencv_detechtion
[2.578s] -- The C compiler identification is GNU 11.4.0
[3.974s] -- The CXX compiler identification is GNU 11.4.0
[4.053s] -- Detecting C compiler ABI info
[4.874s] -- Detecting C compiler ABI info - done
[4.908s] -- Check for working C compiler: /usr/bin/cc - skipped
[4.910s] -- Detecting C compile features
[4.914s] -- Detecting C compile features - done
[4.942s] -- Detecting CXX compiler ABI info
[5.441s] -- Detecting CXX compiler ABI info - done
[5.441s] -- Check for working CXX compiler: /usr/bin/c++ - skipped
[5.441s] -- Detecting CXX compile features
[5.441s] -- Detecting CXX compile features - done
[5.518s] -- Found ament_cmake: 1.3.11 (/opt/ros/humble/share/ament_cmake/cmake)
[6.389s] -- Found Python3: /usr/bin/python3 (found version "3.10.12") found components: Interpreter 
[7.170s] -- Found rclcpp: 16.0.11 (/opt/ros/humble/share/rclcpp/cmake)
[7.758s] -- Found rosidl_generator_c: 3.1.6 (/opt/ros/humble/share/rosidl_generator_c/cmake)
[7.818s] -- Found rosidl_adapter: 3.1.6 (/opt/ros/humble/share/rosidl_adapter/cmake)
[7.963s] -- Found rosidl_generator_cpp: 3.1.6 (/opt/ros/humble/share/rosidl_generator_cpp/cmake)
[8.372s] -- Using all available rosidl_typesupport_c: rosidl_typesupport_fastrtps_c;rosidl_typesupport_introspection_c
[8.754s] -- Using all available rosidl_typesupport_cpp: rosidl_typesupport_fastrtps_cpp;rosidl_typesupport_introspection_cpp
[9.730s] -- Found rmw_implementation_cmake: 6.1.2 (/opt/ros/humble/share/rmw_implementation_cmake/cmake)
[9.770s] -- Found rmw_cyclonedds_cpp: 1.3.4 (/opt/ros/humble/share/rmw_cyclonedds_cpp/cmake)
[10.384s] -- Using RMW implementation 'rmw_cyclonedds_cpp' as default
[10.694s] -- Looking for pthread.h
[11.332s] -- Looking for pthread.h - found
[11.352s] -- Performing Test CMAKE_HAVE_LIBC_PTHREAD
[11.758s] -- Performing Test CMAKE_HAVE_LIBC_PTHREAD - Success
[11.760s] -- Found Threads: TRUE  
[12.607s] -- Found sensor_msgs: 4.2.4 (/opt/ros/humble/share/sensor_msgs/cmake)
[13.185s] -- Found cv_bridge: 3.2.1 (/opt/ros/humble/share/cv_bridge/cmake)
[13.297s] -- Found OpenCV: /usr (found version "4.5.4") 
[13.318s] -- Found image_transport: 3.1.10 (/opt/ros/humble/share/image_transport/cmake)
[13.724s] -- Found ament_lint_auto: 0.12.11 (/opt/ros/humble/share/ament_lint_auto/cmake)
[14.463s] -- Added test 'cppcheck' to perform static code analysis on C / C++ code
[14.465s] -- Configured cppcheck include dirs: 
[14.466s] -- Configured cppcheck exclude dirs and/or files: 
[14.535s] -- Added test 'lint_cmake' to check CMake code style
[14.545s] -- Added test 'uncrustify' to check C / C++ code style
[14.545s] -- Configured uncrustify additional arguments: 
[14.551s] -- Added test 'xmllint' to check XML markup files
[14.578s] -- Configuring done
[14.591s] [31mCMake Error at CMakeLists.txt:16 (add_executable):
[14.594s]   Cannot find source file:
[14.594s] 
[14.595s]     src/image_publisher.cpp
[14.595s] 
[14.596s]   Tried extensions .c .C .c++ .cc .cpp .cxx .cu .mpp .m .M .mm .ixx .cppm .h
[14.596s]   .hh .h++ .hm .hpp .hxx .in .txx .f .F .for .f77 .f90 .f95 .f03 .hip .ispc
[14.597s] 
[14.597s] [0m
[14.616s] [31mCMake Error at CMakeLists.txt:16 (add_executable):
[14.616s]   No SOURCES given to target: image_publisher
[14.616s] 
[14.616s] [0m
[14.616s] [0mCMake Generate step failed.  Build files cannot be regenerated correctly.[0m
[14.657s] Invoked command in '/home/eleclabs/ros2_ws/build/opencv_detechtion' returned '1': CMAKE_PREFIX_PATH=${CMAKE_PREFIX_PATH}:/home/eleclabs/ros2_ws/install/usb_cam_realtime:/home/eleclabs/ros2_ws/install/usb_cam_example:/home/eleclabs/ros2_ws/install/ros2_opencv:/home/eleclabs/ros2_ws/install/opencv_tools:/home/eleclabs/ros2_ws/install/object_detection:/home/eleclabs/ros2_ws/install/image_viewer:/opt/ros/humble /usr/bin/cmake /home/eleclabs/ros2_ws/src/opencv_detechtion -DCMAKE_INSTALL_PREFIX=/home/eleclabs/ros2_ws/install/opencv_detechtion
