running egg_info
writing ../../build/usb_cam_example/usb_cam_example.egg-info/PKG-INFO
writing dependency_links to ../../build/usb_cam_example/usb_cam_example.egg-info/dependency_links.txt
writing entry points to ../../build/usb_cam_example/usb_cam_example.egg-info/entry_points.txt
writing requirements to ../../build/usb_cam_example/usb_cam_example.egg-info/requires.txt
writing top-level names to ../../build/usb_cam_example/usb_cam_example.egg-info/top_level.txt
reading manifest file '../../build/usb_cam_example/usb_cam_example.egg-info/SOURCES.txt'
writing manifest file '../../build/usb_cam_example/usb_cam_example.egg-info/SOURCES.txt'
running build
running build_py
running install
running install_lib
running install_data
running install_egg_info
removing '/home/eleclabs/ros2_ws/install/usb_cam_example/lib/python3.10/site-packages/usb_cam_example-0.0.0-py3.10.egg-info' (and everything under it)
Copying ../../build/usb_cam_example/usb_cam_example.egg-info to /home/eleclabs/ros2_ws/install/usb_cam_example/lib/python3.10/site-packages/usb_cam_example-0.0.0-py3.10.egg-info
running install_scripts
Installing camera_publisher script to /home/eleclabs/ros2_ws/install/usb_cam_example/lib/usb_cam_example
Installing camera_subscriber script to /home/eleclabs/ros2_ws/install/usb_cam_example/lib/usb_cam_example
writing list of installed files to '/home/eleclabs/ros2_ws/build/usb_cam_example/install.log'
