[0.175s] Invoking command in '/home/eleclabs/ros2_ws/build/micro_ros_msgs': CMAKE_PREFIX_PATH=${CMAKE_PREFIX_PATH}:/home/eleclabs/ros2_ws/install/usb_cam_realtime:/home/eleclabs/ros2_ws/install/usb_cam_example:/home/eleclabs/ros2_ws/install/ros2_opencv:/home/eleclabs/ros2_ws/install/opencv_tools:/home/eleclabs/ros2_ws/install/object_detection:/home/eleclabs/ros2_ws/install/image_viewer:/opt/ros/humble /usr/bin/cmake --build /home/eleclabs/ros2_ws/build/micro_ros_msgs -- -j4 -l4
[1.276s] [  2%] Built target micro_ros_msgs__cpp
[1.276s] [ 12%] Built target micro_ros_msgs__rosidl_generator_c
[1.276s] [ 12%] Built target ament_cmake_python_copy_micro_ros_msgs
[1.276s] [ 23%] Built target micro_ros_msgs__rosidl_typesupport_cpp
[1.276s] [ 34%] Built target micro_ros_msgs__rosidl_typesupport_introspection_cpp
[1.277s] [ 44%] Built target micro_ros_msgs__rosidl_typesupport_fastrtps_cpp
[1.277s] [ 55%] Built target micro_ros_msgs__rosidl_typesupport_fastrtps_c
[1.277s] [ 65%] Built target micro_ros_msgs__rosidl_typesupport_introspection_c
[1.277s] [ 76%] Built target micro_ros_msgs__rosidl_typesupport_c
[1.277s] [ 76%] Built target micro_ros_msgs
[1.277s] [ 78%] Built target micro_ros_msgs__py
[1.312s] [ 87%] Built target micro_ros_msgs__rosidl_generator_py
[1.533s] [ 91%] Built target micro_ros_msgs__rosidl_typesupport_introspection_c__pyext
[1.572s] [ 95%] Built target micro_ros_msgs__rosidl_typesupport_c__pyext
[1.597s] [100%] Built target micro_ros_msgs__rosidl_typesupport_fastrtps_c__pyext
[1.695s] running egg_info
[1.702s] writing micro_ros_msgs.egg-info/PKG-INFO
[1.702s] writing dependency_links to micro_ros_msgs.egg-info/dependency_links.txt
[1.704s] writing top-level names to micro_ros_msgs.egg-info/top_level.txt
[1.710s] reading manifest file 'micro_ros_msgs.egg-info/SOURCES.txt'
[1.711s] writing manifest file 'micro_ros_msgs.egg-info/SOURCES.txt'
[1.874s] [100%] Built target ament_cmake_python_build_micro_ros_msgs_egg
[2.668s] Invoked command in '/home/eleclabs/ros2_ws/build/micro_ros_msgs' returned '0': CMAKE_PREFIX_PATH=${CMAKE_PREFIX_PATH}:/home/eleclabs/ros2_ws/install/usb_cam_realtime:/home/eleclabs/ros2_ws/install/usb_cam_example:/home/eleclabs/ros2_ws/install/ros2_opencv:/home/eleclabs/ros2_ws/install/opencv_tools:/home/eleclabs/ros2_ws/install/object_detection:/home/eleclabs/ros2_ws/install/image_viewer:/opt/ros/humble /usr/bin/cmake --build /home/eleclabs/ros2_ws/build/micro_ros_msgs -- -j4 -l4
[2.717s] Invoking command in '/home/eleclabs/ros2_ws/build/micro_ros_msgs': CMAKE_PREFIX_PATH=${CMAKE_PREFIX_PATH}:/home/eleclabs/ros2_ws/install/usb_cam_realtime:/home/eleclabs/ros2_ws/install/usb_cam_example:/home/eleclabs/ros2_ws/install/ros2_opencv:/home/eleclabs/ros2_ws/install/opencv_tools:/home/eleclabs/ros2_ws/install/object_detection:/home/eleclabs/ros2_ws/install/image_viewer:/opt/ros/humble /usr/bin/cmake --install /home/eleclabs/ros2_ws/build/micro_ros_msgs
[2.736s] -- Install configuration: ""
[2.736s] -- Up-to-date: /home/eleclabs/ros2_ws/install/micro_ros_msgs/share/ament_index/resource_index/rosidl_interfaces/micro_ros_msgs
[2.742s] -- Up-to-date: /home/eleclabs/ros2_ws/install/micro_ros_msgs/include/micro_ros_msgs/micro_ros_msgs
[2.743s] -- Up-to-date: /home/eleclabs/ros2_ws/install/micro_ros_msgs/include/micro_ros_msgs/micro_ros_msgs/msg
[2.744s] -- Up-to-date: /home/eleclabs/ros2_ws/install/micro_ros_msgs/include/micro_ros_msgs/micro_ros_msgs/msg/detail
[2.744s] -- Up-to-date: /home/eleclabs/ros2_ws/install/micro_ros_msgs/include/micro_ros_msgs/micro_ros_msgs/msg/detail/entity__struct.h
[2.744s] -- Up-to-date: /home/eleclabs/ros2_ws/install/micro_ros_msgs/include/micro_ros_msgs/micro_ros_msgs/msg/detail/entity__functions.h
[2.744s] -- Up-to-date: /home/eleclabs/ros2_ws/install/micro_ros_msgs/include/micro_ros_msgs/micro_ros_msgs/msg/detail/entity__type_support.h
[2.744s] -- Up-to-date: /home/eleclabs/ros2_ws/install/micro_ros_msgs/include/micro_ros_msgs/micro_ros_msgs/msg/detail/graph__functions.h
[2.744s] -- Up-to-date: /home/eleclabs/ros2_ws/install/micro_ros_msgs/include/micro_ros_msgs/micro_ros_msgs/msg/detail/node__functions.c
[2.744s] -- Up-to-date: /home/eleclabs/ros2_ws/install/micro_ros_msgs/include/micro_ros_msgs/micro_ros_msgs/msg/detail/entity__functions.c
[2.744s] -- Up-to-date: /home/eleclabs/ros2_ws/install/micro_ros_msgs/include/micro_ros_msgs/micro_ros_msgs/msg/detail/node__functions.h
[2.744s] -- Up-to-date: /home/eleclabs/ros2_ws/install/micro_ros_msgs/include/micro_ros_msgs/micro_ros_msgs/msg/detail/node__struct.h
[2.744s] -- Up-to-date: /home/eleclabs/ros2_ws/install/micro_ros_msgs/include/micro_ros_msgs/micro_ros_msgs/msg/detail/node__type_support.h
[2.745s] -- Up-to-date: /home/eleclabs/ros2_ws/install/micro_ros_msgs/include/micro_ros_msgs/micro_ros_msgs/msg/detail/graph__functions.c
[2.745s] -- Up-to-date: /home/eleclabs/ros2_ws/install/micro_ros_msgs/include/micro_ros_msgs/micro_ros_msgs/msg/detail/graph__type_support.h
[2.745s] -- Up-to-date: /home/eleclabs/ros2_ws/install/micro_ros_msgs/include/micro_ros_msgs/micro_ros_msgs/msg/detail/graph__struct.h
[2.745s] -- Up-to-date: /home/eleclabs/ros2_ws/install/micro_ros_msgs/include/micro_ros_msgs/micro_ros_msgs/msg/rosidl_generator_c__visibility_control.h
[2.745s] -- Up-to-date: /home/eleclabs/ros2_ws/install/micro_ros_msgs/include/micro_ros_msgs/micro_ros_msgs/msg/node.h
[2.745s] -- Up-to-date: /home/eleclabs/ros2_ws/install/micro_ros_msgs/include/micro_ros_msgs/micro_ros_msgs/msg/graph.h
[2.745s] -- Up-to-date: /home/eleclabs/ros2_ws/install/micro_ros_msgs/include/micro_ros_msgs/micro_ros_msgs/msg/entity.h
[2.745s] -- Up-to-date: /home/eleclabs/ros2_ws/install/micro_ros_msgs/share/micro_ros_msgs/environment/library_path.sh
[2.745s] -- Up-to-date: /home/eleclabs/ros2_ws/install/micro_ros_msgs/share/micro_ros_msgs/environment/library_path.dsv
[2.745s] -- Up-to-date: /home/eleclabs/ros2_ws/install/micro_ros_msgs/lib/libmicro_ros_msgs__rosidl_generator_c.so
[2.745s] -- Up-to-date: /home/eleclabs/ros2_ws/install/micro_ros_msgs/include/micro_ros_msgs/micro_ros_msgs
[2.746s] -- Up-to-date: /home/eleclabs/ros2_ws/install/micro_ros_msgs/include/micro_ros_msgs/micro_ros_msgs/msg
[2.746s] -- Up-to-date: /home/eleclabs/ros2_ws/install/micro_ros_msgs/include/micro_ros_msgs/micro_ros_msgs/msg/rosidl_typesupport_fastrtps_c__visibility_control.h
[2.746s] -- Up-to-date: /home/eleclabs/ros2_ws/install/micro_ros_msgs/include/micro_ros_msgs/micro_ros_msgs/msg/detail
[2.747s] -- Up-to-date: /home/eleclabs/ros2_ws/install/micro_ros_msgs/include/micro_ros_msgs/micro_ros_msgs/msg/detail/entity__rosidl_typesupport_fastrtps_c.h
[2.809s] -- Up-to-date: /home/eleclabs/ros2_ws/install/micro_ros_msgs/include/micro_ros_msgs/micro_ros_msgs/msg/detail/graph__rosidl_typesupport_fastrtps_c.h
[2.810s] -- Up-to-date: /home/eleclabs/ros2_ws/install/micro_ros_msgs/include/micro_ros_msgs/micro_ros_msgs/msg/detail/node__rosidl_typesupport_fastrtps_c.h
[2.813s] -- Up-to-date: /home/eleclabs/ros2_ws/install/micro_ros_msgs/lib/libmicro_ros_msgs__rosidl_typesupport_fastrtps_c.so
[2.813s] -- Up-to-date: /home/eleclabs/ros2_ws/install/micro_ros_msgs/include/micro_ros_msgs/micro_ros_msgs
[2.823s] -- Up-to-date: /home/eleclabs/ros2_ws/install/micro_ros_msgs/include/micro_ros_msgs/micro_ros_msgs/msg
[2.826s] -- Up-to-date: /home/eleclabs/ros2_ws/install/micro_ros_msgs/include/micro_ros_msgs/micro_ros_msgs/msg/detail
[2.827s] -- Up-to-date: /home/eleclabs/ros2_ws/install/micro_ros_msgs/include/micro_ros_msgs/micro_ros_msgs/msg/detail/node__rosidl_typesupport_introspection_c.h
[2.827s] -- Up-to-date: /home/eleclabs/ros2_ws/install/micro_ros_msgs/include/micro_ros_msgs/micro_ros_msgs/msg/detail/node__type_support.c
[2.827s] -- Up-to-date: /home/eleclabs/ros2_ws/install/micro_ros_msgs/include/micro_ros_msgs/micro_ros_msgs/msg/detail/entity__rosidl_typesupport_introspection_c.h
[2.827s] -- Up-to-date: /home/eleclabs/ros2_ws/install/micro_ros_msgs/include/micro_ros_msgs/micro_ros_msgs/msg/detail/entity__type_support.c
[2.827s] -- Up-to-date: /home/eleclabs/ros2_ws/install/micro_ros_msgs/include/micro_ros_msgs/micro_ros_msgs/msg/detail/graph__rosidl_typesupport_introspection_c.h
[2.827s] -- Up-to-date: /home/eleclabs/ros2_ws/install/micro_ros_msgs/include/micro_ros_msgs/micro_ros_msgs/msg/detail/graph__type_support.c
[2.827s] -- Up-to-date: /home/eleclabs/ros2_ws/install/micro_ros_msgs/include/micro_ros_msgs/micro_ros_msgs/msg/rosidl_typesupport_introspection_c__visibility_control.h
[2.828s] -- Up-to-date: /home/eleclabs/ros2_ws/install/micro_ros_msgs/lib/libmicro_ros_msgs__rosidl_typesupport_introspection_c.so
[2.828s] -- Up-to-date: /home/eleclabs/ros2_ws/install/micro_ros_msgs/lib/libmicro_ros_msgs__rosidl_typesupport_c.so
[2.828s] -- Up-to-date: /home/eleclabs/ros2_ws/install/micro_ros_msgs/include/micro_ros_msgs/micro_ros_msgs
[2.828s] -- Up-to-date: /home/eleclabs/ros2_ws/install/micro_ros_msgs/include/micro_ros_msgs/micro_ros_msgs/msg
[2.828s] -- Up-to-date: /home/eleclabs/ros2_ws/install/micro_ros_msgs/include/micro_ros_msgs/micro_ros_msgs/msg/detail
[2.828s] -- Up-to-date: /home/eleclabs/ros2_ws/install/micro_ros_msgs/include/micro_ros_msgs/micro_ros_msgs/msg/detail/entity__builder.hpp
[2.828s] -- Up-to-date: /home/eleclabs/ros2_ws/install/micro_ros_msgs/include/micro_ros_msgs/micro_ros_msgs/msg/detail/graph__builder.hpp
[2.828s] -- Up-to-date: /home/eleclabs/ros2_ws/install/micro_ros_msgs/include/micro_ros_msgs/micro_ros_msgs/msg/detail/entity__traits.hpp
[2.828s] -- Up-to-date: /home/eleclabs/ros2_ws/install/micro_ros_msgs/include/micro_ros_msgs/micro_ros_msgs/msg/detail/node__builder.hpp
[2.828s] -- Up-to-date: /home/eleclabs/ros2_ws/install/micro_ros_msgs/include/micro_ros_msgs/micro_ros_msgs/msg/detail/entity__struct.hpp
[2.828s] -- Up-to-date: /home/eleclabs/ros2_ws/install/micro_ros_msgs/include/micro_ros_msgs/micro_ros_msgs/msg/detail/graph__struct.hpp
[2.828s] -- Up-to-date: /home/eleclabs/ros2_ws/install/micro_ros_msgs/include/micro_ros_msgs/micro_ros_msgs/msg/detail/node__struct.hpp
[2.829s] -- Up-to-date: /home/eleclabs/ros2_ws/install/micro_ros_msgs/include/micro_ros_msgs/micro_ros_msgs/msg/detail/graph__type_support.hpp
[2.829s] -- Up-to-date: /home/eleclabs/ros2_ws/install/micro_ros_msgs/include/micro_ros_msgs/micro_ros_msgs/msg/detail/node__traits.hpp
[2.829s] -- Up-to-date: /home/eleclabs/ros2_ws/install/micro_ros_msgs/include/micro_ros_msgs/micro_ros_msgs/msg/detail/entity__type_support.hpp
[2.829s] -- Up-to-date: /home/eleclabs/ros2_ws/install/micro_ros_msgs/include/micro_ros_msgs/micro_ros_msgs/msg/detail/graph__traits.hpp
[2.829s] -- Up-to-date: /home/eleclabs/ros2_ws/install/micro_ros_msgs/include/micro_ros_msgs/micro_ros_msgs/msg/detail/node__type_support.hpp
[2.829s] -- Up-to-date: /home/eleclabs/ros2_ws/install/micro_ros_msgs/include/micro_ros_msgs/micro_ros_msgs/msg/rosidl_generator_cpp__visibility_control.hpp
[2.829s] -- Up-to-date: /home/eleclabs/ros2_ws/install/micro_ros_msgs/include/micro_ros_msgs/micro_ros_msgs/msg/graph.hpp
[2.829s] -- Up-to-date: /home/eleclabs/ros2_ws/install/micro_ros_msgs/include/micro_ros_msgs/micro_ros_msgs/msg/entity.hpp
[2.829s] -- Up-to-date: /home/eleclabs/ros2_ws/install/micro_ros_msgs/include/micro_ros_msgs/micro_ros_msgs/msg/node.hpp
[2.829s] -- Up-to-date: /home/eleclabs/ros2_ws/install/micro_ros_msgs/include/micro_ros_msgs/micro_ros_msgs
[2.829s] -- Up-to-date: /home/eleclabs/ros2_ws/install/micro_ros_msgs/include/micro_ros_msgs/micro_ros_msgs/msg
[2.829s] -- Up-to-date: /home/eleclabs/ros2_ws/install/micro_ros_msgs/include/micro_ros_msgs/micro_ros_msgs/msg/rosidl_typesupport_fastrtps_cpp__visibility_control.h
[2.830s] -- Up-to-date: /home/eleclabs/ros2_ws/install/micro_ros_msgs/include/micro_ros_msgs/micro_ros_msgs/msg/detail
[2.830s] -- Up-to-date: /home/eleclabs/ros2_ws/install/micro_ros_msgs/include/micro_ros_msgs/micro_ros_msgs/msg/detail/entity__rosidl_typesupport_fastrtps_cpp.hpp
[2.830s] -- Up-to-date: /home/eleclabs/ros2_ws/install/micro_ros_msgs/include/micro_ros_msgs/micro_ros_msgs/msg/detail/node__rosidl_typesupport_fastrtps_cpp.hpp
[2.830s] -- Up-to-date: /home/eleclabs/ros2_ws/install/micro_ros_msgs/include/micro_ros_msgs/micro_ros_msgs/msg/detail/graph__rosidl_typesupport_fastrtps_cpp.hpp
[2.830s] -- Up-to-date: /home/eleclabs/ros2_ws/install/micro_ros_msgs/include/micro_ros_msgs/micro_ros_msgs/msg/detail/dds_fastrtps
[2.830s] -- Up-to-date: /home/eleclabs/ros2_ws/install/micro_ros_msgs/lib/libmicro_ros_msgs__rosidl_typesupport_fastrtps_cpp.so
[2.830s] -- Up-to-date: /home/eleclabs/ros2_ws/install/micro_ros_msgs/include/micro_ros_msgs/micro_ros_msgs
[2.830s] -- Up-to-date: /home/eleclabs/ros2_ws/install/micro_ros_msgs/include/micro_ros_msgs/micro_ros_msgs/msg
[2.830s] -- Up-to-date: /home/eleclabs/ros2_ws/install/micro_ros_msgs/include/micro_ros_msgs/micro_ros_msgs/msg/detail
[2.830s] -- Up-to-date: /home/eleclabs/ros2_ws/install/micro_ros_msgs/include/micro_ros_msgs/micro_ros_msgs/msg/detail/node__type_support.cpp
[2.830s] -- Up-to-date: /home/eleclabs/ros2_ws/install/micro_ros_msgs/include/micro_ros_msgs/micro_ros_msgs/msg/detail/node__rosidl_typesupport_introspection_cpp.hpp
[2.830s] -- Up-to-date: /home/eleclabs/ros2_ws/install/micro_ros_msgs/include/micro_ros_msgs/micro_ros_msgs/msg/detail/entity__rosidl_typesupport_introspection_cpp.hpp
[2.831s] -- Up-to-date: /home/eleclabs/ros2_ws/install/micro_ros_msgs/include/micro_ros_msgs/micro_ros_msgs/msg/detail/entity__type_support.cpp
[2.831s] -- Up-to-date: /home/eleclabs/ros2_ws/install/micro_ros_msgs/include/micro_ros_msgs/micro_ros_msgs/msg/detail/graph__rosidl_typesupport_introspection_cpp.hpp
[2.831s] -- Up-to-date: /home/eleclabs/ros2_ws/install/micro_ros_msgs/include/micro_ros_msgs/micro_ros_msgs/msg/detail/graph__type_support.cpp
[2.831s] -- Up-to-date: /home/eleclabs/ros2_ws/install/micro_ros_msgs/lib/libmicro_ros_msgs__rosidl_typesupport_introspection_cpp.so
[2.831s] -- Up-to-date: /home/eleclabs/ros2_ws/install/micro_ros_msgs/lib/libmicro_ros_msgs__rosidl_typesupport_cpp.so
[2.831s] -- Up-to-date: /home/eleclabs/ros2_ws/install/micro_ros_msgs/share/micro_ros_msgs/environment/pythonpath.sh
[2.831s] -- Up-to-date: /home/eleclabs/ros2_ws/install/micro_ros_msgs/share/micro_ros_msgs/environment/pythonpath.dsv
[2.831s] -- Up-to-date: /home/eleclabs/ros2_ws/install/micro_ros_msgs/local/lib/python3.10/dist-packages/micro_ros_msgs-3.0.1-py3.10.egg-info
[2.831s] -- Installing: /home/eleclabs/ros2_ws/install/micro_ros_msgs/local/lib/python3.10/dist-packages/micro_ros_msgs-3.0.1-py3.10.egg-info/PKG-INFO
[2.831s] -- Installing: /home/eleclabs/ros2_ws/install/micro_ros_msgs/local/lib/python3.10/dist-packages/micro_ros_msgs-3.0.1-py3.10.egg-info/SOURCES.txt
[2.831s] -- Installing: /home/eleclabs/ros2_ws/install/micro_ros_msgs/local/lib/python3.10/dist-packages/micro_ros_msgs-3.0.1-py3.10.egg-info/dependency_links.txt
[2.831s] -- Installing: /home/eleclabs/ros2_ws/install/micro_ros_msgs/local/lib/python3.10/dist-packages/micro_ros_msgs-3.0.1-py3.10.egg-info/top_level.txt
[2.832s] -- Up-to-date: /home/eleclabs/ros2_ws/install/micro_ros_msgs/local/lib/python3.10/dist-packages/micro_ros_msgs
[2.832s] -- Up-to-date: /home/eleclabs/ros2_ws/install/micro_ros_msgs/local/lib/python3.10/dist-packages/micro_ros_msgs/micro_ros_msgs_s__rosidl_typesupport_fastrtps_c.cpython-310-x86_64-linux-gnu.so
[2.832s] -- Up-to-date: /home/eleclabs/ros2_ws/install/micro_ros_msgs/local/lib/python3.10/dist-packages/micro_ros_msgs/_micro_ros_msgs_s.ep.rosidl_typesupport_c.c
[2.832s] -- Up-to-date: /home/eleclabs/ros2_ws/install/micro_ros_msgs/local/lib/python3.10/dist-packages/micro_ros_msgs/micro_ros_msgs_s__rosidl_typesupport_introspection_c.cpython-310-x86_64-linux-gnu.so
[2.832s] -- Up-to-date: /home/eleclabs/ros2_ws/install/micro_ros_msgs/local/lib/python3.10/dist-packages/micro_ros_msgs/__init__.py
[2.832s] -- Up-to-date: /home/eleclabs/ros2_ws/install/micro_ros_msgs/local/lib/python3.10/dist-packages/micro_ros_msgs/_micro_ros_msgs_s.ep.rosidl_typesupport_fastrtps_c.c
[2.832s] -- Up-to-date: /home/eleclabs/ros2_ws/install/micro_ros_msgs/local/lib/python3.10/dist-packages/micro_ros_msgs/msg
[2.832s] -- Up-to-date: /home/eleclabs/ros2_ws/install/micro_ros_msgs/local/lib/python3.10/dist-packages/micro_ros_msgs/msg/_graph.py
[2.832s] -- Up-to-date: /home/eleclabs/ros2_ws/install/micro_ros_msgs/local/lib/python3.10/dist-packages/micro_ros_msgs/msg/_node_s.c
[2.833s] -- Up-to-date: /home/eleclabs/ros2_ws/install/micro_ros_msgs/local/lib/python3.10/dist-packages/micro_ros_msgs/msg/_entity_s.c
[2.833s] -- Up-to-date: /home/eleclabs/ros2_ws/install/micro_ros_msgs/local/lib/python3.10/dist-packages/micro_ros_msgs/msg/_entity.py
[2.833s] -- Up-to-date: /home/eleclabs/ros2_ws/install/micro_ros_msgs/local/lib/python3.10/dist-packages/micro_ros_msgs/msg/_graph_s.c
[2.833s] -- Up-to-date: /home/eleclabs/ros2_ws/install/micro_ros_msgs/local/lib/python3.10/dist-packages/micro_ros_msgs/msg/__init__.py
[2.833s] -- Up-to-date: /home/eleclabs/ros2_ws/install/micro_ros_msgs/local/lib/python3.10/dist-packages/micro_ros_msgs/msg/_node.py
[2.833s] -- Up-to-date: /home/eleclabs/ros2_ws/install/micro_ros_msgs/local/lib/python3.10/dist-packages/micro_ros_msgs/micro_ros_msgs_s__rosidl_typesupport_c.cpython-310-x86_64-linux-gnu.so
[2.833s] -- Up-to-date: /home/eleclabs/ros2_ws/install/micro_ros_msgs/local/lib/python3.10/dist-packages/micro_ros_msgs/_micro_ros_msgs_s.ep.rosidl_typesupport_introspection_c.c
[2.833s] -- Up-to-date: /home/eleclabs/ros2_ws/install/micro_ros_msgs/local/lib/python3.10/dist-packages/micro_ros_msgs/libmicro_ros_msgs__rosidl_generator_py.so
[2.936s] Listing '/home/eleclabs/ros2_ws/install/micro_ros_msgs/local/lib/python3.10/dist-packages/micro_ros_msgs'...
[2.936s] Listing '/home/eleclabs/ros2_ws/install/micro_ros_msgs/local/lib/python3.10/dist-packages/micro_ros_msgs/msg'...
[2.938s] -- Up-to-date: /home/eleclabs/ros2_ws/install/micro_ros_msgs/local/lib/python3.10/dist-packages/micro_ros_msgs/micro_ros_msgs_s__rosidl_typesupport_fastrtps_c.cpython-310-x86_64-linux-gnu.so
[2.939s] -- Up-to-date: /home/eleclabs/ros2_ws/install/micro_ros_msgs/local/lib/python3.10/dist-packages/micro_ros_msgs/micro_ros_msgs_s__rosidl_typesupport_introspection_c.cpython-310-x86_64-linux-gnu.so
[2.940s] -- Up-to-date: /home/eleclabs/ros2_ws/install/micro_ros_msgs/local/lib/python3.10/dist-packages/micro_ros_msgs/micro_ros_msgs_s__rosidl_typesupport_c.cpython-310-x86_64-linux-gnu.so
[2.942s] -- Up-to-date: /home/eleclabs/ros2_ws/install/micro_ros_msgs/lib/libmicro_ros_msgs__rosidl_generator_py.so
[2.943s] -- Up-to-date: /home/eleclabs/ros2_ws/install/micro_ros_msgs/share/micro_ros_msgs/msg/Graph.idl
[2.943s] -- Up-to-date: /home/eleclabs/ros2_ws/install/micro_ros_msgs/share/micro_ros_msgs/msg/Node.idl
[2.943s] -- Up-to-date: /home/eleclabs/ros2_ws/install/micro_ros_msgs/share/micro_ros_msgs/msg/Entity.idl
[2.944s] -- Up-to-date: /home/eleclabs/ros2_ws/install/micro_ros_msgs/share/micro_ros_msgs/msg/Graph.msg
[2.944s] -- Up-to-date: /home/eleclabs/ros2_ws/install/micro_ros_msgs/share/micro_ros_msgs/msg/Node.msg
[2.945s] -- Up-to-date: /home/eleclabs/ros2_ws/install/micro_ros_msgs/share/micro_ros_msgs/msg/Entity.msg
[2.945s] -- Up-to-date: /home/eleclabs/ros2_ws/install/micro_ros_msgs/share/ament_index/resource_index/package_run_dependencies/micro_ros_msgs
[2.945s] -- Up-to-date: /home/eleclabs/ros2_ws/install/micro_ros_msgs/share/ament_index/resource_index/parent_prefix_path/micro_ros_msgs
[2.946s] -- Up-to-date: /home/eleclabs/ros2_ws/install/micro_ros_msgs/share/micro_ros_msgs/environment/ament_prefix_path.sh
[2.946s] -- Up-to-date: /home/eleclabs/ros2_ws/install/micro_ros_msgs/share/micro_ros_msgs/environment/ament_prefix_path.dsv
[2.946s] -- Up-to-date: /home/eleclabs/ros2_ws/install/micro_ros_msgs/share/micro_ros_msgs/environment/path.sh
[2.947s] -- Up-to-date: /home/eleclabs/ros2_ws/install/micro_ros_msgs/share/micro_ros_msgs/environment/path.dsv
[2.947s] -- Up-to-date: /home/eleclabs/ros2_ws/install/micro_ros_msgs/share/micro_ros_msgs/local_setup.bash
[2.947s] -- Up-to-date: /home/eleclabs/ros2_ws/install/micro_ros_msgs/share/micro_ros_msgs/local_setup.sh
[2.948s] -- Up-to-date: /home/eleclabs/ros2_ws/install/micro_ros_msgs/share/micro_ros_msgs/local_setup.zsh
[2.948s] -- Up-to-date: /home/eleclabs/ros2_ws/install/micro_ros_msgs/share/micro_ros_msgs/local_setup.dsv
[2.949s] -- Installing: /home/eleclabs/ros2_ws/install/micro_ros_msgs/share/micro_ros_msgs/package.dsv
[2.949s] -- Up-to-date: /home/eleclabs/ros2_ws/install/micro_ros_msgs/share/ament_index/resource_index/packages/micro_ros_msgs
[2.950s] -- Up-to-date: /home/eleclabs/ros2_ws/install/micro_ros_msgs/share/micro_ros_msgs/cmake/export_micro_ros_msgs__rosidl_generator_cExport.cmake
[2.950s] -- Up-to-date: /home/eleclabs/ros2_ws/install/micro_ros_msgs/share/micro_ros_msgs/cmake/export_micro_ros_msgs__rosidl_generator_cExport-noconfig.cmake
[2.951s] -- Up-to-date: /home/eleclabs/ros2_ws/install/micro_ros_msgs/share/micro_ros_msgs/cmake/export_micro_ros_msgs__rosidl_typesupport_fastrtps_cExport.cmake
[2.951s] -- Up-to-date: /home/eleclabs/ros2_ws/install/micro_ros_msgs/share/micro_ros_msgs/cmake/export_micro_ros_msgs__rosidl_typesupport_fastrtps_cExport-noconfig.cmake
[2.952s] -- Up-to-date: /home/eleclabs/ros2_ws/install/micro_ros_msgs/share/micro_ros_msgs/cmake/micro_ros_msgs__rosidl_typesupport_introspection_cExport.cmake
[2.952s] -- Up-to-date: /home/eleclabs/ros2_ws/install/micro_ros_msgs/share/micro_ros_msgs/cmake/micro_ros_msgs__rosidl_typesupport_introspection_cExport-noconfig.cmake
[2.953s] -- Up-to-date: /home/eleclabs/ros2_ws/install/micro_ros_msgs/share/micro_ros_msgs/cmake/micro_ros_msgs__rosidl_typesupport_cExport.cmake
[2.953s] -- Up-to-date: /home/eleclabs/ros2_ws/install/micro_ros_msgs/share/micro_ros_msgs/cmake/micro_ros_msgs__rosidl_typesupport_cExport-noconfig.cmake
[2.953s] -- Up-to-date: /home/eleclabs/ros2_ws/install/micro_ros_msgs/share/micro_ros_msgs/cmake/export_micro_ros_msgs__rosidl_generator_cppExport.cmake
[2.954s] -- Up-to-date: /home/eleclabs/ros2_ws/install/micro_ros_msgs/share/micro_ros_msgs/cmake/export_micro_ros_msgs__rosidl_typesupport_fastrtps_cppExport.cmake
[2.954s] -- Up-to-date: /home/eleclabs/ros2_ws/install/micro_ros_msgs/share/micro_ros_msgs/cmake/export_micro_ros_msgs__rosidl_typesupport_fastrtps_cppExport-noconfig.cmake
[2.955s] -- Up-to-date: /home/eleclabs/ros2_ws/install/micro_ros_msgs/share/micro_ros_msgs/cmake/micro_ros_msgs__rosidl_typesupport_introspection_cppExport.cmake
[2.955s] -- Up-to-date: /home/eleclabs/ros2_ws/install/micro_ros_msgs/share/micro_ros_msgs/cmake/micro_ros_msgs__rosidl_typesupport_introspection_cppExport-noconfig.cmake
[2.955s] -- Up-to-date: /home/eleclabs/ros2_ws/install/micro_ros_msgs/share/micro_ros_msgs/cmake/micro_ros_msgs__rosidl_typesupport_cppExport.cmake
[2.956s] -- Up-to-date: /home/eleclabs/ros2_ws/install/micro_ros_msgs/share/micro_ros_msgs/cmake/micro_ros_msgs__rosidl_typesupport_cppExport-noconfig.cmake
[2.956s] -- Up-to-date: /home/eleclabs/ros2_ws/install/micro_ros_msgs/share/micro_ros_msgs/cmake/export_micro_ros_msgs__rosidl_generator_pyExport.cmake
[2.957s] -- Up-to-date: /home/eleclabs/ros2_ws/install/micro_ros_msgs/share/micro_ros_msgs/cmake/export_micro_ros_msgs__rosidl_generator_pyExport-noconfig.cmake
[2.957s] -- Up-to-date: /home/eleclabs/ros2_ws/install/micro_ros_msgs/share/micro_ros_msgs/cmake/rosidl_cmake-extras.cmake
[2.957s] -- Up-to-date: /home/eleclabs/ros2_ws/install/micro_ros_msgs/share/micro_ros_msgs/cmake/ament_cmake_export_include_directories-extras.cmake
[2.958s] -- Up-to-date: /home/eleclabs/ros2_ws/install/micro_ros_msgs/share/micro_ros_msgs/cmake/ament_cmake_export_libraries-extras.cmake
[2.958s] -- Up-to-date: /home/eleclabs/ros2_ws/install/micro_ros_msgs/share/micro_ros_msgs/cmake/ament_cmake_export_targets-extras.cmake
[2.959s] -- Up-to-date: /home/eleclabs/ros2_ws/install/micro_ros_msgs/share/micro_ros_msgs/cmake/rosidl_cmake_export_typesupport_targets-extras.cmake
[2.959s] -- Up-to-date: /home/eleclabs/ros2_ws/install/micro_ros_msgs/share/micro_ros_msgs/cmake/ament_cmake_export_dependencies-extras.cmake
[2.959s] -- Up-to-date: /home/eleclabs/ros2_ws/install/micro_ros_msgs/share/micro_ros_msgs/cmake/rosidl_cmake_export_typesupport_libraries-extras.cmake
[2.960s] -- Up-to-date: /home/eleclabs/ros2_ws/install/micro_ros_msgs/share/micro_ros_msgs/cmake/micro_ros_msgsConfig.cmake
[2.960s] -- Up-to-date: /home/eleclabs/ros2_ws/install/micro_ros_msgs/share/micro_ros_msgs/cmake/micro_ros_msgsConfig-version.cmake
[2.962s] -- Up-to-date: /home/eleclabs/ros2_ws/install/micro_ros_msgs/share/micro_ros_msgs/package.xml
[3.507s] Invoked command in '/home/eleclabs/ros2_ws/build/micro_ros_msgs' returned '0': CMAKE_PREFIX_PATH=${CMAKE_PREFIX_PATH}:/home/eleclabs/ros2_ws/install/usb_cam_realtime:/home/eleclabs/ros2_ws/install/usb_cam_example:/home/eleclabs/ros2_ws/install/ros2_opencv:/home/eleclabs/ros2_ws/install/opencv_tools:/home/eleclabs/ros2_ws/install/object_detection:/home/eleclabs/ros2_ws/install/image_viewer:/opt/ros/humble /usr/bin/cmake --install /home/eleclabs/ros2_ws/build/micro_ros_msgs
