[1.885s] Invoking command in '/home/eleclabs/ros2_ws/src/usb_cam_example': PYTHONPATH=/home/eleclabs/ros2_ws/build/usb_cam_example/prefix_override:/usr/lib/python3/dist-packages/colcon_core/task/python/colcon_distutils_commands:/home/eleclabs/ros2_ws/install/usb_cam_example/lib/python3.10/site-packages:${PYTHONPATH} /usr/bin/python3 -W ignore:setup.py install is deprecated -W ignore:easy_install command is deprecated setup.py egg_info --egg-base ../../build/usb_cam_example build --build-base /home/eleclabs/ros2_ws/build/usb_cam_example/build install --record /home/eleclabs/ros2_ws/build/usb_cam_example/install.log --single-version-externally-managed install_data
[2.581s] running egg_info
[2.581s] writing ../../build/usb_cam_example/usb_cam_example.egg-info/PKG-INFO
[2.581s] writing dependency_links to ../../build/usb_cam_example/usb_cam_example.egg-info/dependency_links.txt
[2.581s] writing entry points to ../../build/usb_cam_example/usb_cam_example.egg-info/entry_points.txt
[2.581s] writing requirements to ../../build/usb_cam_example/usb_cam_example.egg-info/requires.txt
[2.581s] writing top-level names to ../../build/usb_cam_example/usb_cam_example.egg-info/top_level.txt
[2.581s] reading manifest file '../../build/usb_cam_example/usb_cam_example.egg-info/SOURCES.txt'
[2.582s] writing manifest file '../../build/usb_cam_example/usb_cam_example.egg-info/SOURCES.txt'
[2.583s] running build
[2.583s] running build_py
[2.584s] running install
[2.585s] running install_lib
[2.634s] running install_data
[2.636s] running install_egg_info
[2.648s] removing '/home/eleclabs/ros2_ws/install/usb_cam_example/lib/python3.10/site-packages/usb_cam_example-0.0.0-py3.10.egg-info' (and everything under it)
[2.649s] Copying ../../build/usb_cam_example/usb_cam_example.egg-info to /home/eleclabs/ros2_ws/install/usb_cam_example/lib/python3.10/site-packages/usb_cam_example-0.0.0-py3.10.egg-info
[2.654s] running install_scripts
[2.738s] Installing camera_publisher script to /home/eleclabs/ros2_ws/install/usb_cam_example/lib/usb_cam_example
[2.738s] Installing camera_subscriber script to /home/eleclabs/ros2_ws/install/usb_cam_example/lib/usb_cam_example
[2.739s] writing list of installed files to '/home/eleclabs/ros2_ws/build/usb_cam_example/install.log'
[2.902s] Invoked command in '/home/eleclabs/ros2_ws/src/usb_cam_example' returned '0': PYTHONPATH=/home/eleclabs/ros2_ws/build/usb_cam_example/prefix_override:/usr/lib/python3/dist-packages/colcon_core/task/python/colcon_distutils_commands:/home/eleclabs/ros2_ws/install/usb_cam_example/lib/python3.10/site-packages:${PYTHONPATH} /usr/bin/python3 -W ignore:setup.py install is deprecated -W ignore:easy_install command is deprecated setup.py egg_info --egg-base ../../build/usb_cam_example build --build-base /home/eleclabs/ros2_ws/build/usb_cam_example/build install --record /home/eleclabs/ros2_ws/build/usb_cam_example/install.log --single-version-externally-managed install_data
