[0.247s] Invoking command in '/home/eleclabs/ros2_ws/build/v4l2_camera': CMAKE_PREFIX_PATH=${CMAKE_PREFIX_PATH}:/home/eleclabs/ros2_ws/install/usb_cam_realtime:/home/eleclabs/ros2_ws/install/usb_cam_example:/home/eleclabs/ros2_ws/install/ros2_opencv:/home/eleclabs/ros2_ws/install/opencv_tools:/home/eleclabs/ros2_ws/install/image_viewer:/opt/ros/humble /usr/bin/cmake --build /home/eleclabs/ros2_ws/build/v4l2_camera -- -j4 -l4
[0.739s] [ 50%] Built target v4l2_camera
[0.963s] [ 75%] Built target v4l2_camera_node
[1.055s] [100%] Built target v4l2_camera_compose_test
[1.164s] Invoked command in '/home/eleclabs/ros2_ws/build/v4l2_camera' returned '0': CMAKE_PREFIX_PATH=${CMAKE_PREFIX_PATH}:/home/eleclabs/ros2_ws/install/usb_cam_realtime:/home/eleclabs/ros2_ws/install/usb_cam_example:/home/eleclabs/ros2_ws/install/ros2_opencv:/home/eleclabs/ros2_ws/install/opencv_tools:/home/eleclabs/ros2_ws/install/image_viewer:/opt/ros/humble /usr/bin/cmake --build /home/eleclabs/ros2_ws/build/v4l2_camera -- -j4 -l4
[1.224s] Invoking command in '/home/eleclabs/ros2_ws/build/v4l2_camera': CMAKE_PREFIX_PATH=${CMAKE_PREFIX_PATH}:/home/eleclabs/ros2_ws/install/usb_cam_realtime:/home/eleclabs/ros2_ws/install/usb_cam_example:/home/eleclabs/ros2_ws/install/ros2_opencv:/home/eleclabs/ros2_ws/install/opencv_tools:/home/eleclabs/ros2_ws/install/image_viewer:/opt/ros/humble /usr/bin/cmake --install /home/eleclabs/ros2_ws/build/v4l2_camera
[1.247s] -- Install configuration: ""
[1.247s] -- Up-to-date: /home/eleclabs/ros2_ws/install/v4l2_camera/include
[1.249s] -- Up-to-date: /home/eleclabs/ros2_ws/install/v4l2_camera/include/v4l2_camera
[1.252s] -- Up-to-date: /home/eleclabs/ros2_ws/install/v4l2_camera/include/v4l2_camera/v4l2_camera_device.hpp
[1.254s] -- Up-to-date: /home/eleclabs/ros2_ws/install/v4l2_camera/include/v4l2_camera/control.hpp
[1.254s] -- Up-to-date: /home/eleclabs/ros2_ws/install/v4l2_camera/include/v4l2_camera/fourcc.hpp
[1.254s] -- Up-to-date: /home/eleclabs/ros2_ws/install/v4l2_camera/include/v4l2_camera/parameters.hpp
[1.254s] -- Up-to-date: /home/eleclabs/ros2_ws/install/v4l2_camera/include/v4l2_camera/v4l2_camera.hpp
[1.255s] -- Up-to-date: /home/eleclabs/ros2_ws/install/v4l2_camera/include/v4l2_camera/pixel_format.hpp
[1.255s] -- Up-to-date: /home/eleclabs/ros2_ws/install/v4l2_camera/include/v4l2_camera/image_format.hpp
[1.255s] -- Up-to-date: /home/eleclabs/ros2_ws/install/v4l2_camera/include/v4l2_camera/visibility_control.h
[1.283s] -- Up-to-date: /home/eleclabs/ros2_ws/install/v4l2_camera/lib/libv4l2_camera.so
[1.284s] -- Up-to-date: /home/eleclabs/ros2_ws/install/v4l2_camera/lib/v4l2_camera/v4l2_camera_node
[1.284s] -- Up-to-date: /home/eleclabs/ros2_ws/install/v4l2_camera/lib/v4l2_camera/v4l2_camera_compose_test
[1.289s] -- Up-to-date: /home/eleclabs/ros2_ws/install/v4l2_camera/share/v4l2_camera/environment/library_path.sh
[1.291s] -- Up-to-date: /home/eleclabs/ros2_ws/install/v4l2_camera/share/v4l2_camera/environment/library_path.dsv
[1.294s] -- Up-to-date: /home/eleclabs/ros2_ws/install/v4l2_camera/share/ament_index/resource_index/package_run_dependencies/v4l2_camera
[1.297s] -- Up-to-date: /home/eleclabs/ros2_ws/install/v4l2_camera/share/ament_index/resource_index/parent_prefix_path/v4l2_camera
[1.332s] -- Up-to-date: /home/eleclabs/ros2_ws/install/v4l2_camera/share/v4l2_camera/environment/ament_prefix_path.sh
[1.336s] -- Up-to-date: /home/eleclabs/ros2_ws/install/v4l2_camera/share/v4l2_camera/environment/ament_prefix_path.dsv
[1.336s] -- Up-to-date: /home/eleclabs/ros2_ws/install/v4l2_camera/share/v4l2_camera/environment/path.sh
[1.336s] -- Up-to-date: /home/eleclabs/ros2_ws/install/v4l2_camera/share/v4l2_camera/environment/path.dsv
[1.336s] -- Up-to-date: /home/eleclabs/ros2_ws/install/v4l2_camera/share/v4l2_camera/local_setup.bash
[1.343s] -- Up-to-date: /home/eleclabs/ros2_ws/install/v4l2_camera/share/v4l2_camera/local_setup.sh
[1.344s] -- Up-to-date: /home/eleclabs/ros2_ws/install/v4l2_camera/share/v4l2_camera/local_setup.zsh
[1.344s] -- Up-to-date: /home/eleclabs/ros2_ws/install/v4l2_camera/share/v4l2_camera/local_setup.dsv
[1.344s] -- Installing: /home/eleclabs/ros2_ws/install/v4l2_camera/share/v4l2_camera/package.dsv
[1.369s] -- Up-to-date: /home/eleclabs/ros2_ws/install/v4l2_camera/share/ament_index/resource_index/packages/v4l2_camera
[1.369s] -- Up-to-date: /home/eleclabs/ros2_ws/install/v4l2_camera/share/ament_index/resource_index/rclcpp_components/v4l2_camera
[1.369s] -- Up-to-date: /home/eleclabs/ros2_ws/install/v4l2_camera/share/v4l2_camera/cmake/export_v4l2_cameraExport.cmake
[1.369s] -- Up-to-date: /home/eleclabs/ros2_ws/install/v4l2_camera/share/v4l2_camera/cmake/export_v4l2_cameraExport-noconfig.cmake
[1.370s] -- Up-to-date: /home/eleclabs/ros2_ws/install/v4l2_camera/share/v4l2_camera/cmake/ament_cmake_export_include_directories-extras.cmake
[1.370s] -- Up-to-date: /home/eleclabs/ros2_ws/install/v4l2_camera/share/v4l2_camera/cmake/ament_cmake_export_targets-extras.cmake
[1.370s] -- Up-to-date: /home/eleclabs/ros2_ws/install/v4l2_camera/share/v4l2_camera/cmake/ament_cmake_export_libraries-extras.cmake
[1.370s] -- Up-to-date: /home/eleclabs/ros2_ws/install/v4l2_camera/share/v4l2_camera/cmake/ament_cmake_export_dependencies-extras.cmake
[1.370s] -- Up-to-date: /home/eleclabs/ros2_ws/install/v4l2_camera/share/v4l2_camera/cmake/v4l2_cameraConfig.cmake
[1.370s] -- Up-to-date: /home/eleclabs/ros2_ws/install/v4l2_camera/share/v4l2_camera/cmake/v4l2_cameraConfig-version.cmake
[1.370s] -- Up-to-date: /home/eleclabs/ros2_ws/install/v4l2_camera/share/v4l2_camera/package.xml
[1.370s] Invoked command in '/home/eleclabs/ros2_ws/build/v4l2_camera' returned '0': CMAKE_PREFIX_PATH=${CMAKE_PREFIX_PATH}:/home/eleclabs/ros2_ws/install/usb_cam_realtime:/home/eleclabs/ros2_ws/install/usb_cam_example:/home/eleclabs/ros2_ws/install/ros2_opencv:/home/eleclabs/ros2_ws/install/opencv_tools:/home/eleclabs/ros2_ws/install/image_viewer:/opt/ros/humble /usr/bin/cmake --install /home/eleclabs/ros2_ws/build/v4l2_camera
