[0.082s] Invoking command in '/home/eleclabs/ros2_ws/build/micro_ros_msgs': CMAKE_PREFIX_PATH=${CMAKE_PREFIX_PATH}:/opt/ros/humble /usr/bin/cmake /home/eleclabs/ros2_ws/src/uros/micro_ros_msgs -DCMAKE_INSTALL_PREFIX=/home/eleclabs/ros2_ws/install/micro_ros_msgs
[0.442s] -- Found ament_cmake: 1.3.11 (/opt/ros/humble/share/ament_cmake/cmake)
[0.616s] -- Found rosidl_default_generators: 1.2.0 (/opt/ros/humble/share/rosidl_default_generators/cmake)
[0.642s] -- Using all available rosidl_typesupport_c: rosidl_typesupport_fastrtps_c;rosidl_typesupport_introspection_c
[0.670s] -- Found rosidl_adapter: 3.1.6 (/opt/ros/humble/share/rosidl_adapter/cmake)
[0.923s] -- Using all available rosidl_typesupport_cpp: rosidl_typesupport_fastrtps_cpp;rosidl_typesupport_introspection_cpp
[1.131s] -- Found ament_lint_auto: 0.12.11 (/opt/ros/humble/share/ament_lint_auto/cmake)
[1.669s] -- Found ament_cmake_ros: 0.10.0 (/opt/ros/humble/share/ament_cmake_ros/cmake)
[2.008s] -- Using all available rosidl_typesupport_c: rosidl_typesupport_fastrtps_c;rosidl_typesupport_introspection_c
[2.330s] -- Using all available rosidl_typesupport_cpp: rosidl_typesupport_fastrtps_cpp;rosidl_typesupport_introspection_cpp
[2.362s] -- Found python_cmake_module: 0.10.0 (/opt/ros/humble/share/python_cmake_module/cmake)
[2.397s] -- Using PYTHON_EXECUTABLE: /usr/bin/python3
[2.397s] -- Using PYTHON_INCLUDE_DIRS: /usr/include/python3.10
[2.397s] -- Using PYTHON_LIBRARIES: /usr/lib/x86_64-linux-gnu/libpython3.10.so
[2.436s] -- Added test 'copyright' to check source files copyright and LICENSE
[2.450s] -- Added test 'lint_cmake' to check CMake code style
[2.458s] -- Added test 'xmllint' to check XML markup files
[2.506s] -- Configuring done
[2.712s] -- Generating done
[2.738s] -- Build files have been written to: /home/eleclabs/ros2_ws/build/micro_ros_msgs
[2.748s] Invoked command in '/home/eleclabs/ros2_ws/build/micro_ros_msgs' returned '0': CMAKE_PREFIX_PATH=${CMAKE_PREFIX_PATH}:/opt/ros/humble /usr/bin/cmake /home/eleclabs/ros2_ws/src/uros/micro_ros_msgs -DCMAKE_INSTALL_PREFIX=/home/eleclabs/ros2_ws/install/micro_ros_msgs
[2.751s] Invoking command in '/home/eleclabs/ros2_ws/build/micro_ros_msgs': CMAKE_PREFIX_PATH=${CMAKE_PREFIX_PATH}:/opt/ros/humble /usr/bin/cmake --build /home/eleclabs/ros2_ws/build/micro_ros_msgs -- -j4 -l4
[2.844s] [35m[1mConsolidate compiler generated dependencies of target micro_ros_msgs__rosidl_generator_c[0m
[2.864s] [  2%] Built target micro_ros_msgs__cpp
[2.866s] [ 12%] Built target micro_ros_msgs__rosidl_generator_c
[2.904s] [35m[1mConsolidate compiler generated dependencies of target micro_ros_msgs__rosidl_typesupport_introspection_cpp[0m
[2.904s] [35m[1mConsolidate compiler generated dependencies of target micro_ros_msgs__rosidl_typesupport_fastrtps_cpp[0m
[2.914s] [35m[1mConsolidate compiler generated dependencies of target micro_ros_msgs__rosidl_typesupport_cpp[0m
[2.915s] [ 12%] Built target ament_cmake_python_copy_micro_ros_msgs
[2.937s] [ 23%] Built target micro_ros_msgs__rosidl_typesupport_introspection_cpp
[2.937s] [ 34%] Built target micro_ros_msgs__rosidl_typesupport_fastrtps_cpp
[2.944s] [35m[1mConsolidate compiler generated dependencies of target micro_ros_msgs__rosidl_typesupport_fastrtps_c[0m
[2.946s] [ 44%] Built target micro_ros_msgs__rosidl_typesupport_cpp
[2.963s] [35m[1mConsolidate compiler generated dependencies of target micro_ros_msgs__rosidl_typesupport_c[0m
[2.963s] [35m[1mConsolidate compiler generated dependencies of target micro_ros_msgs__rosidl_typesupport_introspection_c[0m
[2.982s] [ 55%] Built target micro_ros_msgs__rosidl_typesupport_fastrtps_c
[2.993s] [ 65%] Built target micro_ros_msgs__rosidl_typesupport_introspection_c
[3.002s] [ 76%] Built target micro_ros_msgs__rosidl_typesupport_c
[3.049s] [ 76%] Built target micro_ros_msgs
[3.104s] [ 78%] Built target micro_ros_msgs__py
[3.131s] [35m[1mConsolidate compiler generated dependencies of target micro_ros_msgs__rosidl_generator_py[0m
[3.176s] [ 87%] Built target micro_ros_msgs__rosidl_generator_py
[3.207s] [35m[1mConsolidate compiler generated dependencies of target micro_ros_msgs__rosidl_typesupport_introspection_c__pyext[0m
[3.209s] [35m[1mConsolidate compiler generated dependencies of target micro_ros_msgs__rosidl_typesupport_c__pyext[0m
[3.225s] [35m[1mConsolidate compiler generated dependencies of target micro_ros_msgs__rosidl_typesupport_fastrtps_c__pyext[0m
[3.235s] [ 91%] Built target micro_ros_msgs__rosidl_typesupport_introspection_c__pyext
[3.238s] [ 95%] Built target micro_ros_msgs__rosidl_typesupport_c__pyext
[3.256s] [100%] Built target micro_ros_msgs__rosidl_typesupport_fastrtps_c__pyext
[3.314s] running egg_info
[3.315s] writing micro_ros_msgs.egg-info/PKG-INFO
[3.316s] writing dependency_links to micro_ros_msgs.egg-info/dependency_links.txt
[3.316s] writing top-level names to micro_ros_msgs.egg-info/top_level.txt
[3.318s] reading manifest file 'micro_ros_msgs.egg-info/SOURCES.txt'
[3.321s] writing manifest file 'micro_ros_msgs.egg-info/SOURCES.txt'
[3.355s] [100%] Built target ament_cmake_python_build_micro_ros_msgs_egg
[3.376s] Invoked command in '/home/eleclabs/ros2_ws/build/micro_ros_msgs' returned '0': CMAKE_PREFIX_PATH=${CMAKE_PREFIX_PATH}:/opt/ros/humble /usr/bin/cmake --build /home/eleclabs/ros2_ws/build/micro_ros_msgs -- -j4 -l4
[3.379s] Invoking command in '/home/eleclabs/ros2_ws/build/micro_ros_msgs': CMAKE_PREFIX_PATH=${CMAKE_PREFIX_PATH}:/opt/ros/humble /usr/bin/cmake --install /home/eleclabs/ros2_ws/build/micro_ros_msgs
[3.406s] -- Install configuration: ""
[3.406s] -- Up-to-date: /home/eleclabs/ros2_ws/install/micro_ros_msgs/share/ament_index/resource_index/rosidl_interfaces/micro_ros_msgs
[3.410s] -- Up-to-date: /home/eleclabs/ros2_ws/install/micro_ros_msgs/include/micro_ros_msgs/micro_ros_msgs
[3.411s] -- Up-to-date: /home/eleclabs/ros2_ws/install/micro_ros_msgs/include/micro_ros_msgs/micro_ros_msgs/msg
[3.412s] -- Up-to-date: /home/eleclabs/ros2_ws/install/micro_ros_msgs/include/micro_ros_msgs/micro_ros_msgs/msg/detail
[3.412s] -- Up-to-date: /home/eleclabs/ros2_ws/install/micro_ros_msgs/include/micro_ros_msgs/micro_ros_msgs/msg/detail/entity__struct.h
[3.412s] -- Up-to-date: /home/eleclabs/ros2_ws/install/micro_ros_msgs/include/micro_ros_msgs/micro_ros_msgs/msg/detail/entity__functions.h
[3.412s] -- Up-to-date: /home/eleclabs/ros2_ws/install/micro_ros_msgs/include/micro_ros_msgs/micro_ros_msgs/msg/detail/entity__type_support.h
[3.412s] -- Up-to-date: /home/eleclabs/ros2_ws/install/micro_ros_msgs/include/micro_ros_msgs/micro_ros_msgs/msg/detail/graph__functions.h
[3.413s] -- Up-to-date: /home/eleclabs/ros2_ws/install/micro_ros_msgs/include/micro_ros_msgs/micro_ros_msgs/msg/detail/node__functions.c
[3.413s] -- Up-to-date: /home/eleclabs/ros2_ws/install/micro_ros_msgs/include/micro_ros_msgs/micro_ros_msgs/msg/detail/entity__functions.c
[3.413s] -- Up-to-date: /home/eleclabs/ros2_ws/install/micro_ros_msgs/include/micro_ros_msgs/micro_ros_msgs/msg/detail/node__functions.h
[3.413s] -- Up-to-date: /home/eleclabs/ros2_ws/install/micro_ros_msgs/include/micro_ros_msgs/micro_ros_msgs/msg/detail/node__struct.h
[3.413s] -- Up-to-date: /home/eleclabs/ros2_ws/install/micro_ros_msgs/include/micro_ros_msgs/micro_ros_msgs/msg/detail/node__type_support.h
[3.413s] -- Up-to-date: /home/eleclabs/ros2_ws/install/micro_ros_msgs/include/micro_ros_msgs/micro_ros_msgs/msg/detail/graph__functions.c
[3.413s] -- Up-to-date: /home/eleclabs/ros2_ws/install/micro_ros_msgs/include/micro_ros_msgs/micro_ros_msgs/msg/detail/graph__type_support.h
[3.413s] -- Up-to-date: /home/eleclabs/ros2_ws/install/micro_ros_msgs/include/micro_ros_msgs/micro_ros_msgs/msg/detail/graph__struct.h
[3.413s] -- Up-to-date: /home/eleclabs/ros2_ws/install/micro_ros_msgs/include/micro_ros_msgs/micro_ros_msgs/msg/rosidl_generator_c__visibility_control.h
[3.413s] -- Up-to-date: /home/eleclabs/ros2_ws/install/micro_ros_msgs/include/micro_ros_msgs/micro_ros_msgs/msg/node.h
[3.413s] -- Up-to-date: /home/eleclabs/ros2_ws/install/micro_ros_msgs/include/micro_ros_msgs/micro_ros_msgs/msg/graph.h
[3.413s] -- Up-to-date: /home/eleclabs/ros2_ws/install/micro_ros_msgs/include/micro_ros_msgs/micro_ros_msgs/msg/entity.h
[3.414s] -- Up-to-date: /home/eleclabs/ros2_ws/install/micro_ros_msgs/share/micro_ros_msgs/environment/library_path.sh
[3.414s] -- Installing: /home/eleclabs/ros2_ws/install/micro_ros_msgs/share/micro_ros_msgs/environment/library_path.dsv
[3.417s] -- Up-to-date: /home/eleclabs/ros2_ws/install/micro_ros_msgs/lib/libmicro_ros_msgs__rosidl_generator_c.so
[3.417s] -- Up-to-date: /home/eleclabs/ros2_ws/install/micro_ros_msgs/include/micro_ros_msgs/micro_ros_msgs
[3.417s] -- Up-to-date: /home/eleclabs/ros2_ws/install/micro_ros_msgs/include/micro_ros_msgs/micro_ros_msgs/msg
[3.417s] -- Up-to-date: /home/eleclabs/ros2_ws/install/micro_ros_msgs/include/micro_ros_msgs/micro_ros_msgs/msg/rosidl_typesupport_fastrtps_c__visibility_control.h
[3.418s] -- Up-to-date: /home/eleclabs/ros2_ws/install/micro_ros_msgs/include/micro_ros_msgs/micro_ros_msgs/msg/detail
[3.418s] -- Up-to-date: /home/eleclabs/ros2_ws/install/micro_ros_msgs/include/micro_ros_msgs/micro_ros_msgs/msg/detail/entity__rosidl_typesupport_fastrtps_c.h
[3.418s] -- Up-to-date: /home/eleclabs/ros2_ws/install/micro_ros_msgs/include/micro_ros_msgs/micro_ros_msgs/msg/detail/graph__rosidl_typesupport_fastrtps_c.h
[3.418s] -- Up-to-date: /home/eleclabs/ros2_ws/install/micro_ros_msgs/include/micro_ros_msgs/micro_ros_msgs/msg/detail/node__rosidl_typesupport_fastrtps_c.h
[3.420s] -- Up-to-date: /home/eleclabs/ros2_ws/install/micro_ros_msgs/lib/libmicro_ros_msgs__rosidl_typesupport_fastrtps_c.so
[3.421s] -- Up-to-date: /home/eleclabs/ros2_ws/install/micro_ros_msgs/include/micro_ros_msgs/micro_ros_msgs
[3.421s] -- Up-to-date: /home/eleclabs/ros2_ws/install/micro_ros_msgs/include/micro_ros_msgs/micro_ros_msgs/msg
[3.422s] -- Up-to-date: /home/eleclabs/ros2_ws/install/micro_ros_msgs/include/micro_ros_msgs/micro_ros_msgs/msg/detail
[3.422s] -- Up-to-date: /home/eleclabs/ros2_ws/install/micro_ros_msgs/include/micro_ros_msgs/micro_ros_msgs/msg/detail/node__rosidl_typesupport_introspection_c.h
[3.422s] -- Up-to-date: /home/eleclabs/ros2_ws/install/micro_ros_msgs/include/micro_ros_msgs/micro_ros_msgs/msg/detail/node__type_support.c
[3.422s] -- Up-to-date: /home/eleclabs/ros2_ws/install/micro_ros_msgs/include/micro_ros_msgs/micro_ros_msgs/msg/detail/entity__rosidl_typesupport_introspection_c.h
[3.422s] -- Up-to-date: /home/eleclabs/ros2_ws/install/micro_ros_msgs/include/micro_ros_msgs/micro_ros_msgs/msg/detail/entity__type_support.c
[3.422s] -- Up-to-date: /home/eleclabs/ros2_ws/install/micro_ros_msgs/include/micro_ros_msgs/micro_ros_msgs/msg/detail/graph__rosidl_typesupport_introspection_c.h
[3.422s] -- Up-to-date: /home/eleclabs/ros2_ws/install/micro_ros_msgs/include/micro_ros_msgs/micro_ros_msgs/msg/detail/graph__type_support.c
[3.422s] -- Up-to-date: /home/eleclabs/ros2_ws/install/micro_ros_msgs/include/micro_ros_msgs/micro_ros_msgs/msg/rosidl_typesupport_introspection_c__visibility_control.h
[3.432s] -- Up-to-date: /home/eleclabs/ros2_ws/install/micro_ros_msgs/lib/libmicro_ros_msgs__rosidl_typesupport_introspection_c.so
[3.434s] -- Up-to-date: /home/eleclabs/ros2_ws/install/micro_ros_msgs/lib/libmicro_ros_msgs__rosidl_typesupport_c.so
[3.434s] -- Up-to-date: /home/eleclabs/ros2_ws/install/micro_ros_msgs/include/micro_ros_msgs/micro_ros_msgs
[3.434s] -- Up-to-date: /home/eleclabs/ros2_ws/install/micro_ros_msgs/include/micro_ros_msgs/micro_ros_msgs/msg
[3.434s] -- Up-to-date: /home/eleclabs/ros2_ws/install/micro_ros_msgs/include/micro_ros_msgs/micro_ros_msgs/msg/detail
[3.434s] -- Up-to-date: /home/eleclabs/ros2_ws/install/micro_ros_msgs/include/micro_ros_msgs/micro_ros_msgs/msg/detail/entity__builder.hpp
[3.435s] -- Up-to-date: /home/eleclabs/ros2_ws/install/micro_ros_msgs/include/micro_ros_msgs/micro_ros_msgs/msg/detail/graph__builder.hpp
[3.435s] -- Up-to-date: /home/eleclabs/ros2_ws/install/micro_ros_msgs/include/micro_ros_msgs/micro_ros_msgs/msg/detail/entity__traits.hpp
[3.435s] -- Up-to-date: /home/eleclabs/ros2_ws/install/micro_ros_msgs/include/micro_ros_msgs/micro_ros_msgs/msg/detail/node__builder.hpp
[3.435s] -- Up-to-date: /home/eleclabs/ros2_ws/install/micro_ros_msgs/include/micro_ros_msgs/micro_ros_msgs/msg/detail/entity__struct.hpp
[3.435s] -- Up-to-date: /home/eleclabs/ros2_ws/install/micro_ros_msgs/include/micro_ros_msgs/micro_ros_msgs/msg/detail/graph__struct.hpp
[3.435s] -- Up-to-date: /home/eleclabs/ros2_ws/install/micro_ros_msgs/include/micro_ros_msgs/micro_ros_msgs/msg/detail/node__struct.hpp
[3.435s] -- Up-to-date: /home/eleclabs/ros2_ws/install/micro_ros_msgs/include/micro_ros_msgs/micro_ros_msgs/msg/detail/graph__type_support.hpp
[3.435s] -- Up-to-date: /home/eleclabs/ros2_ws/install/micro_ros_msgs/include/micro_ros_msgs/micro_ros_msgs/msg/detail/node__traits.hpp
[3.435s] -- Up-to-date: /home/eleclabs/ros2_ws/install/micro_ros_msgs/include/micro_ros_msgs/micro_ros_msgs/msg/detail/entity__type_support.hpp
[3.435s] -- Up-to-date: /home/eleclabs/ros2_ws/install/micro_ros_msgs/include/micro_ros_msgs/micro_ros_msgs/msg/detail/graph__traits.hpp
[3.435s] -- Up-to-date: /home/eleclabs/ros2_ws/install/micro_ros_msgs/include/micro_ros_msgs/micro_ros_msgs/msg/detail/node__type_support.hpp
[3.435s] -- Up-to-date: /home/eleclabs/ros2_ws/install/micro_ros_msgs/include/micro_ros_msgs/micro_ros_msgs/msg/rosidl_generator_cpp__visibility_control.hpp
[3.435s] -- Up-to-date: /home/eleclabs/ros2_ws/install/micro_ros_msgs/include/micro_ros_msgs/micro_ros_msgs/msg/graph.hpp
[3.435s] -- Up-to-date: /home/eleclabs/ros2_ws/install/micro_ros_msgs/include/micro_ros_msgs/micro_ros_msgs/msg/entity.hpp
[3.435s] -- Up-to-date: /home/eleclabs/ros2_ws/install/micro_ros_msgs/include/micro_ros_msgs/micro_ros_msgs/msg/node.hpp
[3.435s] -- Up-to-date: /home/eleclabs/ros2_ws/install/micro_ros_msgs/include/micro_ros_msgs/micro_ros_msgs
[3.436s] -- Up-to-date: /home/eleclabs/ros2_ws/install/micro_ros_msgs/include/micro_ros_msgs/micro_ros_msgs/msg
[3.436s] -- Up-to-date: /home/eleclabs/ros2_ws/install/micro_ros_msgs/include/micro_ros_msgs/micro_ros_msgs/msg/rosidl_typesupport_fastrtps_cpp__visibility_control.h
[3.436s] -- Up-to-date: /home/eleclabs/ros2_ws/install/micro_ros_msgs/include/micro_ros_msgs/micro_ros_msgs/msg/detail
[3.436s] -- Up-to-date: /home/eleclabs/ros2_ws/install/micro_ros_msgs/include/micro_ros_msgs/micro_ros_msgs/msg/detail/entity__rosidl_typesupport_fastrtps_cpp.hpp
[3.436s] -- Up-to-date: /home/eleclabs/ros2_ws/install/micro_ros_msgs/include/micro_ros_msgs/micro_ros_msgs/msg/detail/node__rosidl_typesupport_fastrtps_cpp.hpp
[3.436s] -- Up-to-date: /home/eleclabs/ros2_ws/install/micro_ros_msgs/include/micro_ros_msgs/micro_ros_msgs/msg/detail/graph__rosidl_typesupport_fastrtps_cpp.hpp
[3.436s] -- Up-to-date: /home/eleclabs/ros2_ws/install/micro_ros_msgs/include/micro_ros_msgs/micro_ros_msgs/msg/detail/dds_fastrtps
[3.438s] -- Up-to-date: /home/eleclabs/ros2_ws/install/micro_ros_msgs/lib/libmicro_ros_msgs__rosidl_typesupport_fastrtps_cpp.so
[3.439s] -- Up-to-date: /home/eleclabs/ros2_ws/install/micro_ros_msgs/include/micro_ros_msgs/micro_ros_msgs
[3.439s] -- Up-to-date: /home/eleclabs/ros2_ws/install/micro_ros_msgs/include/micro_ros_msgs/micro_ros_msgs/msg
[3.439s] -- Up-to-date: /home/eleclabs/ros2_ws/install/micro_ros_msgs/include/micro_ros_msgs/micro_ros_msgs/msg/detail
[3.439s] -- Up-to-date: /home/eleclabs/ros2_ws/install/micro_ros_msgs/include/micro_ros_msgs/micro_ros_msgs/msg/detail/node__type_support.cpp
[3.439s] -- Up-to-date: /home/eleclabs/ros2_ws/install/micro_ros_msgs/include/micro_ros_msgs/micro_ros_msgs/msg/detail/node__rosidl_typesupport_introspection_cpp.hpp
[3.439s] -- Up-to-date: /home/eleclabs/ros2_ws/install/micro_ros_msgs/include/micro_ros_msgs/micro_ros_msgs/msg/detail/entity__rosidl_typesupport_introspection_cpp.hpp
[3.440s] -- Up-to-date: /home/eleclabs/ros2_ws/install/micro_ros_msgs/include/micro_ros_msgs/micro_ros_msgs/msg/detail/entity__type_support.cpp
[3.440s] -- Up-to-date: /home/eleclabs/ros2_ws/install/micro_ros_msgs/include/micro_ros_msgs/micro_ros_msgs/msg/detail/graph__rosidl_typesupport_introspection_cpp.hpp
[3.440s] -- Up-to-date: /home/eleclabs/ros2_ws/install/micro_ros_msgs/include/micro_ros_msgs/micro_ros_msgs/msg/detail/graph__type_support.cpp
[3.443s] -- Up-to-date: /home/eleclabs/ros2_ws/install/micro_ros_msgs/lib/libmicro_ros_msgs__rosidl_typesupport_introspection_cpp.so
[3.445s] -- Up-to-date: /home/eleclabs/ros2_ws/install/micro_ros_msgs/lib/libmicro_ros_msgs__rosidl_typesupport_cpp.so
[3.445s] -- Up-to-date: /home/eleclabs/ros2_ws/install/micro_ros_msgs/share/micro_ros_msgs/environment/pythonpath.sh
[3.445s] -- Installing: /home/eleclabs/ros2_ws/install/micro_ros_msgs/share/micro_ros_msgs/environment/pythonpath.dsv
[3.445s] -- Up-to-date: /home/eleclabs/ros2_ws/install/micro_ros_msgs/local/lib/python3.10/dist-packages/micro_ros_msgs-3.0.1-py3.10.egg-info
[3.446s] -- Installing: /home/eleclabs/ros2_ws/install/micro_ros_msgs/local/lib/python3.10/dist-packages/micro_ros_msgs-3.0.1-py3.10.egg-info/PKG-INFO
[3.446s] -- Installing: /home/eleclabs/ros2_ws/install/micro_ros_msgs/local/lib/python3.10/dist-packages/micro_ros_msgs-3.0.1-py3.10.egg-info/SOURCES.txt
[3.446s] -- Installing: /home/eleclabs/ros2_ws/install/micro_ros_msgs/local/lib/python3.10/dist-packages/micro_ros_msgs-3.0.1-py3.10.egg-info/dependency_links.txt
[3.446s] -- Installing: /home/eleclabs/ros2_ws/install/micro_ros_msgs/local/lib/python3.10/dist-packages/micro_ros_msgs-3.0.1-py3.10.egg-info/top_level.txt
[3.447s] -- Up-to-date: /home/eleclabs/ros2_ws/install/micro_ros_msgs/local/lib/python3.10/dist-packages/micro_ros_msgs
[3.447s] -- Up-to-date: /home/eleclabs/ros2_ws/install/micro_ros_msgs/local/lib/python3.10/dist-packages/micro_ros_msgs/micro_ros_msgs_s__rosidl_typesupport_fastrtps_c.cpython-310-x86_64-linux-gnu.so
[3.447s] -- Up-to-date: /home/eleclabs/ros2_ws/install/micro_ros_msgs/local/lib/python3.10/dist-packages/micro_ros_msgs/_micro_ros_msgs_s.ep.rosidl_typesupport_c.c
[3.447s] -- Up-to-date: /home/eleclabs/ros2_ws/install/micro_ros_msgs/local/lib/python3.10/dist-packages/micro_ros_msgs/micro_ros_msgs_s__rosidl_typesupport_introspection_c.cpython-310-x86_64-linux-gnu.so
[3.447s] -- Installing: /home/eleclabs/ros2_ws/install/micro_ros_msgs/local/lib/python3.10/dist-packages/micro_ros_msgs/__init__.py
[3.448s] -- Up-to-date: /home/eleclabs/ros2_ws/install/micro_ros_msgs/local/lib/python3.10/dist-packages/micro_ros_msgs/_micro_ros_msgs_s.ep.rosidl_typesupport_fastrtps_c.c
[3.448s] -- Up-to-date: /home/eleclabs/ros2_ws/install/micro_ros_msgs/local/lib/python3.10/dist-packages/micro_ros_msgs/msg
[3.448s] -- Up-to-date: /home/eleclabs/ros2_ws/install/micro_ros_msgs/local/lib/python3.10/dist-packages/micro_ros_msgs/msg/_graph.py
[3.448s] -- Up-to-date: /home/eleclabs/ros2_ws/install/micro_ros_msgs/local/lib/python3.10/dist-packages/micro_ros_msgs/msg/_node_s.c
[3.448s] -- Up-to-date: /home/eleclabs/ros2_ws/install/micro_ros_msgs/local/lib/python3.10/dist-packages/micro_ros_msgs/msg/_entity_s.c
[3.448s] -- Up-to-date: /home/eleclabs/ros2_ws/install/micro_ros_msgs/local/lib/python3.10/dist-packages/micro_ros_msgs/msg/_entity.py
[3.448s] -- Up-to-date: /home/eleclabs/ros2_ws/install/micro_ros_msgs/local/lib/python3.10/dist-packages/micro_ros_msgs/msg/_graph_s.c
[3.449s] -- Up-to-date: /home/eleclabs/ros2_ws/install/micro_ros_msgs/local/lib/python3.10/dist-packages/micro_ros_msgs/msg/__init__.py
[3.449s] -- Up-to-date: /home/eleclabs/ros2_ws/install/micro_ros_msgs/local/lib/python3.10/dist-packages/micro_ros_msgs/msg/_node.py
[3.449s] -- Up-to-date: /home/eleclabs/ros2_ws/install/micro_ros_msgs/local/lib/python3.10/dist-packages/micro_ros_msgs/micro_ros_msgs_s__rosidl_typesupport_c.cpython-310-x86_64-linux-gnu.so
[3.449s] -- Up-to-date: /home/eleclabs/ros2_ws/install/micro_ros_msgs/local/lib/python3.10/dist-packages/micro_ros_msgs/_micro_ros_msgs_s.ep.rosidl_typesupport_introspection_c.c
[3.449s] -- Up-to-date: /home/eleclabs/ros2_ws/install/micro_ros_msgs/local/lib/python3.10/dist-packages/micro_ros_msgs/libmicro_ros_msgs__rosidl_generator_py.so
[3.507s] Listing '/home/eleclabs/ros2_ws/install/micro_ros_msgs/local/lib/python3.10/dist-packages/micro_ros_msgs'...
[3.507s] Compiling '/home/eleclabs/ros2_ws/install/micro_ros_msgs/local/lib/python3.10/dist-packages/micro_ros_msgs/__init__.py'...
[3.507s] Listing '/home/eleclabs/ros2_ws/install/micro_ros_msgs/local/lib/python3.10/dist-packages/micro_ros_msgs/msg'...
[3.514s] -- Up-to-date: /home/eleclabs/ros2_ws/install/micro_ros_msgs/local/lib/python3.10/dist-packages/micro_ros_msgs/micro_ros_msgs_s__rosidl_typesupport_fastrtps_c.cpython-310-x86_64-linux-gnu.so
[3.516s] -- Up-to-date: /home/eleclabs/ros2_ws/install/micro_ros_msgs/local/lib/python3.10/dist-packages/micro_ros_msgs/micro_ros_msgs_s__rosidl_typesupport_introspection_c.cpython-310-x86_64-linux-gnu.so
[3.518s] -- Up-to-date: /home/eleclabs/ros2_ws/install/micro_ros_msgs/local/lib/python3.10/dist-packages/micro_ros_msgs/micro_ros_msgs_s__rosidl_typesupport_c.cpython-310-x86_64-linux-gnu.so
[3.521s] -- Up-to-date: /home/eleclabs/ros2_ws/install/micro_ros_msgs/lib/libmicro_ros_msgs__rosidl_generator_py.so
[3.523s] -- Up-to-date: /home/eleclabs/ros2_ws/install/micro_ros_msgs/share/micro_ros_msgs/msg/Graph.idl
[3.523s] -- Up-to-date: /home/eleclabs/ros2_ws/install/micro_ros_msgs/share/micro_ros_msgs/msg/Node.idl
[3.523s] -- Up-to-date: /home/eleclabs/ros2_ws/install/micro_ros_msgs/share/micro_ros_msgs/msg/Entity.idl
[3.523s] -- Up-to-date: /home/eleclabs/ros2_ws/install/micro_ros_msgs/share/micro_ros_msgs/msg/Graph.msg
[3.523s] -- Up-to-date: /home/eleclabs/ros2_ws/install/micro_ros_msgs/share/micro_ros_msgs/msg/Node.msg
[3.524s] -- Up-to-date: /home/eleclabs/ros2_ws/install/micro_ros_msgs/share/micro_ros_msgs/msg/Entity.msg
[3.524s] -- Up-to-date: /home/eleclabs/ros2_ws/install/micro_ros_msgs/share/ament_index/resource_index/package_run_dependencies/micro_ros_msgs
[3.526s] -- Installing: /home/eleclabs/ros2_ws/install/micro_ros_msgs/share/ament_index/resource_index/parent_prefix_path/micro_ros_msgs
[3.534s] -- Up-to-date: /home/eleclabs/ros2_ws/install/micro_ros_msgs/share/micro_ros_msgs/environment/ament_prefix_path.sh
[3.534s] -- Installing: /home/eleclabs/ros2_ws/install/micro_ros_msgs/share/micro_ros_msgs/environment/ament_prefix_path.dsv
[3.534s] -- Up-to-date: /home/eleclabs/ros2_ws/install/micro_ros_msgs/share/micro_ros_msgs/environment/path.sh
[3.534s] -- Installing: /home/eleclabs/ros2_ws/install/micro_ros_msgs/share/micro_ros_msgs/environment/path.dsv
[3.534s] -- Up-to-date: /home/eleclabs/ros2_ws/install/micro_ros_msgs/share/micro_ros_msgs/local_setup.bash
[3.535s] -- Up-to-date: /home/eleclabs/ros2_ws/install/micro_ros_msgs/share/micro_ros_msgs/local_setup.sh
[3.535s] -- Up-to-date: /home/eleclabs/ros2_ws/install/micro_ros_msgs/share/micro_ros_msgs/local_setup.zsh
[3.535s] -- Installing: /home/eleclabs/ros2_ws/install/micro_ros_msgs/share/micro_ros_msgs/local_setup.dsv
[3.536s] -- Installing: /home/eleclabs/ros2_ws/install/micro_ros_msgs/share/micro_ros_msgs/package.dsv
[3.536s] -- Up-to-date: /home/eleclabs/ros2_ws/install/micro_ros_msgs/share/ament_index/resource_index/packages/micro_ros_msgs
[3.536s] -- Up-to-date: /home/eleclabs/ros2_ws/install/micro_ros_msgs/share/micro_ros_msgs/cmake/export_micro_ros_msgs__rosidl_generator_cExport.cmake
[3.536s] -- Up-to-date: /home/eleclabs/ros2_ws/install/micro_ros_msgs/share/micro_ros_msgs/cmake/export_micro_ros_msgs__rosidl_generator_cExport-noconfig.cmake
[3.536s] -- Up-to-date: /home/eleclabs/ros2_ws/install/micro_ros_msgs/share/micro_ros_msgs/cmake/export_micro_ros_msgs__rosidl_typesupport_fastrtps_cExport.cmake
[3.537s] -- Up-to-date: /home/eleclabs/ros2_ws/install/micro_ros_msgs/share/micro_ros_msgs/cmake/export_micro_ros_msgs__rosidl_typesupport_fastrtps_cExport-noconfig.cmake
[3.537s] -- Up-to-date: /home/eleclabs/ros2_ws/install/micro_ros_msgs/share/micro_ros_msgs/cmake/micro_ros_msgs__rosidl_typesupport_introspection_cExport.cmake
[3.537s] -- Up-to-date: /home/eleclabs/ros2_ws/install/micro_ros_msgs/share/micro_ros_msgs/cmake/micro_ros_msgs__rosidl_typesupport_introspection_cExport-noconfig.cmake
[3.538s] -- Up-to-date: /home/eleclabs/ros2_ws/install/micro_ros_msgs/share/micro_ros_msgs/cmake/micro_ros_msgs__rosidl_typesupport_cExport.cmake
[3.538s] -- Up-to-date: /home/eleclabs/ros2_ws/install/micro_ros_msgs/share/micro_ros_msgs/cmake/micro_ros_msgs__rosidl_typesupport_cExport-noconfig.cmake
[3.539s] -- Up-to-date: /home/eleclabs/ros2_ws/install/micro_ros_msgs/share/micro_ros_msgs/cmake/export_micro_ros_msgs__rosidl_generator_cppExport.cmake
[3.540s] -- Up-to-date: /home/eleclabs/ros2_ws/install/micro_ros_msgs/share/micro_ros_msgs/cmake/export_micro_ros_msgs__rosidl_typesupport_fastrtps_cppExport.cmake
[3.540s] -- Up-to-date: /home/eleclabs/ros2_ws/install/micro_ros_msgs/share/micro_ros_msgs/cmake/export_micro_ros_msgs__rosidl_typesupport_fastrtps_cppExport-noconfig.cmake
[3.541s] -- Up-to-date: /home/eleclabs/ros2_ws/install/micro_ros_msgs/share/micro_ros_msgs/cmake/micro_ros_msgs__rosidl_typesupport_introspection_cppExport.cmake
[3.541s] -- Up-to-date: /home/eleclabs/ros2_ws/install/micro_ros_msgs/share/micro_ros_msgs/cmake/micro_ros_msgs__rosidl_typesupport_introspection_cppExport-noconfig.cmake
[3.542s] -- Up-to-date: /home/eleclabs/ros2_ws/install/micro_ros_msgs/share/micro_ros_msgs/cmake/micro_ros_msgs__rosidl_typesupport_cppExport.cmake
[3.542s] -- Up-to-date: /home/eleclabs/ros2_ws/install/micro_ros_msgs/share/micro_ros_msgs/cmake/micro_ros_msgs__rosidl_typesupport_cppExport-noconfig.cmake
[3.543s] -- Up-to-date: /home/eleclabs/ros2_ws/install/micro_ros_msgs/share/micro_ros_msgs/cmake/export_micro_ros_msgs__rosidl_generator_pyExport.cmake
[3.544s] -- Up-to-date: /home/eleclabs/ros2_ws/install/micro_ros_msgs/share/micro_ros_msgs/cmake/export_micro_ros_msgs__rosidl_generator_pyExport-noconfig.cmake
[3.544s] -- Up-to-date: /home/eleclabs/ros2_ws/install/micro_ros_msgs/share/micro_ros_msgs/cmake/rosidl_cmake-extras.cmake
[3.544s] -- Up-to-date: /home/eleclabs/ros2_ws/install/micro_ros_msgs/share/micro_ros_msgs/cmake/ament_cmake_export_include_directories-extras.cmake
[3.544s] -- Up-to-date: /home/eleclabs/ros2_ws/install/micro_ros_msgs/share/micro_ros_msgs/cmake/ament_cmake_export_libraries-extras.cmake
[3.544s] -- Up-to-date: /home/eleclabs/ros2_ws/install/micro_ros_msgs/share/micro_ros_msgs/cmake/ament_cmake_export_targets-extras.cmake
[3.544s] -- Up-to-date: /home/eleclabs/ros2_ws/install/micro_ros_msgs/share/micro_ros_msgs/cmake/rosidl_cmake_export_typesupport_targets-extras.cmake
[3.544s] -- Up-to-date: /home/eleclabs/ros2_ws/install/micro_ros_msgs/share/micro_ros_msgs/cmake/ament_cmake_export_dependencies-extras.cmake
[3.544s] -- Up-to-date: /home/eleclabs/ros2_ws/install/micro_ros_msgs/share/micro_ros_msgs/cmake/rosidl_cmake_export_typesupport_libraries-extras.cmake
[3.545s] -- Up-to-date: /home/eleclabs/ros2_ws/install/micro_ros_msgs/share/micro_ros_msgs/cmake/micro_ros_msgsConfig.cmake
[3.545s] -- Up-to-date: /home/eleclabs/ros2_ws/install/micro_ros_msgs/share/micro_ros_msgs/cmake/micro_ros_msgsConfig-version.cmake
[3.545s] -- Up-to-date: /home/eleclabs/ros2_ws/install/micro_ros_msgs/share/micro_ros_msgs/package.xml
[3.550s] Invoked command in '/home/eleclabs/ros2_ws/build/micro_ros_msgs' returned '0': CMAKE_PREFIX_PATH=${CMAKE_PREFIX_PATH}:/opt/ros/humble /usr/bin/cmake --install /home/eleclabs/ros2_ws/build/micro_ros_msgs
