[1.965s] Invoking command in '/home/eleclabs/ros2_ws/src/usb_cam_example': PYTHONPATH=/home/eleclabs/ros2_ws/build/usb_cam_example/prefix_override:/usr/lib/python3/dist-packages/colcon_core/task/python/colcon_distutils_commands:/home/eleclabs/ros2_ws/install/usb_cam_example/lib/python3.10/site-packages:${PYTHONPATH} /usr/bin/python3 -W ignore:setup.py install is deprecated -W ignore:easy_install command is deprecated setup.py egg_info --egg-base ../../build/usb_cam_example build --build-base /home/eleclabs/ros2_ws/build/usb_cam_example/build install --record /home/eleclabs/ros2_ws/build/usb_cam_example/install.log --single-version-externally-managed install_data
[2.400s] running egg_info
[2.402s] creating ../../build/usb_cam_example/usb_cam_example.egg-info
[2.402s] writing ../../build/usb_cam_example/usb_cam_example.egg-info/PKG-INFO
[2.402s] writing dependency_links to ../../build/usb_cam_example/usb_cam_example.egg-info/dependency_links.txt
[2.404s] writing entry points to ../../build/usb_cam_example/usb_cam_example.egg-info/entry_points.txt
[2.404s] writing requirements to ../../build/usb_cam_example/usb_cam_example.egg-info/requires.txt
[2.405s] writing top-level names to ../../build/usb_cam_example/usb_cam_example.egg-info/top_level.txt
[2.407s] writing manifest file '../../build/usb_cam_example/usb_cam_example.egg-info/SOURCES.txt'
[2.411s] reading manifest file '../../build/usb_cam_example/usb_cam_example.egg-info/SOURCES.txt'
[2.413s] writing manifest file '../../build/usb_cam_example/usb_cam_example.egg-info/SOURCES.txt'
[2.414s] running build
[2.414s] running build_py
[2.415s] creating /home/eleclabs/ros2_ws/build/usb_cam_example/build
[2.415s] creating /home/eleclabs/ros2_ws/build/usb_cam_example/build/lib
[2.415s] creating /home/eleclabs/ros2_ws/build/usb_cam_example/build/lib/usb_cam_example
[2.415s] copying usb_cam_example/camera_publisher.py -> /home/eleclabs/ros2_ws/build/usb_cam_example/build/lib/usb_cam_example
[2.415s] copying usb_cam_example/__init__.py -> /home/eleclabs/ros2_ws/build/usb_cam_example/build/lib/usb_cam_example
[2.416s] copying usb_cam_example/camera_subscriber.py -> /home/eleclabs/ros2_ws/build/usb_cam_example/build/lib/usb_cam_example
[2.416s] running install
[2.419s] running install_lib
[2.419s] creating /home/eleclabs/ros2_ws/install/usb_cam_example/lib/python3.10/site-packages/usb_cam_example
[2.419s] copying /home/eleclabs/ros2_ws/build/usb_cam_example/build/lib/usb_cam_example/camera_publisher.py -> /home/eleclabs/ros2_ws/install/usb_cam_example/lib/python3.10/site-packages/usb_cam_example
[2.419s] copying /home/eleclabs/ros2_ws/build/usb_cam_example/build/lib/usb_cam_example/__init__.py -> /home/eleclabs/ros2_ws/install/usb_cam_example/lib/python3.10/site-packages/usb_cam_example
[2.420s] copying /home/eleclabs/ros2_ws/build/usb_cam_example/build/lib/usb_cam_example/camera_subscriber.py -> /home/eleclabs/ros2_ws/install/usb_cam_example/lib/python3.10/site-packages/usb_cam_example
[2.423s] byte-compiling /home/eleclabs/ros2_ws/install/usb_cam_example/lib/python3.10/site-packages/usb_cam_example/camera_publisher.py to camera_publisher.cpython-310.pyc
[2.426s] byte-compiling /home/eleclabs/ros2_ws/install/usb_cam_example/lib/python3.10/site-packages/usb_cam_example/__init__.py to __init__.cpython-310.pyc
[2.426s] byte-compiling /home/eleclabs/ros2_ws/install/usb_cam_example/lib/python3.10/site-packages/usb_cam_example/camera_subscriber.py to camera_subscriber.cpython-310.pyc
[2.427s] running install_data
[2.428s] creating /home/eleclabs/ros2_ws/install/usb_cam_example/share/ament_index
[2.428s] creating /home/eleclabs/ros2_ws/install/usb_cam_example/share/ament_index/resource_index
[2.428s] creating /home/eleclabs/ros2_ws/install/usb_cam_example/share/ament_index/resource_index/packages
[2.429s] copying resource/usb_cam_example -> /home/eleclabs/ros2_ws/install/usb_cam_example/share/ament_index/resource_index/packages
[2.429s] copying package.xml -> /home/eleclabs/ros2_ws/install/usb_cam_example/share/usb_cam_example
[2.429s] running install_egg_info
[2.435s] Copying ../../build/usb_cam_example/usb_cam_example.egg-info to /home/eleclabs/ros2_ws/install/usb_cam_example/lib/python3.10/site-packages/usb_cam_example-0.0.0-py3.10.egg-info
[2.439s] running install_scripts
[2.523s] Installing camera_publisher script to /home/eleclabs/ros2_ws/install/usb_cam_example/lib/usb_cam_example
[2.523s] Installing camera_subscriber script to /home/eleclabs/ros2_ws/install/usb_cam_example/lib/usb_cam_example
[2.523s] writing list of installed files to '/home/eleclabs/ros2_ws/build/usb_cam_example/install.log'
[2.585s] Invoked command in '/home/eleclabs/ros2_ws/src/usb_cam_example' returned '0': PYTHONPATH=/home/eleclabs/ros2_ws/build/usb_cam_example/prefix_override:/usr/lib/python3/dist-packages/colcon_core/task/python/colcon_distutils_commands:/home/eleclabs/ros2_ws/install/usb_cam_example/lib/python3.10/site-packages:${PYTHONPATH} /usr/bin/python3 -W ignore:setup.py install is deprecated -W ignore:easy_install command is deprecated setup.py egg_info --egg-base ../../build/usb_cam_example build --build-base /home/eleclabs/ros2_ws/build/usb_cam_example/build install --record /home/eleclabs/ros2_ws/build/usb_cam_example/install.log --single-version-externally-managed install_data
