[0.901s] Invoking command in '/home/eleclabs/ros2_ws/src/ros2_opencv': PYTHONPATH=/home/eleclabs/ros2_ws/build/ros2_opencv/prefix_override:/usr/lib/python3/dist-packages/colcon_core/task/python/colcon_distutils_commands:/home/eleclabs/ros2_ws/install/ros2_opencv/lib/python3.10/site-packages:${PYTHONPATH} /usr/bin/python3 -W ignore:setup.py install is deprecated -W ignore:easy_install command is deprecated setup.py egg_info --egg-base ../../build/ros2_opencv build --build-base /home/eleclabs/ros2_ws/build/ros2_opencv/build install --record /home/eleclabs/ros2_ws/build/ros2_opencv/install.log --single-version-externally-managed install_data
[1.368s] running egg_info
[1.369s] writing ../../build/ros2_opencv/ros2_opencv.egg-info/PKG-INFO
[1.370s] writing dependency_links to ../../build/ros2_opencv/ros2_opencv.egg-info/dependency_links.txt
[1.370s] writing entry points to ../../build/ros2_opencv/ros2_opencv.egg-info/entry_points.txt
[1.371s] writing requirements to ../../build/ros2_opencv/ros2_opencv.egg-info/requires.txt
[1.372s] writing top-level names to ../../build/ros2_opencv/ros2_opencv.egg-info/top_level.txt
[1.374s] reading manifest file '../../build/ros2_opencv/ros2_opencv.egg-info/SOURCES.txt'
[1.375s] writing manifest file '../../build/ros2_opencv/ros2_opencv.egg-info/SOURCES.txt'
[1.375s] running build
[1.375s] running build_py
[1.376s] running install
[1.376s] running install_lib
[1.377s] running install_data
[1.377s] running install_egg_info
[1.380s] removing '/home/eleclabs/ros2_ws/install/ros2_opencv/lib/python3.10/site-packages/ros2_opencv-0.0.0-py3.10.egg-info' (and everything under it)
[1.381s] Copying ../../build/ros2_opencv/ros2_opencv.egg-info to /home/eleclabs/ros2_ws/install/ros2_opencv/lib/python3.10/site-packages/ros2_opencv-0.0.0-py3.10.egg-info
[1.382s] running install_scripts
[1.408s] Installing publisher_node=ros2_opencv.cameraPublisher:mainsubscriber_node script to /home/eleclabs/ros2_ws/install/ros2_opencv/lib/ros2_opencv
[1.409s] writing list of installed files to '/home/eleclabs/ros2_ws/build/ros2_opencv/install.log'
[1.450s] Invoked command in '/home/eleclabs/ros2_ws/src/ros2_opencv' returned '0': PYTHONPATH=/home/eleclabs/ros2_ws/build/ros2_opencv/prefix_override:/usr/lib/python3/dist-packages/colcon_core/task/python/colcon_distutils_commands:/home/eleclabs/ros2_ws/install/ros2_opencv/lib/python3.10/site-packages:${PYTHONPATH} /usr/bin/python3 -W ignore:setup.py install is deprecated -W ignore:easy_install command is deprecated setup.py egg_info --egg-base ../../build/ros2_opencv build --build-base /home/eleclabs/ros2_ws/build/ros2_opencv/build install --record /home/eleclabs/ros2_ws/build/ros2_opencv/install.log --single-version-externally-managed install_data
