[3.856s] Invoking command in '/home/eleclabs/ros2_ws/src/object_detection': PYTHONPATH=/home/eleclabs/ros2_ws/build/object_detection/prefix_override:/usr/lib/python3/dist-packages/colcon_core/task/python/colcon_distutils_commands:/home/eleclabs/ros2_ws/install/object_detection/lib/python3.10/site-packages:${PYTHONPATH} /usr/bin/python3 -W ignore:setup.py install is deprecated -W ignore:easy_install command is deprecated setup.py egg_info --egg-base ../../build/object_detection build --build-base /home/eleclabs/ros2_ws/build/object_detection/build install --record /home/eleclabs/ros2_ws/build/object_detection/install.log --single-version-externally-managed install_data
[4.308s] running egg_info
[4.317s] writing ../../build/object_detection/object_detection.egg-info/PKG-INFO
[4.334s] writing dependency_links to ../../build/object_detection/object_detection.egg-info/dependency_links.txt
[4.339s] writing entry points to ../../build/object_detection/object_detection.egg-info/entry_points.txt
[4.340s] writing requirements to ../../build/object_detection/object_detection.egg-info/requires.txt
[4.341s] writing top-level names to ../../build/object_detection/object_detection.egg-info/top_level.txt
[4.367s] reading manifest file '../../build/object_detection/object_detection.egg-info/SOURCES.txt'
[4.390s] writing manifest file '../../build/object_detection/object_detection.egg-info/SOURCES.txt'
[4.391s] running build
[4.391s] running build_py
[4.391s] running install
[4.392s] running install_lib
[4.403s] running install_data
[4.404s] running install_egg_info
[4.424s] removing '/home/eleclabs/ros2_ws/install/object_detection/lib/python3.10/site-packages/object_detection-0.0.0-py3.10.egg-info' (and everything under it)
[4.424s] Copying ../../build/object_detection/object_detection.egg-info to /home/eleclabs/ros2_ws/install/object_detection/lib/python3.10/site-packages/object_detection-0.0.0-py3.10.egg-info
[4.439s] running install_scripts
[4.545s] Installing object_detection_node script to /home/eleclabs/ros2_ws/install/object_detection/lib/object_detection
[4.545s] writing list of installed files to '/home/eleclabs/ros2_ws/build/object_detection/install.log'
[4.756s] Invoked command in '/home/eleclabs/ros2_ws/src/object_detection' returned '0': PYTHONPATH=/home/eleclabs/ros2_ws/build/object_detection/prefix_override:/usr/lib/python3/dist-packages/colcon_core/task/python/colcon_distutils_commands:/home/eleclabs/ros2_ws/install/object_detection/lib/python3.10/site-packages:${PYTHONPATH} /usr/bin/python3 -W ignore:setup.py install is deprecated -W ignore:easy_install command is deprecated setup.py egg_info --egg-base ../../build/object_detection build --build-base /home/eleclabs/ros2_ws/build/object_detection/build install --record /home/eleclabs/ros2_ws/build/object_detection/install.log --single-version-externally-managed install_data
