[3.036s] Invoking command in '/home/eleclabs/ros2_ws/src/usb_cam_realtime': PYTHONPATH=/home/eleclabs/ros2_ws/build/usb_cam_realtime/prefix_override:/usr/lib/python3/dist-packages/colcon_core/task/python/colcon_distutils_commands:/home/eleclabs/ros2_ws/install/usb_cam_realtime/lib/python3.10/site-packages:${PYTHONPATH} /usr/bin/python3 -W ignore:setup.py install is deprecated -W ignore:easy_install command is deprecated setup.py egg_info --egg-base ../../build/usb_cam_realtime build --build-base /home/eleclabs/ros2_ws/build/usb_cam_realtime/build install --record /home/eleclabs/ros2_ws/build/usb_cam_realtime/install.log --single-version-externally-managed install_data
[4.194s] running egg_info
[4.198s] writing ../../build/usb_cam_realtime/usb_cam_realtime.egg-info/PKG-INFO
[4.198s] writing dependency_links to ../../build/usb_cam_realtime/usb_cam_realtime.egg-info/dependency_links.txt
[4.201s] writing entry points to ../../build/usb_cam_realtime/usb_cam_realtime.egg-info/entry_points.txt
[4.201s] writing requirements to ../../build/usb_cam_realtime/usb_cam_realtime.egg-info/requires.txt
[4.201s] writing top-level names to ../../build/usb_cam_realtime/usb_cam_realtime.egg-info/top_level.txt
[4.204s] reading manifest file '../../build/usb_cam_realtime/usb_cam_realtime.egg-info/SOURCES.txt'
[4.209s] writing manifest file '../../build/usb_cam_realtime/usb_cam_realtime.egg-info/SOURCES.txt'
[4.209s] running build
[4.209s] running build_py
[4.209s] running install
[4.210s] running install_lib
[4.211s] running install_data
[4.212s] running install_egg_info
[4.216s] removing '/home/eleclabs/ros2_ws/install/usb_cam_realtime/lib/python3.10/site-packages/usb_cam_realtime-0.0.0-py3.10.egg-info' (and everything under it)
[4.239s] Copying ../../build/usb_cam_realtime/usb_cam_realtime.egg-info to /home/eleclabs/ros2_ws/install/usb_cam_realtime/lib/python3.10/site-packages/usb_cam_realtime-0.0.0-py3.10.egg-info
[4.243s] running install_scripts
[4.291s] Installing camera_publisher script to /home/eleclabs/ros2_ws/install/usb_cam_realtime/lib/usb_cam_realtime
[4.292s] Installing camera_subscriber script to /home/eleclabs/ros2_ws/install/usb_cam_realtime/lib/usb_cam_realtime
[4.294s] writing list of installed files to '/home/eleclabs/ros2_ws/build/usb_cam_realtime/install.log'
[4.419s] Invoked command in '/home/eleclabs/ros2_ws/src/usb_cam_realtime' returned '0': PYTHONPATH=/home/eleclabs/ros2_ws/build/usb_cam_realtime/prefix_override:/usr/lib/python3/dist-packages/colcon_core/task/python/colcon_distutils_commands:/home/eleclabs/ros2_ws/install/usb_cam_realtime/lib/python3.10/site-packages:${PYTHONPATH} /usr/bin/python3 -W ignore:setup.py install is deprecated -W ignore:easy_install command is deprecated setup.py egg_info --egg-base ../../build/usb_cam_realtime build --build-base /home/eleclabs/ros2_ws/build/usb_cam_realtime/build install --record /home/eleclabs/ros2_ws/build/usb_cam_realtime/install.log --single-version-externally-managed install_data
