[0.210s] DEBUG:colcon:Command line arguments: ['/usr/bin/colcon', 'build', '--allow-overriding', 'teleop_twist_joy']
[0.210s] DEBUG:colcon:Parsed command line arguments: Namespace(log_base=None, log_level=None, verb_name='build', build_base='build', install_base='install', merge_install=False, symlink_install=False, test_result_base=None, continue_on_error=False, executor='parallel', parallel_workers=4, event_handlers=None, ignore_user_meta=False, metas=['./colcon.meta'], base_paths=['.'], packages_ignore=None, packages_ignore_regex=None, paths=None, packages_up_to=None, packages_up_to_regex=None, packages_above=None, packages_above_and_dependencies=None, packages_above_depth=None, packages_select_by_dep=None, packages_skip_by_dep=None, packages_skip_up_to=None, packages_select_build_failed=False, packages_skip_build_finished=False, packages_select_test_failures=False, packages_skip_test_passed=False, packages_select=None, packages_skip=None, packages_select_regex=None, packages_skip_regex=None, packages_start=None, packages_end=None, allow_overriding=['teleop_twist_joy'], cmake_args=None, cmake_target=None, cmake_target_skip_unavailable=False, cmake_clean_cache=False, cmake_clean_first=False, cmake_force_configure=False, ament_cmake_args=None, catkin_cmake_args=None, catkin_skip_building_tests=False, mixin_files=None, mixin=None, verb_parser=<colcon_mixin.mixin.mixin_argument.MixinArgumentDecorator object at 0x72e676a59000>, verb_extension=<colcon_core.verb.build.BuildVerb object at 0x72e676a58a90>, main=<bound method BuildVerb.main of <colcon_core.verb.build.BuildVerb object at 0x72e676a58a90>>, mixin_verb=('build',))
[0.429s] Level 1:colcon.colcon_core.package_discovery:discover_packages(colcon_meta) check parameters
[0.429s] Level 1:colcon.colcon_core.package_discovery:discover_packages(recursive) check parameters
[0.429s] Level 1:colcon.colcon_core.package_discovery:discover_packages(ignore) check parameters
[0.429s] Level 1:colcon.colcon_core.package_discovery:discover_packages(path) check parameters
[0.429s] Level 1:colcon.colcon_core.package_discovery:discover_packages(colcon_meta) discover
[0.429s] Level 1:colcon.colcon_core.package_discovery:discover_packages(recursive) discover
[0.429s] INFO:colcon.colcon_core.package_discovery:Crawling recursively for packages in '/home/eleclabs/ros2_ws'
[0.429s] Level 1:colcon.colcon_core.package_identification:_identify(.) by extensions ['ignore', 'ignore_ament_install']
[0.429s] Level 1:colcon.colcon_core.package_identification:_identify(.) by extension 'ignore'
[0.429s] Level 1:colcon.colcon_core.package_identification:_identify(.) by extension 'ignore_ament_install'
[0.429s] Level 1:colcon.colcon_core.package_identification:_identify(.) by extensions ['colcon_pkg']
[0.429s] Level 1:colcon.colcon_core.package_identification:_identify(.) by extension 'colcon_pkg'
[0.430s] Level 1:colcon.colcon_core.package_identification:_identify(.) by extensions ['colcon_meta']
[0.430s] Level 1:colcon.colcon_core.package_identification:_identify(.) by extension 'colcon_meta'
[0.430s] Level 1:colcon.colcon_core.package_identification:_identify(.) by extensions ['ros']
[0.430s] Level 1:colcon.colcon_core.package_identification:_identify(.) by extension 'ros'
[0.445s] Level 1:colcon.colcon_core.package_identification:_identify(.) by extensions ['cmake', 'python']
[0.445s] Level 1:colcon.colcon_core.package_identification:_identify(.) by extension 'cmake'
[0.445s] Level 1:colcon.colcon_core.package_identification:_identify(.) by extension 'python'
[0.445s] Level 1:colcon.colcon_core.package_identification:_identify(.) by extensions ['python_setup_py']
[0.445s] Level 1:colcon.colcon_core.package_identification:_identify(.) by extension 'python_setup_py'
[0.445s] Level 1:colcon.colcon_core.package_identification:_identify(build) by extensions ['ignore', 'ignore_ament_install']
[0.445s] Level 1:colcon.colcon_core.package_identification:_identify(build) by extension 'ignore'
[0.446s] Level 1:colcon.colcon_core.package_identification:_identify(build) ignored
[0.446s] Level 1:colcon.colcon_core.package_identification:_identify(install) by extensions ['ignore', 'ignore_ament_install']
[0.446s] Level 1:colcon.colcon_core.package_identification:_identify(install) by extension 'ignore'
[0.446s] Level 1:colcon.colcon_core.package_identification:_identify(install) ignored
[0.446s] Level 1:colcon.colcon_core.package_identification:_identify(log) by extensions ['ignore', 'ignore_ament_install']
[0.446s] Level 1:colcon.colcon_core.package_identification:_identify(log) by extension 'ignore'
[0.446s] Level 1:colcon.colcon_core.package_identification:_identify(log) ignored
[0.446s] Level 1:colcon.colcon_core.package_identification:_identify(src) by extensions ['ignore', 'ignore_ament_install']
[0.446s] Level 1:colcon.colcon_core.package_identification:_identify(src) by extension 'ignore'
[0.447s] Level 1:colcon.colcon_core.package_identification:_identify(src) by extension 'ignore_ament_install'
[0.447s] Level 1:colcon.colcon_core.package_identification:_identify(src) by extensions ['colcon_pkg']
[0.447s] Level 1:colcon.colcon_core.package_identification:_identify(src) by extension 'colcon_pkg'
[0.447s] Level 1:colcon.colcon_core.package_identification:_identify(src) by extensions ['colcon_meta']
[0.447s] Level 1:colcon.colcon_core.package_identification:_identify(src) by extension 'colcon_meta'
[0.447s] Level 1:colcon.colcon_core.package_identification:_identify(src) by extensions ['ros']
[0.447s] Level 1:colcon.colcon_core.package_identification:_identify(src) by extension 'ros'
[0.447s] Level 1:colcon.colcon_core.package_identification:_identify(src) by extensions ['cmake', 'python']
[0.447s] Level 1:colcon.colcon_core.package_identification:_identify(src) by extension 'cmake'
[0.447s] Level 1:colcon.colcon_core.package_identification:_identify(src) by extension 'python'
[0.447s] Level 1:colcon.colcon_core.package_identification:_identify(src) by extensions ['python_setup_py']
[0.447s] Level 1:colcon.colcon_core.package_identification:_identify(src) by extension 'python_setup_py'
[0.447s] Level 1:colcon.colcon_core.package_identification:_identify(src/micro_ros_setup) by extensions ['ignore', 'ignore_ament_install']
[0.447s] Level 1:colcon.colcon_core.package_identification:_identify(src/micro_ros_setup) by extension 'ignore'
[0.447s] Level 1:colcon.colcon_core.package_identification:_identify(src/micro_ros_setup) by extension 'ignore_ament_install'
[0.448s] Level 1:colcon.colcon_core.package_identification:_identify(src/micro_ros_setup) by extensions ['colcon_pkg']
[0.448s] Level 1:colcon.colcon_core.package_identification:_identify(src/micro_ros_setup) by extension 'colcon_pkg'
[0.448s] Level 1:colcon.colcon_core.package_identification:_identify(src/micro_ros_setup) by extensions ['colcon_meta']
[0.448s] Level 1:colcon.colcon_core.package_identification:_identify(src/micro_ros_setup) by extension 'colcon_meta'
[0.448s] Level 1:colcon.colcon_core.package_identification:_identify(src/micro_ros_setup) by extensions ['ros']
[0.448s] Level 1:colcon.colcon_core.package_identification:_identify(src/micro_ros_setup) by extension 'ros'
[0.451s] DEBUG:colcon.colcon_core.package_identification:Package 'src/micro_ros_setup' with type 'ros.ament_cmake' and name 'micro_ros_setup'
[0.451s] Level 1:colcon.colcon_core.package_identification:_identify(src/mypkg) by extensions ['ignore', 'ignore_ament_install']
[0.451s] Level 1:colcon.colcon_core.package_identification:_identify(src/mypkg) by extension 'ignore'
[0.451s] Level 1:colcon.colcon_core.package_identification:_identify(src/mypkg) by extension 'ignore_ament_install'
[0.451s] Level 1:colcon.colcon_core.package_identification:_identify(src/mypkg) by extensions ['colcon_pkg']
[0.452s] Level 1:colcon.colcon_core.package_identification:_identify(src/mypkg) by extension 'colcon_pkg'
[0.452s] Level 1:colcon.colcon_core.package_identification:_identify(src/mypkg) by extensions ['colcon_meta']
[0.452s] Level 1:colcon.colcon_core.package_identification:_identify(src/mypkg) by extension 'colcon_meta'
[0.452s] Level 1:colcon.colcon_core.package_identification:_identify(src/mypkg) by extensions ['ros']
[0.452s] Level 1:colcon.colcon_core.package_identification:_identify(src/mypkg) by extension 'ros'
[0.453s] DEBUG:colcon.colcon_core.package_identification:Package 'src/mypkg' with type 'ros.ament_cmake' and name 'mypkg'
[0.453s] Level 1:colcon.colcon_core.package_identification:_identify(src/teleop_twist_joy) by extensions ['ignore', 'ignore_ament_install']
[0.454s] Level 1:colcon.colcon_core.package_identification:_identify(src/teleop_twist_joy) by extension 'ignore'
[0.454s] Level 1:colcon.colcon_core.package_identification:_identify(src/teleop_twist_joy) by extension 'ignore_ament_install'
[0.454s] Level 1:colcon.colcon_core.package_identification:_identify(src/teleop_twist_joy) by extensions ['colcon_pkg']
[0.454s] Level 1:colcon.colcon_core.package_identification:_identify(src/teleop_twist_joy) by extension 'colcon_pkg'
[0.454s] Level 1:colcon.colcon_core.package_identification:_identify(src/teleop_twist_joy) by extensions ['colcon_meta']
[0.454s] Level 1:colcon.colcon_core.package_identification:_identify(src/teleop_twist_joy) by extension 'colcon_meta'
[0.454s] Level 1:colcon.colcon_core.package_identification:_identify(src/teleop_twist_joy) by extensions ['ros']
[0.454s] Level 1:colcon.colcon_core.package_identification:_identify(src/teleop_twist_joy) by extension 'ros'
[0.455s] DEBUG:colcon.colcon_core.package_identification:Package 'src/teleop_twist_joy' with type 'ros.ament_cmake' and name 'teleop_twist_joy'
[0.455s] Level 1:colcon.colcon_core.package_discovery:discover_packages(recursive) using defaults
[0.455s] Level 1:colcon.colcon_core.package_discovery:discover_packages(ignore) discover
[0.455s] Level 1:colcon.colcon_core.package_discovery:discover_packages(ignore) using defaults
[0.455s] Level 1:colcon.colcon_core.package_discovery:discover_packages(path) discover
[0.455s] Level 1:colcon.colcon_core.package_discovery:discover_packages(path) using defaults
[0.497s] Level 1:colcon.colcon_core.package_discovery:discover_packages(prefix_path) check parameters
[0.497s] Level 1:colcon.colcon_core.package_discovery:discover_packages(prefix_path) discover
[0.499s] WARNING:colcon.colcon_ros.prefix_path.catkin:The path '/home/eleclabs/ros2_ws/install/lineturtle' in the environment variable CMAKE_PREFIX_PATH doesn't exist
[0.501s] WARNING:colcon.colcon_ros.prefix_path.catkin:The path '/home/eleclabs/ros2_ws/install/micro_ros_agent' in the environment variable CMAKE_PREFIX_PATH doesn't exist
[0.514s] DEBUG:colcon.colcon_installed_package_information.package_discovery:Found 3 installed packages in /home/eleclabs/ros2_ws/install
[0.515s] DEBUG:colcon.colcon_installed_package_information.package_discovery:Found 1 installed packages in /home/eleclabs/amr_ws/install
[0.515s] DEBUG:colcon.colcon_installed_package_information.package_discovery:Found 1 installed packages in /home/eleclabs/telenex_ws/install
[0.518s] DEBUG:colcon.colcon_installed_package_information.package_discovery:Found 280 installed packages in /opt/ros/humble
[0.520s] Level 1:colcon.colcon_core.package_discovery:discover_packages(prefix_path) using defaults
[0.659s] Level 5:colcon.colcon_core.verb:set package 'micro_ros_setup' build argument 'cmake_args' from command line to 'None'
[0.659s] Level 5:colcon.colcon_core.verb:set package 'micro_ros_setup' build argument 'cmake_target' from command line to 'None'
[0.659s] Level 5:colcon.colcon_core.verb:set package 'micro_ros_setup' build argument 'cmake_target_skip_unavailable' from command line to 'False'
[0.659s] Level 5:colcon.colcon_core.verb:set package 'micro_ros_setup' build argument 'cmake_clean_cache' from command line to 'False'
[0.659s] Level 5:colcon.colcon_core.verb:set package 'micro_ros_setup' build argument 'cmake_clean_first' from command line to 'False'
[0.659s] Level 5:colcon.colcon_core.verb:set package 'micro_ros_setup' build argument 'cmake_force_configure' from command line to 'False'
[0.659s] Level 5:colcon.colcon_core.verb:set package 'micro_ros_setup' build argument 'ament_cmake_args' from command line to 'None'
[0.660s] Level 5:colcon.colcon_core.verb:set package 'micro_ros_setup' build argument 'catkin_cmake_args' from command line to 'None'
[0.660s] Level 5:colcon.colcon_core.verb:set package 'micro_ros_setup' build argument 'catkin_skip_building_tests' from command line to 'False'
[0.660s] DEBUG:colcon.colcon_core.verb:Building package 'micro_ros_setup' with the following arguments: {'ament_cmake_args': None, 'build_base': '/home/eleclabs/ros2_ws/build/micro_ros_setup', 'catkin_cmake_args': None, 'catkin_skip_building_tests': False, 'cmake_args': None, 'cmake_clean_cache': False, 'cmake_clean_first': False, 'cmake_force_configure': False, 'cmake_target': None, 'cmake_target_skip_unavailable': False, 'install_base': '/home/eleclabs/ros2_ws/install/micro_ros_setup', 'merge_install': False, 'path': '/home/eleclabs/ros2_ws/src/micro_ros_setup', 'symlink_install': False, 'test_result_base': None}
[0.660s] Level 5:colcon.colcon_core.verb:set package 'mypkg' build argument 'cmake_args' from command line to 'None'
[0.660s] Level 5:colcon.colcon_core.verb:set package 'mypkg' build argument 'cmake_target' from command line to 'None'
[0.660s] Level 5:colcon.colcon_core.verb:set package 'mypkg' build argument 'cmake_target_skip_unavailable' from command line to 'False'
[0.660s] Level 5:colcon.colcon_core.verb:set package 'mypkg' build argument 'cmake_clean_cache' from command line to 'False'
[0.660s] Level 5:colcon.colcon_core.verb:set package 'mypkg' build argument 'cmake_clean_first' from command line to 'False'
[0.660s] Level 5:colcon.colcon_core.verb:set package 'mypkg' build argument 'cmake_force_configure' from command line to 'False'
[0.660s] Level 5:colcon.colcon_core.verb:set package 'mypkg' build argument 'ament_cmake_args' from command line to 'None'
[0.660s] Level 5:colcon.colcon_core.verb:set package 'mypkg' build argument 'catkin_cmake_args' from command line to 'None'
[0.660s] Level 5:colcon.colcon_core.verb:set package 'mypkg' build argument 'catkin_skip_building_tests' from command line to 'False'
[0.661s] DEBUG:colcon.colcon_core.verb:Building package 'mypkg' with the following arguments: {'ament_cmake_args': None, 'build_base': '/home/eleclabs/ros2_ws/build/mypkg', 'catkin_cmake_args': None, 'catkin_skip_building_tests': False, 'cmake_args': None, 'cmake_clean_cache': False, 'cmake_clean_first': False, 'cmake_force_configure': False, 'cmake_target': None, 'cmake_target_skip_unavailable': False, 'install_base': '/home/eleclabs/ros2_ws/install/mypkg', 'merge_install': False, 'path': '/home/eleclabs/ros2_ws/src/mypkg', 'symlink_install': False, 'test_result_base': None}
[0.661s] Level 5:colcon.colcon_core.verb:set package 'teleop_twist_joy' build argument 'cmake_args' from command line to 'None'
[0.661s] Level 5:colcon.colcon_core.verb:set package 'teleop_twist_joy' build argument 'cmake_target' from command line to 'None'
[0.661s] Level 5:colcon.colcon_core.verb:set package 'teleop_twist_joy' build argument 'cmake_target_skip_unavailable' from command line to 'False'
[0.661s] Level 5:colcon.colcon_core.verb:set package 'teleop_twist_joy' build argument 'cmake_clean_cache' from command line to 'False'
[0.661s] Level 5:colcon.colcon_core.verb:set package 'teleop_twist_joy' build argument 'cmake_clean_first' from command line to 'False'
[0.661s] Level 5:colcon.colcon_core.verb:set package 'teleop_twist_joy' build argument 'cmake_force_configure' from command line to 'False'
[0.661s] Level 5:colcon.colcon_core.verb:set package 'teleop_twist_joy' build argument 'ament_cmake_args' from command line to 'None'
[0.661s] Level 5:colcon.colcon_core.verb:set package 'teleop_twist_joy' build argument 'catkin_cmake_args' from command line to 'None'
[0.661s] Level 5:colcon.colcon_core.verb:set package 'teleop_twist_joy' build argument 'catkin_skip_building_tests' from command line to 'False'
[0.661s] DEBUG:colcon.colcon_core.verb:Building package 'teleop_twist_joy' with the following arguments: {'ament_cmake_args': None, 'build_base': '/home/eleclabs/ros2_ws/build/teleop_twist_joy', 'catkin_cmake_args': None, 'catkin_skip_building_tests': False, 'cmake_args': None, 'cmake_clean_cache': False, 'cmake_clean_first': False, 'cmake_force_configure': False, 'cmake_target': None, 'cmake_target_skip_unavailable': False, 'install_base': '/home/eleclabs/ros2_ws/install/teleop_twist_joy', 'merge_install': False, 'path': '/home/eleclabs/ros2_ws/src/teleop_twist_joy', 'symlink_install': False, 'test_result_base': None}
[0.662s] INFO:colcon.colcon_core.executor:Executing jobs using 'parallel' executor
[0.677s] DEBUG:colcon.colcon_parallel_executor.executor.parallel:run_until_complete
[0.678s] INFO:colcon.colcon_ros.task.ament_cmake.build:Building ROS package in '/home/eleclabs/ros2_ws/src/micro_ros_setup' with build type 'ament_cmake'
[0.678s] INFO:colcon.colcon_cmake.task.cmake.build:Building CMake package in '/home/eleclabs/ros2_ws/src/micro_ros_setup'
[0.681s] INFO:colcon.colcon_core.plugin_system:Skipping extension 'colcon_core.shell.bat': Not used on non-Windows systems
[0.682s] INFO:colcon.colcon_core.shell:Skip shell extension 'powershell' for command environment: Not usable outside of PowerShell
[0.682s] DEBUG:colcon.colcon_core.shell:Skip shell extension 'dsv' for command environment
[0.708s] INFO:colcon.colcon_ros.task.ament_cmake.build:Building ROS package in '/home/eleclabs/ros2_ws/src/mypkg' with build type 'ament_cmake'
[0.708s] INFO:colcon.colcon_cmake.task.cmake.build:Building CMake package in '/home/eleclabs/ros2_ws/src/mypkg'
[0.709s] INFO:colcon.colcon_core.shell:Skip shell extension 'powershell' for command environment: Not usable outside of PowerShell
[0.709s] DEBUG:colcon.colcon_core.shell:Skip shell extension 'dsv' for command environment
[0.735s] INFO:colcon.colcon_ros.task.ament_cmake.build:Building ROS package in '/home/eleclabs/ros2_ws/src/teleop_twist_joy' with build type 'ament_cmake'
[0.736s] INFO:colcon.colcon_cmake.task.cmake.build:Building CMake package in '/home/eleclabs/ros2_ws/src/teleop_twist_joy'
[0.739s] INFO:colcon.colcon_core.shell:Skip shell extension 'powershell' for command environment: Not usable outside of PowerShell
[0.739s] DEBUG:colcon.colcon_core.shell:Skip shell extension 'dsv' for command environment
[0.754s] DEBUG:colcon.colcon_core.event_handler.log_command:Invoking command in '/home/eleclabs/ros2_ws/build/micro_ros_setup': CMAKE_PREFIX_PATH=${CMAKE_PREFIX_PATH}:/opt/ros/humble /usr/bin/cmake --build /home/eleclabs/ros2_ws/build/micro_ros_setup -- -j4 -l4
[0.799s] DEBUG:colcon.colcon_core.event_handler.log_command:Invoking command in '/home/eleclabs/ros2_ws/build/mypkg': CMAKE_PREFIX_PATH=${CMAKE_PREFIX_PATH}:/opt/ros/humble /usr/bin/cmake --build /home/eleclabs/ros2_ws/build/mypkg -- -j4 -l4
[0.900s] DEBUG:colcon.colcon_core.event_handler.log_command:Invoking command in '/home/eleclabs/ros2_ws/build/teleop_twist_joy': CMAKE_PREFIX_PATH=${CMAKE_PREFIX_PATH}:/opt/ros/humble /usr/bin/cmake --build /home/eleclabs/ros2_ws/build/teleop_twist_joy -- -j4 -l4
[0.985s] DEBUG:colcon.colcon_core.event_handler.log_command:Invoked command in '/home/eleclabs/ros2_ws/build/micro_ros_setup' returned '0': CMAKE_PREFIX_PATH=${CMAKE_PREFIX_PATH}:/opt/ros/humble /usr/bin/cmake --build /home/eleclabs/ros2_ws/build/micro_ros_setup -- -j4 -l4
[1.037s] DEBUG:colcon.colcon_core.event_handler.log_command:Invoking command in '/home/eleclabs/ros2_ws/build/micro_ros_setup': CMAKE_PREFIX_PATH=${CMAKE_PREFIX_PATH}:/opt/ros/humble /usr/bin/cmake --install /home/eleclabs/ros2_ws/build/micro_ros_setup
[1.104s] DEBUG:colcon.colcon_core.event_handler.log_command:Invoked command in '/home/eleclabs/ros2_ws/build/mypkg' returned '0': CMAKE_PREFIX_PATH=${CMAKE_PREFIX_PATH}:/opt/ros/humble /usr/bin/cmake --build /home/eleclabs/ros2_ws/build/mypkg -- -j4 -l4
[1.126s] DEBUG:colcon.colcon_core.event_handler.log_command:Invoking command in '/home/eleclabs/ros2_ws/build/mypkg': CMAKE_PREFIX_PATH=${CMAKE_PREFIX_PATH}:/opt/ros/humble /usr/bin/cmake --install /home/eleclabs/ros2_ws/build/mypkg
[1.140s] Level 1:colcon.colcon_core.environment:create_environment_scripts_only(micro_ros_setup)
[1.143s] Level 1:colcon.colcon_core.environment:checking '/home/eleclabs/ros2_ws/install/micro_ros_setup' for CMake module files
[1.145s] Level 1:colcon.colcon_core.environment:checking '/home/eleclabs/ros2_ws/install/micro_ros_setup' for CMake config files
[1.161s] Level 1:colcon.colcon_core.shell:create_environment_hook('micro_ros_setup', 'cmake_prefix_path')
[1.162s] INFO:colcon.colcon_core.shell:Creating environment hook '/home/eleclabs/ros2_ws/install/micro_ros_setup/share/micro_ros_setup/hook/cmake_prefix_path.ps1'
[1.163s] INFO:colcon.colcon_core.shell:Creating environment descriptor '/home/eleclabs/ros2_ws/install/micro_ros_setup/share/micro_ros_setup/hook/cmake_prefix_path.dsv'
[1.164s] INFO:colcon.colcon_core.shell:Creating environment hook '/home/eleclabs/ros2_ws/install/micro_ros_setup/share/micro_ros_setup/hook/cmake_prefix_path.sh'
[1.186s] Level 1:colcon.colcon_core.environment:checking '/home/eleclabs/ros2_ws/install/micro_ros_setup/lib'
[1.187s] Level 1:colcon.colcon_core.environment:checking '/home/eleclabs/ros2_ws/install/micro_ros_setup/bin'
[1.187s] Level 1:colcon.colcon_core.environment:checking '/home/eleclabs/ros2_ws/install/micro_ros_setup/lib/pkgconfig/micro_ros_setup.pc'
[1.187s] Level 1:colcon.colcon_core.environment:checking '/home/eleclabs/ros2_ws/install/micro_ros_setup/lib/python3.10/site-packages'
[1.188s] Level 1:colcon.colcon_core.environment:checking '/home/eleclabs/ros2_ws/install/micro_ros_setup/bin'
[1.188s] INFO:colcon.colcon_core.shell:Creating package script '/home/eleclabs/ros2_ws/install/micro_ros_setup/share/micro_ros_setup/package.ps1'
[1.195s] DEBUG:colcon.colcon_core.event_handler.log_command:Invoked command in '/home/eleclabs/ros2_ws/build/micro_ros_setup' returned '0': CMAKE_PREFIX_PATH=${CMAKE_PREFIX_PATH}:/opt/ros/humble /usr/bin/cmake --install /home/eleclabs/ros2_ws/build/micro_ros_setup
[1.198s] INFO:colcon.colcon_core.shell:Creating package descriptor '/home/eleclabs/ros2_ws/install/micro_ros_setup/share/micro_ros_setup/package.dsv'
[1.200s] INFO:colcon.colcon_core.shell:Creating package script '/home/eleclabs/ros2_ws/install/micro_ros_setup/share/micro_ros_setup/package.sh'
[1.203s] INFO:colcon.colcon_core.shell:Creating package script '/home/eleclabs/ros2_ws/install/micro_ros_setup/share/micro_ros_setup/package.bash'
[1.210s] INFO:colcon.colcon_core.shell:Creating package script '/home/eleclabs/ros2_ws/install/micro_ros_setup/share/micro_ros_setup/package.zsh'
[1.217s] Level 1:colcon.colcon_core.environment:create_file_with_runtime_dependencies(/home/eleclabs/ros2_ws/install/micro_ros_setup/share/colcon-core/packages/micro_ros_setup)
[1.221s] Level 1:colcon.colcon_core.environment:create_environment_scripts_only(micro_ros_setup)
[1.224s] Level 1:colcon.colcon_core.environment:checking '/home/eleclabs/ros2_ws/install/micro_ros_setup' for CMake module files
[1.227s] Level 1:colcon.colcon_core.environment:checking '/home/eleclabs/ros2_ws/install/micro_ros_setup' for CMake config files
[1.229s] Level 1:colcon.colcon_core.shell:create_environment_hook('micro_ros_setup', 'cmake_prefix_path')
[1.229s] INFO:colcon.colcon_core.shell:Creating environment hook '/home/eleclabs/ros2_ws/install/micro_ros_setup/share/micro_ros_setup/hook/cmake_prefix_path.ps1'
[1.234s] INFO:colcon.colcon_core.shell:Creating environment descriptor '/home/eleclabs/ros2_ws/install/micro_ros_setup/share/micro_ros_setup/hook/cmake_prefix_path.dsv'
[1.234s] INFO:colcon.colcon_core.shell:Creating environment hook '/home/eleclabs/ros2_ws/install/micro_ros_setup/share/micro_ros_setup/hook/cmake_prefix_path.sh'
[1.237s] Level 1:colcon.colcon_core.environment:checking '/home/eleclabs/ros2_ws/install/micro_ros_setup/lib'
[1.237s] Level 1:colcon.colcon_core.environment:checking '/home/eleclabs/ros2_ws/install/micro_ros_setup/bin'
[1.238s] Level 1:colcon.colcon_core.environment:checking '/home/eleclabs/ros2_ws/install/micro_ros_setup/lib/pkgconfig/micro_ros_setup.pc'
[1.238s] Level 1:colcon.colcon_core.environment:checking '/home/eleclabs/ros2_ws/install/micro_ros_setup/lib/python3.10/site-packages'
[1.238s] Level 1:colcon.colcon_core.environment:checking '/home/eleclabs/ros2_ws/install/micro_ros_setup/bin'
[1.239s] INFO:colcon.colcon_core.shell:Creating package script '/home/eleclabs/ros2_ws/install/micro_ros_setup/share/micro_ros_setup/package.ps1'
[1.243s] INFO:colcon.colcon_core.shell:Creating package descriptor '/home/eleclabs/ros2_ws/install/micro_ros_setup/share/micro_ros_setup/package.dsv'
[1.245s] INFO:colcon.colcon_core.shell:Creating package script '/home/eleclabs/ros2_ws/install/micro_ros_setup/share/micro_ros_setup/package.sh'
[1.247s] INFO:colcon.colcon_core.shell:Creating package script '/home/eleclabs/ros2_ws/install/micro_ros_setup/share/micro_ros_setup/package.bash'
[1.248s] INFO:colcon.colcon_core.shell:Creating package script '/home/eleclabs/ros2_ws/install/micro_ros_setup/share/micro_ros_setup/package.zsh'
[1.249s] Level 1:colcon.colcon_core.environment:create_file_with_runtime_dependencies(/home/eleclabs/ros2_ws/install/micro_ros_setup/share/colcon-core/packages/micro_ros_setup)
[1.252s] Level 1:colcon.colcon_core.environment:create_environment_scripts_only(mypkg)
[1.253s] Level 1:colcon.colcon_core.environment:checking '/home/eleclabs/ros2_ws/install/mypkg' for CMake module files
[1.254s] Level 1:colcon.colcon_core.environment:checking '/home/eleclabs/ros2_ws/install/mypkg' for CMake config files
[1.254s] Level 1:colcon.colcon_core.shell:create_environment_hook('mypkg', 'cmake_prefix_path')
[1.254s] INFO:colcon.colcon_core.shell:Creating environment hook '/home/eleclabs/ros2_ws/install/mypkg/share/mypkg/hook/cmake_prefix_path.ps1'
[1.255s] INFO:colcon.colcon_core.shell:Creating environment descriptor '/home/eleclabs/ros2_ws/install/mypkg/share/mypkg/hook/cmake_prefix_path.dsv'
[1.257s] INFO:colcon.colcon_core.shell:Creating environment hook '/home/eleclabs/ros2_ws/install/mypkg/share/mypkg/hook/cmake_prefix_path.sh'
[1.259s] Level 1:colcon.colcon_core.environment:checking '/home/eleclabs/ros2_ws/install/mypkg/bin'
[1.259s] Level 1:colcon.colcon_core.environment:checking '/home/eleclabs/ros2_ws/install/mypkg/lib/pkgconfig/mypkg.pc'
[1.260s] Level 1:colcon.colcon_core.environment:checking '/home/eleclabs/ros2_ws/install/mypkg/lib/python3.10/site-packages'
[1.261s] Level 1:colcon.colcon_core.environment:checking '/home/eleclabs/ros2_ws/install/mypkg/bin'
[1.261s] INFO:colcon.colcon_core.shell:Creating package script '/home/eleclabs/ros2_ws/install/mypkg/share/mypkg/package.ps1'
[1.264s] DEBUG:colcon.colcon_core.event_handler.log_command:Invoked command in '/home/eleclabs/ros2_ws/build/mypkg' returned '0': CMAKE_PREFIX_PATH=${CMAKE_PREFIX_PATH}:/opt/ros/humble /usr/bin/cmake --install /home/eleclabs/ros2_ws/build/mypkg
[1.268s] INFO:colcon.colcon_core.shell:Creating package descriptor '/home/eleclabs/ros2_ws/install/mypkg/share/mypkg/package.dsv'
[1.270s] INFO:colcon.colcon_core.shell:Creating package script '/home/eleclabs/ros2_ws/install/mypkg/share/mypkg/package.sh'
[1.276s] INFO:colcon.colcon_core.shell:Creating package script '/home/eleclabs/ros2_ws/install/mypkg/share/mypkg/package.bash'
[1.277s] INFO:colcon.colcon_core.shell:Creating package script '/home/eleclabs/ros2_ws/install/mypkg/share/mypkg/package.zsh'
[1.278s] Level 1:colcon.colcon_core.environment:create_file_with_runtime_dependencies(/home/eleclabs/ros2_ws/install/mypkg/share/colcon-core/packages/mypkg)
[1.279s] Level 1:colcon.colcon_core.environment:create_environment_scripts_only(mypkg)
[1.280s] Level 1:colcon.colcon_core.environment:checking '/home/eleclabs/ros2_ws/install/mypkg' for CMake module files
[1.283s] Level 1:colcon.colcon_core.environment:checking '/home/eleclabs/ros2_ws/install/mypkg' for CMake config files
[1.283s] Level 1:colcon.colcon_core.shell:create_environment_hook('mypkg', 'cmake_prefix_path')
[1.284s] INFO:colcon.colcon_core.shell:Creating environment hook '/home/eleclabs/ros2_ws/install/mypkg/share/mypkg/hook/cmake_prefix_path.ps1'
[1.285s] INFO:colcon.colcon_core.shell:Creating environment descriptor '/home/eleclabs/ros2_ws/install/mypkg/share/mypkg/hook/cmake_prefix_path.dsv'
[1.287s] INFO:colcon.colcon_core.shell:Creating environment hook '/home/eleclabs/ros2_ws/install/mypkg/share/mypkg/hook/cmake_prefix_path.sh'
[1.292s] Level 1:colcon.colcon_core.environment:checking '/home/eleclabs/ros2_ws/install/mypkg/bin'
[1.292s] Level 1:colcon.colcon_core.environment:checking '/home/eleclabs/ros2_ws/install/mypkg/lib/pkgconfig/mypkg.pc'
[1.299s] Level 1:colcon.colcon_core.environment:checking '/home/eleclabs/ros2_ws/install/mypkg/lib/python3.10/site-packages'
[1.301s] Level 1:colcon.colcon_core.environment:checking '/home/eleclabs/ros2_ws/install/mypkg/bin'
[1.313s] INFO:colcon.colcon_core.shell:Creating package script '/home/eleclabs/ros2_ws/install/mypkg/share/mypkg/package.ps1'
[1.318s] INFO:colcon.colcon_core.shell:Creating package descriptor '/home/eleclabs/ros2_ws/install/mypkg/share/mypkg/package.dsv'
[1.319s] INFO:colcon.colcon_core.shell:Creating package script '/home/eleclabs/ros2_ws/install/mypkg/share/mypkg/package.sh'
[1.319s] INFO:colcon.colcon_core.shell:Creating package script '/home/eleclabs/ros2_ws/install/mypkg/share/mypkg/package.bash'
[1.320s] INFO:colcon.colcon_core.shell:Creating package script '/home/eleclabs/ros2_ws/install/mypkg/share/mypkg/package.zsh'
[1.323s] Level 1:colcon.colcon_core.environment:create_file_with_runtime_dependencies(/home/eleclabs/ros2_ws/install/mypkg/share/colcon-core/packages/mypkg)
[1.566s] DEBUG:colcon.colcon_core.event_handler.log_command:Invoked command in '/home/eleclabs/ros2_ws/build/teleop_twist_joy' returned '0': CMAKE_PREFIX_PATH=${CMAKE_PREFIX_PATH}:/opt/ros/humble /usr/bin/cmake --build /home/eleclabs/ros2_ws/build/teleop_twist_joy -- -j4 -l4
[1.567s] DEBUG:colcon.colcon_core.event_handler.log_command:Invoking command in '/home/eleclabs/ros2_ws/build/teleop_twist_joy': CMAKE_PREFIX_PATH=${CMAKE_PREFIX_PATH}:/opt/ros/humble /usr/bin/cmake --install /home/eleclabs/ros2_ws/build/teleop_twist_joy
[1.647s] Level 1:colcon.colcon_core.environment:create_environment_scripts_only(teleop_twist_joy)
[1.651s] Level 1:colcon.colcon_core.environment:checking '/home/eleclabs/ros2_ws/install/teleop_twist_joy' for CMake module files
[1.656s] DEBUG:colcon.colcon_core.event_handler.log_command:Invoked command in '/home/eleclabs/ros2_ws/build/teleop_twist_joy' returned '0': CMAKE_PREFIX_PATH=${CMAKE_PREFIX_PATH}:/opt/ros/humble /usr/bin/cmake --install /home/eleclabs/ros2_ws/build/teleop_twist_joy
[1.657s] Level 1:colcon.colcon_core.environment:checking '/home/eleclabs/ros2_ws/install/teleop_twist_joy' for CMake config files
[1.657s] Level 1:colcon.colcon_core.shell:create_environment_hook('teleop_twist_joy', 'cmake_prefix_path')
[1.658s] INFO:colcon.colcon_core.shell:Creating environment hook '/home/eleclabs/ros2_ws/install/teleop_twist_joy/share/teleop_twist_joy/hook/cmake_prefix_path.ps1'
[1.659s] INFO:colcon.colcon_core.shell:Creating environment descriptor '/home/eleclabs/ros2_ws/install/teleop_twist_joy/share/teleop_twist_joy/hook/cmake_prefix_path.dsv'
[1.660s] INFO:colcon.colcon_core.shell:Creating environment hook '/home/eleclabs/ros2_ws/install/teleop_twist_joy/share/teleop_twist_joy/hook/cmake_prefix_path.sh'
[1.661s] Level 1:colcon.colcon_core.environment:checking '/home/eleclabs/ros2_ws/install/teleop_twist_joy/lib'
[1.661s] Level 1:colcon.colcon_core.shell:create_environment_hook('teleop_twist_joy', 'ld_library_path_lib')
[1.661s] INFO:colcon.colcon_core.shell:Creating environment hook '/home/eleclabs/ros2_ws/install/teleop_twist_joy/share/teleop_twist_joy/hook/ld_library_path_lib.ps1'
[1.662s] INFO:colcon.colcon_core.shell:Creating environment descriptor '/home/eleclabs/ros2_ws/install/teleop_twist_joy/share/teleop_twist_joy/hook/ld_library_path_lib.dsv'
[1.677s] INFO:colcon.colcon_core.shell:Creating environment hook '/home/eleclabs/ros2_ws/install/teleop_twist_joy/share/teleop_twist_joy/hook/ld_library_path_lib.sh'
[1.679s] Level 1:colcon.colcon_core.environment:checking '/home/eleclabs/ros2_ws/install/teleop_twist_joy/bin'
[1.682s] Level 1:colcon.colcon_core.environment:checking '/home/eleclabs/ros2_ws/install/teleop_twist_joy/lib/pkgconfig/teleop_twist_joy.pc'
[1.684s] Level 1:colcon.colcon_core.environment:checking '/home/eleclabs/ros2_ws/install/teleop_twist_joy/lib/python3.10/site-packages'
[1.685s] Level 1:colcon.colcon_core.environment:checking '/home/eleclabs/ros2_ws/install/teleop_twist_joy/bin'
[1.686s] INFO:colcon.colcon_core.shell:Creating package script '/home/eleclabs/ros2_ws/install/teleop_twist_joy/share/teleop_twist_joy/package.ps1'
[1.687s] INFO:colcon.colcon_core.shell:Creating package descriptor '/home/eleclabs/ros2_ws/install/teleop_twist_joy/share/teleop_twist_joy/package.dsv'
[1.688s] INFO:colcon.colcon_core.shell:Creating package script '/home/eleclabs/ros2_ws/install/teleop_twist_joy/share/teleop_twist_joy/package.sh'
[1.688s] INFO:colcon.colcon_core.shell:Creating package script '/home/eleclabs/ros2_ws/install/teleop_twist_joy/share/teleop_twist_joy/package.bash'
[1.689s] INFO:colcon.colcon_core.shell:Creating package script '/home/eleclabs/ros2_ws/install/teleop_twist_joy/share/teleop_twist_joy/package.zsh'
[1.690s] Level 1:colcon.colcon_core.environment:create_file_with_runtime_dependencies(/home/eleclabs/ros2_ws/install/teleop_twist_joy/share/colcon-core/packages/teleop_twist_joy)
[1.691s] Level 1:colcon.colcon_core.environment:create_environment_scripts_only(teleop_twist_joy)
[1.691s] Level 1:colcon.colcon_core.environment:checking '/home/eleclabs/ros2_ws/install/teleop_twist_joy' for CMake module files
[1.692s] Level 1:colcon.colcon_core.environment:checking '/home/eleclabs/ros2_ws/install/teleop_twist_joy' for CMake config files
[1.692s] Level 1:colcon.colcon_core.shell:create_environment_hook('teleop_twist_joy', 'cmake_prefix_path')
[1.692s] INFO:colcon.colcon_core.shell:Creating environment hook '/home/eleclabs/ros2_ws/install/teleop_twist_joy/share/teleop_twist_joy/hook/cmake_prefix_path.ps1'
[1.694s] INFO:colcon.colcon_core.shell:Creating environment descriptor '/home/eleclabs/ros2_ws/install/teleop_twist_joy/share/teleop_twist_joy/hook/cmake_prefix_path.dsv'
[1.696s] INFO:colcon.colcon_core.shell:Creating environment hook '/home/eleclabs/ros2_ws/install/teleop_twist_joy/share/teleop_twist_joy/hook/cmake_prefix_path.sh'
[1.698s] Level 1:colcon.colcon_core.environment:checking '/home/eleclabs/ros2_ws/install/teleop_twist_joy/lib'
[1.698s] Level 1:colcon.colcon_core.shell:create_environment_hook('teleop_twist_joy', 'ld_library_path_lib')
[1.699s] INFO:colcon.colcon_core.shell:Creating environment hook '/home/eleclabs/ros2_ws/install/teleop_twist_joy/share/teleop_twist_joy/hook/ld_library_path_lib.ps1'
[1.701s] INFO:colcon.colcon_core.shell:Creating environment descriptor '/home/eleclabs/ros2_ws/install/teleop_twist_joy/share/teleop_twist_joy/hook/ld_library_path_lib.dsv'
[1.702s] INFO:colcon.colcon_core.shell:Creating environment hook '/home/eleclabs/ros2_ws/install/teleop_twist_joy/share/teleop_twist_joy/hook/ld_library_path_lib.sh'
[1.703s] Level 1:colcon.colcon_core.environment:checking '/home/eleclabs/ros2_ws/install/teleop_twist_joy/bin'
[1.703s] Level 1:colcon.colcon_core.environment:checking '/home/eleclabs/ros2_ws/install/teleop_twist_joy/lib/pkgconfig/teleop_twist_joy.pc'
[1.705s] Level 1:colcon.colcon_core.environment:checking '/home/eleclabs/ros2_ws/install/teleop_twist_joy/lib/python3.10/site-packages'
[1.705s] Level 1:colcon.colcon_core.environment:checking '/home/eleclabs/ros2_ws/install/teleop_twist_joy/bin'
[1.706s] INFO:colcon.colcon_core.shell:Creating package script '/home/eleclabs/ros2_ws/install/teleop_twist_joy/share/teleop_twist_joy/package.ps1'
[1.707s] INFO:colcon.colcon_core.shell:Creating package descriptor '/home/eleclabs/ros2_ws/install/teleop_twist_joy/share/teleop_twist_joy/package.dsv'
[1.708s] INFO:colcon.colcon_core.shell:Creating package script '/home/eleclabs/ros2_ws/install/teleop_twist_joy/share/teleop_twist_joy/package.sh'
[1.709s] INFO:colcon.colcon_core.shell:Creating package script '/home/eleclabs/ros2_ws/install/teleop_twist_joy/share/teleop_twist_joy/package.bash'
[1.710s] INFO:colcon.colcon_core.shell:Creating package script '/home/eleclabs/ros2_ws/install/teleop_twist_joy/share/teleop_twist_joy/package.zsh'
[1.710s] Level 1:colcon.colcon_core.environment:create_file_with_runtime_dependencies(/home/eleclabs/ros2_ws/install/teleop_twist_joy/share/colcon-core/packages/teleop_twist_joy)
[1.711s] DEBUG:colcon.colcon_parallel_executor.executor.parallel:closing loop
[1.711s] DEBUG:colcon.colcon_parallel_executor.executor.parallel:loop closed
[1.711s] DEBUG:colcon.colcon_parallel_executor.executor.parallel:run_until_complete finished with '0'
[1.711s] DEBUG:colcon.colcon_core.event_reactor:joining thread
[1.758s] INFO:colcon.colcon_core.plugin_system:Skipping extension 'colcon_notification.desktop_notification.terminal_notifier': Not used on non-Darwin systems
[1.759s] INFO:colcon.colcon_core.plugin_system:Skipping extension 'colcon_notification.desktop_notification.win32': Not used on non-Windows systems
[1.759s] INFO:colcon.colcon_notification.desktop_notification:Sending desktop notification using 'notify2'
[1.885s] DEBUG:colcon.colcon_core.event_reactor:joined thread
[1.888s] INFO:colcon.colcon_core.shell:Creating prefix script '/home/eleclabs/ros2_ws/install/local_setup.ps1'
[1.891s] INFO:colcon.colcon_core.shell:Creating prefix util module '/home/eleclabs/ros2_ws/install/_local_setup_util_ps1.py'
[1.893s] INFO:colcon.colcon_core.shell:Creating prefix chain script '/home/eleclabs/ros2_ws/install/setup.ps1'
[1.895s] INFO:colcon.colcon_core.shell:Creating prefix script '/home/eleclabs/ros2_ws/install/local_setup.sh'
[1.896s] INFO:colcon.colcon_core.shell:Creating prefix util module '/home/eleclabs/ros2_ws/install/_local_setup_util_sh.py'
[1.897s] INFO:colcon.colcon_core.shell:Creating prefix chain script '/home/eleclabs/ros2_ws/install/setup.sh'
[1.899s] INFO:colcon.colcon_core.shell:Creating prefix script '/home/eleclabs/ros2_ws/install/local_setup.bash'
[1.899s] INFO:colcon.colcon_core.shell:Creating prefix chain script '/home/eleclabs/ros2_ws/install/setup.bash'
[1.901s] INFO:colcon.colcon_core.shell:Creating prefix script '/home/eleclabs/ros2_ws/install/local_setup.zsh'
[1.902s] INFO:colcon.colcon_core.shell:Creating prefix chain script '/home/eleclabs/ros2_ws/install/setup.zsh'
