[3.400s] Invoking command in '/home/eleclabs/ros2_ws/src/object_detection': PYTHONPATH=/home/eleclabs/ros2_ws/build/object_detection/prefix_override:/usr/lib/python3/dist-packages/colcon_core/task/python/colcon_distutils_commands:/home/eleclabs/ros2_ws/install/object_detection/lib/python3.10/site-packages:${PYTHONPATH} /usr/bin/python3 -W ignore:setup.py install is deprecated -W ignore:easy_install command is deprecated setup.py egg_info --egg-base ../../build/object_detection build --build-base /home/eleclabs/ros2_ws/build/object_detection/build install --record /home/eleclabs/ros2_ws/build/object_detection/install.log --single-version-externally-managed install_data
[4.326s] running egg_info
[4.342s] writing ../../build/object_detection/object_detection.egg-info/PKG-INFO
[4.370s] writing dependency_links to ../../build/object_detection/object_detection.egg-info/dependency_links.txt
[4.370s] writing entry points to ../../build/object_detection/object_detection.egg-info/entry_points.txt
[4.370s] writing requirements to ../../build/object_detection/object_detection.egg-info/requires.txt
[4.370s] writing top-level names to ../../build/object_detection/object_detection.egg-info/top_level.txt
[4.371s] reading manifest file '../../build/object_detection/object_detection.egg-info/SOURCES.txt'
[4.518s] writing manifest file '../../build/object_detection/object_detection.egg-info/SOURCES.txt'
[4.520s] running build
[4.520s] running build_py
[4.520s] copying object_detection/object_detection.py -> /home/eleclabs/ros2_ws/build/object_detection/build/lib/object_detection
[4.521s] running install
[4.521s] running install_lib
[4.522s] copying /home/eleclabs/ros2_ws/build/object_detection/build/lib/object_detection/object_detection.py -> /home/eleclabs/ros2_ws/install/object_detection/lib/python3.10/site-packages/object_detection
[4.522s] byte-compiling /home/eleclabs/ros2_ws/install/object_detection/lib/python3.10/site-packages/object_detection/object_detection.py to object_detection.cpython-310.pyc
[4.522s] running install_data
[4.522s] running install_egg_info
[4.522s] removing '/home/eleclabs/ros2_ws/install/object_detection/lib/python3.10/site-packages/object_detection-0.0.0-py3.10.egg-info' (and everything under it)
[4.523s] Copying ../../build/object_detection/object_detection.egg-info to /home/eleclabs/ros2_ws/install/object_detection/lib/python3.10/site-packages/object_detection-0.0.0-py3.10.egg-info
[4.523s] running install_scripts
[4.523s] Installing object_detection_node script to /home/eleclabs/ros2_ws/install/object_detection/lib/object_detection
[4.523s] writing list of installed files to '/home/eleclabs/ros2_ws/build/object_detection/install.log'
[4.677s] Invoked command in '/home/eleclabs/ros2_ws/src/object_detection' returned '0': PYTHONPATH=/home/eleclabs/ros2_ws/build/object_detection/prefix_override:/usr/lib/python3/dist-packages/colcon_core/task/python/colcon_distutils_commands:/home/eleclabs/ros2_ws/install/object_detection/lib/python3.10/site-packages:${PYTHONPATH} /usr/bin/python3 -W ignore:setup.py install is deprecated -W ignore:easy_install command is deprecated setup.py egg_info --egg-base ../../build/object_detection build --build-base /home/eleclabs/ros2_ws/build/object_detection/build install --record /home/eleclabs/ros2_ws/build/object_detection/install.log --single-version-externally-managed install_data
