[2.212s] Invoking command in '/home/eleclabs/ros2_ws/src/opencv_tools': PYTHONPATH=/home/eleclabs/ros2_ws/build/opencv_tools/prefix_override:/usr/lib/python3/dist-packages/colcon_core/task/python/colcon_distutils_commands:/home/eleclabs/ros2_ws/install/opencv_tools/lib/python3.10/site-packages:${PYTHONPATH} /usr/bin/python3 -W ignore:setup.py install is deprecated -W ignore:easy_install command is deprecated setup.py egg_info --egg-base ../../build/opencv_tools build --build-base /home/eleclabs/ros2_ws/build/opencv_tools/build install --record /home/eleclabs/ros2_ws/build/opencv_tools/install.log --single-version-externally-managed install_data
[2.825s] running egg_info
[2.826s] writing ../../build/opencv_tools/opencv_tools.egg-info/PKG-INFO
[2.827s] writing dependency_links to ../../build/opencv_tools/opencv_tools.egg-info/dependency_links.txt
[2.828s] writing entry points to ../../build/opencv_tools/opencv_tools.egg-info/entry_points.txt
[2.829s] writing requirements to ../../build/opencv_tools/opencv_tools.egg-info/requires.txt
[2.830s] writing top-level names to ../../build/opencv_tools/opencv_tools.egg-info/top_level.txt
[2.833s] reading manifest file '../../build/opencv_tools/opencv_tools.egg-info/SOURCES.txt'
[2.842s] writing manifest file '../../build/opencv_tools/opencv_tools.egg-info/SOURCES.txt'
[2.842s] running build
[2.843s] running build_py
[2.843s] running install
[2.844s] running install_lib
[2.850s] running install_data
[2.851s] running install_egg_info
[2.857s] removing '/home/eleclabs/ros2_ws/install/opencv_tools/lib/python3.10/site-packages/opencv_tools-0.0.0-py3.10.egg-info' (and everything under it)
[2.857s] Copying ../../build/opencv_tools/opencv_tools.egg-info to /home/eleclabs/ros2_ws/install/opencv_tools/lib/python3.10/site-packages/opencv_tools-0.0.0-py3.10.egg-info
[2.862s] running install_scripts
[2.906s] Installing img_sub_node script to /home/eleclabs/ros2_ws/install/opencv_tools/lib/opencv_tools
[2.907s] writing list of installed files to '/home/eleclabs/ros2_ws/build/opencv_tools/install.log'
[2.976s] Invoked command in '/home/eleclabs/ros2_ws/src/opencv_tools' returned '0': PYTHONPATH=/home/eleclabs/ros2_ws/build/opencv_tools/prefix_override:/usr/lib/python3/dist-packages/colcon_core/task/python/colcon_distutils_commands:/home/eleclabs/ros2_ws/install/opencv_tools/lib/python3.10/site-packages:${PYTHONPATH} /usr/bin/python3 -W ignore:setup.py install is deprecated -W ignore:easy_install command is deprecated setup.py egg_info --egg-base ../../build/opencv_tools build --build-base /home/eleclabs/ros2_ws/build/opencv_tools/build install --record /home/eleclabs/ros2_ws/build/opencv_tools/install.log --single-version-externally-managed install_data
