[4.714s] Invoking command in '/home/eleclabs/ros2_ws/src/opencv_tools': PYTHONPATH=/home/eleclabs/ros2_ws/build/opencv_tools/prefix_override:/usr/lib/python3/dist-packages/colcon_core/task/python/colcon_distutils_commands:/home/eleclabs/ros2_ws/install/opencv_tools/lib/python3.10/site-packages:${PYTHONPATH} /usr/bin/python3 -W ignore:setup.py install is deprecated -W ignore:easy_install command is deprecated setup.py egg_info --egg-base ../../build/opencv_tools build --build-base /home/eleclabs/ros2_ws/build/opencv_tools/build install --record /home/eleclabs/ros2_ws/build/opencv_tools/install.log --single-version-externally-managed install_data
[5.928s] running egg_info
[5.928s] writing ../../build/opencv_tools/opencv_tools.egg-info/PKG-INFO
[5.928s] writing dependency_links to ../../build/opencv_tools/opencv_tools.egg-info/dependency_links.txt
[5.931s] writing entry points to ../../build/opencv_tools/opencv_tools.egg-info/entry_points.txt
[5.931s] writing requirements to ../../build/opencv_tools/opencv_tools.egg-info/requires.txt
[5.931s] writing top-level names to ../../build/opencv_tools/opencv_tools.egg-info/top_level.txt
[5.967s] reading manifest file '../../build/opencv_tools/opencv_tools.egg-info/SOURCES.txt'
[5.973s] writing manifest file '../../build/opencv_tools/opencv_tools.egg-info/SOURCES.txt'
[5.984s] running build
[5.984s] running build_py
[5.984s] running install
[5.984s] running install_lib
[5.992s] running install_data
[5.992s] running install_egg_info
[6.005s] removing '/home/eleclabs/ros2_ws/install/opencv_tools/lib/python3.10/site-packages/opencv_tools-0.0.0-py3.10.egg-info' (and everything under it)
[6.006s] Copying ../../build/opencv_tools/opencv_tools.egg-info to /home/eleclabs/ros2_ws/install/opencv_tools/lib/python3.10/site-packages/opencv_tools-0.0.0-py3.10.egg-info
[6.018s] running install_scripts
[6.083s] Installing img_sub_node script to /home/eleclabs/ros2_ws/install/opencv_tools/lib/opencv_tools
[6.083s] writing list of installed files to '/home/eleclabs/ros2_ws/build/opencv_tools/install.log'
[6.830s] Invoked command in '/home/eleclabs/ros2_ws/src/opencv_tools' returned '0': PYTHONPATH=/home/eleclabs/ros2_ws/build/opencv_tools/prefix_override:/usr/lib/python3/dist-packages/colcon_core/task/python/colcon_distutils_commands:/home/eleclabs/ros2_ws/install/opencv_tools/lib/python3.10/site-packages:${PYTHONPATH} /usr/bin/python3 -W ignore:setup.py install is deprecated -W ignore:easy_install command is deprecated setup.py egg_info --egg-base ../../build/opencv_tools build --build-base /home/eleclabs/ros2_ws/build/opencv_tools/build install --record /home/eleclabs/ros2_ws/build/opencv_tools/install.log --single-version-externally-managed install_data
