[3.343s] Invoking command in '/home/eleclabs/ros2_ws/src/image_viewer': PYTHONPATH=/home/eleclabs/ros2_ws/build/image_viewer/prefix_override:/usr/lib/python3/dist-packages/colcon_core/task/python/colcon_distutils_commands:/home/eleclabs/ros2_ws/install/image_viewer/lib/python3.10/site-packages:${PYTHONPATH} /usr/bin/python3 -W ignore:setup.py install is deprecated -W ignore:easy_install command is deprecated setup.py egg_info --egg-base ../../build/image_viewer build --build-base /home/eleclabs/ros2_ws/build/image_viewer/build install --record /home/eleclabs/ros2_ws/build/image_viewer/install.log --single-version-externally-managed install_data
[3.830s] running egg_info
[3.832s] writing ../../build/image_viewer/image_viewer.egg-info/PKG-INFO
[3.848s] writing dependency_links to ../../build/image_viewer/image_viewer.egg-info/dependency_links.txt
[3.888s] writing entry points to ../../build/image_viewer/image_viewer.egg-info/entry_points.txt
[3.893s] writing requirements to ../../build/image_viewer/image_viewer.egg-info/requires.txt
[3.894s] writing top-level names to ../../build/image_viewer/image_viewer.egg-info/top_level.txt
[3.894s] reading manifest file '../../build/image_viewer/image_viewer.egg-info/SOURCES.txt'
[3.911s] writing manifest file '../../build/image_viewer/image_viewer.egg-info/SOURCES.txt'
[3.911s] running build
[3.911s] running build_py
[3.911s] running install
[3.911s] running install_lib
[3.911s] running install_data
[3.911s] running install_egg_info
[3.916s] removing '/home/eleclabs/ros2_ws/install/image_viewer/lib/python3.10/site-packages/image_viewer-0.0.0-py3.10.egg-info' (and everything under it)
[3.916s] Copying ../../build/image_viewer/image_viewer.egg-info to /home/eleclabs/ros2_ws/install/image_viewer/lib/python3.10/site-packages/image_viewer-0.0.0-py3.10.egg-info
[4.022s] running install_scripts
[4.074s] Installing image_viewer_node script to /home/eleclabs/ros2_ws/install/image_viewer/lib/image_viewer
[4.074s] writing list of installed files to '/home/eleclabs/ros2_ws/build/image_viewer/install.log'
[4.158s] Invoked command in '/home/eleclabs/ros2_ws/src/image_viewer' returned '0': PYTHONPATH=/home/eleclabs/ros2_ws/build/image_viewer/prefix_override:/usr/lib/python3/dist-packages/colcon_core/task/python/colcon_distutils_commands:/home/eleclabs/ros2_ws/install/image_viewer/lib/python3.10/site-packages:${PYTHONPATH} /usr/bin/python3 -W ignore:setup.py install is deprecated -W ignore:easy_install command is deprecated setup.py egg_info --egg-base ../../build/image_viewer build --build-base /home/eleclabs/ros2_ws/build/image_viewer/build install --record /home/eleclabs/ros2_ws/build/image_viewer/install.log --single-version-externally-managed install_data
