[0.141s] Invoking command in '/home/eleclabs/ros2_ws/build/teleop_twist_joy': CMAKE_PREFIX_PATH=${CMAKE_PREFIX_PATH}:/home/eleclabs/ros2_ws/install/usb_cam_realtime:/home/eleclabs/ros2_ws/install/usb_cam_example:/home/eleclabs/ros2_ws/install/ros2_opencv:/home/eleclabs/ros2_ws/install/opencv_tools:/home/eleclabs/ros2_ws/install/object_detection:/home/eleclabs/ros2_ws/install/image_viewer:/opt/ros/humble /usr/bin/cmake --build /home/eleclabs/ros2_ws/build/teleop_twist_joy -- -j4 -l4
[0.463s] [ 50%] Built target teleop_twist_joy
[0.552s] [100%] Built target teleop_twist_joy_node
[2.063s] Invoked command in '/home/eleclabs/ros2_ws/build/teleop_twist_joy' returned '0': CMAKE_PREFIX_PATH=${CMAKE_PREFIX_PATH}:/home/eleclabs/ros2_ws/install/usb_cam_realtime:/home/eleclabs/ros2_ws/install/usb_cam_example:/home/eleclabs/ros2_ws/install/ros2_opencv:/home/eleclabs/ros2_ws/install/opencv_tools:/home/eleclabs/ros2_ws/install/object_detection:/home/eleclabs/ros2_ws/install/image_viewer:/opt/ros/humble /usr/bin/cmake --build /home/eleclabs/ros2_ws/build/teleop_twist_joy -- -j4 -l4
[2.071s] Invoking command in '/home/eleclabs/ros2_ws/build/teleop_twist_joy': CMAKE_PREFIX_PATH=${CMAKE_PREFIX_PATH}:/home/eleclabs/ros2_ws/install/usb_cam_realtime:/home/eleclabs/ros2_ws/install/usb_cam_example:/home/eleclabs/ros2_ws/install/ros2_opencv:/home/eleclabs/ros2_ws/install/opencv_tools:/home/eleclabs/ros2_ws/install/object_detection:/home/eleclabs/ros2_ws/install/image_viewer:/opt/ros/humble /usr/bin/cmake --install /home/eleclabs/ros2_ws/build/teleop_twist_joy
[2.139s] -- Install configuration: ""
[2.147s] -- Up-to-date: /home/eleclabs/ros2_ws/install/teleop_twist_joy/lib/libteleop_twist_joy.so
[2.156s] -- Up-to-date: /home/eleclabs/ros2_ws/install/teleop_twist_joy/lib/teleop_twist_joy/teleop_node
[2.157s] -- Up-to-date: /home/eleclabs/ros2_ws/install/teleop_twist_joy/include/teleop_twist_joy
[2.157s] -- Up-to-date: /home/eleclabs/ros2_ws/install/teleop_twist_joy/include/teleop_twist_joy/teleop_twist_joy
[2.157s] -- Up-to-date: /home/eleclabs/ros2_ws/install/teleop_twist_joy/include/teleop_twist_joy/teleop_twist_joy/teleop_twist_joy.hpp
[2.158s] -- Up-to-date: /home/eleclabs/ros2_ws/install/teleop_twist_joy/include/teleop_twist_joy/teleop_twist_joy/teleop_twist_joy_export.h
[2.159s] -- Up-to-date: /home/eleclabs/ros2_ws/install/teleop_twist_joy/share/teleop_twist_joy/launch
[2.161s] -- Up-to-date: /home/eleclabs/ros2_ws/install/teleop_twist_joy/share/teleop_twist_joy/launch/teleop-launch.py
[2.162s] -- Up-to-date: /home/eleclabs/ros2_ws/install/teleop_twist_joy/share/teleop_twist_joy/config
[2.164s] -- Up-to-date: /home/eleclabs/ros2_ws/install/teleop_twist_joy/share/teleop_twist_joy/config/pdp.config.yaml
[2.164s] -- Up-to-date: /home/eleclabs/ros2_ws/install/teleop_twist_joy/share/teleop_twist_joy/config/xbox.config.yaml
[2.164s] -- Up-to-date: /home/eleclabs/ros2_ws/install/teleop_twist_joy/share/teleop_twist_joy/config/ps3.config.yaml
[2.169s] -- Up-to-date: /home/eleclabs/ros2_ws/install/teleop_twist_joy/share/teleop_twist_joy/config/xd3.config.yaml
[2.169s] -- Up-to-date: /home/eleclabs/ros2_ws/install/teleop_twist_joy/share/teleop_twist_joy/config/ps3-holonomic.config.yaml
[2.169s] -- Up-to-date: /home/eleclabs/ros2_ws/install/teleop_twist_joy/share/teleop_twist_joy/config/atk3.config.yaml
[2.170s] -- Up-to-date: /home/eleclabs/ros2_ws/install/teleop_twist_joy/share/teleop_twist_joy/environment/library_path.sh
[2.171s] -- Up-to-date: /home/eleclabs/ros2_ws/install/teleop_twist_joy/share/teleop_twist_joy/environment/library_path.dsv
[2.171s] -- Up-to-date: /home/eleclabs/ros2_ws/install/teleop_twist_joy/share/ament_index/resource_index/package_run_dependencies/teleop_twist_joy
[2.172s] -- Up-to-date: /home/eleclabs/ros2_ws/install/teleop_twist_joy/share/ament_index/resource_index/parent_prefix_path/teleop_twist_joy
[2.172s] -- Up-to-date: /home/eleclabs/ros2_ws/install/teleop_twist_joy/share/teleop_twist_joy/environment/ament_prefix_path.sh
[2.172s] -- Up-to-date: /home/eleclabs/ros2_ws/install/teleop_twist_joy/share/teleop_twist_joy/environment/ament_prefix_path.dsv
[2.173s] -- Up-to-date: /home/eleclabs/ros2_ws/install/teleop_twist_joy/share/teleop_twist_joy/environment/path.sh
[2.173s] -- Up-to-date: /home/eleclabs/ros2_ws/install/teleop_twist_joy/share/teleop_twist_joy/environment/path.dsv
[2.173s] -- Up-to-date: /home/eleclabs/ros2_ws/install/teleop_twist_joy/share/teleop_twist_joy/local_setup.bash
[2.174s] -- Up-to-date: /home/eleclabs/ros2_ws/install/teleop_twist_joy/share/teleop_twist_joy/local_setup.sh
[2.174s] -- Up-to-date: /home/eleclabs/ros2_ws/install/teleop_twist_joy/share/teleop_twist_joy/local_setup.zsh
[2.175s] -- Up-to-date: /home/eleclabs/ros2_ws/install/teleop_twist_joy/share/teleop_twist_joy/local_setup.dsv
[2.176s] -- Installing: /home/eleclabs/ros2_ws/install/teleop_twist_joy/share/teleop_twist_joy/package.dsv
[2.181s] -- Up-to-date: /home/eleclabs/ros2_ws/install/teleop_twist_joy/share/ament_index/resource_index/packages/teleop_twist_joy
[2.181s] -- Up-to-date: /home/eleclabs/ros2_ws/install/teleop_twist_joy/share/ament_index/resource_index/rclcpp_components/teleop_twist_joy
[2.185s] -- Up-to-date: /home/eleclabs/ros2_ws/install/teleop_twist_joy/share/teleop_twist_joy/cmake/export_teleop_twist_joyExport.cmake
[2.186s] -- Up-to-date: /home/eleclabs/ros2_ws/install/teleop_twist_joy/share/teleop_twist_joy/cmake/export_teleop_twist_joyExport-noconfig.cmake
[2.186s] -- Up-to-date: /home/eleclabs/ros2_ws/install/teleop_twist_joy/share/teleop_twist_joy/cmake/ament_cmake_export_include_directories-extras.cmake
[2.187s] -- Up-to-date: /home/eleclabs/ros2_ws/install/teleop_twist_joy/share/teleop_twist_joy/cmake/ament_cmake_export_libraries-extras.cmake
[2.187s] -- Up-to-date: /home/eleclabs/ros2_ws/install/teleop_twist_joy/share/teleop_twist_joy/cmake/ament_cmake_export_targets-extras.cmake
[2.187s] -- Up-to-date: /home/eleclabs/ros2_ws/install/teleop_twist_joy/share/teleop_twist_joy/cmake/teleop_twist_joyConfig.cmake
[2.188s] -- Up-to-date: /home/eleclabs/ros2_ws/install/teleop_twist_joy/share/teleop_twist_joy/cmake/teleop_twist_joyConfig-version.cmake
[2.189s] -- Up-to-date: /home/eleclabs/ros2_ws/install/teleop_twist_joy/share/teleop_twist_joy/package.xml
[2.232s] Invoked command in '/home/eleclabs/ros2_ws/build/teleop_twist_joy' returned '0': CMAKE_PREFIX_PATH=${CMAKE_PREFIX_PATH}:/home/eleclabs/ros2_ws/install/usb_cam_realtime:/home/eleclabs/ros2_ws/install/usb_cam_example:/home/eleclabs/ros2_ws/install/ros2_opencv:/home/eleclabs/ros2_ws/install/opencv_tools:/home/eleclabs/ros2_ws/install/object_detection:/home/eleclabs/ros2_ws/install/image_viewer:/opt/ros/humble /usr/bin/cmake --install /home/eleclabs/ros2_ws/build/teleop_twist_joy
