[2.552s] Invoking command in '/home/eleclabs/ros2_ws/src/object_detection': PYTHONPATH=/home/eleclabs/ros2_ws/build/object_detection/prefix_override:/usr/lib/python3/dist-packages/colcon_core/task/python/colcon_distutils_commands:/home/eleclabs/ros2_ws/install/object_detection/lib/python3.10/site-packages:${PYTHONPATH} /usr/bin/python3 -W ignore:setup.py install is deprecated -W ignore:easy_install command is deprecated setup.py egg_info --egg-base ../../build/object_detection build --build-base /home/eleclabs/ros2_ws/build/object_detection/build install --record /home/eleclabs/ros2_ws/build/object_detection/install.log --single-version-externally-managed install_data
[3.122s] running egg_info
[3.124s] writing ../../build/object_detection/object_detection.egg-info/PKG-INFO
[3.127s] writing dependency_links to ../../build/object_detection/object_detection.egg-info/dependency_links.txt
[3.128s] writing entry points to ../../build/object_detection/object_detection.egg-info/entry_points.txt
[3.128s] writing requirements to ../../build/object_detection/object_detection.egg-info/requires.txt
[3.128s] writing top-level names to ../../build/object_detection/object_detection.egg-info/top_level.txt
[3.132s] reading manifest file '../../build/object_detection/object_detection.egg-info/SOURCES.txt'
[3.172s] writing manifest file '../../build/object_detection/object_detection.egg-info/SOURCES.txt'
[3.173s] running build
[3.186s] running build_py
[3.187s] running install
[3.191s] running install_lib
[3.191s] running install_data
[3.192s] running install_egg_info
[3.193s] removing '/home/eleclabs/ros2_ws/install/object_detection/lib/python3.10/site-packages/object_detection-0.0.0-py3.10.egg-info' (and everything under it)
[3.227s] Copying ../../build/object_detection/object_detection.egg-info to /home/eleclabs/ros2_ws/install/object_detection/lib/python3.10/site-packages/object_detection-0.0.0-py3.10.egg-info
[3.230s] running install_scripts
[3.301s] Installing object_detection_node script to /home/eleclabs/ros2_ws/install/object_detection/lib/object_detection
[3.301s] writing list of installed files to '/home/eleclabs/ros2_ws/build/object_detection/install.log'
[3.426s] Invoked command in '/home/eleclabs/ros2_ws/src/object_detection' returned '0': PYTHONPATH=/home/eleclabs/ros2_ws/build/object_detection/prefix_override:/usr/lib/python3/dist-packages/colcon_core/task/python/colcon_distutils_commands:/home/eleclabs/ros2_ws/install/object_detection/lib/python3.10/site-packages:${PYTHONPATH} /usr/bin/python3 -W ignore:setup.py install is deprecated -W ignore:easy_install command is deprecated setup.py egg_info --egg-base ../../build/object_detection build --build-base /home/eleclabs/ros2_ws/build/object_detection/build install --record /home/eleclabs/ros2_ws/build/object_detection/install.log --single-version-externally-managed install_data
