[0.209s] Invoking command in '/home/eleclabs/ros2_ws/build/micro_ros_msgs': CMAKE_PREFIX_PATH=${CMAKE_PREFIX_PATH}:/home/eleclabs/ros2_ws/install/ros2_opencv:/home/eleclabs/ros2_ws/install/opencv_tools:/home/eleclabs/ros2_ws/install/image_viewer:/opt/ros/humble /usr/bin/cmake --build /home/eleclabs/ros2_ws/build/micro_ros_msgs -- -j4 -l4
[0.874s] [  2%] Built target micro_ros_msgs__cpp
[0.874s] [ 12%] Built target micro_ros_msgs__rosidl_generator_c
[0.874s] [ 12%] Built target ament_cmake_python_copy_micro_ros_msgs
[0.874s] [ 23%] Built target micro_ros_msgs__rosidl_typesupport_cpp
[0.875s] [ 34%] Built target micro_ros_msgs__rosidl_typesupport_introspection_cpp
[0.875s] [ 44%] Built target micro_ros_msgs__rosidl_typesupport_fastrtps_cpp
[0.875s] [ 55%] Built target micro_ros_msgs__rosidl_typesupport_fastrtps_c
[0.875s] [ 65%] Built target micro_ros_msgs__rosidl_typesupport_introspection_c
[0.875s] [ 76%] Built target micro_ros_msgs__rosidl_typesupport_c
[0.932s] [ 76%] Built target micro_ros_msgs
[1.106s] [ 78%] Built target micro_ros_msgs__py
[1.337s] [ 87%] Built target micro_ros_msgs__rosidl_generator_py
[1.573s] [ 91%] Built target micro_ros_msgs__rosidl_typesupport_fastrtps_c__pyext
[1.649s] running egg_info
[1.654s] writing micro_ros_msgs.egg-info/PKG-INFO
[1.660s] writing dependency_links to micro_ros_msgs.egg-info/dependency_links.txt
[1.660s] writing top-level names to micro_ros_msgs.egg-info/top_level.txt
[1.705s] reading manifest file 'micro_ros_msgs.egg-info/SOURCES.txt'
[1.728s] [ 95%] Built target micro_ros_msgs__rosidl_typesupport_introspection_c__pyext
[1.733s] writing manifest file 'micro_ros_msgs.egg-info/SOURCES.txt'
[1.793s] [100%] Built target micro_ros_msgs__rosidl_typesupport_c__pyext
[1.862s] [100%] Built target ament_cmake_python_build_micro_ros_msgs_egg
[3.418s] Invoked command in '/home/eleclabs/ros2_ws/build/micro_ros_msgs' returned '0': CMAKE_PREFIX_PATH=${CMAKE_PREFIX_PATH}:/home/eleclabs/ros2_ws/install/ros2_opencv:/home/eleclabs/ros2_ws/install/opencv_tools:/home/eleclabs/ros2_ws/install/image_viewer:/opt/ros/humble /usr/bin/cmake --build /home/eleclabs/ros2_ws/build/micro_ros_msgs -- -j4 -l4
[3.437s] Invoking command in '/home/eleclabs/ros2_ws/build/micro_ros_msgs': CMAKE_PREFIX_PATH=${CMAKE_PREFIX_PATH}:/home/eleclabs/ros2_ws/install/ros2_opencv:/home/eleclabs/ros2_ws/install/opencv_tools:/home/eleclabs/ros2_ws/install/image_viewer:/opt/ros/humble /usr/bin/cmake --install /home/eleclabs/ros2_ws/build/micro_ros_msgs
[3.480s] -- Install configuration: ""
[3.481s] -- Up-to-date: /home/eleclabs/ros2_ws/install/micro_ros_msgs/share/ament_index/resource_index/rosidl_interfaces/micro_ros_msgs
[3.481s] -- Up-to-date: /home/eleclabs/ros2_ws/install/micro_ros_msgs/include/micro_ros_msgs/micro_ros_msgs
[3.481s] -- Up-to-date: /home/eleclabs/ros2_ws/install/micro_ros_msgs/include/micro_ros_msgs/micro_ros_msgs/msg
[3.481s] -- Up-to-date: /home/eleclabs/ros2_ws/install/micro_ros_msgs/include/micro_ros_msgs/micro_ros_msgs/msg/detail
[3.481s] -- Up-to-date: /home/eleclabs/ros2_ws/install/micro_ros_msgs/include/micro_ros_msgs/micro_ros_msgs/msg/detail/entity__struct.h
[3.481s] -- Up-to-date: /home/eleclabs/ros2_ws/install/micro_ros_msgs/include/micro_ros_msgs/micro_ros_msgs/msg/detail/entity__functions.h
[3.481s] -- Up-to-date: /home/eleclabs/ros2_ws/install/micro_ros_msgs/include/micro_ros_msgs/micro_ros_msgs/msg/detail/entity__type_support.h
[3.481s] -- Up-to-date: /home/eleclabs/ros2_ws/install/micro_ros_msgs/include/micro_ros_msgs/micro_ros_msgs/msg/detail/graph__functions.h
[3.481s] -- Up-to-date: /home/eleclabs/ros2_ws/install/micro_ros_msgs/include/micro_ros_msgs/micro_ros_msgs/msg/detail/node__functions.c
[3.481s] -- Up-to-date: /home/eleclabs/ros2_ws/install/micro_ros_msgs/include/micro_ros_msgs/micro_ros_msgs/msg/detail/entity__functions.c
[3.481s] -- Up-to-date: /home/eleclabs/ros2_ws/install/micro_ros_msgs/include/micro_ros_msgs/micro_ros_msgs/msg/detail/node__functions.h
[3.483s] -- Up-to-date: /home/eleclabs/ros2_ws/install/micro_ros_msgs/include/micro_ros_msgs/micro_ros_msgs/msg/detail/node__struct.h
[3.486s] -- Up-to-date: /home/eleclabs/ros2_ws/install/micro_ros_msgs/include/micro_ros_msgs/micro_ros_msgs/msg/detail/node__type_support.h
[3.486s] -- Up-to-date: /home/eleclabs/ros2_ws/install/micro_ros_msgs/include/micro_ros_msgs/micro_ros_msgs/msg/detail/graph__functions.c
[3.487s] -- Up-to-date: /home/eleclabs/ros2_ws/install/micro_ros_msgs/include/micro_ros_msgs/micro_ros_msgs/msg/detail/graph__type_support.h
[3.487s] -- Up-to-date: /home/eleclabs/ros2_ws/install/micro_ros_msgs/include/micro_ros_msgs/micro_ros_msgs/msg/detail/graph__struct.h
[3.487s] -- Up-to-date: /home/eleclabs/ros2_ws/install/micro_ros_msgs/include/micro_ros_msgs/micro_ros_msgs/msg/rosidl_generator_c__visibility_control.h
[3.487s] -- Up-to-date: /home/eleclabs/ros2_ws/install/micro_ros_msgs/include/micro_ros_msgs/micro_ros_msgs/msg/node.h
[3.487s] -- Up-to-date: /home/eleclabs/ros2_ws/install/micro_ros_msgs/include/micro_ros_msgs/micro_ros_msgs/msg/graph.h
[3.487s] -- Up-to-date: /home/eleclabs/ros2_ws/install/micro_ros_msgs/include/micro_ros_msgs/micro_ros_msgs/msg/entity.h
[3.487s] -- Up-to-date: /home/eleclabs/ros2_ws/install/micro_ros_msgs/share/micro_ros_msgs/environment/library_path.sh
[3.487s] -- Up-to-date: /home/eleclabs/ros2_ws/install/micro_ros_msgs/share/micro_ros_msgs/environment/library_path.dsv
[3.487s] -- Up-to-date: /home/eleclabs/ros2_ws/install/micro_ros_msgs/lib/libmicro_ros_msgs__rosidl_generator_c.so
[3.487s] -- Up-to-date: /home/eleclabs/ros2_ws/install/micro_ros_msgs/include/micro_ros_msgs/micro_ros_msgs
[3.487s] -- Up-to-date: /home/eleclabs/ros2_ws/install/micro_ros_msgs/include/micro_ros_msgs/micro_ros_msgs/msg
[3.487s] -- Up-to-date: /home/eleclabs/ros2_ws/install/micro_ros_msgs/include/micro_ros_msgs/micro_ros_msgs/msg/rosidl_typesupport_fastrtps_c__visibility_control.h
[3.487s] -- Up-to-date: /home/eleclabs/ros2_ws/install/micro_ros_msgs/include/micro_ros_msgs/micro_ros_msgs/msg/detail
[3.488s] -- Up-to-date: /home/eleclabs/ros2_ws/install/micro_ros_msgs/include/micro_ros_msgs/micro_ros_msgs/msg/detail/entity__rosidl_typesupport_fastrtps_c.h
[3.488s] -- Up-to-date: /home/eleclabs/ros2_ws/install/micro_ros_msgs/include/micro_ros_msgs/micro_ros_msgs/msg/detail/graph__rosidl_typesupport_fastrtps_c.h
[3.488s] -- Up-to-date: /home/eleclabs/ros2_ws/install/micro_ros_msgs/include/micro_ros_msgs/micro_ros_msgs/msg/detail/node__rosidl_typesupport_fastrtps_c.h
[3.491s] -- Up-to-date: /home/eleclabs/ros2_ws/install/micro_ros_msgs/lib/libmicro_ros_msgs__rosidl_typesupport_fastrtps_c.so
[3.494s] -- Up-to-date: /home/eleclabs/ros2_ws/install/micro_ros_msgs/include/micro_ros_msgs/micro_ros_msgs
[3.494s] -- Up-to-date: /home/eleclabs/ros2_ws/install/micro_ros_msgs/include/micro_ros_msgs/micro_ros_msgs/msg
[3.854s] -- Up-to-date: /home/eleclabs/ros2_ws/install/micro_ros_msgs/include/micro_ros_msgs/micro_ros_msgs/msg/detail
[3.854s] -- Up-to-date: /home/eleclabs/ros2_ws/install/micro_ros_msgs/include/micro_ros_msgs/micro_ros_msgs/msg/detail/node__rosidl_typesupport_introspection_c.h
[3.854s] -- Up-to-date: /home/eleclabs/ros2_ws/install/micro_ros_msgs/include/micro_ros_msgs/micro_ros_msgs/msg/detail/node__type_support.c
[3.854s] -- Up-to-date: /home/eleclabs/ros2_ws/install/micro_ros_msgs/include/micro_ros_msgs/micro_ros_msgs/msg/detail/entity__rosidl_typesupport_introspection_c.h
[3.854s] -- Up-to-date: /home/eleclabs/ros2_ws/install/micro_ros_msgs/include/micro_ros_msgs/micro_ros_msgs/msg/detail/entity__type_support.c
[3.854s] -- Up-to-date: /home/eleclabs/ros2_ws/install/micro_ros_msgs/include/micro_ros_msgs/micro_ros_msgs/msg/detail/graph__rosidl_typesupport_introspection_c.h
[3.855s] -- Up-to-date: /home/eleclabs/ros2_ws/install/micro_ros_msgs/include/micro_ros_msgs/micro_ros_msgs/msg/detail/graph__type_support.c
[3.855s] -- Up-to-date: /home/eleclabs/ros2_ws/install/micro_ros_msgs/include/micro_ros_msgs/micro_ros_msgs/msg/rosidl_typesupport_introspection_c__visibility_control.h
[3.855s] -- Up-to-date: /home/eleclabs/ros2_ws/install/micro_ros_msgs/lib/libmicro_ros_msgs__rosidl_typesupport_introspection_c.so
[3.855s] -- Up-to-date: /home/eleclabs/ros2_ws/install/micro_ros_msgs/lib/libmicro_ros_msgs__rosidl_typesupport_c.so
[3.879s] -- Up-to-date: /home/eleclabs/ros2_ws/install/micro_ros_msgs/include/micro_ros_msgs/micro_ros_msgs
[3.879s] -- Up-to-date: /home/eleclabs/ros2_ws/install/micro_ros_msgs/include/micro_ros_msgs/micro_ros_msgs/msg
[3.887s] -- Up-to-date: /home/eleclabs/ros2_ws/install/micro_ros_msgs/include/micro_ros_msgs/micro_ros_msgs/msg/detail
[3.887s] -- Up-to-date: /home/eleclabs/ros2_ws/install/micro_ros_msgs/include/micro_ros_msgs/micro_ros_msgs/msg/detail/entity__builder.hpp
[3.887s] -- Up-to-date: /home/eleclabs/ros2_ws/install/micro_ros_msgs/include/micro_ros_msgs/micro_ros_msgs/msg/detail/graph__builder.hpp
[3.887s] -- Up-to-date: /home/eleclabs/ros2_ws/install/micro_ros_msgs/include/micro_ros_msgs/micro_ros_msgs/msg/detail/entity__traits.hpp
[3.887s] -- Up-to-date: /home/eleclabs/ros2_ws/install/micro_ros_msgs/include/micro_ros_msgs/micro_ros_msgs/msg/detail/node__builder.hpp
[3.887s] -- Up-to-date: /home/eleclabs/ros2_ws/install/micro_ros_msgs/include/micro_ros_msgs/micro_ros_msgs/msg/detail/entity__struct.hpp
[3.888s] -- Up-to-date: /home/eleclabs/ros2_ws/install/micro_ros_msgs/include/micro_ros_msgs/micro_ros_msgs/msg/detail/graph__struct.hpp
[3.888s] -- Up-to-date: /home/eleclabs/ros2_ws/install/micro_ros_msgs/include/micro_ros_msgs/micro_ros_msgs/msg/detail/node__struct.hpp
[3.888s] -- Up-to-date: /home/eleclabs/ros2_ws/install/micro_ros_msgs/include/micro_ros_msgs/micro_ros_msgs/msg/detail/graph__type_support.hpp
[3.888s] -- Up-to-date: /home/eleclabs/ros2_ws/install/micro_ros_msgs/include/micro_ros_msgs/micro_ros_msgs/msg/detail/node__traits.hpp
[3.888s] -- Up-to-date: /home/eleclabs/ros2_ws/install/micro_ros_msgs/include/micro_ros_msgs/micro_ros_msgs/msg/detail/entity__type_support.hpp
[3.888s] -- Up-to-date: /home/eleclabs/ros2_ws/install/micro_ros_msgs/include/micro_ros_msgs/micro_ros_msgs/msg/detail/graph__traits.hpp
[3.889s] -- Up-to-date: /home/eleclabs/ros2_ws/install/micro_ros_msgs/include/micro_ros_msgs/micro_ros_msgs/msg/detail/node__type_support.hpp
[3.889s] -- Up-to-date: /home/eleclabs/ros2_ws/install/micro_ros_msgs/include/micro_ros_msgs/micro_ros_msgs/msg/rosidl_generator_cpp__visibility_control.hpp
[3.889s] -- Up-to-date: /home/eleclabs/ros2_ws/install/micro_ros_msgs/include/micro_ros_msgs/micro_ros_msgs/msg/graph.hpp
[3.889s] -- Up-to-date: /home/eleclabs/ros2_ws/install/micro_ros_msgs/include/micro_ros_msgs/micro_ros_msgs/msg/entity.hpp
[3.889s] -- Up-to-date: /home/eleclabs/ros2_ws/install/micro_ros_msgs/include/micro_ros_msgs/micro_ros_msgs/msg/node.hpp
[3.889s] -- Up-to-date: /home/eleclabs/ros2_ws/install/micro_ros_msgs/include/micro_ros_msgs/micro_ros_msgs
[3.889s] -- Up-to-date: /home/eleclabs/ros2_ws/install/micro_ros_msgs/include/micro_ros_msgs/micro_ros_msgs/msg
[3.889s] -- Up-to-date: /home/eleclabs/ros2_ws/install/micro_ros_msgs/include/micro_ros_msgs/micro_ros_msgs/msg/rosidl_typesupport_fastrtps_cpp__visibility_control.h
[3.890s] -- Up-to-date: /home/eleclabs/ros2_ws/install/micro_ros_msgs/include/micro_ros_msgs/micro_ros_msgs/msg/detail
[3.890s] -- Up-to-date: /home/eleclabs/ros2_ws/install/micro_ros_msgs/include/micro_ros_msgs/micro_ros_msgs/msg/detail/entity__rosidl_typesupport_fastrtps_cpp.hpp
[3.890s] -- Up-to-date: /home/eleclabs/ros2_ws/install/micro_ros_msgs/include/micro_ros_msgs/micro_ros_msgs/msg/detail/node__rosidl_typesupport_fastrtps_cpp.hpp
[3.890s] -- Up-to-date: /home/eleclabs/ros2_ws/install/micro_ros_msgs/include/micro_ros_msgs/micro_ros_msgs/msg/detail/graph__rosidl_typesupport_fastrtps_cpp.hpp
[3.890s] -- Up-to-date: /home/eleclabs/ros2_ws/install/micro_ros_msgs/include/micro_ros_msgs/micro_ros_msgs/msg/detail/dds_fastrtps
[3.890s] -- Up-to-date: /home/eleclabs/ros2_ws/install/micro_ros_msgs/lib/libmicro_ros_msgs__rosidl_typesupport_fastrtps_cpp.so
[3.890s] -- Up-to-date: /home/eleclabs/ros2_ws/install/micro_ros_msgs/include/micro_ros_msgs/micro_ros_msgs
[3.890s] -- Up-to-date: /home/eleclabs/ros2_ws/install/micro_ros_msgs/include/micro_ros_msgs/micro_ros_msgs/msg
[3.918s] -- Up-to-date: /home/eleclabs/ros2_ws/install/micro_ros_msgs/include/micro_ros_msgs/micro_ros_msgs/msg/detail
[3.955s] -- Up-to-date: /home/eleclabs/ros2_ws/install/micro_ros_msgs/include/micro_ros_msgs/micro_ros_msgs/msg/detail/node__type_support.cpp
[3.955s] -- Up-to-date: /home/eleclabs/ros2_ws/install/micro_ros_msgs/include/micro_ros_msgs/micro_ros_msgs/msg/detail/node__rosidl_typesupport_introspection_cpp.hpp
[3.955s] -- Up-to-date: /home/eleclabs/ros2_ws/install/micro_ros_msgs/include/micro_ros_msgs/micro_ros_msgs/msg/detail/entity__rosidl_typesupport_introspection_cpp.hpp
[3.955s] -- Up-to-date: /home/eleclabs/ros2_ws/install/micro_ros_msgs/include/micro_ros_msgs/micro_ros_msgs/msg/detail/entity__type_support.cpp
[3.956s] -- Up-to-date: /home/eleclabs/ros2_ws/install/micro_ros_msgs/include/micro_ros_msgs/micro_ros_msgs/msg/detail/graph__rosidl_typesupport_introspection_cpp.hpp
[3.956s] -- Up-to-date: /home/eleclabs/ros2_ws/install/micro_ros_msgs/include/micro_ros_msgs/micro_ros_msgs/msg/detail/graph__type_support.cpp
[3.965s] -- Up-to-date: /home/eleclabs/ros2_ws/install/micro_ros_msgs/lib/libmicro_ros_msgs__rosidl_typesupport_introspection_cpp.so
[3.981s] -- Up-to-date: /home/eleclabs/ros2_ws/install/micro_ros_msgs/lib/libmicro_ros_msgs__rosidl_typesupport_cpp.so
[3.981s] -- Up-to-date: /home/eleclabs/ros2_ws/install/micro_ros_msgs/share/micro_ros_msgs/environment/pythonpath.sh
[3.981s] -- Up-to-date: /home/eleclabs/ros2_ws/install/micro_ros_msgs/share/micro_ros_msgs/environment/pythonpath.dsv
[3.982s] -- Up-to-date: /home/eleclabs/ros2_ws/install/micro_ros_msgs/local/lib/python3.10/dist-packages/micro_ros_msgs-3.0.1-py3.10.egg-info
[3.982s] -- Installing: /home/eleclabs/ros2_ws/install/micro_ros_msgs/local/lib/python3.10/dist-packages/micro_ros_msgs-3.0.1-py3.10.egg-info/PKG-INFO
[3.982s] -- Installing: /home/eleclabs/ros2_ws/install/micro_ros_msgs/local/lib/python3.10/dist-packages/micro_ros_msgs-3.0.1-py3.10.egg-info/SOURCES.txt
[3.982s] -- Installing: /home/eleclabs/ros2_ws/install/micro_ros_msgs/local/lib/python3.10/dist-packages/micro_ros_msgs-3.0.1-py3.10.egg-info/dependency_links.txt
[3.983s] -- Installing: /home/eleclabs/ros2_ws/install/micro_ros_msgs/local/lib/python3.10/dist-packages/micro_ros_msgs-3.0.1-py3.10.egg-info/top_level.txt
[3.983s] -- Up-to-date: /home/eleclabs/ros2_ws/install/micro_ros_msgs/local/lib/python3.10/dist-packages/micro_ros_msgs
[3.983s] -- Up-to-date: /home/eleclabs/ros2_ws/install/micro_ros_msgs/local/lib/python3.10/dist-packages/micro_ros_msgs/micro_ros_msgs_s__rosidl_typesupport_fastrtps_c.cpython-310-x86_64-linux-gnu.so
[3.983s] -- Up-to-date: /home/eleclabs/ros2_ws/install/micro_ros_msgs/local/lib/python3.10/dist-packages/micro_ros_msgs/_micro_ros_msgs_s.ep.rosidl_typesupport_c.c
[3.983s] -- Up-to-date: /home/eleclabs/ros2_ws/install/micro_ros_msgs/local/lib/python3.10/dist-packages/micro_ros_msgs/micro_ros_msgs_s__rosidl_typesupport_introspection_c.cpython-310-x86_64-linux-gnu.so
[3.983s] -- Up-to-date: /home/eleclabs/ros2_ws/install/micro_ros_msgs/local/lib/python3.10/dist-packages/micro_ros_msgs/__init__.py
[3.983s] -- Up-to-date: /home/eleclabs/ros2_ws/install/micro_ros_msgs/local/lib/python3.10/dist-packages/micro_ros_msgs/_micro_ros_msgs_s.ep.rosidl_typesupport_fastrtps_c.c
[3.984s] -- Up-to-date: /home/eleclabs/ros2_ws/install/micro_ros_msgs/local/lib/python3.10/dist-packages/micro_ros_msgs/msg
[3.984s] -- Up-to-date: /home/eleclabs/ros2_ws/install/micro_ros_msgs/local/lib/python3.10/dist-packages/micro_ros_msgs/msg/_graph.py
[3.984s] -- Up-to-date: /home/eleclabs/ros2_ws/install/micro_ros_msgs/local/lib/python3.10/dist-packages/micro_ros_msgs/msg/_node_s.c
[3.984s] -- Up-to-date: /home/eleclabs/ros2_ws/install/micro_ros_msgs/local/lib/python3.10/dist-packages/micro_ros_msgs/msg/_entity_s.c
[3.985s] -- Up-to-date: /home/eleclabs/ros2_ws/install/micro_ros_msgs/local/lib/python3.10/dist-packages/micro_ros_msgs/msg/_entity.py
[3.985s] -- Up-to-date: /home/eleclabs/ros2_ws/install/micro_ros_msgs/local/lib/python3.10/dist-packages/micro_ros_msgs/msg/_graph_s.c
[3.985s] -- Up-to-date: /home/eleclabs/ros2_ws/install/micro_ros_msgs/local/lib/python3.10/dist-packages/micro_ros_msgs/msg/__init__.py
[3.987s] -- Up-to-date: /home/eleclabs/ros2_ws/install/micro_ros_msgs/local/lib/python3.10/dist-packages/micro_ros_msgs/msg/_node.py
[3.990s] -- Up-to-date: /home/eleclabs/ros2_ws/install/micro_ros_msgs/local/lib/python3.10/dist-packages/micro_ros_msgs/micro_ros_msgs_s__rosidl_typesupport_c.cpython-310-x86_64-linux-gnu.so
[3.990s] -- Up-to-date: /home/eleclabs/ros2_ws/install/micro_ros_msgs/local/lib/python3.10/dist-packages/micro_ros_msgs/_micro_ros_msgs_s.ep.rosidl_typesupport_introspection_c.c
[3.990s] -- Up-to-date: /home/eleclabs/ros2_ws/install/micro_ros_msgs/local/lib/python3.10/dist-packages/micro_ros_msgs/libmicro_ros_msgs__rosidl_generator_py.so
[4.142s] Listing '/home/eleclabs/ros2_ws/install/micro_ros_msgs/local/lib/python3.10/dist-packages/micro_ros_msgs'...
[4.142s] Listing '/home/eleclabs/ros2_ws/install/micro_ros_msgs/local/lib/python3.10/dist-packages/micro_ros_msgs/msg'...
[4.154s] -- Up-to-date: /home/eleclabs/ros2_ws/install/micro_ros_msgs/local/lib/python3.10/dist-packages/micro_ros_msgs/micro_ros_msgs_s__rosidl_typesupport_fastrtps_c.cpython-310-x86_64-linux-gnu.so
[4.159s] -- Up-to-date: /home/eleclabs/ros2_ws/install/micro_ros_msgs/local/lib/python3.10/dist-packages/micro_ros_msgs/micro_ros_msgs_s__rosidl_typesupport_introspection_c.cpython-310-x86_64-linux-gnu.so
[4.162s] -- Up-to-date: /home/eleclabs/ros2_ws/install/micro_ros_msgs/local/lib/python3.10/dist-packages/micro_ros_msgs/micro_ros_msgs_s__rosidl_typesupport_c.cpython-310-x86_64-linux-gnu.so
[4.165s] -- Up-to-date: /home/eleclabs/ros2_ws/install/micro_ros_msgs/lib/libmicro_ros_msgs__rosidl_generator_py.so
[4.166s] -- Up-to-date: /home/eleclabs/ros2_ws/install/micro_ros_msgs/share/micro_ros_msgs/msg/Graph.idl
[4.166s] -- Up-to-date: /home/eleclabs/ros2_ws/install/micro_ros_msgs/share/micro_ros_msgs/msg/Node.idl
[4.167s] -- Up-to-date: /home/eleclabs/ros2_ws/install/micro_ros_msgs/share/micro_ros_msgs/msg/Entity.idl
[4.167s] -- Up-to-date: /home/eleclabs/ros2_ws/install/micro_ros_msgs/share/micro_ros_msgs/msg/Graph.msg
[4.226s] -- Up-to-date: /home/eleclabs/ros2_ws/install/micro_ros_msgs/share/micro_ros_msgs/msg/Node.msg
[4.226s] -- Up-to-date: /home/eleclabs/ros2_ws/install/micro_ros_msgs/share/micro_ros_msgs/msg/Entity.msg
[4.226s] -- Up-to-date: /home/eleclabs/ros2_ws/install/micro_ros_msgs/share/ament_index/resource_index/package_run_dependencies/micro_ros_msgs
[4.226s] -- Up-to-date: /home/eleclabs/ros2_ws/install/micro_ros_msgs/share/ament_index/resource_index/parent_prefix_path/micro_ros_msgs
[4.226s] -- Up-to-date: /home/eleclabs/ros2_ws/install/micro_ros_msgs/share/micro_ros_msgs/environment/ament_prefix_path.sh
[4.226s] -- Up-to-date: /home/eleclabs/ros2_ws/install/micro_ros_msgs/share/micro_ros_msgs/environment/ament_prefix_path.dsv
[4.226s] -- Up-to-date: /home/eleclabs/ros2_ws/install/micro_ros_msgs/share/micro_ros_msgs/environment/path.sh
[4.226s] -- Up-to-date: /home/eleclabs/ros2_ws/install/micro_ros_msgs/share/micro_ros_msgs/environment/path.dsv
[4.226s] -- Up-to-date: /home/eleclabs/ros2_ws/install/micro_ros_msgs/share/micro_ros_msgs/local_setup.bash
[4.226s] -- Up-to-date: /home/eleclabs/ros2_ws/install/micro_ros_msgs/share/micro_ros_msgs/local_setup.sh
[4.226s] -- Up-to-date: /home/eleclabs/ros2_ws/install/micro_ros_msgs/share/micro_ros_msgs/local_setup.zsh
[4.226s] -- Up-to-date: /home/eleclabs/ros2_ws/install/micro_ros_msgs/share/micro_ros_msgs/local_setup.dsv
[4.227s] -- Installing: /home/eleclabs/ros2_ws/install/micro_ros_msgs/share/micro_ros_msgs/package.dsv
[4.227s] -- Up-to-date: /home/eleclabs/ros2_ws/install/micro_ros_msgs/share/ament_index/resource_index/packages/micro_ros_msgs
[4.227s] -- Up-to-date: /home/eleclabs/ros2_ws/install/micro_ros_msgs/share/micro_ros_msgs/cmake/export_micro_ros_msgs__rosidl_generator_cExport.cmake
[4.227s] -- Up-to-date: /home/eleclabs/ros2_ws/install/micro_ros_msgs/share/micro_ros_msgs/cmake/export_micro_ros_msgs__rosidl_generator_cExport-noconfig.cmake
[4.227s] -- Up-to-date: /home/eleclabs/ros2_ws/install/micro_ros_msgs/share/micro_ros_msgs/cmake/export_micro_ros_msgs__rosidl_typesupport_fastrtps_cExport.cmake
[4.227s] -- Up-to-date: /home/eleclabs/ros2_ws/install/micro_ros_msgs/share/micro_ros_msgs/cmake/export_micro_ros_msgs__rosidl_typesupport_fastrtps_cExport-noconfig.cmake
[4.227s] -- Up-to-date: /home/eleclabs/ros2_ws/install/micro_ros_msgs/share/micro_ros_msgs/cmake/micro_ros_msgs__rosidl_typesupport_introspection_cExport.cmake
[4.227s] -- Up-to-date: /home/eleclabs/ros2_ws/install/micro_ros_msgs/share/micro_ros_msgs/cmake/micro_ros_msgs__rosidl_typesupport_introspection_cExport-noconfig.cmake
[4.227s] -- Up-to-date: /home/eleclabs/ros2_ws/install/micro_ros_msgs/share/micro_ros_msgs/cmake/micro_ros_msgs__rosidl_typesupport_cExport.cmake
[4.227s] -- Up-to-date: /home/eleclabs/ros2_ws/install/micro_ros_msgs/share/micro_ros_msgs/cmake/micro_ros_msgs__rosidl_typesupport_cExport-noconfig.cmake
[4.227s] -- Up-to-date: /home/eleclabs/ros2_ws/install/micro_ros_msgs/share/micro_ros_msgs/cmake/export_micro_ros_msgs__rosidl_generator_cppExport.cmake
[4.227s] -- Up-to-date: /home/eleclabs/ros2_ws/install/micro_ros_msgs/share/micro_ros_msgs/cmake/export_micro_ros_msgs__rosidl_typesupport_fastrtps_cppExport.cmake
[4.227s] -- Up-to-date: /home/eleclabs/ros2_ws/install/micro_ros_msgs/share/micro_ros_msgs/cmake/export_micro_ros_msgs__rosidl_typesupport_fastrtps_cppExport-noconfig.cmake
[4.227s] -- Up-to-date: /home/eleclabs/ros2_ws/install/micro_ros_msgs/share/micro_ros_msgs/cmake/micro_ros_msgs__rosidl_typesupport_introspection_cppExport.cmake
[4.227s] -- Up-to-date: /home/eleclabs/ros2_ws/install/micro_ros_msgs/share/micro_ros_msgs/cmake/micro_ros_msgs__rosidl_typesupport_introspection_cppExport-noconfig.cmake
[4.227s] -- Up-to-date: /home/eleclabs/ros2_ws/install/micro_ros_msgs/share/micro_ros_msgs/cmake/micro_ros_msgs__rosidl_typesupport_cppExport.cmake
[4.228s] -- Up-to-date: /home/eleclabs/ros2_ws/install/micro_ros_msgs/share/micro_ros_msgs/cmake/micro_ros_msgs__rosidl_typesupport_cppExport-noconfig.cmake
[4.228s] -- Up-to-date: /home/eleclabs/ros2_ws/install/micro_ros_msgs/share/micro_ros_msgs/cmake/export_micro_ros_msgs__rosidl_generator_pyExport.cmake
[4.228s] -- Up-to-date: /home/eleclabs/ros2_ws/install/micro_ros_msgs/share/micro_ros_msgs/cmake/export_micro_ros_msgs__rosidl_generator_pyExport-noconfig.cmake
[4.228s] -- Up-to-date: /home/eleclabs/ros2_ws/install/micro_ros_msgs/share/micro_ros_msgs/cmake/rosidl_cmake-extras.cmake
[4.228s] -- Up-to-date: /home/eleclabs/ros2_ws/install/micro_ros_msgs/share/micro_ros_msgs/cmake/ament_cmake_export_include_directories-extras.cmake
[4.228s] -- Up-to-date: /home/eleclabs/ros2_ws/install/micro_ros_msgs/share/micro_ros_msgs/cmake/ament_cmake_export_libraries-extras.cmake
[4.228s] -- Up-to-date: /home/eleclabs/ros2_ws/install/micro_ros_msgs/share/micro_ros_msgs/cmake/ament_cmake_export_targets-extras.cmake
[4.228s] -- Up-to-date: /home/eleclabs/ros2_ws/install/micro_ros_msgs/share/micro_ros_msgs/cmake/rosidl_cmake_export_typesupport_targets-extras.cmake
[4.228s] -- Up-to-date: /home/eleclabs/ros2_ws/install/micro_ros_msgs/share/micro_ros_msgs/cmake/ament_cmake_export_dependencies-extras.cmake
[4.228s] -- Up-to-date: /home/eleclabs/ros2_ws/install/micro_ros_msgs/share/micro_ros_msgs/cmake/rosidl_cmake_export_typesupport_libraries-extras.cmake
[4.228s] -- Up-to-date: /home/eleclabs/ros2_ws/install/micro_ros_msgs/share/micro_ros_msgs/cmake/micro_ros_msgsConfig.cmake
[4.228s] -- Up-to-date: /home/eleclabs/ros2_ws/install/micro_ros_msgs/share/micro_ros_msgs/cmake/micro_ros_msgsConfig-version.cmake
[4.228s] -- Up-to-date: /home/eleclabs/ros2_ws/install/micro_ros_msgs/share/micro_ros_msgs/package.xml
[4.254s] Invoked command in '/home/eleclabs/ros2_ws/build/micro_ros_msgs' returned '0': CMAKE_PREFIX_PATH=${CMAKE_PREFIX_PATH}:/home/eleclabs/ros2_ws/install/ros2_opencv:/home/eleclabs/ros2_ws/install/opencv_tools:/home/eleclabs/ros2_ws/install/image_viewer:/opt/ros/humble /usr/bin/cmake --install /home/eleclabs/ros2_ws/build/micro_ros_msgs
