[1.282s] Invoking command in '/home/eleclabs/ros2_ws/src/image_viewer': PYTHONPATH=/home/eleclabs/ros2_ws/build/image_viewer/prefix_override:/usr/lib/python3/dist-packages/colcon_core/task/python/colcon_distutils_commands:/home/eleclabs/ros2_ws/install/image_viewer/lib/python3.10/site-packages:${PYTHONPATH} /usr/bin/python3 -W ignore:setup.py install is deprecated -W ignore:easy_install command is deprecated setup.py egg_info --egg-base ../../build/image_viewer build --build-base /home/eleclabs/ros2_ws/build/image_viewer/build install --record /home/eleclabs/ros2_ws/build/image_viewer/install.log --single-version-externally-managed install_data
[1.672s] running egg_info
[1.674s] writing ../../build/image_viewer/image_viewer.egg-info/PKG-INFO
[1.675s] writing dependency_links to ../../build/image_viewer/image_viewer.egg-info/dependency_links.txt
[1.676s] writing entry points to ../../build/image_viewer/image_viewer.egg-info/entry_points.txt
[1.677s] writing requirements to ../../build/image_viewer/image_viewer.egg-info/requires.txt
[1.678s] writing top-level names to ../../build/image_viewer/image_viewer.egg-info/top_level.txt
[1.682s] reading manifest file '../../build/image_viewer/image_viewer.egg-info/SOURCES.txt'
[1.682s] writing manifest file '../../build/image_viewer/image_viewer.egg-info/SOURCES.txt'
[1.683s] running build
[1.683s] running build_py
[1.684s] running install
[1.685s] running install_lib
[1.687s] running install_data
[1.687s] running install_egg_info
[1.690s] removing '/home/eleclabs/ros2_ws/install/image_viewer/lib/python3.10/site-packages/image_viewer-0.0.0-py3.10.egg-info' (and everything under it)
[1.696s] Copying ../../build/image_viewer/image_viewer.egg-info to /home/eleclabs/ros2_ws/install/image_viewer/lib/python3.10/site-packages/image_viewer-0.0.0-py3.10.egg-info
[1.700s] running install_scripts
[1.767s] Installing image_viewer_node script to /home/eleclabs/ros2_ws/install/image_viewer/lib/image_viewer
[1.768s] writing list of installed files to '/home/eleclabs/ros2_ws/build/image_viewer/install.log'
[1.820s] Invoked command in '/home/eleclabs/ros2_ws/src/image_viewer' returned '0': PYTHONPATH=/home/eleclabs/ros2_ws/build/image_viewer/prefix_override:/usr/lib/python3/dist-packages/colcon_core/task/python/colcon_distutils_commands:/home/eleclabs/ros2_ws/install/image_viewer/lib/python3.10/site-packages:${PYTHONPATH} /usr/bin/python3 -W ignore:setup.py install is deprecated -W ignore:easy_install command is deprecated setup.py egg_info --egg-base ../../build/image_viewer build --build-base /home/eleclabs/ros2_ws/build/image_viewer/build install --record /home/eleclabs/ros2_ws/build/image_viewer/install.log --single-version-externally-managed install_data
