[1.212s] Invoking command in '/home/eleclabs/ros2_ws/src/usb_cam_realtime': PYTHONPATH=/home/eleclabs/ros2_ws/build/usb_cam_realtime/prefix_override:/usr/lib/python3/dist-packages/colcon_core/task/python/colcon_distutils_commands:/home/eleclabs/ros2_ws/install/usb_cam_realtime/lib/python3.10/site-packages:${PYTHONPATH} /usr/bin/python3 -W ignore:setup.py install is deprecated -W ignore:easy_install command is deprecated setup.py egg_info --egg-base ../../build/usb_cam_realtime build --build-base /home/eleclabs/ros2_ws/build/usb_cam_realtime/build install --record /home/eleclabs/ros2_ws/build/usb_cam_realtime/install.log --single-version-externally-managed install_data
[1.632s] running egg_info
[1.636s] writing ../../build/usb_cam_realtime/usb_cam_realtime.egg-info/PKG-INFO
[1.637s] writing dependency_links to ../../build/usb_cam_realtime/usb_cam_realtime.egg-info/dependency_links.txt
[1.637s] writing entry points to ../../build/usb_cam_realtime/usb_cam_realtime.egg-info/entry_points.txt
[1.637s] writing requirements to ../../build/usb_cam_realtime/usb_cam_realtime.egg-info/requires.txt
[1.637s] writing top-level names to ../../build/usb_cam_realtime/usb_cam_realtime.egg-info/top_level.txt
[1.637s] reading manifest file '../../build/usb_cam_realtime/usb_cam_realtime.egg-info/SOURCES.txt'
[1.637s] writing manifest file '../../build/usb_cam_realtime/usb_cam_realtime.egg-info/SOURCES.txt'
[1.637s] running build
[1.637s] running build_py
[1.641s] running install
[1.643s] running install_lib
[1.651s] running install_data
[1.651s] running install_egg_info
[1.654s] removing '/home/eleclabs/ros2_ws/install/usb_cam_realtime/lib/python3.10/site-packages/usb_cam_realtime-0.0.0-py3.10.egg-info' (and everything under it)
[1.654s] Copying ../../build/usb_cam_realtime/usb_cam_realtime.egg-info to /home/eleclabs/ros2_ws/install/usb_cam_realtime/lib/python3.10/site-packages/usb_cam_realtime-0.0.0-py3.10.egg-info
[1.664s] running install_scripts
[1.700s] Installing camera_publisher script to /home/eleclabs/ros2_ws/install/usb_cam_realtime/lib/usb_cam_realtime
[1.702s] Installing camera_subscriber script to /home/eleclabs/ros2_ws/install/usb_cam_realtime/lib/usb_cam_realtime
[1.703s] writing list of installed files to '/home/eleclabs/ros2_ws/build/usb_cam_realtime/install.log'
[1.732s] Invoked command in '/home/eleclabs/ros2_ws/src/usb_cam_realtime' returned '0': PYTHONPATH=/home/eleclabs/ros2_ws/build/usb_cam_realtime/prefix_override:/usr/lib/python3/dist-packages/colcon_core/task/python/colcon_distutils_commands:/home/eleclabs/ros2_ws/install/usb_cam_realtime/lib/python3.10/site-packages:${PYTHONPATH} /usr/bin/python3 -W ignore:setup.py install is deprecated -W ignore:easy_install command is deprecated setup.py egg_info --egg-base ../../build/usb_cam_realtime build --build-base /home/eleclabs/ros2_ws/build/usb_cam_realtime/build install --record /home/eleclabs/ros2_ws/build/usb_cam_realtime/install.log --single-version-externally-managed install_data
