[1.360s] Invoking command in '/home/eleclabs/ros2_ws/src/image_viewer': PYTHONPATH=/home/eleclabs/ros2_ws/build/image_viewer/prefix_override:/usr/lib/python3/dist-packages/colcon_core/task/python/colcon_distutils_commands:/home/eleclabs/ros2_ws/install/image_viewer/lib/python3.10/site-packages:${PYTHONPATH} /usr/bin/python3 -W ignore:setup.py install is deprecated -W ignore:easy_install command is deprecated setup.py egg_info --egg-base ../../build/image_viewer build --build-base /home/eleclabs/ros2_ws/build/image_viewer/build install --record /home/eleclabs/ros2_ws/build/image_viewer/install.log --single-version-externally-managed install_data
[1.736s] running egg_info
[1.737s] creating ../../build/image_viewer/image_viewer.egg-info
[1.737s] writing ../../build/image_viewer/image_viewer.egg-info/PKG-INFO
[1.737s] writing dependency_links to ../../build/image_viewer/image_viewer.egg-info/dependency_links.txt
[1.738s] writing entry points to ../../build/image_viewer/image_viewer.egg-info/entry_points.txt
[1.738s] writing requirements to ../../build/image_viewer/image_viewer.egg-info/requires.txt
[1.738s] writing top-level names to ../../build/image_viewer/image_viewer.egg-info/top_level.txt
[1.740s] writing manifest file '../../build/image_viewer/image_viewer.egg-info/SOURCES.txt'
[1.740s] reading manifest file '../../build/image_viewer/image_viewer.egg-info/SOURCES.txt'
[1.741s] writing manifest file '../../build/image_viewer/image_viewer.egg-info/SOURCES.txt'
[1.742s] running build
[1.742s] running build_py
[1.748s] creating /home/eleclabs/ros2_ws/build/image_viewer/build
[1.748s] creating /home/eleclabs/ros2_ws/build/image_viewer/build/lib
[1.748s] creating /home/eleclabs/ros2_ws/build/image_viewer/build/lib/image_viewer
[1.748s] copying image_viewer/__init__.py -> /home/eleclabs/ros2_ws/build/image_viewer/build/lib/image_viewer
[1.748s] copying image_viewer/image_viewer_node.py -> /home/eleclabs/ros2_ws/build/image_viewer/build/lib/image_viewer
[1.748s] running install
[1.748s] running install_lib
[1.749s] creating /home/eleclabs/ros2_ws/install/image_viewer/lib/python3.10/site-packages/image_viewer
[1.749s] copying /home/eleclabs/ros2_ws/build/image_viewer/build/lib/image_viewer/__init__.py -> /home/eleclabs/ros2_ws/install/image_viewer/lib/python3.10/site-packages/image_viewer
[1.749s] copying /home/eleclabs/ros2_ws/build/image_viewer/build/lib/image_viewer/image_viewer_node.py -> /home/eleclabs/ros2_ws/install/image_viewer/lib/python3.10/site-packages/image_viewer
[1.750s] byte-compiling /home/eleclabs/ros2_ws/install/image_viewer/lib/python3.10/site-packages/image_viewer/__init__.py to __init__.cpython-310.pyc
[1.750s] byte-compiling /home/eleclabs/ros2_ws/install/image_viewer/lib/python3.10/site-packages/image_viewer/image_viewer_node.py to image_viewer_node.cpython-310.pyc
[1.751s] running install_data
[1.751s] creating /home/eleclabs/ros2_ws/install/image_viewer/share/ament_index
[1.752s] creating /home/eleclabs/ros2_ws/install/image_viewer/share/ament_index/resource_index
[1.752s] creating /home/eleclabs/ros2_ws/install/image_viewer/share/ament_index/resource_index/packages
[1.752s] copying resource/image_viewer -> /home/eleclabs/ros2_ws/install/image_viewer/share/ament_index/resource_index/packages
[1.752s] copying package.xml -> /home/eleclabs/ros2_ws/install/image_viewer/share/image_viewer
[1.752s] running install_egg_info
[1.756s] Copying ../../build/image_viewer/image_viewer.egg-info to /home/eleclabs/ros2_ws/install/image_viewer/lib/python3.10/site-packages/image_viewer-0.0.0-py3.10.egg-info
[1.758s] running install_scripts
[1.781s] Installing image_viewer_node script to /home/eleclabs/ros2_ws/install/image_viewer/lib/image_viewer
[1.781s] writing list of installed files to '/home/eleclabs/ros2_ws/build/image_viewer/install.log'
[1.816s] Invoked command in '/home/eleclabs/ros2_ws/src/image_viewer' returned '0': PYTHONPATH=/home/eleclabs/ros2_ws/build/image_viewer/prefix_override:/usr/lib/python3/dist-packages/colcon_core/task/python/colcon_distutils_commands:/home/eleclabs/ros2_ws/install/image_viewer/lib/python3.10/site-packages:${PYTHONPATH} /usr/bin/python3 -W ignore:setup.py install is deprecated -W ignore:easy_install command is deprecated setup.py egg_info --egg-base ../../build/image_viewer build --build-base /home/eleclabs/ros2_ws/build/image_viewer/build install --record /home/eleclabs/ros2_ws/build/image_viewer/install.log --single-version-externally-managed install_data
