[1.652s] Invoking command in '/home/eleclabs/ros2_ws/src/ros2_opencv': PYTHONPATH=/home/eleclabs/ros2_ws/build/ros2_opencv/prefix_override:/usr/lib/python3/dist-packages/colcon_core/task/python/colcon_distutils_commands:/home/eleclabs/ros2_ws/install/ros2_opencv/lib/python3.10/site-packages:${PYTHONPATH} /usr/bin/python3 -W ignore:setup.py install is deprecated -W ignore:easy_install command is deprecated setup.py egg_info --egg-base ../../build/ros2_opencv build --build-base /home/eleclabs/ros2_ws/build/ros2_opencv/build install --record /home/eleclabs/ros2_ws/build/ros2_opencv/install.log --single-version-externally-managed install_data
[2.059s] running egg_info
[2.060s] writing ../../build/ros2_opencv/ros2_opencv.egg-info/PKG-INFO
[2.071s] writing dependency_links to ../../build/ros2_opencv/ros2_opencv.egg-info/dependency_links.txt
[2.071s] writing entry points to ../../build/ros2_opencv/ros2_opencv.egg-info/entry_points.txt
[2.072s] writing requirements to ../../build/ros2_opencv/ros2_opencv.egg-info/requires.txt
[2.073s] writing top-level names to ../../build/ros2_opencv/ros2_opencv.egg-info/top_level.txt
[2.077s] reading manifest file '../../build/ros2_opencv/ros2_opencv.egg-info/SOURCES.txt'
[2.081s] writing manifest file '../../build/ros2_opencv/ros2_opencv.egg-info/SOURCES.txt'
[2.082s] running build
[2.082s] running build_py
[2.087s] running install
[2.088s] running install_lib
[2.091s] running install_data
[2.113s] running install_egg_info
[2.114s] removing '/home/eleclabs/ros2_ws/install/ros2_opencv/lib/python3.10/site-packages/ros2_opencv-0.0.0-py3.10.egg-info' (and everything under it)
[2.114s] Copying ../../build/ros2_opencv/ros2_opencv.egg-info to /home/eleclabs/ros2_ws/install/ros2_opencv/lib/python3.10/site-packages/ros2_opencv-0.0.0-py3.10.egg-info
[2.142s] running install_scripts
[2.142s] Installing subscriber_node script to /home/eleclabs/ros2_ws/install/ros2_opencv/lib/ros2_opencv
[2.152s] writing list of installed files to '/home/eleclabs/ros2_ws/build/ros2_opencv/install.log'
[2.339s] Invoked command in '/home/eleclabs/ros2_ws/src/ros2_opencv' returned '0': PYTHONPATH=/home/eleclabs/ros2_ws/build/ros2_opencv/prefix_override:/usr/lib/python3/dist-packages/colcon_core/task/python/colcon_distutils_commands:/home/eleclabs/ros2_ws/install/ros2_opencv/lib/python3.10/site-packages:${PYTHONPATH} /usr/bin/python3 -W ignore:setup.py install is deprecated -W ignore:easy_install command is deprecated setup.py egg_info --egg-base ../../build/ros2_opencv build --build-base /home/eleclabs/ros2_ws/build/ros2_opencv/build install --record /home/eleclabs/ros2_ws/build/ros2_opencv/install.log --single-version-externally-managed install_data
