[0.841s] Invoking command in '/home/eleclabs/ros2_ws/build/opencv_detechtion': CMAKE_PREFIX_PATH=${CMAKE_PREFIX_PATH}:/home/eleclabs/ros2_ws/install/usb_cam_realtime:/home/eleclabs/ros2_ws/install/usb_cam_example:/home/eleclabs/ros2_ws/install/ros2_opencv:/home/eleclabs/ros2_ws/install/opencv_tools:/home/eleclabs/ros2_ws/install/object_detection:/home/eleclabs/ros2_ws/install/image_viewer:/opt/ros/humble /usr/bin/cmake /home/eleclabs/ros2_ws/src/opencv_detechtion -DCMAKE_INSTALL_PREFIX=/home/eleclabs/ros2_ws/install/opencv_detechtion
[0.915s] -- Found ament_cmake: 1.3.11 (/opt/ros/humble/share/ament_cmake/cmake)
[1.246s] -- Found rclcpp: 16.0.11 (/opt/ros/humble/share/rclcpp/cmake)
[1.296s] -- Found rosidl_generator_c: 3.1.6 (/opt/ros/humble/share/rosidl_generator_c/cmake)
[1.300s] -- Found rosidl_adapter: 3.1.6 (/opt/ros/humble/share/rosidl_adapter/cmake)
[1.311s] -- Found rosidl_generator_cpp: 3.1.6 (/opt/ros/humble/share/rosidl_generator_cpp/cmake)
[1.349s] -- Using all available rosidl_typesupport_c: rosidl_typesupport_fastrtps_c;rosidl_typesupport_introspection_c
[1.349s] -- Using all available rosidl_typesupport_cpp: rosidl_typesupport_fastrtps_cpp;rosidl_typesupport_introspection_cpp
[1.603s] -- Found rmw_implementation_cmake: 6.1.2 (/opt/ros/humble/share/rmw_implementation_cmake/cmake)
[1.662s] -- Found rmw_cyclonedds_cpp: 1.3.4 (/opt/ros/humble/share/rmw_cyclonedds_cpp/cmake)
[1.825s] -- Using RMW implementation 'rmw_cyclonedds_cpp' as default
[1.997s] -- Found sensor_msgs: 4.2.4 (/opt/ros/humble/share/sensor_msgs/cmake)
[2.095s] -- Found cv_bridge: 3.2.1 (/opt/ros/humble/share/cv_bridge/cmake)
[2.105s] -- Found image_transport: 3.1.10 (/opt/ros/humble/share/image_transport/cmake)
[2.208s] -- Found ament_lint_auto: 0.12.11 (/opt/ros/humble/share/ament_lint_auto/cmake)
[2.455s] -- Added test 'cppcheck' to perform static code analysis on C / C++ code
[2.455s] -- Configured cppcheck include dirs: 
[2.455s] -- Configured cppcheck exclude dirs and/or files: 
[2.455s] -- Added test 'lint_cmake' to check CMake code style
[2.455s] -- Added test 'uncrustify' to check C / C++ code style
[2.455s] -- Configured uncrustify additional arguments: 
[2.456s] -- Added test 'xmllint' to check XML markup files
[2.457s] -- Configuring done
[2.463s] [31mCMake Error at CMakeLists.txt:16 (add_executable):
[2.463s]   Cannot find source file:
[2.463s] 
[2.464s]     src/image_publisher.cpp
[2.464s] 
[2.464s]   Tried extensions .c .C .c++ .cc .cpp .cxx .cu .mpp .m .M .mm .ixx .cppm .h
[2.464s]   .hh .h++ .hm .hpp .hxx .in .txx .f .F .for .f77 .f90 .f95 .f03 .hip .ispc
[2.464s] 
[2.464s] [0m
[2.469s] [31mCMake Error at CMakeLists.txt:16 (add_executable):
[2.469s]   No SOURCES given to target: image_publisher
[2.469s] 
[2.469s] [0m
[2.469s] [0mCMake Generate step failed.  Build files cannot be regenerated correctly.[0m
[3.038s] Invoked command in '/home/eleclabs/ros2_ws/build/opencv_detechtion' returned '1': CMAKE_PREFIX_PATH=${CMAKE_PREFIX_PATH}:/home/eleclabs/ros2_ws/install/usb_cam_realtime:/home/eleclabs/ros2_ws/install/usb_cam_example:/home/eleclabs/ros2_ws/install/ros2_opencv:/home/eleclabs/ros2_ws/install/opencv_tools:/home/eleclabs/ros2_ws/install/object_detection:/home/eleclabs/ros2_ws/install/image_viewer:/opt/ros/humble /usr/bin/cmake /home/eleclabs/ros2_ws/src/opencv_detechtion -DCMAKE_INSTALL_PREFIX=/home/eleclabs/ros2_ws/install/opencv_detechtion
