[3.540s] Invoking command in '/home/eleclabs/ros2_ws/src/usb_cam_realtime': PYTHONPATH=/home/eleclabs/ros2_ws/build/usb_cam_realtime/prefix_override:/usr/lib/python3/dist-packages/colcon_core/task/python/colcon_distutils_commands:/home/eleclabs/ros2_ws/install/usb_cam_realtime/lib/python3.10/site-packages:${PYTHONPATH} /usr/bin/python3 -W ignore:setup.py install is deprecated -W ignore:easy_install command is deprecated setup.py egg_info --egg-base ../../build/usb_cam_realtime build --build-base /home/eleclabs/ros2_ws/build/usb_cam_realtime/build install --record /home/eleclabs/ros2_ws/build/usb_cam_realtime/install.log --single-version-externally-managed install_data
[4.780s] running egg_info
[4.781s] writing ../../build/usb_cam_realtime/usb_cam_realtime.egg-info/PKG-INFO
[4.815s] writing dependency_links to ../../build/usb_cam_realtime/usb_cam_realtime.egg-info/dependency_links.txt
[4.815s] writing entry points to ../../build/usb_cam_realtime/usb_cam_realtime.egg-info/entry_points.txt
[4.815s] writing requirements to ../../build/usb_cam_realtime/usb_cam_realtime.egg-info/requires.txt
[4.816s] writing top-level names to ../../build/usb_cam_realtime/usb_cam_realtime.egg-info/top_level.txt
[4.838s] reading manifest file '../../build/usb_cam_realtime/usb_cam_realtime.egg-info/SOURCES.txt'
[4.889s] writing manifest file '../../build/usb_cam_realtime/usb_cam_realtime.egg-info/SOURCES.txt'
[4.889s] running build
[4.890s] running build_py
[4.890s] running install
[4.890s] running install_lib
[4.899s] running install_data
[4.899s] running install_egg_info
[4.911s] removing '/home/eleclabs/ros2_ws/install/usb_cam_realtime/lib/python3.10/site-packages/usb_cam_realtime-0.0.0-py3.10.egg-info' (and everything under it)
[4.916s] Copying ../../build/usb_cam_realtime/usb_cam_realtime.egg-info to /home/eleclabs/ros2_ws/install/usb_cam_realtime/lib/python3.10/site-packages/usb_cam_realtime-0.0.0-py3.10.egg-info
[4.921s] running install_scripts
[5.057s] Installing camera_publisher script to /home/eleclabs/ros2_ws/install/usb_cam_realtime/lib/usb_cam_realtime
[5.081s] Installing camera_subscriber script to /home/eleclabs/ros2_ws/install/usb_cam_realtime/lib/usb_cam_realtime
[5.081s] writing list of installed files to '/home/eleclabs/ros2_ws/build/usb_cam_realtime/install.log'
[5.445s] Invoked command in '/home/eleclabs/ros2_ws/src/usb_cam_realtime' returned '0': PYTHONPATH=/home/eleclabs/ros2_ws/build/usb_cam_realtime/prefix_override:/usr/lib/python3/dist-packages/colcon_core/task/python/colcon_distutils_commands:/home/eleclabs/ros2_ws/install/usb_cam_realtime/lib/python3.10/site-packages:${PYTHONPATH} /usr/bin/python3 -W ignore:setup.py install is deprecated -W ignore:easy_install command is deprecated setup.py egg_info --egg-base ../../build/usb_cam_realtime build --build-base /home/eleclabs/ros2_ws/build/usb_cam_realtime/build install --record /home/eleclabs/ros2_ws/build/usb_cam_realtime/install.log --single-version-externally-managed install_data
