[1.026s] Invoking command in '/home/eleclabs/ros2_ws/build/micro_ros_setup': CMAKE_PREFIX_PATH=${CMAKE_PREFIX_PATH}:/home/eleclabs/ros2_ws/install/usb_cam_realtime:/home/eleclabs/ros2_ws/install/usb_cam_example:/home/eleclabs/ros2_ws/install/ros2_opencv:/home/eleclabs/ros2_ws/install/opencv_tools:/home/eleclabs/ros2_ws/install/image_viewer:/opt/ros/humble /usr/bin/cmake --build /home/eleclabs/ros2_ws/build/micro_ros_setup -- -j4 -l4
[1.483s] Invoked command in '/home/eleclabs/ros2_ws/build/micro_ros_setup' returned '0': CMAKE_PREFIX_PATH=${CMAKE_PREFIX_PATH}:/home/eleclabs/ros2_ws/install/usb_cam_realtime:/home/eleclabs/ros2_ws/install/usb_cam_example:/home/eleclabs/ros2_ws/install/ros2_opencv:/home/eleclabs/ros2_ws/install/opencv_tools:/home/eleclabs/ros2_ws/install/image_viewer:/opt/ros/humble /usr/bin/cmake --build /home/eleclabs/ros2_ws/build/micro_ros_setup -- -j4 -l4
[1.544s] Invoking command in '/home/eleclabs/ros2_ws/build/micro_ros_setup': CMAKE_PREFIX_PATH=${CMAKE_PREFIX_PATH}:/home/eleclabs/ros2_ws/install/usb_cam_realtime:/home/eleclabs/ros2_ws/install/usb_cam_example:/home/eleclabs/ros2_ws/install/ros2_opencv:/home/eleclabs/ros2_ws/install/opencv_tools:/home/eleclabs/ros2_ws/install/image_viewer:/opt/ros/humble /usr/bin/cmake --install /home/eleclabs/ros2_ws/build/micro_ros_setup
[1.616s] -- Install configuration: ""
[1.617s] -- Up-to-date: /home/eleclabs/ros2_ws/install/micro_ros_setup/share/ament_index/resource_index/package_run_dependencies/micro_ros_setup
[1.631s] -- Up-to-date: /home/eleclabs/ros2_ws/install/micro_ros_setup/share/ament_index/resource_index/parent_prefix_path/micro_ros_setup
[1.632s] -- Up-to-date: /home/eleclabs/ros2_ws/install/micro_ros_setup/share/micro_ros_setup/environment/ament_prefix_path.sh
[1.632s] -- Up-to-date: /home/eleclabs/ros2_ws/install/micro_ros_setup/share/micro_ros_setup/environment/ament_prefix_path.dsv
[1.632s] -- Up-to-date: /home/eleclabs/ros2_ws/install/micro_ros_setup/share/micro_ros_setup/environment/path.sh
[1.632s] -- Up-to-date: /home/eleclabs/ros2_ws/install/micro_ros_setup/share/micro_ros_setup/environment/path.dsv
[1.639s] -- Up-to-date: /home/eleclabs/ros2_ws/install/micro_ros_setup/share/micro_ros_setup/local_setup.bash
[1.639s] -- Up-to-date: /home/eleclabs/ros2_ws/install/micro_ros_setup/share/micro_ros_setup/local_setup.sh
[1.640s] -- Up-to-date: /home/eleclabs/ros2_ws/install/micro_ros_setup/share/micro_ros_setup/local_setup.zsh
[1.640s] -- Up-to-date: /home/eleclabs/ros2_ws/install/micro_ros_setup/share/micro_ros_setup/local_setup.dsv
[1.641s] -- Installing: /home/eleclabs/ros2_ws/install/micro_ros_setup/share/micro_ros_setup/package.dsv
[1.650s] -- Up-to-date: /home/eleclabs/ros2_ws/install/micro_ros_setup/share/ament_index/resource_index/packages/micro_ros_setup
[1.656s] -- Up-to-date: /home/eleclabs/ros2_ws/install/micro_ros_setup/share/micro_ros_setup/cmake/micro_ros_setupConfig.cmake
[1.656s] -- Up-to-date: /home/eleclabs/ros2_ws/install/micro_ros_setup/share/micro_ros_setup/cmake/micro_ros_setupConfig-version.cmake
[1.656s] -- Up-to-date: /home/eleclabs/ros2_ws/install/micro_ros_setup/share/micro_ros_setup/package.xml
[1.656s] -- Up-to-date: /home/eleclabs/ros2_ws/install/micro_ros_setup/./config
[1.659s] -- Up-to-date: /home/eleclabs/ros2_ws/install/micro_ros_setup/./config/host
[1.663s] -- Up-to-date: /home/eleclabs/ros2_ws/install/micro_ros_setup/./config/host/dev_uros_packages.repos
[1.663s] -- Up-to-date: /home/eleclabs/ros2_ws/install/micro_ros_setup/./config/host/dev_ros2_packages.txt
[1.663s] -- Up-to-date: /home/eleclabs/ros2_ws/install/micro_ros_setup/./config/host/generic
[1.669s] -- Up-to-date: /home/eleclabs/ros2_ws/install/micro_ros_setup/./config/host/generic/build.sh
[1.669s] -- Up-to-date: /home/eleclabs/ros2_ws/install/micro_ros_setup/./config/host/generic/client_host_packages.repos
[1.669s] -- Up-to-date: /home/eleclabs/ros2_ws/install/micro_ros_setup/./config/host/generic/client-host-colcon.meta
[1.670s] -- Up-to-date: /home/eleclabs/ros2_ws/install/micro_ros_setup/./config/host/generic/package.xml
[1.670s] -- Up-to-date: /home/eleclabs/ros2_ws/install/micro_ros_setup/./config/host/generic/create.sh
[1.670s] -- Up-to-date: /home/eleclabs/ros2_ws/install/micro_ros_setup/./config/host/generic/flash.sh
[1.671s] -- Up-to-date: /home/eleclabs/ros2_ws/install/micro_ros_setup/./config/host/client_ros2_packages.txt
[1.671s] -- Up-to-date: /home/eleclabs/ros2_ws/install/micro_ros_setup/./config/agent_uros_packages.repos
[1.671s] -- Up-to-date: /home/eleclabs/ros2_ws/install/micro_ros_setup/./config/mbed
[1.673s] -- Up-to-date: /home/eleclabs/ros2_ws/install/micro_ros_setup/./config/mbed/dev_uros_packages.repos
[1.673s] -- Up-to-date: /home/eleclabs/ros2_ws/install/micro_ros_setup/./config/mbed/dev_ros2_packages.txt
[1.673s] -- Up-to-date: /home/eleclabs/ros2_ws/install/micro_ros_setup/./config/mbed/list_apps.sh
[1.673s] -- Up-to-date: /home/eleclabs/ros2_ws/install/micro_ros_setup/./config/mbed/generic
[1.677s] -- Up-to-date: /home/eleclabs/ros2_ws/install/micro_ros_setup/./config/mbed/generic/build.sh
[1.677s] -- Up-to-date: /home/eleclabs/ros2_ws/install/micro_ros_setup/./config/mbed/generic/board.repos
[1.678s] -- Up-to-date: /home/eleclabs/ros2_ws/install/micro_ros_setup/./config/mbed/generic/client_uros_packages.repos
[1.679s] -- Up-to-date: /home/eleclabs/ros2_ws/install/micro_ros_setup/./config/mbed/generic/supported_platforms
[1.679s] -- Up-to-date: /home/eleclabs/ros2_ws/install/micro_ros_setup/./config/mbed/generic/package.xml
[1.679s] -- Up-to-date: /home/eleclabs/ros2_ws/install/micro_ros_setup/./config/mbed/generic/create.sh
[1.679s] -- Up-to-date: /home/eleclabs/ros2_ws/install/micro_ros_setup/./config/mbed/generic/flash.sh
[1.679s] -- Up-to-date: /home/eleclabs/ros2_ws/install/micro_ros_setup/./config/raspbian
[1.691s] -- Up-to-date: /home/eleclabs/ros2_ws/install/micro_ros_setup/./config/raspbian/dev_uros_packages.repos
[1.693s] -- Up-to-date: /home/eleclabs/ros2_ws/install/micro_ros_setup/./config/raspbian/dev_ros2_packages.txt
[1.694s] -- Up-to-date: /home/eleclabs/ros2_ws/install/micro_ros_setup/./config/raspbian/generic
[1.698s] -- Up-to-date: /home/eleclabs/ros2_ws/install/micro_ros_setup/./config/raspbian/generic/build.sh
[1.698s] -- Up-to-date: /home/eleclabs/ros2_ws/install/micro_ros_setup/./config/raspbian/generic/configure.sh
[1.698s] -- Up-to-date: /home/eleclabs/ros2_ws/install/micro_ros_setup/./config/raspbian/generic/client_uros_packages.repos
[1.699s] -- Up-to-date: /home/eleclabs/ros2_ws/install/micro_ros_setup/./config/raspbian/generic/supported_platforms
[1.699s] -- Up-to-date: /home/eleclabs/ros2_ws/install/micro_ros_setup/./config/raspbian/generic/create.sh
[1.699s] -- Up-to-date: /home/eleclabs/ros2_ws/install/micro_ros_setup/./config/raspbian/generic/client-colcon.meta
[1.700s] -- Up-to-date: /home/eleclabs/ros2_ws/install/micro_ros_setup/./config/raspbian/generic/flash.sh
[1.700s] -- Up-to-date: /home/eleclabs/ros2_ws/install/micro_ros_setup/./config/renesas_ra
[1.738s] -- Up-to-date: /home/eleclabs/ros2_ws/install/micro_ros_setup/./config/renesas_ra/dev_uros_packages.repos
[1.738s] -- Up-to-date: /home/eleclabs/ros2_ws/install/micro_ros_setup/./config/renesas_ra/dev_ros2_packages.txt
[1.738s] -- Up-to-date: /home/eleclabs/ros2_ws/install/micro_ros_setup/./config/renesas_ra/list_apps.sh
[1.738s] -- Up-to-date: /home/eleclabs/ros2_ws/install/micro_ros_setup/./config/renesas_ra/ra6m5
[1.740s] -- Up-to-date: /home/eleclabs/ros2_ws/install/micro_ros_setup/./config/renesas_ra/ra6m5/build.sh
[1.740s] -- Up-to-date: /home/eleclabs/ros2_ws/install/micro_ros_setup/./config/renesas_ra/ra6m5/configure.sh
[1.741s] -- Up-to-date: /home/eleclabs/ros2_ws/install/micro_ros_setup/./config/renesas_ra/ra6m5/board.repos
[1.741s] -- Up-to-date: /home/eleclabs/ros2_ws/install/micro_ros_setup/./config/renesas_ra/ra6m5/client_uros_packages.repos
[1.741s] -- Up-to-date: /home/eleclabs/ros2_ws/install/micro_ros_setup/./config/renesas_ra/ra6m5/create.sh
[1.741s] -- Up-to-date: /home/eleclabs/ros2_ws/install/micro_ros_setup/./config/renesas_ra/ra6m5/client-colcon.meta
[1.741s] -- Up-to-date: /home/eleclabs/ros2_ws/install/micro_ros_setup/./config/renesas_ra/ra6m5/flash.sh
[1.741s] -- Up-to-date: /home/eleclabs/ros2_ws/install/micro_ros_setup/./config/utils.sh
[1.741s] -- Up-to-date: /home/eleclabs/ros2_ws/install/micro_ros_setup/./config/generate_lib
[1.743s] -- Up-to-date: /home/eleclabs/ros2_ws/install/micro_ros_setup/./config/generate_lib/dev_uros_packages.repos
[1.743s] -- Up-to-date: /home/eleclabs/ros2_ws/install/micro_ros_setup/./config/generate_lib/dev_ros2_packages.txt
[1.743s] -- Up-to-date: /home/eleclabs/ros2_ws/install/micro_ros_setup/./config/generate_lib/generic
[1.765s] -- Up-to-date: /home/eleclabs/ros2_ws/install/micro_ros_setup/./config/generate_lib/generic/build.sh
[1.798s] -- Up-to-date: /home/eleclabs/ros2_ws/install/micro_ros_setup/./config/generate_lib/generic/client_uros_packages.repos
[1.799s] -- Up-to-date: /home/eleclabs/ros2_ws/install/micro_ros_setup/./config/generate_lib/generic/demo_toolchain.cmake
[1.801s] -- Up-to-date: /home/eleclabs/ros2_ws/install/micro_ros_setup/./config/generate_lib/generic/package.xml
[1.801s] -- Up-to-date: /home/eleclabs/ros2_ws/install/micro_ros_setup/./config/generate_lib/generic/create.sh
[1.804s] -- Up-to-date: /home/eleclabs/ros2_ws/install/micro_ros_setup/./config/generate_lib/generic/client-colcon.meta
[1.804s] -- Up-to-date: /home/eleclabs/ros2_ws/install/micro_ros_setup/./config/generate_lib/generic/flash.sh
[1.804s] -- Up-to-date: /home/eleclabs/ros2_ws/install/micro_ros_setup/./config/android
[1.804s] -- Up-to-date: /home/eleclabs/ros2_ws/install/micro_ros_setup/./config/android/dev_uros_packages.repos
[1.804s] -- Up-to-date: /home/eleclabs/ros2_ws/install/micro_ros_setup/./config/android/dev_ros2_packages.txt
[1.804s] -- Up-to-date: /home/eleclabs/ros2_ws/install/micro_ros_setup/./config/android/generic
[1.823s] -- Up-to-date: /home/eleclabs/ros2_ws/install/micro_ros_setup/./config/android/generic/build.sh
[1.823s] -- Up-to-date: /home/eleclabs/ros2_ws/install/micro_ros_setup/./config/android/generic/client_uros_packages.repos
[1.826s] -- Up-to-date: /home/eleclabs/ros2_ws/install/micro_ros_setup/./config/android/generic/package.xml
[1.827s] -- Up-to-date: /home/eleclabs/ros2_ws/install/micro_ros_setup/./config/android/generic/create.sh
[1.827s] -- Up-to-date: /home/eleclabs/ros2_ws/install/micro_ros_setup/./config/android/generic/client-colcon.meta
[1.827s] -- Up-to-date: /home/eleclabs/ros2_ws/install/micro_ros_setup/./config/android/generic/flash.sh
[1.829s] -- Up-to-date: /home/eleclabs/ros2_ws/install/micro_ros_setup/./config/agent_ros2_packages.txt
[1.829s] -- Up-to-date: /home/eleclabs/ros2_ws/install/micro_ros_setup/./config/zephyr
[1.847s] -- Up-to-date: /home/eleclabs/ros2_ws/install/micro_ros_setup/./config/zephyr/dev_uros_packages.repos
[1.848s] -- Up-to-date: /home/eleclabs/ros2_ws/install/micro_ros_setup/./config/zephyr/dev_ros2_packages.txt
[1.848s] -- Up-to-date: /home/eleclabs/ros2_ws/install/micro_ros_setup/./config/zephyr/list_apps.sh
[1.848s] -- Up-to-date: /home/eleclabs/ros2_ws/install/micro_ros_setup/./config/zephyr/generic
[1.855s] -- Up-to-date: /home/eleclabs/ros2_ws/install/micro_ros_setup/./config/zephyr/generic/build.sh
[1.855s] -- Up-to-date: /home/eleclabs/ros2_ws/install/micro_ros_setup/./config/zephyr/generic/configure.sh
[1.855s] -- Up-to-date: /home/eleclabs/ros2_ws/install/micro_ros_setup/./config/zephyr/generic/board.repos
[1.855s] -- Up-to-date: /home/eleclabs/ros2_ws/install/micro_ros_setup/./config/zephyr/generic/client_uros_packages.repos
[1.855s] -- Up-to-date: /home/eleclabs/ros2_ws/install/micro_ros_setup/./config/zephyr/generic/supported_platforms
[1.855s] -- Up-to-date: /home/eleclabs/ros2_ws/install/micro_ros_setup/./config/zephyr/generic/package.xml
[1.855s] -- Up-to-date: /home/eleclabs/ros2_ws/install/micro_ros_setup/./config/zephyr/generic/create.sh
[1.855s] -- Up-to-date: /home/eleclabs/ros2_ws/install/micro_ros_setup/./config/zephyr/generic/client-colcon.meta
[1.855s] -- Up-to-date: /home/eleclabs/ros2_ws/install/micro_ros_setup/./config/zephyr/generic/flash.sh
[1.855s] -- Up-to-date: /home/eleclabs/ros2_ws/install/micro_ros_setup/./config/client_uros_packages.repos
[1.860s] -- Up-to-date: /home/eleclabs/ros2_ws/install/micro_ros_setup/./config/client_ros2_packages.txt
[1.860s] -- Up-to-date: /home/eleclabs/ros2_ws/install/micro_ros_setup/./config/freertos
[1.861s] -- Up-to-date: /home/eleclabs/ros2_ws/install/micro_ros_setup/./config/freertos/olimex-stm32-e407
[1.870s] -- Up-to-date: /home/eleclabs/ros2_ws/install/micro_ros_setup/./config/freertos/olimex-stm32-e407/build.sh
[1.870s] -- Up-to-date: /home/eleclabs/ros2_ws/install/micro_ros_setup/./config/freertos/olimex-stm32-e407/configure.sh
[1.877s] -- Up-to-date: /home/eleclabs/ros2_ws/install/micro_ros_setup/./config/freertos/olimex-stm32-e407/board.repos
[1.877s] -- Up-to-date: /home/eleclabs/ros2_ws/install/micro_ros_setup/./config/freertos/olimex-stm32-e407/client_uros_packages.repos
[1.878s] -- Up-to-date: /home/eleclabs/ros2_ws/install/micro_ros_setup/./config/freertos/olimex-stm32-e407/package.xml
[1.878s] -- Up-to-date: /home/eleclabs/ros2_ws/install/micro_ros_setup/./config/freertos/olimex-stm32-e407/create.sh
[1.891s] -- Up-to-date: /home/eleclabs/ros2_ws/install/micro_ros_setup/./config/freertos/olimex-stm32-e407/client-colcon.meta
[1.892s] -- Up-to-date: /home/eleclabs/ros2_ws/install/micro_ros_setup/./config/freertos/olimex-stm32-e407/flash.sh
[1.907s] -- Up-to-date: /home/eleclabs/ros2_ws/install/micro_ros_setup/./config/freertos/esp32
[1.908s] -- Up-to-date: /home/eleclabs/ros2_ws/install/micro_ros_setup/./config/freertos/esp32/build.sh
[1.908s] -- Up-to-date: /home/eleclabs/ros2_ws/install/micro_ros_setup/./config/freertos/esp32/configure.sh
[1.908s] -- Up-to-date: /home/eleclabs/ros2_ws/install/micro_ros_setup/./config/freertos/esp32/README.md
[1.908s] -- Up-to-date: /home/eleclabs/ros2_ws/install/micro_ros_setup/./config/freertos/esp32/board.repos
[1.908s] -- Up-to-date: /home/eleclabs/ros2_ws/install/micro_ros_setup/./config/freertos/esp32/client_uros_packages.repos
[1.908s] -- Up-to-date: /home/eleclabs/ros2_ws/install/micro_ros_setup/./config/freertos/esp32/package.xml
[1.908s] -- Up-to-date: /home/eleclabs/ros2_ws/install/micro_ros_setup/./config/freertos/esp32/create.sh
[1.908s] -- Up-to-date: /home/eleclabs/ros2_ws/install/micro_ros_setup/./config/freertos/esp32/client-colcon.meta
[1.908s] -- Up-to-date: /home/eleclabs/ros2_ws/install/micro_ros_setup/./config/freertos/esp32/flash.sh
[1.908s] -- Up-to-date: /home/eleclabs/ros2_ws/install/micro_ros_setup/./config/freertos/nucleo_f446ze
[1.920s] -- Up-to-date: /home/eleclabs/ros2_ws/install/micro_ros_setup/./config/freertos/nucleo_f446ze/build.sh
[1.920s] -- Up-to-date: /home/eleclabs/ros2_ws/install/micro_ros_setup/./config/freertos/nucleo_f446ze/configure.sh
[1.920s] -- Up-to-date: /home/eleclabs/ros2_ws/install/micro_ros_setup/./config/freertos/nucleo_f446ze/board.repos
[1.920s] -- Up-to-date: /home/eleclabs/ros2_ws/install/micro_ros_setup/./config/freertos/nucleo_f446ze/client_uros_packages.repos
[1.920s] -- Up-to-date: /home/eleclabs/ros2_ws/install/micro_ros_setup/./config/freertos/nucleo_f446ze/package.xml
[1.921s] -- Up-to-date: /home/eleclabs/ros2_ws/install/micro_ros_setup/./config/freertos/nucleo_f446ze/create.sh
[1.921s] -- Up-to-date: /home/eleclabs/ros2_ws/install/micro_ros_setup/./config/freertos/nucleo_f446ze/client-colcon.meta
[1.921s] -- Up-to-date: /home/eleclabs/ros2_ws/install/micro_ros_setup/./config/freertos/nucleo_f446ze/flash.sh
[1.921s] -- Up-to-date: /home/eleclabs/ros2_ws/install/micro_ros_setup/./config/freertos/dev_uros_packages.repos
[1.921s] -- Up-to-date: /home/eleclabs/ros2_ws/install/micro_ros_setup/./config/freertos/crazyflie21
[1.921s] -- Up-to-date: /home/eleclabs/ros2_ws/install/micro_ros_setup/./config/freertos/crazyflie21/build.sh
[1.921s] -- Up-to-date: /home/eleclabs/ros2_ws/install/micro_ros_setup/./config/freertos/crazyflie21/configure.sh
[1.921s] -- Up-to-date: /home/eleclabs/ros2_ws/install/micro_ros_setup/./config/freertos/crazyflie21/board.repos
[1.921s] -- Up-to-date: /home/eleclabs/ros2_ws/install/micro_ros_setup/./config/freertos/crazyflie21/client_uros_packages.repos
[1.922s] -- Up-to-date: /home/eleclabs/ros2_ws/install/micro_ros_setup/./config/freertos/crazyflie21/package.xml
[1.922s] -- Up-to-date: /home/eleclabs/ros2_ws/install/micro_ros_setup/./config/freertos/crazyflie21/create.sh
[1.922s] -- Up-to-date: /home/eleclabs/ros2_ws/install/micro_ros_setup/./config/freertos/crazyflie21/client-colcon.meta
[1.922s] -- Up-to-date: /home/eleclabs/ros2_ws/install/micro_ros_setup/./config/freertos/crazyflie21/flash.sh
[1.922s] -- Up-to-date: /home/eleclabs/ros2_ws/install/micro_ros_setup/./config/freertos/dev_ros2_packages.txt
[1.922s] -- Up-to-date: /home/eleclabs/ros2_ws/install/micro_ros_setup/./config/freertos/list_apps.sh
[1.922s] -- Up-to-date: /home/eleclabs/ros2_ws/install/micro_ros_setup/./config/freertos/nucleo_f767zi
[1.922s] -- Up-to-date: /home/eleclabs/ros2_ws/install/micro_ros_setup/./config/freertos/nucleo_f767zi/build.sh
[1.922s] -- Up-to-date: /home/eleclabs/ros2_ws/install/micro_ros_setup/./config/freertos/nucleo_f767zi/configure.sh
[1.923s] -- Up-to-date: /home/eleclabs/ros2_ws/install/micro_ros_setup/./config/freertos/nucleo_f767zi/board.repos
[1.923s] -- Up-to-date: /home/eleclabs/ros2_ws/install/micro_ros_setup/./config/freertos/nucleo_f767zi/client_uros_packages.repos
[1.923s] -- Up-to-date: /home/eleclabs/ros2_ws/install/micro_ros_setup/./config/freertos/nucleo_f767zi/package.xml
[1.923s] -- Up-to-date: /home/eleclabs/ros2_ws/install/micro_ros_setup/./config/freertos/nucleo_f767zi/create.sh
[1.936s] -- Up-to-date: /home/eleclabs/ros2_ws/install/micro_ros_setup/./config/freertos/nucleo_f767zi/client-colcon.meta
[1.939s] -- Up-to-date: /home/eleclabs/ros2_ws/install/micro_ros_setup/./config/freertos/nucleo_f767zi/flash.sh
[1.939s] -- Up-to-date: /home/eleclabs/ros2_ws/install/micro_ros_setup/./config/freertos/nucleo_f446re
[1.940s] -- Up-to-date: /home/eleclabs/ros2_ws/install/micro_ros_setup/./config/freertos/nucleo_f446re/build.sh
[1.940s] -- Up-to-date: /home/eleclabs/ros2_ws/install/micro_ros_setup/./config/freertos/nucleo_f446re/configure.sh
[1.940s] -- Up-to-date: /home/eleclabs/ros2_ws/install/micro_ros_setup/./config/freertos/nucleo_f446re/board.repos
[1.944s] -- Up-to-date: /home/eleclabs/ros2_ws/install/micro_ros_setup/./config/freertos/nucleo_f446re/client_uros_packages.repos
[1.947s] -- Up-to-date: /home/eleclabs/ros2_ws/install/micro_ros_setup/./config/freertos/nucleo_f446re/package.xml
[1.947s] -- Up-to-date: /home/eleclabs/ros2_ws/install/micro_ros_setup/./config/freertos/nucleo_f446re/create.sh
[1.947s] -- Up-to-date: /home/eleclabs/ros2_ws/install/micro_ros_setup/./config/freertos/nucleo_f446re/client-colcon.meta
[1.948s] -- Up-to-date: /home/eleclabs/ros2_ws/install/micro_ros_setup/./config/freertos/nucleo_f446re/flash.sh
[1.948s] -- Up-to-date: /home/eleclabs/ros2_ws/install/micro_ros_setup/./config/freertos/nucleo_f746zg
[1.948s] -- Up-to-date: /home/eleclabs/ros2_ws/install/micro_ros_setup/./config/freertos/nucleo_f746zg/build.sh
[1.948s] -- Up-to-date: /home/eleclabs/ros2_ws/install/micro_ros_setup/./config/freertos/nucleo_f746zg/configure.sh
[1.949s] -- Up-to-date: /home/eleclabs/ros2_ws/install/micro_ros_setup/./config/freertos/nucleo_f746zg/board.repos
[1.949s] -- Up-to-date: /home/eleclabs/ros2_ws/install/micro_ros_setup/./config/freertos/nucleo_f746zg/client_uros_packages.repos
[1.949s] -- Up-to-date: /home/eleclabs/ros2_ws/install/micro_ros_setup/./config/freertos/nucleo_f746zg/package.xml
[1.949s] -- Up-to-date: /home/eleclabs/ros2_ws/install/micro_ros_setup/./config/freertos/nucleo_f746zg/create.sh
[1.949s] -- Up-to-date: /home/eleclabs/ros2_ws/install/micro_ros_setup/./config/freertos/nucleo_f746zg/client-colcon.meta
[1.949s] -- Up-to-date: /home/eleclabs/ros2_ws/install/micro_ros_setup/./config/freertos/nucleo_f746zg/flash.sh
[1.949s] -- Up-to-date: /home/eleclabs/ros2_ws/install/micro_ros_setup/lib/micro_ros_setup/create_ws.sh
[1.949s] -- Up-to-date: /home/eleclabs/ros2_ws/install/micro_ros_setup/lib/micro_ros_setup/create_agent_ws.sh
[1.950s] -- Up-to-date: /home/eleclabs/ros2_ws/install/micro_ros_setup/lib/micro_ros_setup/create_firmware_ws.sh
[1.950s] -- Up-to-date: /home/eleclabs/ros2_ws/install/micro_ros_setup/lib/micro_ros_setup/configure_firmware.sh
[1.950s] -- Up-to-date: /home/eleclabs/ros2_ws/install/micro_ros_setup/lib/micro_ros_setup/flash_firmware.sh
[1.950s] -- Up-to-date: /home/eleclabs/ros2_ws/install/micro_ros_setup/lib/micro_ros_setup/build_firmware.sh
[1.950s] -- Up-to-date: /home/eleclabs/ros2_ws/install/micro_ros_setup/lib/micro_ros_setup/build_agent.sh
[1.950s] -- Up-to-date: /home/eleclabs/ros2_ws/install/micro_ros_setup/lib/micro_ros_setup/yaml_filter.py
[1.950s] -- Up-to-date: /home/eleclabs/ros2_ws/install/micro_ros_setup/lib/micro_ros_setup/clean_env.sh
[1.950s] -- Up-to-date: /home/eleclabs/ros2_ws/install/micro_ros_setup/lib/micro_ros_setup/component
[1.951s] Invoked command in '/home/eleclabs/ros2_ws/build/micro_ros_setup' returned '0': CMAKE_PREFIX_PATH=${CMAKE_PREFIX_PATH}:/home/eleclabs/ros2_ws/install/usb_cam_realtime:/home/eleclabs/ros2_ws/install/usb_cam_example:/home/eleclabs/ros2_ws/install/ros2_opencv:/home/eleclabs/ros2_ws/install/opencv_tools:/home/eleclabs/ros2_ws/install/image_viewer:/opt/ros/humble /usr/bin/cmake --install /home/eleclabs/ros2_ws/build/micro_ros_setup
