[0.138s] Invoking command in '/home/eleclabs/ros2_ws/build/object_detection': CMAKE_PREFIX_PATH=${CMAKE_PREFIX_PATH}:/home/eleclabs/ros2_ws/install/usb_cam_realtime:/home/eleclabs/ros2_ws/install/usb_cam_example:/home/eleclabs/ros2_ws/install/ros2_opencv:/home/eleclabs/ros2_ws/install/opencv_tools:/home/eleclabs/ros2_ws/install/object_detection:/home/eleclabs/ros2_ws/install/image_viewer:/opt/ros/humble /usr/bin/cmake /home/eleclabs/ros2_ws/src/object_detection -DCMAKE_INSTALL_PREFIX=/home/eleclabs/ros2_ws/install/object_detection
[1.287s] -- The C compiler identification is GNU 11.4.0
[1.807s] -- The CXX compiler identification is GNU 11.4.0
[1.948s] -- Detecting C compiler ABI info
[2.498s] -- Detecting C compiler ABI info - done
[2.533s] -- Check for working C compiler: /usr/bin/cc - skipped
[2.534s] -- Detecting C compile features
[2.534s] -- Detecting C compile features - done
[2.560s] -- Detecting CXX compiler ABI info
[3.050s] -- Detecting CXX compiler ABI info - done
[3.094s] -- Check for working CXX compiler: /usr/bin/c++ - skipped
[3.174s] -- Detecting CXX compile features
[3.179s] -- Detecting CXX compile features - done
[3.179s] -- Found ament_cmake: 1.3.11 (/opt/ros/humble/share/ament_cmake/cmake)
[3.736s] -- Found Python3: /usr/bin/python3 (found version "3.10.12") found components: Interpreter 
[4.164s] -- Found rclcpp: 16.0.11 (/opt/ros/humble/share/rclcpp/cmake)
[4.379s] -- Found rosidl_generator_c: 3.1.6 (/opt/ros/humble/share/rosidl_generator_c/cmake)
[4.411s] -- Found rosidl_adapter: 3.1.6 (/opt/ros/humble/share/rosidl_adapter/cmake)
[4.473s] -- Found rosidl_generator_cpp: 3.1.6 (/opt/ros/humble/share/rosidl_generator_cpp/cmake)
[4.611s] -- Using all available rosidl_typesupport_c: rosidl_typesupport_fastrtps_c;rosidl_typesupport_introspection_c
[4.648s] -- Using all available rosidl_typesupport_cpp: rosidl_typesupport_fastrtps_cpp;rosidl_typesupport_introspection_cpp
[4.849s] -- Found rmw_implementation_cmake: 6.1.2 (/opt/ros/humble/share/rmw_implementation_cmake/cmake)
[4.862s] -- Found rmw_cyclonedds_cpp: 1.3.4 (/opt/ros/humble/share/rmw_cyclonedds_cpp/cmake)
[4.953s] -- Using RMW implementation 'rmw_cyclonedds_cpp' as default
[5.030s] -- Looking for pthread.h
[5.293s] -- Looking for pthread.h - found
[5.299s] -- Performing Test CMAKE_HAVE_LIBC_PTHREAD
[5.426s] -- Performing Test CMAKE_HAVE_LIBC_PTHREAD - Success
[5.426s] -- Found Threads: TRUE  
[5.779s] -- Found sensor_msgs: 4.2.4 (/opt/ros/humble/share/sensor_msgs/cmake)
[6.076s] -- Found cv_bridge: 3.2.1 (/opt/ros/humble/share/cv_bridge/cmake)
[6.197s] -- Found image_transport: 3.1.10 (/opt/ros/humble/share/image_transport/cmake)
[6.454s] -- Found OpenCV: /usr (found version "4.5.4") 
[6.460s] -- Found ament_lint_auto: 0.12.11 (/opt/ros/humble/share/ament_lint_auto/cmake)
[6.799s] -- Added test 'cppcheck' to perform static code analysis on C / C++ code
[6.799s] -- Configured cppcheck include dirs: 
[6.799s] -- Configured cppcheck exclude dirs and/or files: 
[6.802s] -- Added test 'lint_cmake' to check CMake code style
[6.806s] -- Added test 'uncrustify' to check C / C++ code style
[6.806s] -- Configured uncrustify additional arguments: 
[6.808s] -- Added test 'xmllint' to check XML markup files
[6.812s] -- Configuring done
[6.821s] -- Generating done
[6.826s] -- Build files have been written to: /home/eleclabs/ros2_ws/build/object_detection
[6.842s] Invoked command in '/home/eleclabs/ros2_ws/build/object_detection' returned '0': CMAKE_PREFIX_PATH=${CMAKE_PREFIX_PATH}:/home/eleclabs/ros2_ws/install/usb_cam_realtime:/home/eleclabs/ros2_ws/install/usb_cam_example:/home/eleclabs/ros2_ws/install/ros2_opencv:/home/eleclabs/ros2_ws/install/opencv_tools:/home/eleclabs/ros2_ws/install/object_detection:/home/eleclabs/ros2_ws/install/image_viewer:/opt/ros/humble /usr/bin/cmake /home/eleclabs/ros2_ws/src/object_detection -DCMAKE_INSTALL_PREFIX=/home/eleclabs/ros2_ws/install/object_detection
[6.854s] Invoking command in '/home/eleclabs/ros2_ws/build/object_detection': CMAKE_PREFIX_PATH=${CMAKE_PREFIX_PATH}:/home/eleclabs/ros2_ws/install/usb_cam_realtime:/home/eleclabs/ros2_ws/install/usb_cam_example:/home/eleclabs/ros2_ws/install/ros2_opencv:/home/eleclabs/ros2_ws/install/opencv_tools:/home/eleclabs/ros2_ws/install/object_detection:/home/eleclabs/ros2_ws/install/image_viewer:/opt/ros/humble /usr/bin/cmake --build /home/eleclabs/ros2_ws/build/object_detection -- -j4 -l4
[6.944s] Invoked command in '/home/eleclabs/ros2_ws/build/object_detection' returned '0': CMAKE_PREFIX_PATH=${CMAKE_PREFIX_PATH}:/home/eleclabs/ros2_ws/install/usb_cam_realtime:/home/eleclabs/ros2_ws/install/usb_cam_example:/home/eleclabs/ros2_ws/install/ros2_opencv:/home/eleclabs/ros2_ws/install/opencv_tools:/home/eleclabs/ros2_ws/install/object_detection:/home/eleclabs/ros2_ws/install/image_viewer:/opt/ros/humble /usr/bin/cmake --build /home/eleclabs/ros2_ws/build/object_detection -- -j4 -l4
[6.960s] Invoking command in '/home/eleclabs/ros2_ws/build/object_detection': CMAKE_PREFIX_PATH=${CMAKE_PREFIX_PATH}:/home/eleclabs/ros2_ws/install/usb_cam_realtime:/home/eleclabs/ros2_ws/install/usb_cam_example:/home/eleclabs/ros2_ws/install/ros2_opencv:/home/eleclabs/ros2_ws/install/opencv_tools:/home/eleclabs/ros2_ws/install/object_detection:/home/eleclabs/ros2_ws/install/image_viewer:/opt/ros/humble /usr/bin/cmake --install /home/eleclabs/ros2_ws/build/object_detection
[6.961s] -- Install configuration: ""
[6.961s] -- Installing: /home/eleclabs/ros2_ws/install/object_detection/share/ament_index/resource_index/package_run_dependencies/object_detection
[6.961s] -- Installing: /home/eleclabs/ros2_ws/install/object_detection/share/ament_index/resource_index/parent_prefix_path/object_detection
[6.997s] -- Installing: /home/eleclabs/ros2_ws/install/object_detection/share/object_detection/environment/ament_prefix_path.sh
[6.998s] -- Installing: /home/eleclabs/ros2_ws/install/object_detection/share/object_detection/environment/ament_prefix_path.dsv
[6.999s] -- Installing: /home/eleclabs/ros2_ws/install/object_detection/share/object_detection/environment/path.sh
[6.999s] -- Installing: /home/eleclabs/ros2_ws/install/object_detection/share/object_detection/environment/path.dsv
[7.000s] -- Installing: /home/eleclabs/ros2_ws/install/object_detection/share/object_detection/local_setup.bash
[7.000s] -- Installing: /home/eleclabs/ros2_ws/install/object_detection/share/object_detection/local_setup.sh
[7.001s] -- Installing: /home/eleclabs/ros2_ws/install/object_detection/share/object_detection/local_setup.zsh
[7.001s] -- Installing: /home/eleclabs/ros2_ws/install/object_detection/share/object_detection/local_setup.dsv
[7.003s] -- Installing: /home/eleclabs/ros2_ws/install/object_detection/share/object_detection/package.dsv
[7.026s] -- Installing: /home/eleclabs/ros2_ws/install/object_detection/share/ament_index/resource_index/packages/object_detection
[7.026s] -- Installing: /home/eleclabs/ros2_ws/install/object_detection/share/object_detection/cmake/object_detectionConfig.cmake
[7.027s] -- Installing: /home/eleclabs/ros2_ws/install/object_detection/share/object_detection/cmake/object_detectionConfig-version.cmake
[7.027s] -- Installing: /home/eleclabs/ros2_ws/install/object_detection/share/object_detection/package.xml
[7.034s] Invoked command in '/home/eleclabs/ros2_ws/build/object_detection' returned '0': CMAKE_PREFIX_PATH=${CMAKE_PREFIX_PATH}:/home/eleclabs/ros2_ws/install/usb_cam_realtime:/home/eleclabs/ros2_ws/install/usb_cam_example:/home/eleclabs/ros2_ws/install/ros2_opencv:/home/eleclabs/ros2_ws/install/opencv_tools:/home/eleclabs/ros2_ws/install/object_detection:/home/eleclabs/ros2_ws/install/image_viewer:/opt/ros/humble /usr/bin/cmake --install /home/eleclabs/ros2_ws/build/object_detection
