[1.216s] Invoking command in '/home/eleclabs/ros2_ws/src/usb_cam_example': PYTHONPATH=/home/eleclabs/ros2_ws/build/usb_cam_example/prefix_override:/usr/lib/python3/dist-packages/colcon_core/task/python/colcon_distutils_commands:/home/eleclabs/ros2_ws/install/usb_cam_example/lib/python3.10/site-packages:${PYTHONPATH} /usr/bin/python3 -W ignore:setup.py install is deprecated -W ignore:easy_install command is deprecated setup.py egg_info --egg-base ../../build/usb_cam_example build --build-base /home/eleclabs/ros2_ws/build/usb_cam_example/build install --record /home/eleclabs/ros2_ws/build/usb_cam_example/install.log --single-version-externally-managed install_data
[1.600s] running egg_info
[1.600s] writing ../../build/usb_cam_example/usb_cam_example.egg-info/PKG-INFO
[1.605s] writing dependency_links to ../../build/usb_cam_example/usb_cam_example.egg-info/dependency_links.txt
[1.605s] writing entry points to ../../build/usb_cam_example/usb_cam_example.egg-info/entry_points.txt
[1.605s] writing requirements to ../../build/usb_cam_example/usb_cam_example.egg-info/requires.txt
[1.605s] writing top-level names to ../../build/usb_cam_example/usb_cam_example.egg-info/top_level.txt
[1.612s] reading manifest file '../../build/usb_cam_example/usb_cam_example.egg-info/SOURCES.txt'
[1.616s] writing manifest file '../../build/usb_cam_example/usb_cam_example.egg-info/SOURCES.txt'
[1.623s] running build
[1.624s] running build_py
[1.625s] running install
[1.633s] running install_lib
[1.645s] running install_data
[1.646s] running install_egg_info
[1.650s] removing '/home/eleclabs/ros2_ws/install/usb_cam_example/lib/python3.10/site-packages/usb_cam_example-0.0.0-py3.10.egg-info' (and everything under it)
[1.654s] Copying ../../build/usb_cam_example/usb_cam_example.egg-info to /home/eleclabs/ros2_ws/install/usb_cam_example/lib/python3.10/site-packages/usb_cam_example-0.0.0-py3.10.egg-info
[1.677s] running install_scripts
[1.731s] Installing camera_publisher script to /home/eleclabs/ros2_ws/install/usb_cam_example/lib/usb_cam_example
[1.735s] Installing camera_subscriber script to /home/eleclabs/ros2_ws/install/usb_cam_example/lib/usb_cam_example
[1.736s] writing list of installed files to '/home/eleclabs/ros2_ws/build/usb_cam_example/install.log'
[1.808s] Invoked command in '/home/eleclabs/ros2_ws/src/usb_cam_example' returned '0': PYTHONPATH=/home/eleclabs/ros2_ws/build/usb_cam_example/prefix_override:/usr/lib/python3/dist-packages/colcon_core/task/python/colcon_distutils_commands:/home/eleclabs/ros2_ws/install/usb_cam_example/lib/python3.10/site-packages:${PYTHONPATH} /usr/bin/python3 -W ignore:setup.py install is deprecated -W ignore:easy_install command is deprecated setup.py egg_info --egg-base ../../build/usb_cam_example build --build-base /home/eleclabs/ros2_ws/build/usb_cam_example/build install --record /home/eleclabs/ros2_ws/build/usb_cam_example/install.log --single-version-externally-managed install_data
