[0.503s] Invoking command in '/home/eleclabs/ros2_ws/build/v4l2_camera': CMAKE_PREFIX_PATH=${CMAKE_PREFIX_PATH}:/home/eleclabs/ros2_ws/install/ros2_opencv:/home/eleclabs/ros2_ws/install/opencv_tools:/home/eleclabs/ros2_ws/install/image_viewer:/opt/ros/humble /usr/bin/cmake --build /home/eleclabs/ros2_ws/build/v4l2_camera -- -j4 -l4
[0.719s] [ 50%] Built target v4l2_camera
[0.830s] [ 75%] Built target v4l2_camera_node
[0.862s] [100%] Built target v4l2_camera_compose_test
[0.936s] Invoked command in '/home/eleclabs/ros2_ws/build/v4l2_camera' returned '0': CMAKE_PREFIX_PATH=${CMAKE_PREFIX_PATH}:/home/eleclabs/ros2_ws/install/ros2_opencv:/home/eleclabs/ros2_ws/install/opencv_tools:/home/eleclabs/ros2_ws/install/image_viewer:/opt/ros/humble /usr/bin/cmake --build /home/eleclabs/ros2_ws/build/v4l2_camera -- -j4 -l4
[0.937s] Invoking command in '/home/eleclabs/ros2_ws/build/v4l2_camera': CMAKE_PREFIX_PATH=${CMAKE_PREFIX_PATH}:/home/eleclabs/ros2_ws/install/ros2_opencv:/home/eleclabs/ros2_ws/install/opencv_tools:/home/eleclabs/ros2_ws/install/image_viewer:/opt/ros/humble /usr/bin/cmake --install /home/eleclabs/ros2_ws/build/v4l2_camera
[0.945s] -- Install configuration: ""
[0.945s] -- Up-to-date: /home/eleclabs/ros2_ws/install/v4l2_camera/include
[0.945s] -- Up-to-date: /home/eleclabs/ros2_ws/install/v4l2_camera/include/v4l2_camera
[0.946s] -- Up-to-date: /home/eleclabs/ros2_ws/install/v4l2_camera/include/v4l2_camera/v4l2_camera_device.hpp
[0.946s] -- Up-to-date: /home/eleclabs/ros2_ws/install/v4l2_camera/include/v4l2_camera/control.hpp
[0.946s] -- Up-to-date: /home/eleclabs/ros2_ws/install/v4l2_camera/include/v4l2_camera/fourcc.hpp
[0.947s] -- Up-to-date: /home/eleclabs/ros2_ws/install/v4l2_camera/include/v4l2_camera/parameters.hpp
[0.947s] -- Up-to-date: /home/eleclabs/ros2_ws/install/v4l2_camera/include/v4l2_camera/v4l2_camera.hpp
[0.947s] -- Up-to-date: /home/eleclabs/ros2_ws/install/v4l2_camera/include/v4l2_camera/pixel_format.hpp
[0.947s] -- Up-to-date: /home/eleclabs/ros2_ws/install/v4l2_camera/include/v4l2_camera/image_format.hpp
[0.948s] -- Up-to-date: /home/eleclabs/ros2_ws/install/v4l2_camera/include/v4l2_camera/visibility_control.h
[0.948s] -- Up-to-date: /home/eleclabs/ros2_ws/install/v4l2_camera/lib/libv4l2_camera.so
[0.949s] -- Up-to-date: /home/eleclabs/ros2_ws/install/v4l2_camera/lib/v4l2_camera/v4l2_camera_node
[0.950s] -- Up-to-date: /home/eleclabs/ros2_ws/install/v4l2_camera/lib/v4l2_camera/v4l2_camera_compose_test
[0.951s] -- Up-to-date: /home/eleclabs/ros2_ws/install/v4l2_camera/share/v4l2_camera/environment/library_path.sh
[0.951s] -- Up-to-date: /home/eleclabs/ros2_ws/install/v4l2_camera/share/v4l2_camera/environment/library_path.dsv
[0.952s] -- Up-to-date: /home/eleclabs/ros2_ws/install/v4l2_camera/share/ament_index/resource_index/package_run_dependencies/v4l2_camera
[0.952s] -- Up-to-date: /home/eleclabs/ros2_ws/install/v4l2_camera/share/ament_index/resource_index/parent_prefix_path/v4l2_camera
[0.952s] -- Up-to-date: /home/eleclabs/ros2_ws/install/v4l2_camera/share/v4l2_camera/environment/ament_prefix_path.sh
[0.953s] -- Up-to-date: /home/eleclabs/ros2_ws/install/v4l2_camera/share/v4l2_camera/environment/ament_prefix_path.dsv
[0.953s] -- Up-to-date: /home/eleclabs/ros2_ws/install/v4l2_camera/share/v4l2_camera/environment/path.sh
[0.954s] -- Up-to-date: /home/eleclabs/ros2_ws/install/v4l2_camera/share/v4l2_camera/environment/path.dsv
[0.954s] -- Up-to-date: /home/eleclabs/ros2_ws/install/v4l2_camera/share/v4l2_camera/local_setup.bash
[0.955s] -- Up-to-date: /home/eleclabs/ros2_ws/install/v4l2_camera/share/v4l2_camera/local_setup.sh
[0.955s] -- Up-to-date: /home/eleclabs/ros2_ws/install/v4l2_camera/share/v4l2_camera/local_setup.zsh
[0.955s] -- Up-to-date: /home/eleclabs/ros2_ws/install/v4l2_camera/share/v4l2_camera/local_setup.dsv
[0.955s] -- Installing: /home/eleclabs/ros2_ws/install/v4l2_camera/share/v4l2_camera/package.dsv
[0.956s] -- Up-to-date: /home/eleclabs/ros2_ws/install/v4l2_camera/share/ament_index/resource_index/packages/v4l2_camera
[0.956s] -- Up-to-date: /home/eleclabs/ros2_ws/install/v4l2_camera/share/ament_index/resource_index/rclcpp_components/v4l2_camera
[0.957s] -- Up-to-date: /home/eleclabs/ros2_ws/install/v4l2_camera/share/v4l2_camera/cmake/export_v4l2_cameraExport.cmake
[0.957s] -- Up-to-date: /home/eleclabs/ros2_ws/install/v4l2_camera/share/v4l2_camera/cmake/export_v4l2_cameraExport-noconfig.cmake
[0.958s] -- Up-to-date: /home/eleclabs/ros2_ws/install/v4l2_camera/share/v4l2_camera/cmake/ament_cmake_export_include_directories-extras.cmake
[0.959s] -- Up-to-date: /home/eleclabs/ros2_ws/install/v4l2_camera/share/v4l2_camera/cmake/ament_cmake_export_targets-extras.cmake
[0.960s] -- Up-to-date: /home/eleclabs/ros2_ws/install/v4l2_camera/share/v4l2_camera/cmake/ament_cmake_export_libraries-extras.cmake
[0.960s] -- Up-to-date: /home/eleclabs/ros2_ws/install/v4l2_camera/share/v4l2_camera/cmake/ament_cmake_export_dependencies-extras.cmake
[0.960s] -- Up-to-date: /home/eleclabs/ros2_ws/install/v4l2_camera/share/v4l2_camera/cmake/v4l2_cameraConfig.cmake
[0.964s] -- Up-to-date: /home/eleclabs/ros2_ws/install/v4l2_camera/share/v4l2_camera/cmake/v4l2_cameraConfig-version.cmake
[0.964s] -- Up-to-date: /home/eleclabs/ros2_ws/install/v4l2_camera/share/v4l2_camera/package.xml
[0.986s] Invoked command in '/home/eleclabs/ros2_ws/build/v4l2_camera' returned '0': CMAKE_PREFIX_PATH=${CMAKE_PREFIX_PATH}:/home/eleclabs/ros2_ws/install/ros2_opencv:/home/eleclabs/ros2_ws/install/opencv_tools:/home/eleclabs/ros2_ws/install/image_viewer:/opt/ros/humble /usr/bin/cmake --install /home/eleclabs/ros2_ws/build/v4l2_camera
