[0.951s] Invoking command in '/home/eleclabs/ros2_ws/src/opencv_tools': PYTHONPATH=/home/eleclabs/ros2_ws/build/opencv_tools/prefix_override:/usr/lib/python3/dist-packages/colcon_core/task/python/colcon_distutils_commands:/home/eleclabs/ros2_ws/install/opencv_tools/lib/python3.10/site-packages:${PYTHONPATH} /usr/bin/python3 -W ignore:setup.py install is deprecated -W ignore:easy_install command is deprecated setup.py egg_info --egg-base ../../build/opencv_tools build --build-base /home/eleclabs/ros2_ws/build/opencv_tools/build install --record /home/eleclabs/ros2_ws/build/opencv_tools/install.log --single-version-externally-managed install_data
[1.264s] running egg_info
[1.266s] creating ../../build/opencv_tools/opencv_tools.egg-info
[1.267s] writing ../../build/opencv_tools/opencv_tools.egg-info/PKG-INFO
[1.267s] writing dependency_links to ../../build/opencv_tools/opencv_tools.egg-info/dependency_links.txt
[1.267s] writing entry points to ../../build/opencv_tools/opencv_tools.egg-info/entry_points.txt
[1.268s] writing requirements to ../../build/opencv_tools/opencv_tools.egg-info/requires.txt
[1.268s] writing top-level names to ../../build/opencv_tools/opencv_tools.egg-info/top_level.txt
[1.268s] writing manifest file '../../build/opencv_tools/opencv_tools.egg-info/SOURCES.txt'
[1.271s] reading manifest file '../../build/opencv_tools/opencv_tools.egg-info/SOURCES.txt'
[1.271s] writing manifest file '../../build/opencv_tools/opencv_tools.egg-info/SOURCES.txt'
[1.272s] running build
[1.272s] running build_py
[1.273s] creating /home/eleclabs/ros2_ws/build/opencv_tools/build
[1.273s] creating /home/eleclabs/ros2_ws/build/opencv_tools/build/lib
[1.273s] creating /home/eleclabs/ros2_ws/build/opencv_tools/build/lib/opencv_tools
[1.273s] copying opencv_tools/opencv_sub.py -> /home/eleclabs/ros2_ws/build/opencv_tools/build/lib/opencv_tools
[1.274s] copying opencv_tools/opencv_pub.py -> /home/eleclabs/ros2_ws/build/opencv_tools/build/lib/opencv_tools
[1.274s] copying opencv_tools/__init__.py -> /home/eleclabs/ros2_ws/build/opencv_tools/build/lib/opencv_tools
[1.275s] running install
[1.275s] running install_lib
[1.276s] creating /home/eleclabs/ros2_ws/install/opencv_tools/lib/python3.10/site-packages/opencv_tools
[1.277s] copying /home/eleclabs/ros2_ws/build/opencv_tools/build/lib/opencv_tools/opencv_sub.py -> /home/eleclabs/ros2_ws/install/opencv_tools/lib/python3.10/site-packages/opencv_tools
[1.277s] copying /home/eleclabs/ros2_ws/build/opencv_tools/build/lib/opencv_tools/opencv_pub.py -> /home/eleclabs/ros2_ws/install/opencv_tools/lib/python3.10/site-packages/opencv_tools
[1.277s] copying /home/eleclabs/ros2_ws/build/opencv_tools/build/lib/opencv_tools/__init__.py -> /home/eleclabs/ros2_ws/install/opencv_tools/lib/python3.10/site-packages/opencv_tools
[1.278s] byte-compiling /home/eleclabs/ros2_ws/install/opencv_tools/lib/python3.10/site-packages/opencv_tools/opencv_sub.py to opencv_sub.cpython-310.pyc
[1.279s] byte-compiling /home/eleclabs/ros2_ws/install/opencv_tools/lib/python3.10/site-packages/opencv_tools/opencv_pub.py to opencv_pub.cpython-310.pyc
[1.279s] byte-compiling /home/eleclabs/ros2_ws/install/opencv_tools/lib/python3.10/site-packages/opencv_tools/__init__.py to __init__.cpython-310.pyc
[1.279s] running install_data
[1.280s] creating /home/eleclabs/ros2_ws/install/opencv_tools/share/ament_index
[1.280s] creating /home/eleclabs/ros2_ws/install/opencv_tools/share/ament_index/resource_index
[1.280s] creating /home/eleclabs/ros2_ws/install/opencv_tools/share/ament_index/resource_index/packages
[1.280s] copying resource/opencv_tools -> /home/eleclabs/ros2_ws/install/opencv_tools/share/ament_index/resource_index/packages
[1.281s] copying package.xml -> /home/eleclabs/ros2_ws/install/opencv_tools/share/opencv_tools
[1.282s] running install_egg_info
[1.285s] Copying ../../build/opencv_tools/opencv_tools.egg-info to /home/eleclabs/ros2_ws/install/opencv_tools/lib/python3.10/site-packages/opencv_tools-0.0.0-py3.10.egg-info
[1.301s] running install_scripts
[1.318s] Installing img_pub_node script to /home/eleclabs/ros2_ws/install/opencv_tools/lib/opencv_tools
[1.318s] Installing img_sub_node script to /home/eleclabs/ros2_ws/install/opencv_tools/lib/opencv_tools
[1.328s] writing list of installed files to '/home/eleclabs/ros2_ws/build/opencv_tools/install.log'
[1.438s] Invoked command in '/home/eleclabs/ros2_ws/src/opencv_tools' returned '0': PYTHONPATH=/home/eleclabs/ros2_ws/build/opencv_tools/prefix_override:/usr/lib/python3/dist-packages/colcon_core/task/python/colcon_distutils_commands:/home/eleclabs/ros2_ws/install/opencv_tools/lib/python3.10/site-packages:${PYTHONPATH} /usr/bin/python3 -W ignore:setup.py install is deprecated -W ignore:easy_install command is deprecated setup.py egg_info --egg-base ../../build/opencv_tools build --build-base /home/eleclabs/ros2_ws/build/opencv_tools/build install --record /home/eleclabs/ros2_ws/build/opencv_tools/install.log --single-version-externally-managed install_data
