-- Found ament_cmake: 1.3.11 (/opt/ros/humble/share/ament_cmake/cmake)
-- Override CMake install command with custom implementation using symlinks instead of copying resources
-- Found rclc: 4.0.2 (/opt/ros/humble/share/rclc/cmake)
-- Found rosidl_generator_c: 3.1.6 (/opt/ros/humble/share/rosidl_generator_c/cmake)
-- Found rosidl_adapter: 3.1.6 (/opt/ros/humble/share/rosidl_adapter/cmake)
-- Found rosidl_generator_cpp: 3.1.6 (/opt/ros/humble/share/rosidl_generator_cpp/cmake)
-- Using all available rosidl_typesupport_c: rosidl_typesupport_fastrtps_c;rosidl_typesupport_introspection_c
-- Using all available rosidl_typesupport_cpp: rosidl_typesupport_fastrtps_cpp;rosidl_typesupport_introspection_cpp
-- Found rmw_implementation_cmake: 6.1.2 (/opt/ros/humble/share/rmw_implementation_cmake/cmake)
-- Found rmw_cyclonedds_cpp: 1.3.4 (/opt/ros/humble/share/rmw_cyclonedds_cpp/cmake)
-- Using RMW implementation 'rmw_cyclonedds_cpp' as default
-- Found rclpy: 3.3.15 (/opt/ros/humble/share/rclpy/cmake)
-- Found rclcpp: 16.0.11 (/opt/ros/humble/share/rclcpp/cmake)
-- Found geometry_msgs: 4.2.4 (/opt/ros/humble/share/geometry_msgs/cmake)
-- Found sensor_msgs: 4.2.4 (/opt/ros/humble/share/sensor_msgs/cmake)
-- Found ament_lint_auto: 0.12.11 (/opt/ros/humble/share/ament_lint_auto/cmake)
-- Added test 'lint_cmake' to check CMake code style
-- Added test 'xmllint' to check XML markup files
-- Configuring done
-- Generating done
-- Build files have been written to: /home/eleclabs/ros2_ws/build/mypkg
-- Install configuration: ""
-- Execute custom install script
-- Symlinking: /home/eleclabs/ros2_ws/install/mypkg/share/ament_index/resource_index/package_run_dependencies/mypkg
-- Symlinking: /home/eleclabs/ros2_ws/install/mypkg/share/ament_index/resource_index/parent_prefix_path/mypkg
-- Symlinking: /home/eleclabs/ros2_ws/install/mypkg/share/mypkg/environment/ament_prefix_path.sh
-- Symlinking: /home/eleclabs/ros2_ws/install/mypkg/share/mypkg/environment/ament_prefix_path.dsv
-- Symlinking: /home/eleclabs/ros2_ws/install/mypkg/share/mypkg/environment/path.sh
-- Symlinking: /home/eleclabs/ros2_ws/install/mypkg/share/mypkg/environment/path.dsv
-- Symlinking: /home/eleclabs/ros2_ws/install/mypkg/share/mypkg/local_setup.bash
-- Symlinking: /home/eleclabs/ros2_ws/install/mypkg/share/mypkg/local_setup.sh
-- Symlinking: /home/eleclabs/ros2_ws/install/mypkg/share/mypkg/local_setup.zsh
-- Symlinking: /home/eleclabs/ros2_ws/install/mypkg/share/mypkg/local_setup.dsv
-- Symlinking: /home/eleclabs/ros2_ws/install/mypkg/share/mypkg/package.dsv
-- Symlinking: /home/eleclabs/ros2_ws/install/mypkg/share/ament_index/resource_index/packages/mypkg
-- Symlinking: /home/eleclabs/ros2_ws/install/mypkg/share/mypkg/cmake/mypkgConfig.cmake
-- Symlinking: /home/eleclabs/ros2_ws/install/mypkg/share/mypkg/cmake/mypkgConfig-version.cmake
-- Symlinking: /home/eleclabs/ros2_ws/install/mypkg/share/mypkg/package.xml
