[0.025s] Invoking command in '/home/eleclabs/ros2_ws/build/teleop_twist_joy': CMAKE_PREFIX_PATH=${CMAKE_PREFIX_PATH}:/home/eleclabs/ros2_ws/install/ros2_opencv:/home/eleclabs/ros2_ws/install/opencv_tools:/home/eleclabs/ros2_ws/install/image_viewer:/opt/ros/humble /usr/bin/cmake --build /home/eleclabs/ros2_ws/build/teleop_twist_joy -- -j4 -l4
[0.302s] [ 50%] Built target teleop_twist_joy
[0.404s] [100%] Built target teleop_twist_joy_node
[0.444s] Invoked command in '/home/eleclabs/ros2_ws/build/teleop_twist_joy' returned '0': CMAKE_PREFIX_PATH=${CMAKE_PREFIX_PATH}:/home/eleclabs/ros2_ws/install/ros2_opencv:/home/eleclabs/ros2_ws/install/opencv_tools:/home/eleclabs/ros2_ws/install/image_viewer:/opt/ros/humble /usr/bin/cmake --build /home/eleclabs/ros2_ws/build/teleop_twist_joy -- -j4 -l4
[0.447s] Invoking command in '/home/eleclabs/ros2_ws/build/teleop_twist_joy': CMAKE_PREFIX_PATH=${CMAKE_PREFIX_PATH}:/home/eleclabs/ros2_ws/install/ros2_opencv:/home/eleclabs/ros2_ws/install/opencv_tools:/home/eleclabs/ros2_ws/install/image_viewer:/opt/ros/humble /usr/bin/cmake --install /home/eleclabs/ros2_ws/build/teleop_twist_joy
[0.463s] -- Install configuration: ""
[0.468s] -- Up-to-date: /home/eleclabs/ros2_ws/install/teleop_twist_joy/lib/libteleop_twist_joy.so
[0.480s] -- Up-to-date: /home/eleclabs/ros2_ws/install/teleop_twist_joy/lib/teleop_twist_joy/teleop_node
[0.481s] -- Up-to-date: /home/eleclabs/ros2_ws/install/teleop_twist_joy/include/teleop_twist_joy
[0.530s] -- Up-to-date: /home/eleclabs/ros2_ws/install/teleop_twist_joy/include/teleop_twist_joy/teleop_twist_joy
[0.530s] -- Up-to-date: /home/eleclabs/ros2_ws/install/teleop_twist_joy/include/teleop_twist_joy/teleop_twist_joy/teleop_twist_joy.hpp
[0.530s] -- Up-to-date: /home/eleclabs/ros2_ws/install/teleop_twist_joy/include/teleop_twist_joy/teleop_twist_joy/teleop_twist_joy_export.h
[0.531s] -- Up-to-date: /home/eleclabs/ros2_ws/install/teleop_twist_joy/share/teleop_twist_joy/launch
[0.532s] -- Up-to-date: /home/eleclabs/ros2_ws/install/teleop_twist_joy/share/teleop_twist_joy/launch/teleop-launch.py
[0.532s] -- Up-to-date: /home/eleclabs/ros2_ws/install/teleop_twist_joy/share/teleop_twist_joy/config
[0.532s] -- Up-to-date: /home/eleclabs/ros2_ws/install/teleop_twist_joy/share/teleop_twist_joy/config/pdp.config.yaml
[0.532s] -- Up-to-date: /home/eleclabs/ros2_ws/install/teleop_twist_joy/share/teleop_twist_joy/config/xbox.config.yaml
[0.532s] -- Up-to-date: /home/eleclabs/ros2_ws/install/teleop_twist_joy/share/teleop_twist_joy/config/ps3.config.yaml
[0.532s] -- Up-to-date: /home/eleclabs/ros2_ws/install/teleop_twist_joy/share/teleop_twist_joy/config/xd3.config.yaml
[0.533s] -- Up-to-date: /home/eleclabs/ros2_ws/install/teleop_twist_joy/share/teleop_twist_joy/config/ps3-holonomic.config.yaml
[0.533s] -- Up-to-date: /home/eleclabs/ros2_ws/install/teleop_twist_joy/share/teleop_twist_joy/config/atk3.config.yaml
[0.533s] -- Up-to-date: /home/eleclabs/ros2_ws/install/teleop_twist_joy/share/teleop_twist_joy/environment/library_path.sh
[0.533s] -- Up-to-date: /home/eleclabs/ros2_ws/install/teleop_twist_joy/share/teleop_twist_joy/environment/library_path.dsv
[0.533s] -- Up-to-date: /home/eleclabs/ros2_ws/install/teleop_twist_joy/share/ament_index/resource_index/package_run_dependencies/teleop_twist_joy
[0.533s] -- Up-to-date: /home/eleclabs/ros2_ws/install/teleop_twist_joy/share/ament_index/resource_index/parent_prefix_path/teleop_twist_joy
[0.533s] -- Up-to-date: /home/eleclabs/ros2_ws/install/teleop_twist_joy/share/teleop_twist_joy/environment/ament_prefix_path.sh
[0.533s] -- Up-to-date: /home/eleclabs/ros2_ws/install/teleop_twist_joy/share/teleop_twist_joy/environment/ament_prefix_path.dsv
[0.533s] -- Up-to-date: /home/eleclabs/ros2_ws/install/teleop_twist_joy/share/teleop_twist_joy/environment/path.sh
[0.588s] -- Up-to-date: /home/eleclabs/ros2_ws/install/teleop_twist_joy/share/teleop_twist_joy/environment/path.dsv
[0.591s] -- Up-to-date: /home/eleclabs/ros2_ws/install/teleop_twist_joy/share/teleop_twist_joy/local_setup.bash
[0.591s] -- Up-to-date: /home/eleclabs/ros2_ws/install/teleop_twist_joy/share/teleop_twist_joy/local_setup.sh
[0.591s] -- Up-to-date: /home/eleclabs/ros2_ws/install/teleop_twist_joy/share/teleop_twist_joy/local_setup.zsh
[0.591s] -- Up-to-date: /home/eleclabs/ros2_ws/install/teleop_twist_joy/share/teleop_twist_joy/local_setup.dsv
[0.591s] -- Installing: /home/eleclabs/ros2_ws/install/teleop_twist_joy/share/teleop_twist_joy/package.dsv
[0.591s] -- Up-to-date: /home/eleclabs/ros2_ws/install/teleop_twist_joy/share/ament_index/resource_index/packages/teleop_twist_joy
[0.591s] -- Up-to-date: /home/eleclabs/ros2_ws/install/teleop_twist_joy/share/ament_index/resource_index/rclcpp_components/teleop_twist_joy
[0.592s] -- Up-to-date: /home/eleclabs/ros2_ws/install/teleop_twist_joy/share/teleop_twist_joy/cmake/export_teleop_twist_joyExport.cmake
[0.592s] -- Up-to-date: /home/eleclabs/ros2_ws/install/teleop_twist_joy/share/teleop_twist_joy/cmake/export_teleop_twist_joyExport-noconfig.cmake
[0.592s] -- Up-to-date: /home/eleclabs/ros2_ws/install/teleop_twist_joy/share/teleop_twist_joy/cmake/ament_cmake_export_include_directories-extras.cmake
[0.592s] -- Up-to-date: /home/eleclabs/ros2_ws/install/teleop_twist_joy/share/teleop_twist_joy/cmake/ament_cmake_export_libraries-extras.cmake
[0.592s] -- Up-to-date: /home/eleclabs/ros2_ws/install/teleop_twist_joy/share/teleop_twist_joy/cmake/ament_cmake_export_targets-extras.cmake
[0.592s] -- Up-to-date: /home/eleclabs/ros2_ws/install/teleop_twist_joy/share/teleop_twist_joy/cmake/teleop_twist_joyConfig.cmake
[0.592s] -- Up-to-date: /home/eleclabs/ros2_ws/install/teleop_twist_joy/share/teleop_twist_joy/cmake/teleop_twist_joyConfig-version.cmake
[0.592s] -- Up-to-date: /home/eleclabs/ros2_ws/install/teleop_twist_joy/share/teleop_twist_joy/package.xml
[0.615s] Invoked command in '/home/eleclabs/ros2_ws/build/teleop_twist_joy' returned '0': CMAKE_PREFIX_PATH=${CMAKE_PREFIX_PATH}:/home/eleclabs/ros2_ws/install/ros2_opencv:/home/eleclabs/ros2_ws/install/opencv_tools:/home/eleclabs/ros2_ws/install/image_viewer:/opt/ros/humble /usr/bin/cmake --install /home/eleclabs/ros2_ws/build/teleop_twist_joy
