[0.024s] Invoking command in '/home/eleclabs/ros2_ws/build/webcam_stream': CMAKE_PREFIX_PATH=${CMAKE_PREFIX_PATH}:/home/eleclabs/ros2_ws/install/usb_cam_realtime:/home/eleclabs/ros2_ws/install/usb_cam_example:/home/eleclabs/ros2_ws/install/ros2_opencv:/home/eleclabs/ros2_ws/install/opencv_tools:/home/eleclabs/ros2_ws/install/object_detection:/home/eleclabs/ros2_ws/install/image_viewer:/opt/ros/humble /usr/bin/cmake --build /home/eleclabs/ros2_ws/build/webcam_stream -- -j4 -l4
[0.389s] [ 50%] Built target webcam_subscriber
[0.460s] [100%] Built target webcam_publisher
[0.489s] Invoked command in '/home/eleclabs/ros2_ws/build/webcam_stream' returned '0': CMAKE_PREFIX_PATH=${CMAKE_PREFIX_PATH}:/home/eleclabs/ros2_ws/install/usb_cam_realtime:/home/eleclabs/ros2_ws/install/usb_cam_example:/home/eleclabs/ros2_ws/install/ros2_opencv:/home/eleclabs/ros2_ws/install/opencv_tools:/home/eleclabs/ros2_ws/install/object_detection:/home/eleclabs/ros2_ws/install/image_viewer:/opt/ros/humble /usr/bin/cmake --build /home/eleclabs/ros2_ws/build/webcam_stream -- -j4 -l4
[0.535s] Invoking command in '/home/eleclabs/ros2_ws/build/webcam_stream': CMAKE_PREFIX_PATH=${CMAKE_PREFIX_PATH}:/home/eleclabs/ros2_ws/install/usb_cam_realtime:/home/eleclabs/ros2_ws/install/usb_cam_example:/home/eleclabs/ros2_ws/install/ros2_opencv:/home/eleclabs/ros2_ws/install/opencv_tools:/home/eleclabs/ros2_ws/install/object_detection:/home/eleclabs/ros2_ws/install/image_viewer:/opt/ros/humble /usr/bin/cmake --install /home/eleclabs/ros2_ws/build/webcam_stream
[0.559s] -- Install configuration: ""
[0.569s] -- Up-to-date: /home/eleclabs/ros2_ws/install/webcam_stream/lib/webcam_stream/webcam_publisher
[0.570s] -- Up-to-date: /home/eleclabs/ros2_ws/install/webcam_stream/lib/webcam_stream/webcam_subscriber
[0.570s] -- Up-to-date: /home/eleclabs/ros2_ws/install/webcam_stream/share/ament_index/resource_index/package_run_dependencies/webcam_stream
[0.572s] -- Up-to-date: /home/eleclabs/ros2_ws/install/webcam_stream/share/ament_index/resource_index/parent_prefix_path/webcam_stream
[0.573s] -- Up-to-date: /home/eleclabs/ros2_ws/install/webcam_stream/share/webcam_stream/environment/ament_prefix_path.sh
[0.574s] -- Up-to-date: /home/eleclabs/ros2_ws/install/webcam_stream/share/webcam_stream/environment/ament_prefix_path.dsv
[0.574s] -- Up-to-date: /home/eleclabs/ros2_ws/install/webcam_stream/share/webcam_stream/environment/path.sh
[0.574s] -- Up-to-date: /home/eleclabs/ros2_ws/install/webcam_stream/share/webcam_stream/environment/path.dsv
[0.575s] -- Up-to-date: /home/eleclabs/ros2_ws/install/webcam_stream/share/webcam_stream/local_setup.bash
[0.575s] -- Up-to-date: /home/eleclabs/ros2_ws/install/webcam_stream/share/webcam_stream/local_setup.sh
[0.575s] -- Up-to-date: /home/eleclabs/ros2_ws/install/webcam_stream/share/webcam_stream/local_setup.zsh
[0.578s] -- Up-to-date: /home/eleclabs/ros2_ws/install/webcam_stream/share/webcam_stream/local_setup.dsv
[0.578s] -- Installing: /home/eleclabs/ros2_ws/install/webcam_stream/share/webcam_stream/package.dsv
[0.579s] -- Up-to-date: /home/eleclabs/ros2_ws/install/webcam_stream/share/ament_index/resource_index/packages/webcam_stream
[0.580s] -- Up-to-date: /home/eleclabs/ros2_ws/install/webcam_stream/share/webcam_stream/cmake/webcam_streamConfig.cmake
[0.580s] -- Up-to-date: /home/eleclabs/ros2_ws/install/webcam_stream/share/webcam_stream/cmake/webcam_streamConfig-version.cmake
[0.580s] -- Up-to-date: /home/eleclabs/ros2_ws/install/webcam_stream/share/webcam_stream/package.xml
[0.591s] Invoked command in '/home/eleclabs/ros2_ws/build/webcam_stream' returned '0': CMAKE_PREFIX_PATH=${CMAKE_PREFIX_PATH}:/home/eleclabs/ros2_ws/install/usb_cam_realtime:/home/eleclabs/ros2_ws/install/usb_cam_example:/home/eleclabs/ros2_ws/install/ros2_opencv:/home/eleclabs/ros2_ws/install/opencv_tools:/home/eleclabs/ros2_ws/install/object_detection:/home/eleclabs/ros2_ws/install/image_viewer:/opt/ros/humble /usr/bin/cmake --install /home/eleclabs/ros2_ws/build/webcam_stream
