[0.319s] Invoking command in '/home/eleclabs/ros2_ws/build/object_detection': CMAKE_PREFIX_PATH=${CMAKE_PREFIX_PATH}:/home/eleclabs/ros2_ws/install/usb_cam_realtime:/home/eleclabs/ros2_ws/install/usb_cam_example:/home/eleclabs/ros2_ws/install/ros2_opencv:/home/eleclabs/ros2_ws/install/opencv_tools:/home/eleclabs/ros2_ws/install/object_detection:/home/eleclabs/ros2_ws/install/image_viewer:/opt/ros/humble /usr/bin/cmake --build /home/eleclabs/ros2_ws/build/object_detection -- -j4 -l4
[0.441s] -- Found ament_cmake: 1.3.11 (/opt/ros/humble/share/ament_cmake/cmake)
[1.013s] -- Found rclcpp: 16.0.11 (/opt/ros/humble/share/rclcpp/cmake)
[1.243s] -- Found rosidl_generator_c: 3.1.6 (/opt/ros/humble/share/rosidl_generator_c/cmake)
[1.295s] -- Found rosidl_adapter: 3.1.6 (/opt/ros/humble/share/rosidl_adapter/cmake)
[1.311s] -- Found rosidl_generator_cpp: 3.1.6 (/opt/ros/humble/share/rosidl_generator_cpp/cmake)
[1.367s] -- Using all available rosidl_typesupport_c: rosidl_typesupport_fastrtps_c;rosidl_typesupport_introspection_c
[1.425s] -- Using all available rosidl_typesupport_cpp: rosidl_typesupport_fastrtps_cpp;rosidl_typesupport_introspection_cpp
[1.577s] -- Found rmw_implementation_cmake: 6.1.2 (/opt/ros/humble/share/rmw_implementation_cmake/cmake)
[1.639s] -- Found rmw_cyclonedds_cpp: 1.3.4 (/opt/ros/humble/share/rmw_cyclonedds_cpp/cmake)
[1.741s] -- Using RMW implementation 'rmw_cyclonedds_cpp' as default
[1.979s] -- Found sensor_msgs: 4.2.4 (/opt/ros/humble/share/sensor_msgs/cmake)
[2.090s] -- Found cv_bridge: 3.2.1 (/opt/ros/humble/share/cv_bridge/cmake)
[2.172s] -- Found image_transport: 3.1.10 (/opt/ros/humble/share/image_transport/cmake)
[2.421s] -- Found ament_lint_auto: 0.12.11 (/opt/ros/humble/share/ament_lint_auto/cmake)
[2.651s] -- Added test 'cppcheck' to perform static code analysis on C / C++ code
[2.652s] -- Configured cppcheck include dirs: 
[2.652s] -- Configured cppcheck exclude dirs and/or files: 
[2.674s] -- Added test 'lint_cmake' to check CMake code style
[2.685s] -- Added test 'uncrustify' to check C / C++ code style
[2.685s] -- Configured uncrustify additional arguments: 
[2.686s] -- Added test 'xmllint' to check XML markup files
[2.686s] -- Configuring done
[2.785s] -- Generating done
[2.785s] -- Build files have been written to: /home/eleclabs/ros2_ws/build/object_detection
[2.916s] [ 25%] [32mBuilding CXX object CMakeFiles/object_detection_subscriber.dir/src/object_detection_subscriber.cpp.o[0m
[2.921s] [ 50%] [32mBuilding CXX object CMakeFiles/object_detection_publisher.dir/src/object_detection_publisher.cpp.o[0m
[15.251s] [ 75%] [32m[1mLinking CXX executable object_detection_publisher[0m
[18.574s] [ 75%] Built target object_detection_publisher
[20.418s] [100%] [32m[1mLinking CXX executable object_detection_subscriber[0m
[21.724s] [100%] Built target object_detection_subscriber
[21.785s] Invoked command in '/home/eleclabs/ros2_ws/build/object_detection' returned '0': CMAKE_PREFIX_PATH=${CMAKE_PREFIX_PATH}:/home/eleclabs/ros2_ws/install/usb_cam_realtime:/home/eleclabs/ros2_ws/install/usb_cam_example:/home/eleclabs/ros2_ws/install/ros2_opencv:/home/eleclabs/ros2_ws/install/opencv_tools:/home/eleclabs/ros2_ws/install/object_detection:/home/eleclabs/ros2_ws/install/image_viewer:/opt/ros/humble /usr/bin/cmake --build /home/eleclabs/ros2_ws/build/object_detection -- -j4 -l4
[21.789s] Invoking command in '/home/eleclabs/ros2_ws/build/object_detection': CMAKE_PREFIX_PATH=${CMAKE_PREFIX_PATH}:/home/eleclabs/ros2_ws/install/usb_cam_realtime:/home/eleclabs/ros2_ws/install/usb_cam_example:/home/eleclabs/ros2_ws/install/ros2_opencv:/home/eleclabs/ros2_ws/install/opencv_tools:/home/eleclabs/ros2_ws/install/object_detection:/home/eleclabs/ros2_ws/install/image_viewer:/opt/ros/humble /usr/bin/cmake --install /home/eleclabs/ros2_ws/build/object_detection
[21.832s] -- Install configuration: ""
[21.844s] -- Installing: /home/eleclabs/ros2_ws/install/object_detection/lib/object_detection/object_detection_publisher
[21.853s] -- Set runtime path of "/home/eleclabs/ros2_ws/install/object_detection/lib/object_detection/object_detection_publisher" to ""
[21.853s] -- Installing: /home/eleclabs/ros2_ws/install/object_detection/lib/object_detection/object_detection_subscriber
[21.861s] -- Set runtime path of "/home/eleclabs/ros2_ws/install/object_detection/lib/object_detection/object_detection_subscriber" to ""
[21.861s] -- Up-to-date: /home/eleclabs/ros2_ws/install/object_detection/share/ament_index/resource_index/package_run_dependencies/object_detection
[21.863s] -- Up-to-date: /home/eleclabs/ros2_ws/install/object_detection/share/ament_index/resource_index/parent_prefix_path/object_detection
[21.863s] -- Up-to-date: /home/eleclabs/ros2_ws/install/object_detection/share/object_detection/environment/ament_prefix_path.sh
[21.863s] -- Installing: /home/eleclabs/ros2_ws/install/object_detection/share/object_detection/environment/ament_prefix_path.dsv
[21.866s] -- Up-to-date: /home/eleclabs/ros2_ws/install/object_detection/share/object_detection/environment/path.sh
[21.867s] -- Installing: /home/eleclabs/ros2_ws/install/object_detection/share/object_detection/environment/path.dsv
[21.868s] -- Up-to-date: /home/eleclabs/ros2_ws/install/object_detection/share/object_detection/local_setup.bash
[21.869s] -- Up-to-date: /home/eleclabs/ros2_ws/install/object_detection/share/object_detection/local_setup.sh
[21.869s] -- Up-to-date: /home/eleclabs/ros2_ws/install/object_detection/share/object_detection/local_setup.zsh
[21.869s] -- Installing: /home/eleclabs/ros2_ws/install/object_detection/share/object_detection/local_setup.dsv
[21.874s] -- Installing: /home/eleclabs/ros2_ws/install/object_detection/share/object_detection/package.dsv
[21.875s] -- Up-to-date: /home/eleclabs/ros2_ws/install/object_detection/share/ament_index/resource_index/packages/object_detection
[21.876s] -- Up-to-date: /home/eleclabs/ros2_ws/install/object_detection/share/object_detection/cmake/object_detectionConfig.cmake
[21.876s] -- Up-to-date: /home/eleclabs/ros2_ws/install/object_detection/share/object_detection/cmake/object_detectionConfig-version.cmake
[21.876s] -- Up-to-date: /home/eleclabs/ros2_ws/install/object_detection/share/object_detection/package.xml
[21.882s] Invoked command in '/home/eleclabs/ros2_ws/build/object_detection' returned '0': CMAKE_PREFIX_PATH=${CMAKE_PREFIX_PATH}:/home/eleclabs/ros2_ws/install/usb_cam_realtime:/home/eleclabs/ros2_ws/install/usb_cam_example:/home/eleclabs/ros2_ws/install/ros2_opencv:/home/eleclabs/ros2_ws/install/opencv_tools:/home/eleclabs/ros2_ws/install/object_detection:/home/eleclabs/ros2_ws/install/image_viewer:/opt/ros/humble /usr/bin/cmake --install /home/eleclabs/ros2_ws/build/object_detection
