[35m[1mConsolidate compiler generated dependencies of target object_detection_subscriber[0m
[35m[1mConsolidate compiler generated dependencies of target object_detection_publisher[0m
[ 50%] Built target object_detection_subscriber
[100%] Built target object_detection_publisher
-- Install configuration: ""
-- Up-to-date: /home/eleclabs/ros2_ws/install/object_detection/lib/object_detection/object_detection_publisher
-- Up-to-date: /home/eleclabs/ros2_ws/install/object_detection/lib/object_detection/object_detection_subscriber
-- Up-to-date: /home/eleclabs/ros2_ws/install/object_detection/share/ament_index/resource_index/package_run_dependencies/object_detection
-- Up-to-date: /home/eleclabs/ros2_ws/install/object_detection/share/ament_index/resource_index/parent_prefix_path/object_detection
-- Up-to-date: /home/eleclabs/ros2_ws/install/object_detection/share/object_detection/environment/ament_prefix_path.sh
-- Up-to-date: /home/eleclabs/ros2_ws/install/object_detection/share/object_detection/environment/ament_prefix_path.dsv
-- Up-to-date: /home/eleclabs/ros2_ws/install/object_detection/share/object_detection/environment/path.sh
-- Up-to-date: /home/eleclabs/ros2_ws/install/object_detection/share/object_detection/environment/path.dsv
-- Up-to-date: /home/eleclabs/ros2_ws/install/object_detection/share/object_detection/local_setup.bash
-- Up-to-date: /home/eleclabs/ros2_ws/install/object_detection/share/object_detection/local_setup.sh
-- Up-to-date: /home/eleclabs/ros2_ws/install/object_detection/share/object_detection/local_setup.zsh
-- Up-to-date: /home/eleclabs/ros2_ws/install/object_detection/share/object_detection/local_setup.dsv
-- Installing: /home/eleclabs/ros2_ws/install/object_detection/share/object_detection/package.dsv
-- Up-to-date: /home/eleclabs/ros2_ws/install/object_detection/share/ament_index/resource_index/packages/object_detection
-- Up-to-date: /home/eleclabs/ros2_ws/install/object_detection/share/object_detection/cmake/object_detectionConfig.cmake
-- Up-to-date: /home/eleclabs/ros2_ws/install/object_detection/share/object_detection/cmake/object_detectionConfig-version.cmake
-- Up-to-date: /home/eleclabs/ros2_ws/install/object_detection/share/object_detection/package.xml
