[0.030s] Invoking command in '/home/eleclabs/ros2_ws/build/object_detection': CMAKE_PREFIX_PATH=${CMAKE_PREFIX_PATH}:/home/eleclabs/ros2_ws/install/usb_cam_realtime:/home/eleclabs/ros2_ws/install/usb_cam_example:/home/eleclabs/ros2_ws/install/ros2_opencv:/home/eleclabs/ros2_ws/install/opencv_tools:/home/eleclabs/ros2_ws/install/image_viewer:/opt/ros/humble /usr/bin/cmake --build /home/eleclabs/ros2_ws/build/object_detection -- -j4 -l4
[0.382s] [35m[1mConsolidate compiler generated dependencies of target object_detection_subscriber[0m
[0.437s] [35m[1mConsolidate compiler generated dependencies of target object_detection_publisher[0m
[0.470s] [ 50%] Built target object_detection_subscriber
[0.529s] [100%] Built target object_detection_publisher
[1.257s] Invoked command in '/home/eleclabs/ros2_ws/build/object_detection' returned '0': CMAKE_PREFIX_PATH=${CMAKE_PREFIX_PATH}:/home/eleclabs/ros2_ws/install/usb_cam_realtime:/home/eleclabs/ros2_ws/install/usb_cam_example:/home/eleclabs/ros2_ws/install/ros2_opencv:/home/eleclabs/ros2_ws/install/opencv_tools:/home/eleclabs/ros2_ws/install/image_viewer:/opt/ros/humble /usr/bin/cmake --build /home/eleclabs/ros2_ws/build/object_detection -- -j4 -l4
[1.259s] Invoking command in '/home/eleclabs/ros2_ws/build/object_detection': CMAKE_PREFIX_PATH=${CMAKE_PREFIX_PATH}:/home/eleclabs/ros2_ws/install/usb_cam_realtime:/home/eleclabs/ros2_ws/install/usb_cam_example:/home/eleclabs/ros2_ws/install/ros2_opencv:/home/eleclabs/ros2_ws/install/opencv_tools:/home/eleclabs/ros2_ws/install/image_viewer:/opt/ros/humble /usr/bin/cmake --install /home/eleclabs/ros2_ws/build/object_detection
[1.341s] -- Install configuration: ""
[1.342s] -- Up-to-date: /home/eleclabs/ros2_ws/install/object_detection/lib/object_detection/object_detection_publisher
[1.342s] -- Up-to-date: /home/eleclabs/ros2_ws/install/object_detection/lib/object_detection/object_detection_subscriber
[1.342s] -- Up-to-date: /home/eleclabs/ros2_ws/install/object_detection/share/ament_index/resource_index/package_run_dependencies/object_detection
[1.342s] -- Up-to-date: /home/eleclabs/ros2_ws/install/object_detection/share/ament_index/resource_index/parent_prefix_path/object_detection
[1.342s] -- Up-to-date: /home/eleclabs/ros2_ws/install/object_detection/share/object_detection/environment/ament_prefix_path.sh
[1.342s] -- Up-to-date: /home/eleclabs/ros2_ws/install/object_detection/share/object_detection/environment/ament_prefix_path.dsv
[1.342s] -- Up-to-date: /home/eleclabs/ros2_ws/install/object_detection/share/object_detection/environment/path.sh
[1.342s] -- Up-to-date: /home/eleclabs/ros2_ws/install/object_detection/share/object_detection/environment/path.dsv
[1.343s] -- Up-to-date: /home/eleclabs/ros2_ws/install/object_detection/share/object_detection/local_setup.bash
[1.343s] -- Up-to-date: /home/eleclabs/ros2_ws/install/object_detection/share/object_detection/local_setup.sh
[1.343s] -- Up-to-date: /home/eleclabs/ros2_ws/install/object_detection/share/object_detection/local_setup.zsh
[1.343s] -- Up-to-date: /home/eleclabs/ros2_ws/install/object_detection/share/object_detection/local_setup.dsv
[1.343s] -- Installing: /home/eleclabs/ros2_ws/install/object_detection/share/object_detection/package.dsv
[1.344s] -- Up-to-date: /home/eleclabs/ros2_ws/install/object_detection/share/ament_index/resource_index/packages/object_detection
[1.344s] -- Up-to-date: /home/eleclabs/ros2_ws/install/object_detection/share/object_detection/cmake/object_detectionConfig.cmake
[1.344s] -- Up-to-date: /home/eleclabs/ros2_ws/install/object_detection/share/object_detection/cmake/object_detectionConfig-version.cmake
[1.345s] -- Up-to-date: /home/eleclabs/ros2_ws/install/object_detection/share/object_detection/package.xml
[1.379s] Invoked command in '/home/eleclabs/ros2_ws/build/object_detection' returned '0': CMAKE_PREFIX_PATH=${CMAKE_PREFIX_PATH}:/home/eleclabs/ros2_ws/install/usb_cam_realtime:/home/eleclabs/ros2_ws/install/usb_cam_example:/home/eleclabs/ros2_ws/install/ros2_opencv:/home/eleclabs/ros2_ws/install/opencv_tools:/home/eleclabs/ros2_ws/install/image_viewer:/opt/ros/humble /usr/bin/cmake --install /home/eleclabs/ros2_ws/build/object_detection
