[0.128s] Invoking command in '/home/eleclabs/ros2_ws/build/teleop_twist_joy': CMAKE_PREFIX_PATH=${CMAKE_PREFIX_PATH}:/home/eleclabs/ros2_ws/install/usb_cam_realtime:/home/eleclabs/ros2_ws/install/usb_cam_example:/home/eleclabs/ros2_ws/install/ros2_opencv:/home/eleclabs/ros2_ws/install/opencv_tools:/home/eleclabs/ros2_ws/install/object_detection:/home/eleclabs/ros2_ws/install/image_viewer:/opt/ros/humble /usr/bin/cmake --build /home/eleclabs/ros2_ws/build/teleop_twist_joy -- -j4 -l4
[0.631s] [ 50%] Built target teleop_twist_joy
[0.880s] [100%] Built target teleop_twist_joy_node
[0.947s] Invoked command in '/home/eleclabs/ros2_ws/build/teleop_twist_joy' returned '0': CMAKE_PREFIX_PATH=${CMAKE_PREFIX_PATH}:/home/eleclabs/ros2_ws/install/usb_cam_realtime:/home/eleclabs/ros2_ws/install/usb_cam_example:/home/eleclabs/ros2_ws/install/ros2_opencv:/home/eleclabs/ros2_ws/install/opencv_tools:/home/eleclabs/ros2_ws/install/object_detection:/home/eleclabs/ros2_ws/install/image_viewer:/opt/ros/humble /usr/bin/cmake --build /home/eleclabs/ros2_ws/build/teleop_twist_joy -- -j4 -l4
[0.985s] Invoking command in '/home/eleclabs/ros2_ws/build/teleop_twist_joy': CMAKE_PREFIX_PATH=${CMAKE_PREFIX_PATH}:/home/eleclabs/ros2_ws/install/usb_cam_realtime:/home/eleclabs/ros2_ws/install/usb_cam_example:/home/eleclabs/ros2_ws/install/ros2_opencv:/home/eleclabs/ros2_ws/install/opencv_tools:/home/eleclabs/ros2_ws/install/object_detection:/home/eleclabs/ros2_ws/install/image_viewer:/opt/ros/humble /usr/bin/cmake --install /home/eleclabs/ros2_ws/build/teleop_twist_joy
[1.015s] -- Install configuration: ""
[1.046s] -- Up-to-date: /home/eleclabs/ros2_ws/install/teleop_twist_joy/lib/libteleop_twist_joy.so
[1.053s] -- Up-to-date: /home/eleclabs/ros2_ws/install/teleop_twist_joy/lib/teleop_twist_joy/teleop_node
[1.055s] -- Up-to-date: /home/eleclabs/ros2_ws/install/teleop_twist_joy/include/teleop_twist_joy
[1.057s] -- Up-to-date: /home/eleclabs/ros2_ws/install/teleop_twist_joy/include/teleop_twist_joy/teleop_twist_joy
[1.058s] -- Up-to-date: /home/eleclabs/ros2_ws/install/teleop_twist_joy/include/teleop_twist_joy/teleop_twist_joy/teleop_twist_joy.hpp
[1.059s] -- Up-to-date: /home/eleclabs/ros2_ws/install/teleop_twist_joy/include/teleop_twist_joy/teleop_twist_joy/teleop_twist_joy_export.h
[1.082s] -- Up-to-date: /home/eleclabs/ros2_ws/install/teleop_twist_joy/share/teleop_twist_joy/launch
[1.084s] -- Up-to-date: /home/eleclabs/ros2_ws/install/teleop_twist_joy/share/teleop_twist_joy/launch/teleop-launch.py
[1.088s] -- Up-to-date: /home/eleclabs/ros2_ws/install/teleop_twist_joy/share/teleop_twist_joy/config
[1.088s] -- Up-to-date: /home/eleclabs/ros2_ws/install/teleop_twist_joy/share/teleop_twist_joy/config/pdp.config.yaml
[1.088s] -- Up-to-date: /home/eleclabs/ros2_ws/install/teleop_twist_joy/share/teleop_twist_joy/config/xbox.config.yaml
[1.093s] -- Up-to-date: /home/eleclabs/ros2_ws/install/teleop_twist_joy/share/teleop_twist_joy/config/ps3.config.yaml
[1.093s] -- Up-to-date: /home/eleclabs/ros2_ws/install/teleop_twist_joy/share/teleop_twist_joy/config/xd3.config.yaml
[1.093s] -- Up-to-date: /home/eleclabs/ros2_ws/install/teleop_twist_joy/share/teleop_twist_joy/config/ps3-holonomic.config.yaml
[1.103s] -- Up-to-date: /home/eleclabs/ros2_ws/install/teleop_twist_joy/share/teleop_twist_joy/config/atk3.config.yaml
[1.104s] -- Up-to-date: /home/eleclabs/ros2_ws/install/teleop_twist_joy/share/teleop_twist_joy/environment/library_path.sh
[1.104s] -- Up-to-date: /home/eleclabs/ros2_ws/install/teleop_twist_joy/share/teleop_twist_joy/environment/library_path.dsv
[1.104s] -- Up-to-date: /home/eleclabs/ros2_ws/install/teleop_twist_joy/share/ament_index/resource_index/package_run_dependencies/teleop_twist_joy
[1.105s] -- Up-to-date: /home/eleclabs/ros2_ws/install/teleop_twist_joy/share/ament_index/resource_index/parent_prefix_path/teleop_twist_joy
[1.105s] -- Up-to-date: /home/eleclabs/ros2_ws/install/teleop_twist_joy/share/teleop_twist_joy/environment/ament_prefix_path.sh
[1.105s] -- Up-to-date: /home/eleclabs/ros2_ws/install/teleop_twist_joy/share/teleop_twist_joy/environment/ament_prefix_path.dsv
[1.106s] -- Up-to-date: /home/eleclabs/ros2_ws/install/teleop_twist_joy/share/teleop_twist_joy/environment/path.sh
[1.106s] -- Up-to-date: /home/eleclabs/ros2_ws/install/teleop_twist_joy/share/teleop_twist_joy/environment/path.dsv
[1.106s] -- Up-to-date: /home/eleclabs/ros2_ws/install/teleop_twist_joy/share/teleop_twist_joy/local_setup.bash
[1.107s] -- Up-to-date: /home/eleclabs/ros2_ws/install/teleop_twist_joy/share/teleop_twist_joy/local_setup.sh
[1.107s] -- Up-to-date: /home/eleclabs/ros2_ws/install/teleop_twist_joy/share/teleop_twist_joy/local_setup.zsh
[1.107s] -- Up-to-date: /home/eleclabs/ros2_ws/install/teleop_twist_joy/share/teleop_twist_joy/local_setup.dsv
[1.107s] -- Installing: /home/eleclabs/ros2_ws/install/teleop_twist_joy/share/teleop_twist_joy/package.dsv
[1.107s] -- Up-to-date: /home/eleclabs/ros2_ws/install/teleop_twist_joy/share/ament_index/resource_index/packages/teleop_twist_joy
[1.109s] -- Up-to-date: /home/eleclabs/ros2_ws/install/teleop_twist_joy/share/ament_index/resource_index/rclcpp_components/teleop_twist_joy
[1.126s] -- Up-to-date: /home/eleclabs/ros2_ws/install/teleop_twist_joy/share/teleop_twist_joy/cmake/export_teleop_twist_joyExport.cmake
[1.128s] -- Up-to-date: /home/eleclabs/ros2_ws/install/teleop_twist_joy/share/teleop_twist_joy/cmake/export_teleop_twist_joyExport-noconfig.cmake
[1.133s] -- Up-to-date: /home/eleclabs/ros2_ws/install/teleop_twist_joy/share/teleop_twist_joy/cmake/ament_cmake_export_include_directories-extras.cmake
[1.135s] -- Up-to-date: /home/eleclabs/ros2_ws/install/teleop_twist_joy/share/teleop_twist_joy/cmake/ament_cmake_export_libraries-extras.cmake
[1.154s] -- Up-to-date: /home/eleclabs/ros2_ws/install/teleop_twist_joy/share/teleop_twist_joy/cmake/ament_cmake_export_targets-extras.cmake
[1.154s] -- Up-to-date: /home/eleclabs/ros2_ws/install/teleop_twist_joy/share/teleop_twist_joy/cmake/teleop_twist_joyConfig.cmake
[1.154s] -- Up-to-date: /home/eleclabs/ros2_ws/install/teleop_twist_joy/share/teleop_twist_joy/cmake/teleop_twist_joyConfig-version.cmake
[1.154s] -- Up-to-date: /home/eleclabs/ros2_ws/install/teleop_twist_joy/share/teleop_twist_joy/package.xml
[1.342s] Invoked command in '/home/eleclabs/ros2_ws/build/teleop_twist_joy' returned '0': CMAKE_PREFIX_PATH=${CMAKE_PREFIX_PATH}:/home/eleclabs/ros2_ws/install/usb_cam_realtime:/home/eleclabs/ros2_ws/install/usb_cam_example:/home/eleclabs/ros2_ws/install/ros2_opencv:/home/eleclabs/ros2_ws/install/opencv_tools:/home/eleclabs/ros2_ws/install/object_detection:/home/eleclabs/ros2_ws/install/image_viewer:/opt/ros/humble /usr/bin/cmake --install /home/eleclabs/ros2_ws/build/teleop_twist_joy
