[5.599s] Invoking command in '/home/eleclabs/ros2_ws/src/image_viewer': PYTHONPATH=/home/eleclabs/ros2_ws/build/image_viewer/prefix_override:/usr/lib/python3/dist-packages/colcon_core/task/python/colcon_distutils_commands:/home/eleclabs/ros2_ws/install/image_viewer/lib/python3.10/site-packages:${PYTHONPATH} /usr/bin/python3 -W ignore:setup.py install is deprecated -W ignore:easy_install command is deprecated setup.py egg_info --egg-base ../../build/image_viewer build --build-base /home/eleclabs/ros2_ws/build/image_viewer/build install --record /home/eleclabs/ros2_ws/build/image_viewer/install.log --single-version-externally-managed install_data
[6.460s] running egg_info
[6.460s] writing ../../build/image_viewer/image_viewer.egg-info/PKG-INFO
[6.465s] writing dependency_links to ../../build/image_viewer/image_viewer.egg-info/dependency_links.txt
[6.465s] writing entry points to ../../build/image_viewer/image_viewer.egg-info/entry_points.txt
[6.465s] writing requirements to ../../build/image_viewer/image_viewer.egg-info/requires.txt
[6.466s] writing top-level names to ../../build/image_viewer/image_viewer.egg-info/top_level.txt
[6.488s] reading manifest file '../../build/image_viewer/image_viewer.egg-info/SOURCES.txt'
[6.489s] writing manifest file '../../build/image_viewer/image_viewer.egg-info/SOURCES.txt'
[6.493s] running build
[6.493s] running build_py
[6.493s] running install
[6.493s] running install_lib
[6.493s] running install_data
[6.493s] running install_egg_info
[6.493s] removing '/home/eleclabs/ros2_ws/install/image_viewer/lib/python3.10/site-packages/image_viewer-0.0.0-py3.10.egg-info' (and everything under it)
[6.504s] Copying ../../build/image_viewer/image_viewer.egg-info to /home/eleclabs/ros2_ws/install/image_viewer/lib/python3.10/site-packages/image_viewer-0.0.0-py3.10.egg-info
[6.505s] running install_scripts
[6.584s] Installing image_viewer_node script to /home/eleclabs/ros2_ws/install/image_viewer/lib/image_viewer
[6.594s] writing list of installed files to '/home/eleclabs/ros2_ws/build/image_viewer/install.log'
[6.718s] Invoked command in '/home/eleclabs/ros2_ws/src/image_viewer' returned '0': PYTHONPATH=/home/eleclabs/ros2_ws/build/image_viewer/prefix_override:/usr/lib/python3/dist-packages/colcon_core/task/python/colcon_distutils_commands:/home/eleclabs/ros2_ws/install/image_viewer/lib/python3.10/site-packages:${PYTHONPATH} /usr/bin/python3 -W ignore:setup.py install is deprecated -W ignore:easy_install command is deprecated setup.py egg_info --egg-base ../../build/image_viewer build --build-base /home/eleclabs/ros2_ws/build/image_viewer/build install --record /home/eleclabs/ros2_ws/build/image_viewer/install.log --single-version-externally-managed install_data
