[0.453s] Invoking command in '/home/eleclabs/ros2_ws/build/micro_ros_msgs': CMAKE_PREFIX_PATH=${CMAKE_PREFIX_PATH}:/home/eleclabs/ros2_ws/install/usb_cam_realtime:/home/eleclabs/ros2_ws/install/usb_cam_example:/home/eleclabs/ros2_ws/install/ros2_opencv:/home/eleclabs/ros2_ws/install/opencv_tools:/home/eleclabs/ros2_ws/install/object_detection:/home/eleclabs/ros2_ws/install/image_viewer:/opt/ros/humble /usr/bin/cmake --build /home/eleclabs/ros2_ws/build/micro_ros_msgs -- -j4 -l4
[1.623s] [  2%] Built target micro_ros_msgs__cpp
[1.623s] [ 12%] Built target micro_ros_msgs__rosidl_generator_c
[1.623s] [ 12%] Built target ament_cmake_python_copy_micro_ros_msgs
[1.623s] [ 23%] Built target micro_ros_msgs__rosidl_typesupport_cpp
[1.623s] [ 34%] Built target micro_ros_msgs__rosidl_typesupport_fastrtps_cpp
[1.623s] [ 44%] Built target micro_ros_msgs__rosidl_typesupport_introspection_cpp
[1.623s] [ 55%] Built target micro_ros_msgs__rosidl_typesupport_fastrtps_c
[1.624s] [ 65%] Built target micro_ros_msgs__rosidl_typesupport_introspection_c
[1.624s] [ 76%] Built target micro_ros_msgs__rosidl_typesupport_c
[1.624s] [ 76%] Built target micro_ros_msgs
[1.804s] [ 78%] Built target micro_ros_msgs__py
[2.117s] [ 87%] Built target micro_ros_msgs__rosidl_generator_py
[2.541s] [ 91%] Built target micro_ros_msgs__rosidl_typesupport_fastrtps_c__pyext
[2.612s] [ 95%] Built target micro_ros_msgs__rosidl_typesupport_introspection_c__pyext
[2.661s] [100%] Built target micro_ros_msgs__rosidl_typesupport_c__pyext
[3.004s] running egg_info
[3.030s] writing micro_ros_msgs.egg-info/PKG-INFO
[3.030s] writing dependency_links to micro_ros_msgs.egg-info/dependency_links.txt
[3.030s] writing top-level names to micro_ros_msgs.egg-info/top_level.txt
[3.054s] reading manifest file 'micro_ros_msgs.egg-info/SOURCES.txt'
[3.061s] writing manifest file 'micro_ros_msgs.egg-info/SOURCES.txt'
[3.199s] [100%] Built target ament_cmake_python_build_micro_ros_msgs_egg
[4.254s] Invoked command in '/home/eleclabs/ros2_ws/build/micro_ros_msgs' returned '0': CMAKE_PREFIX_PATH=${CMAKE_PREFIX_PATH}:/home/eleclabs/ros2_ws/install/usb_cam_realtime:/home/eleclabs/ros2_ws/install/usb_cam_example:/home/eleclabs/ros2_ws/install/ros2_opencv:/home/eleclabs/ros2_ws/install/opencv_tools:/home/eleclabs/ros2_ws/install/object_detection:/home/eleclabs/ros2_ws/install/image_viewer:/opt/ros/humble /usr/bin/cmake --build /home/eleclabs/ros2_ws/build/micro_ros_msgs -- -j4 -l4
[4.273s] Invoking command in '/home/eleclabs/ros2_ws/build/micro_ros_msgs': CMAKE_PREFIX_PATH=${CMAKE_PREFIX_PATH}:/home/eleclabs/ros2_ws/install/usb_cam_realtime:/home/eleclabs/ros2_ws/install/usb_cam_example:/home/eleclabs/ros2_ws/install/ros2_opencv:/home/eleclabs/ros2_ws/install/opencv_tools:/home/eleclabs/ros2_ws/install/object_detection:/home/eleclabs/ros2_ws/install/image_viewer:/opt/ros/humble /usr/bin/cmake --install /home/eleclabs/ros2_ws/build/micro_ros_msgs
[4.319s] -- Install configuration: ""
[4.325s] -- Up-to-date: /home/eleclabs/ros2_ws/install/micro_ros_msgs/share/ament_index/resource_index/rosidl_interfaces/micro_ros_msgs
[4.326s] -- Up-to-date: /home/eleclabs/ros2_ws/install/micro_ros_msgs/include/micro_ros_msgs/micro_ros_msgs
[4.327s] -- Up-to-date: /home/eleclabs/ros2_ws/install/micro_ros_msgs/include/micro_ros_msgs/micro_ros_msgs/msg
[4.328s] -- Up-to-date: /home/eleclabs/ros2_ws/install/micro_ros_msgs/include/micro_ros_msgs/micro_ros_msgs/msg/detail
[4.330s] -- Up-to-date: /home/eleclabs/ros2_ws/install/micro_ros_msgs/include/micro_ros_msgs/micro_ros_msgs/msg/detail/entity__struct.h
[4.331s] -- Up-to-date: /home/eleclabs/ros2_ws/install/micro_ros_msgs/include/micro_ros_msgs/micro_ros_msgs/msg/detail/entity__functions.h
[4.331s] -- Up-to-date: /home/eleclabs/ros2_ws/install/micro_ros_msgs/include/micro_ros_msgs/micro_ros_msgs/msg/detail/entity__type_support.h
[4.331s] -- Up-to-date: /home/eleclabs/ros2_ws/install/micro_ros_msgs/include/micro_ros_msgs/micro_ros_msgs/msg/detail/graph__functions.h
[4.332s] -- Up-to-date: /home/eleclabs/ros2_ws/install/micro_ros_msgs/include/micro_ros_msgs/micro_ros_msgs/msg/detail/node__functions.c
[4.332s] -- Up-to-date: /home/eleclabs/ros2_ws/install/micro_ros_msgs/include/micro_ros_msgs/micro_ros_msgs/msg/detail/entity__functions.c
[4.332s] -- Up-to-date: /home/eleclabs/ros2_ws/install/micro_ros_msgs/include/micro_ros_msgs/micro_ros_msgs/msg/detail/node__functions.h
[4.332s] -- Up-to-date: /home/eleclabs/ros2_ws/install/micro_ros_msgs/include/micro_ros_msgs/micro_ros_msgs/msg/detail/node__struct.h
[4.333s] -- Up-to-date: /home/eleclabs/ros2_ws/install/micro_ros_msgs/include/micro_ros_msgs/micro_ros_msgs/msg/detail/node__type_support.h
[4.333s] -- Up-to-date: /home/eleclabs/ros2_ws/install/micro_ros_msgs/include/micro_ros_msgs/micro_ros_msgs/msg/detail/graph__functions.c
[4.333s] -- Up-to-date: /home/eleclabs/ros2_ws/install/micro_ros_msgs/include/micro_ros_msgs/micro_ros_msgs/msg/detail/graph__type_support.h
[4.334s] -- Up-to-date: /home/eleclabs/ros2_ws/install/micro_ros_msgs/include/micro_ros_msgs/micro_ros_msgs/msg/detail/graph__struct.h
[4.334s] -- Up-to-date: /home/eleclabs/ros2_ws/install/micro_ros_msgs/include/micro_ros_msgs/micro_ros_msgs/msg/rosidl_generator_c__visibility_control.h
[4.336s] -- Up-to-date: /home/eleclabs/ros2_ws/install/micro_ros_msgs/include/micro_ros_msgs/micro_ros_msgs/msg/node.h
[4.336s] -- Up-to-date: /home/eleclabs/ros2_ws/install/micro_ros_msgs/include/micro_ros_msgs/micro_ros_msgs/msg/graph.h
[4.336s] -- Up-to-date: /home/eleclabs/ros2_ws/install/micro_ros_msgs/include/micro_ros_msgs/micro_ros_msgs/msg/entity.h
[4.337s] -- Up-to-date: /home/eleclabs/ros2_ws/install/micro_ros_msgs/share/micro_ros_msgs/environment/library_path.sh
[4.340s] -- Up-to-date: /home/eleclabs/ros2_ws/install/micro_ros_msgs/share/micro_ros_msgs/environment/library_path.dsv
[4.355s] -- Up-to-date: /home/eleclabs/ros2_ws/install/micro_ros_msgs/lib/libmicro_ros_msgs__rosidl_generator_c.so
[4.366s] -- Up-to-date: /home/eleclabs/ros2_ws/install/micro_ros_msgs/include/micro_ros_msgs/micro_ros_msgs
[4.367s] -- Up-to-date: /home/eleclabs/ros2_ws/install/micro_ros_msgs/include/micro_ros_msgs/micro_ros_msgs/msg
[4.367s] -- Up-to-date: /home/eleclabs/ros2_ws/install/micro_ros_msgs/include/micro_ros_msgs/micro_ros_msgs/msg/rosidl_typesupport_fastrtps_c__visibility_control.h
[4.367s] -- Up-to-date: /home/eleclabs/ros2_ws/install/micro_ros_msgs/include/micro_ros_msgs/micro_ros_msgs/msg/detail
[4.382s] -- Up-to-date: /home/eleclabs/ros2_ws/install/micro_ros_msgs/include/micro_ros_msgs/micro_ros_msgs/msg/detail/entity__rosidl_typesupport_fastrtps_c.h
[4.388s] -- Up-to-date: /home/eleclabs/ros2_ws/install/micro_ros_msgs/include/micro_ros_msgs/micro_ros_msgs/msg/detail/graph__rosidl_typesupport_fastrtps_c.h
[4.388s] -- Up-to-date: /home/eleclabs/ros2_ws/install/micro_ros_msgs/include/micro_ros_msgs/micro_ros_msgs/msg/detail/node__rosidl_typesupport_fastrtps_c.h
[4.388s] -- Up-to-date: /home/eleclabs/ros2_ws/install/micro_ros_msgs/lib/libmicro_ros_msgs__rosidl_typesupport_fastrtps_c.so
[4.388s] -- Up-to-date: /home/eleclabs/ros2_ws/install/micro_ros_msgs/include/micro_ros_msgs/micro_ros_msgs
[4.399s] -- Up-to-date: /home/eleclabs/ros2_ws/install/micro_ros_msgs/include/micro_ros_msgs/micro_ros_msgs/msg
[4.399s] -- Up-to-date: /home/eleclabs/ros2_ws/install/micro_ros_msgs/include/micro_ros_msgs/micro_ros_msgs/msg/detail
[4.399s] -- Up-to-date: /home/eleclabs/ros2_ws/install/micro_ros_msgs/include/micro_ros_msgs/micro_ros_msgs/msg/detail/node__rosidl_typesupport_introspection_c.h
[4.399s] -- Up-to-date: /home/eleclabs/ros2_ws/install/micro_ros_msgs/include/micro_ros_msgs/micro_ros_msgs/msg/detail/node__type_support.c
[4.399s] -- Up-to-date: /home/eleclabs/ros2_ws/install/micro_ros_msgs/include/micro_ros_msgs/micro_ros_msgs/msg/detail/entity__rosidl_typesupport_introspection_c.h
[4.400s] -- Up-to-date: /home/eleclabs/ros2_ws/install/micro_ros_msgs/include/micro_ros_msgs/micro_ros_msgs/msg/detail/entity__type_support.c
[4.400s] -- Up-to-date: /home/eleclabs/ros2_ws/install/micro_ros_msgs/include/micro_ros_msgs/micro_ros_msgs/msg/detail/graph__rosidl_typesupport_introspection_c.h
[4.400s] -- Up-to-date: /home/eleclabs/ros2_ws/install/micro_ros_msgs/include/micro_ros_msgs/micro_ros_msgs/msg/detail/graph__type_support.c
[4.400s] -- Up-to-date: /home/eleclabs/ros2_ws/install/micro_ros_msgs/include/micro_ros_msgs/micro_ros_msgs/msg/rosidl_typesupport_introspection_c__visibility_control.h
[4.409s] -- Up-to-date: /home/eleclabs/ros2_ws/install/micro_ros_msgs/lib/libmicro_ros_msgs__rosidl_typesupport_introspection_c.so
[4.416s] -- Up-to-date: /home/eleclabs/ros2_ws/install/micro_ros_msgs/lib/libmicro_ros_msgs__rosidl_typesupport_c.so
[4.417s] -- Up-to-date: /home/eleclabs/ros2_ws/install/micro_ros_msgs/include/micro_ros_msgs/micro_ros_msgs
[4.418s] -- Up-to-date: /home/eleclabs/ros2_ws/install/micro_ros_msgs/include/micro_ros_msgs/micro_ros_msgs/msg
[4.418s] -- Up-to-date: /home/eleclabs/ros2_ws/install/micro_ros_msgs/include/micro_ros_msgs/micro_ros_msgs/msg/detail
[4.421s] -- Up-to-date: /home/eleclabs/ros2_ws/install/micro_ros_msgs/include/micro_ros_msgs/micro_ros_msgs/msg/detail/entity__builder.hpp
[4.421s] -- Up-to-date: /home/eleclabs/ros2_ws/install/micro_ros_msgs/include/micro_ros_msgs/micro_ros_msgs/msg/detail/graph__builder.hpp
[4.422s] -- Up-to-date: /home/eleclabs/ros2_ws/install/micro_ros_msgs/include/micro_ros_msgs/micro_ros_msgs/msg/detail/entity__traits.hpp
[4.423s] -- Up-to-date: /home/eleclabs/ros2_ws/install/micro_ros_msgs/include/micro_ros_msgs/micro_ros_msgs/msg/detail/node__builder.hpp
[4.423s] -- Up-to-date: /home/eleclabs/ros2_ws/install/micro_ros_msgs/include/micro_ros_msgs/micro_ros_msgs/msg/detail/entity__struct.hpp
[4.424s] -- Up-to-date: /home/eleclabs/ros2_ws/install/micro_ros_msgs/include/micro_ros_msgs/micro_ros_msgs/msg/detail/graph__struct.hpp
[4.424s] -- Up-to-date: /home/eleclabs/ros2_ws/install/micro_ros_msgs/include/micro_ros_msgs/micro_ros_msgs/msg/detail/node__struct.hpp
[4.424s] -- Up-to-date: /home/eleclabs/ros2_ws/install/micro_ros_msgs/include/micro_ros_msgs/micro_ros_msgs/msg/detail/graph__type_support.hpp
[4.425s] -- Up-to-date: /home/eleclabs/ros2_ws/install/micro_ros_msgs/include/micro_ros_msgs/micro_ros_msgs/msg/detail/node__traits.hpp
[4.425s] -- Up-to-date: /home/eleclabs/ros2_ws/install/micro_ros_msgs/include/micro_ros_msgs/micro_ros_msgs/msg/detail/entity__type_support.hpp
[4.427s] -- Up-to-date: /home/eleclabs/ros2_ws/install/micro_ros_msgs/include/micro_ros_msgs/micro_ros_msgs/msg/detail/graph__traits.hpp
[4.427s] -- Up-to-date: /home/eleclabs/ros2_ws/install/micro_ros_msgs/include/micro_ros_msgs/micro_ros_msgs/msg/detail/node__type_support.hpp
[4.428s] -- Up-to-date: /home/eleclabs/ros2_ws/install/micro_ros_msgs/include/micro_ros_msgs/micro_ros_msgs/msg/rosidl_generator_cpp__visibility_control.hpp
[4.428s] -- Up-to-date: /home/eleclabs/ros2_ws/install/micro_ros_msgs/include/micro_ros_msgs/micro_ros_msgs/msg/graph.hpp
[4.429s] -- Up-to-date: /home/eleclabs/ros2_ws/install/micro_ros_msgs/include/micro_ros_msgs/micro_ros_msgs/msg/entity.hpp
[4.429s] -- Up-to-date: /home/eleclabs/ros2_ws/install/micro_ros_msgs/include/micro_ros_msgs/micro_ros_msgs/msg/node.hpp
[4.429s] -- Up-to-date: /home/eleclabs/ros2_ws/install/micro_ros_msgs/include/micro_ros_msgs/micro_ros_msgs
[4.431s] -- Up-to-date: /home/eleclabs/ros2_ws/install/micro_ros_msgs/include/micro_ros_msgs/micro_ros_msgs/msg
[4.432s] -- Up-to-date: /home/eleclabs/ros2_ws/install/micro_ros_msgs/include/micro_ros_msgs/micro_ros_msgs/msg/rosidl_typesupport_fastrtps_cpp__visibility_control.h
[4.432s] -- Up-to-date: /home/eleclabs/ros2_ws/install/micro_ros_msgs/include/micro_ros_msgs/micro_ros_msgs/msg/detail
[4.434s] -- Up-to-date: /home/eleclabs/ros2_ws/install/micro_ros_msgs/include/micro_ros_msgs/micro_ros_msgs/msg/detail/entity__rosidl_typesupport_fastrtps_cpp.hpp
[4.435s] -- Up-to-date: /home/eleclabs/ros2_ws/install/micro_ros_msgs/include/micro_ros_msgs/micro_ros_msgs/msg/detail/node__rosidl_typesupport_fastrtps_cpp.hpp
[4.435s] -- Up-to-date: /home/eleclabs/ros2_ws/install/micro_ros_msgs/include/micro_ros_msgs/micro_ros_msgs/msg/detail/graph__rosidl_typesupport_fastrtps_cpp.hpp
[4.435s] -- Up-to-date: /home/eleclabs/ros2_ws/install/micro_ros_msgs/include/micro_ros_msgs/micro_ros_msgs/msg/detail/dds_fastrtps
[4.444s] -- Up-to-date: /home/eleclabs/ros2_ws/install/micro_ros_msgs/lib/libmicro_ros_msgs__rosidl_typesupport_fastrtps_cpp.so
[4.445s] -- Up-to-date: /home/eleclabs/ros2_ws/install/micro_ros_msgs/include/micro_ros_msgs/micro_ros_msgs
[4.447s] -- Up-to-date: /home/eleclabs/ros2_ws/install/micro_ros_msgs/include/micro_ros_msgs/micro_ros_msgs/msg
[4.449s] -- Up-to-date: /home/eleclabs/ros2_ws/install/micro_ros_msgs/include/micro_ros_msgs/micro_ros_msgs/msg/detail
[4.451s] -- Up-to-date: /home/eleclabs/ros2_ws/install/micro_ros_msgs/include/micro_ros_msgs/micro_ros_msgs/msg/detail/node__type_support.cpp
[4.453s] -- Up-to-date: /home/eleclabs/ros2_ws/install/micro_ros_msgs/include/micro_ros_msgs/micro_ros_msgs/msg/detail/node__rosidl_typesupport_introspection_cpp.hpp
[4.453s] -- Up-to-date: /home/eleclabs/ros2_ws/install/micro_ros_msgs/include/micro_ros_msgs/micro_ros_msgs/msg/detail/entity__rosidl_typesupport_introspection_cpp.hpp
[4.453s] -- Up-to-date: /home/eleclabs/ros2_ws/install/micro_ros_msgs/include/micro_ros_msgs/micro_ros_msgs/msg/detail/entity__type_support.cpp
[4.453s] -- Up-to-date: /home/eleclabs/ros2_ws/install/micro_ros_msgs/include/micro_ros_msgs/micro_ros_msgs/msg/detail/graph__rosidl_typesupport_introspection_cpp.hpp
[4.453s] -- Up-to-date: /home/eleclabs/ros2_ws/install/micro_ros_msgs/include/micro_ros_msgs/micro_ros_msgs/msg/detail/graph__type_support.cpp
[4.458s] -- Up-to-date: /home/eleclabs/ros2_ws/install/micro_ros_msgs/lib/libmicro_ros_msgs__rosidl_typesupport_introspection_cpp.so
[4.464s] -- Up-to-date: /home/eleclabs/ros2_ws/install/micro_ros_msgs/lib/libmicro_ros_msgs__rosidl_typesupport_cpp.so
[4.464s] -- Up-to-date: /home/eleclabs/ros2_ws/install/micro_ros_msgs/share/micro_ros_msgs/environment/pythonpath.sh
[4.465s] -- Up-to-date: /home/eleclabs/ros2_ws/install/micro_ros_msgs/share/micro_ros_msgs/environment/pythonpath.dsv
[4.465s] -- Up-to-date: /home/eleclabs/ros2_ws/install/micro_ros_msgs/local/lib/python3.10/dist-packages/micro_ros_msgs-3.0.1-py3.10.egg-info
[4.467s] -- Installing: /home/eleclabs/ros2_ws/install/micro_ros_msgs/local/lib/python3.10/dist-packages/micro_ros_msgs-3.0.1-py3.10.egg-info/PKG-INFO
[4.475s] -- Installing: /home/eleclabs/ros2_ws/install/micro_ros_msgs/local/lib/python3.10/dist-packages/micro_ros_msgs-3.0.1-py3.10.egg-info/SOURCES.txt
[4.476s] -- Installing: /home/eleclabs/ros2_ws/install/micro_ros_msgs/local/lib/python3.10/dist-packages/micro_ros_msgs-3.0.1-py3.10.egg-info/dependency_links.txt
[4.479s] -- Installing: /home/eleclabs/ros2_ws/install/micro_ros_msgs/local/lib/python3.10/dist-packages/micro_ros_msgs-3.0.1-py3.10.egg-info/top_level.txt
[4.491s] -- Up-to-date: /home/eleclabs/ros2_ws/install/micro_ros_msgs/local/lib/python3.10/dist-packages/micro_ros_msgs
[4.491s] -- Up-to-date: /home/eleclabs/ros2_ws/install/micro_ros_msgs/local/lib/python3.10/dist-packages/micro_ros_msgs/micro_ros_msgs_s__rosidl_typesupport_fastrtps_c.cpython-310-x86_64-linux-gnu.so
[4.491s] -- Up-to-date: /home/eleclabs/ros2_ws/install/micro_ros_msgs/local/lib/python3.10/dist-packages/micro_ros_msgs/_micro_ros_msgs_s.ep.rosidl_typesupport_c.c
[4.491s] -- Up-to-date: /home/eleclabs/ros2_ws/install/micro_ros_msgs/local/lib/python3.10/dist-packages/micro_ros_msgs/micro_ros_msgs_s__rosidl_typesupport_introspection_c.cpython-310-x86_64-linux-gnu.so
[4.491s] -- Up-to-date: /home/eleclabs/ros2_ws/install/micro_ros_msgs/local/lib/python3.10/dist-packages/micro_ros_msgs/__init__.py
[4.495s] -- Up-to-date: /home/eleclabs/ros2_ws/install/micro_ros_msgs/local/lib/python3.10/dist-packages/micro_ros_msgs/_micro_ros_msgs_s.ep.rosidl_typesupport_fastrtps_c.c
[4.495s] -- Up-to-date: /home/eleclabs/ros2_ws/install/micro_ros_msgs/local/lib/python3.10/dist-packages/micro_ros_msgs/msg
[4.495s] -- Up-to-date: /home/eleclabs/ros2_ws/install/micro_ros_msgs/local/lib/python3.10/dist-packages/micro_ros_msgs/msg/_graph.py
[4.495s] -- Up-to-date: /home/eleclabs/ros2_ws/install/micro_ros_msgs/local/lib/python3.10/dist-packages/micro_ros_msgs/msg/_node_s.c
[4.495s] -- Up-to-date: /home/eleclabs/ros2_ws/install/micro_ros_msgs/local/lib/python3.10/dist-packages/micro_ros_msgs/msg/_entity_s.c
[4.495s] -- Up-to-date: /home/eleclabs/ros2_ws/install/micro_ros_msgs/local/lib/python3.10/dist-packages/micro_ros_msgs/msg/_entity.py
[4.496s] -- Up-to-date: /home/eleclabs/ros2_ws/install/micro_ros_msgs/local/lib/python3.10/dist-packages/micro_ros_msgs/msg/_graph_s.c
[4.496s] -- Up-to-date: /home/eleclabs/ros2_ws/install/micro_ros_msgs/local/lib/python3.10/dist-packages/micro_ros_msgs/msg/__init__.py
[4.496s] -- Up-to-date: /home/eleclabs/ros2_ws/install/micro_ros_msgs/local/lib/python3.10/dist-packages/micro_ros_msgs/msg/_node.py
[4.496s] -- Up-to-date: /home/eleclabs/ros2_ws/install/micro_ros_msgs/local/lib/python3.10/dist-packages/micro_ros_msgs/micro_ros_msgs_s__rosidl_typesupport_c.cpython-310-x86_64-linux-gnu.so
[4.496s] -- Up-to-date: /home/eleclabs/ros2_ws/install/micro_ros_msgs/local/lib/python3.10/dist-packages/micro_ros_msgs/_micro_ros_msgs_s.ep.rosidl_typesupport_introspection_c.c
[4.496s] -- Up-to-date: /home/eleclabs/ros2_ws/install/micro_ros_msgs/local/lib/python3.10/dist-packages/micro_ros_msgs/libmicro_ros_msgs__rosidl_generator_py.so
[4.646s] Listing '/home/eleclabs/ros2_ws/install/micro_ros_msgs/local/lib/python3.10/dist-packages/micro_ros_msgs'...
[4.646s] Listing '/home/eleclabs/ros2_ws/install/micro_ros_msgs/local/lib/python3.10/dist-packages/micro_ros_msgs/msg'...
[4.650s] -- Up-to-date: /home/eleclabs/ros2_ws/install/micro_ros_msgs/local/lib/python3.10/dist-packages/micro_ros_msgs/micro_ros_msgs_s__rosidl_typesupport_fastrtps_c.cpython-310-x86_64-linux-gnu.so
[4.660s] -- Up-to-date: /home/eleclabs/ros2_ws/install/micro_ros_msgs/local/lib/python3.10/dist-packages/micro_ros_msgs/micro_ros_msgs_s__rosidl_typesupport_introspection_c.cpython-310-x86_64-linux-gnu.so
[4.685s] -- Up-to-date: /home/eleclabs/ros2_ws/install/micro_ros_msgs/local/lib/python3.10/dist-packages/micro_ros_msgs/micro_ros_msgs_s__rosidl_typesupport_c.cpython-310-x86_64-linux-gnu.so
[4.692s] -- Up-to-date: /home/eleclabs/ros2_ws/install/micro_ros_msgs/lib/libmicro_ros_msgs__rosidl_generator_py.so
[4.693s] -- Up-to-date: /home/eleclabs/ros2_ws/install/micro_ros_msgs/share/micro_ros_msgs/msg/Graph.idl
[4.693s] -- Up-to-date: /home/eleclabs/ros2_ws/install/micro_ros_msgs/share/micro_ros_msgs/msg/Node.idl
[4.693s] -- Up-to-date: /home/eleclabs/ros2_ws/install/micro_ros_msgs/share/micro_ros_msgs/msg/Entity.idl
[4.694s] -- Up-to-date: /home/eleclabs/ros2_ws/install/micro_ros_msgs/share/micro_ros_msgs/msg/Graph.msg
[4.694s] -- Up-to-date: /home/eleclabs/ros2_ws/install/micro_ros_msgs/share/micro_ros_msgs/msg/Node.msg
[4.694s] -- Up-to-date: /home/eleclabs/ros2_ws/install/micro_ros_msgs/share/micro_ros_msgs/msg/Entity.msg
[4.695s] -- Up-to-date: /home/eleclabs/ros2_ws/install/micro_ros_msgs/share/ament_index/resource_index/package_run_dependencies/micro_ros_msgs
[4.695s] -- Up-to-date: /home/eleclabs/ros2_ws/install/micro_ros_msgs/share/ament_index/resource_index/parent_prefix_path/micro_ros_msgs
[4.696s] -- Up-to-date: /home/eleclabs/ros2_ws/install/micro_ros_msgs/share/micro_ros_msgs/environment/ament_prefix_path.sh
[4.696s] -- Up-to-date: /home/eleclabs/ros2_ws/install/micro_ros_msgs/share/micro_ros_msgs/environment/ament_prefix_path.dsv
[4.696s] -- Up-to-date: /home/eleclabs/ros2_ws/install/micro_ros_msgs/share/micro_ros_msgs/environment/path.sh
[4.697s] -- Up-to-date: /home/eleclabs/ros2_ws/install/micro_ros_msgs/share/micro_ros_msgs/environment/path.dsv
[4.697s] -- Up-to-date: /home/eleclabs/ros2_ws/install/micro_ros_msgs/share/micro_ros_msgs/local_setup.bash
[4.697s] -- Up-to-date: /home/eleclabs/ros2_ws/install/micro_ros_msgs/share/micro_ros_msgs/local_setup.sh
[4.698s] -- Up-to-date: /home/eleclabs/ros2_ws/install/micro_ros_msgs/share/micro_ros_msgs/local_setup.zsh
[4.698s] -- Up-to-date: /home/eleclabs/ros2_ws/install/micro_ros_msgs/share/micro_ros_msgs/local_setup.dsv
[4.699s] -- Installing: /home/eleclabs/ros2_ws/install/micro_ros_msgs/share/micro_ros_msgs/package.dsv
[4.709s] -- Up-to-date: /home/eleclabs/ros2_ws/install/micro_ros_msgs/share/ament_index/resource_index/packages/micro_ros_msgs
[4.716s] -- Up-to-date: /home/eleclabs/ros2_ws/install/micro_ros_msgs/share/micro_ros_msgs/cmake/export_micro_ros_msgs__rosidl_generator_cExport.cmake
[4.717s] -- Up-to-date: /home/eleclabs/ros2_ws/install/micro_ros_msgs/share/micro_ros_msgs/cmake/export_micro_ros_msgs__rosidl_generator_cExport-noconfig.cmake
[4.722s] -- Up-to-date: /home/eleclabs/ros2_ws/install/micro_ros_msgs/share/micro_ros_msgs/cmake/export_micro_ros_msgs__rosidl_typesupport_fastrtps_cExport.cmake
[4.723s] -- Up-to-date: /home/eleclabs/ros2_ws/install/micro_ros_msgs/share/micro_ros_msgs/cmake/export_micro_ros_msgs__rosidl_typesupport_fastrtps_cExport-noconfig.cmake
[4.727s] -- Up-to-date: /home/eleclabs/ros2_ws/install/micro_ros_msgs/share/micro_ros_msgs/cmake/micro_ros_msgs__rosidl_typesupport_introspection_cExport.cmake
[4.728s] -- Up-to-date: /home/eleclabs/ros2_ws/install/micro_ros_msgs/share/micro_ros_msgs/cmake/micro_ros_msgs__rosidl_typesupport_introspection_cExport-noconfig.cmake
[4.731s] -- Up-to-date: /home/eleclabs/ros2_ws/install/micro_ros_msgs/share/micro_ros_msgs/cmake/micro_ros_msgs__rosidl_typesupport_cExport.cmake
[4.732s] -- Up-to-date: /home/eleclabs/ros2_ws/install/micro_ros_msgs/share/micro_ros_msgs/cmake/micro_ros_msgs__rosidl_typesupport_cExport-noconfig.cmake
[4.736s] -- Up-to-date: /home/eleclabs/ros2_ws/install/micro_ros_msgs/share/micro_ros_msgs/cmake/export_micro_ros_msgs__rosidl_generator_cppExport.cmake
[4.741s] -- Up-to-date: /home/eleclabs/ros2_ws/install/micro_ros_msgs/share/micro_ros_msgs/cmake/export_micro_ros_msgs__rosidl_typesupport_fastrtps_cppExport.cmake
[4.741s] -- Up-to-date: /home/eleclabs/ros2_ws/install/micro_ros_msgs/share/micro_ros_msgs/cmake/export_micro_ros_msgs__rosidl_typesupport_fastrtps_cppExport-noconfig.cmake
[4.744s] -- Up-to-date: /home/eleclabs/ros2_ws/install/micro_ros_msgs/share/micro_ros_msgs/cmake/micro_ros_msgs__rosidl_typesupport_introspection_cppExport.cmake
[4.745s] -- Up-to-date: /home/eleclabs/ros2_ws/install/micro_ros_msgs/share/micro_ros_msgs/cmake/micro_ros_msgs__rosidl_typesupport_introspection_cppExport-noconfig.cmake
[4.750s] -- Up-to-date: /home/eleclabs/ros2_ws/install/micro_ros_msgs/share/micro_ros_msgs/cmake/micro_ros_msgs__rosidl_typesupport_cppExport.cmake
[4.752s] -- Up-to-date: /home/eleclabs/ros2_ws/install/micro_ros_msgs/share/micro_ros_msgs/cmake/micro_ros_msgs__rosidl_typesupport_cppExport-noconfig.cmake
[4.755s] -- Up-to-date: /home/eleclabs/ros2_ws/install/micro_ros_msgs/share/micro_ros_msgs/cmake/export_micro_ros_msgs__rosidl_generator_pyExport.cmake
[4.756s] -- Up-to-date: /home/eleclabs/ros2_ws/install/micro_ros_msgs/share/micro_ros_msgs/cmake/export_micro_ros_msgs__rosidl_generator_pyExport-noconfig.cmake
[4.756s] -- Up-to-date: /home/eleclabs/ros2_ws/install/micro_ros_msgs/share/micro_ros_msgs/cmake/rosidl_cmake-extras.cmake
[4.757s] -- Up-to-date: /home/eleclabs/ros2_ws/install/micro_ros_msgs/share/micro_ros_msgs/cmake/ament_cmake_export_include_directories-extras.cmake
[4.757s] -- Up-to-date: /home/eleclabs/ros2_ws/install/micro_ros_msgs/share/micro_ros_msgs/cmake/ament_cmake_export_libraries-extras.cmake
[4.758s] -- Up-to-date: /home/eleclabs/ros2_ws/install/micro_ros_msgs/share/micro_ros_msgs/cmake/ament_cmake_export_targets-extras.cmake
[4.758s] -- Up-to-date: /home/eleclabs/ros2_ws/install/micro_ros_msgs/share/micro_ros_msgs/cmake/rosidl_cmake_export_typesupport_targets-extras.cmake
[4.758s] -- Up-to-date: /home/eleclabs/ros2_ws/install/micro_ros_msgs/share/micro_ros_msgs/cmake/ament_cmake_export_dependencies-extras.cmake
[4.759s] -- Up-to-date: /home/eleclabs/ros2_ws/install/micro_ros_msgs/share/micro_ros_msgs/cmake/rosidl_cmake_export_typesupport_libraries-extras.cmake
[4.759s] -- Up-to-date: /home/eleclabs/ros2_ws/install/micro_ros_msgs/share/micro_ros_msgs/cmake/micro_ros_msgsConfig.cmake
[4.759s] -- Up-to-date: /home/eleclabs/ros2_ws/install/micro_ros_msgs/share/micro_ros_msgs/cmake/micro_ros_msgsConfig-version.cmake
[4.760s] -- Up-to-date: /home/eleclabs/ros2_ws/install/micro_ros_msgs/share/micro_ros_msgs/package.xml
[4.786s] Invoked command in '/home/eleclabs/ros2_ws/build/micro_ros_msgs' returned '0': CMAKE_PREFIX_PATH=${CMAKE_PREFIX_PATH}:/home/eleclabs/ros2_ws/install/usb_cam_realtime:/home/eleclabs/ros2_ws/install/usb_cam_example:/home/eleclabs/ros2_ws/install/ros2_opencv:/home/eleclabs/ros2_ws/install/opencv_tools:/home/eleclabs/ros2_ws/install/object_detection:/home/eleclabs/ros2_ws/install/image_viewer:/opt/ros/humble /usr/bin/cmake --install /home/eleclabs/ros2_ws/build/micro_ros_msgs
