[1.404s] Invoking command in '/home/eleclabs/ros2_ws/build/mypkg': CMAKE_PREFIX_PATH=${CMAKE_PREFIX_PATH}:/home/eleclabs/ros2_ws/install/usb_cam_realtime:/home/eleclabs/ros2_ws/install/usb_cam_example:/home/eleclabs/ros2_ws/install/ros2_opencv:/home/eleclabs/ros2_ws/install/opencv_tools:/home/eleclabs/ros2_ws/install/object_detection:/home/eleclabs/ros2_ws/install/image_viewer:/opt/ros/humble /usr/bin/cmake --build /home/eleclabs/ros2_ws/build/mypkg -- -j4 -l4
[1.630s] Invoked command in '/home/eleclabs/ros2_ws/build/mypkg' returned '0': CMAKE_PREFIX_PATH=${CMAKE_PREFIX_PATH}:/home/eleclabs/ros2_ws/install/usb_cam_realtime:/home/eleclabs/ros2_ws/install/usb_cam_example:/home/eleclabs/ros2_ws/install/ros2_opencv:/home/eleclabs/ros2_ws/install/opencv_tools:/home/eleclabs/ros2_ws/install/object_detection:/home/eleclabs/ros2_ws/install/image_viewer:/opt/ros/humble /usr/bin/cmake --build /home/eleclabs/ros2_ws/build/mypkg -- -j4 -l4
[1.709s] Invoking command in '/home/eleclabs/ros2_ws/build/mypkg': CMAKE_PREFIX_PATH=${CMAKE_PREFIX_PATH}:/home/eleclabs/ros2_ws/install/usb_cam_realtime:/home/eleclabs/ros2_ws/install/usb_cam_example:/home/eleclabs/ros2_ws/install/ros2_opencv:/home/eleclabs/ros2_ws/install/opencv_tools:/home/eleclabs/ros2_ws/install/object_detection:/home/eleclabs/ros2_ws/install/image_viewer:/opt/ros/humble /usr/bin/cmake --install /home/eleclabs/ros2_ws/build/mypkg
[1.731s] -- Install configuration: ""
[1.749s] -- Execute custom install script
[1.750s] -- Up-to-date symlink: /home/eleclabs/ros2_ws/install/mypkg/share/ament_index/resource_index/package_run_dependencies/mypkg
[1.751s] -- Up-to-date symlink: /home/eleclabs/ros2_ws/install/mypkg/share/ament_index/resource_index/parent_prefix_path/mypkg
[1.758s] -- Up-to-date symlink: /home/eleclabs/ros2_ws/install/mypkg/share/mypkg/environment/ament_prefix_path.sh
[1.758s] -- Up-to-date symlink: /home/eleclabs/ros2_ws/install/mypkg/share/mypkg/environment/ament_prefix_path.dsv
[1.772s] -- Up-to-date symlink: /home/eleclabs/ros2_ws/install/mypkg/share/mypkg/environment/path.sh
[1.772s] -- Up-to-date symlink: /home/eleclabs/ros2_ws/install/mypkg/share/mypkg/environment/path.dsv
[1.773s] -- Up-to-date symlink: /home/eleclabs/ros2_ws/install/mypkg/share/mypkg/local_setup.bash
[1.805s] -- Up-to-date symlink: /home/eleclabs/ros2_ws/install/mypkg/share/mypkg/local_setup.sh
[1.808s] -- Up-to-date symlink: /home/eleclabs/ros2_ws/install/mypkg/share/mypkg/local_setup.zsh
[1.812s] -- Up-to-date symlink: /home/eleclabs/ros2_ws/install/mypkg/share/mypkg/local_setup.dsv
[1.812s] -- Symlinking: /home/eleclabs/ros2_ws/install/mypkg/share/mypkg/package.dsv
[2.091s] -- Up-to-date symlink: /home/eleclabs/ros2_ws/install/mypkg/share/ament_index/resource_index/packages/mypkg
[2.091s] -- Up-to-date symlink: /home/eleclabs/ros2_ws/install/mypkg/share/mypkg/cmake/mypkgConfig.cmake
[2.091s] -- Up-to-date symlink: /home/eleclabs/ros2_ws/install/mypkg/share/mypkg/cmake/mypkgConfig-version.cmake
[2.091s] -- Up-to-date symlink: /home/eleclabs/ros2_ws/install/mypkg/share/mypkg/package.xml
[2.290s] Invoked command in '/home/eleclabs/ros2_ws/build/mypkg' returned '0': CMAKE_PREFIX_PATH=${CMAKE_PREFIX_PATH}:/home/eleclabs/ros2_ws/install/usb_cam_realtime:/home/eleclabs/ros2_ws/install/usb_cam_example:/home/eleclabs/ros2_ws/install/ros2_opencv:/home/eleclabs/ros2_ws/install/opencv_tools:/home/eleclabs/ros2_ws/install/object_detection:/home/eleclabs/ros2_ws/install/image_viewer:/opt/ros/humble /usr/bin/cmake --install /home/eleclabs/ros2_ws/build/mypkg
