[0.297s] Invoking command in '/home/eleclabs/ros2_ws/build/micro_ros_msgs': CMAKE_PREFIX_PATH=${CMAKE_PREFIX_PATH}:/home/eleclabs/ros2_ws/install/image_viewer:/opt/ros/humble /usr/bin/cmake --build /home/eleclabs/ros2_ws/build/micro_ros_msgs -- -j4 -l4
[0.821s] [  2%] Built target micro_ros_msgs__cpp
[0.821s] [ 12%] Built target micro_ros_msgs__rosidl_generator_c
[0.821s] [ 12%] Built target ament_cmake_python_copy_micro_ros_msgs
[0.822s] [ 23%] Built target micro_ros_msgs__rosidl_typesupport_cpp
[0.822s] [ 34%] Built target micro_ros_msgs__rosidl_typesupport_fastrtps_cpp
[0.822s] [ 44%] Built target micro_ros_msgs__rosidl_typesupport_introspection_cpp
[0.822s] [ 55%] Built target micro_ros_msgs__rosidl_typesupport_introspection_c
[0.822s] [ 65%] Built target micro_ros_msgs__rosidl_typesupport_c
[0.822s] [ 76%] Built target micro_ros_msgs__rosidl_typesupport_fastrtps_c
[0.905s] [ 76%] Built target micro_ros_msgs
[1.086s] [ 78%] Built target micro_ros_msgs__py
[1.258s] [ 87%] Built target micro_ros_msgs__rosidl_generator_py
[1.364s] [ 91%] Built target micro_ros_msgs__rosidl_typesupport_c__pyext
[1.391s] [ 95%] Built target micro_ros_msgs__rosidl_typesupport_introspection_c__pyext
[1.397s] [100%] Built target micro_ros_msgs__rosidl_typesupport_fastrtps_c__pyext
[1.555s] running egg_info
[1.556s] writing micro_ros_msgs.egg-info/PKG-INFO
[1.557s] writing dependency_links to micro_ros_msgs.egg-info/dependency_links.txt
[1.559s] writing top-level names to micro_ros_msgs.egg-info/top_level.txt
[1.579s] reading manifest file 'micro_ros_msgs.egg-info/SOURCES.txt'
[1.584s] writing manifest file 'micro_ros_msgs.egg-info/SOURCES.txt'
[1.675s] [100%] Built target ament_cmake_python_build_micro_ros_msgs_egg
[1.711s] Invoked command in '/home/eleclabs/ros2_ws/build/micro_ros_msgs' returned '0': CMAKE_PREFIX_PATH=${CMAKE_PREFIX_PATH}:/home/eleclabs/ros2_ws/install/image_viewer:/opt/ros/humble /usr/bin/cmake --build /home/eleclabs/ros2_ws/build/micro_ros_msgs -- -j4 -l4
[1.722s] Invoking command in '/home/eleclabs/ros2_ws/build/micro_ros_msgs': CMAKE_PREFIX_PATH=${CMAKE_PREFIX_PATH}:/home/eleclabs/ros2_ws/install/image_viewer:/opt/ros/humble /usr/bin/cmake --install /home/eleclabs/ros2_ws/build/micro_ros_msgs
[1.757s] -- Install configuration: ""
[1.757s] -- Up-to-date: /home/eleclabs/ros2_ws/install/micro_ros_msgs/share/ament_index/resource_index/rosidl_interfaces/micro_ros_msgs
[1.758s] -- Up-to-date: /home/eleclabs/ros2_ws/install/micro_ros_msgs/include/micro_ros_msgs/micro_ros_msgs
[1.759s] -- Up-to-date: /home/eleclabs/ros2_ws/install/micro_ros_msgs/include/micro_ros_msgs/micro_ros_msgs/msg
[1.759s] -- Up-to-date: /home/eleclabs/ros2_ws/install/micro_ros_msgs/include/micro_ros_msgs/micro_ros_msgs/msg/detail
[1.759s] -- Up-to-date: /home/eleclabs/ros2_ws/install/micro_ros_msgs/include/micro_ros_msgs/micro_ros_msgs/msg/detail/entity__struct.h
[1.759s] -- Up-to-date: /home/eleclabs/ros2_ws/install/micro_ros_msgs/include/micro_ros_msgs/micro_ros_msgs/msg/detail/entity__functions.h
[1.760s] -- Up-to-date: /home/eleclabs/ros2_ws/install/micro_ros_msgs/include/micro_ros_msgs/micro_ros_msgs/msg/detail/entity__type_support.h
[1.760s] -- Up-to-date: /home/eleclabs/ros2_ws/install/micro_ros_msgs/include/micro_ros_msgs/micro_ros_msgs/msg/detail/graph__functions.h
[1.760s] -- Up-to-date: /home/eleclabs/ros2_ws/install/micro_ros_msgs/include/micro_ros_msgs/micro_ros_msgs/msg/detail/node__functions.c
[1.760s] -- Up-to-date: /home/eleclabs/ros2_ws/install/micro_ros_msgs/include/micro_ros_msgs/micro_ros_msgs/msg/detail/entity__functions.c
[1.760s] -- Up-to-date: /home/eleclabs/ros2_ws/install/micro_ros_msgs/include/micro_ros_msgs/micro_ros_msgs/msg/detail/node__functions.h
[1.760s] -- Up-to-date: /home/eleclabs/ros2_ws/install/micro_ros_msgs/include/micro_ros_msgs/micro_ros_msgs/msg/detail/node__struct.h
[1.760s] -- Up-to-date: /home/eleclabs/ros2_ws/install/micro_ros_msgs/include/micro_ros_msgs/micro_ros_msgs/msg/detail/node__type_support.h
[1.760s] -- Up-to-date: /home/eleclabs/ros2_ws/install/micro_ros_msgs/include/micro_ros_msgs/micro_ros_msgs/msg/detail/graph__functions.c
[1.760s] -- Up-to-date: /home/eleclabs/ros2_ws/install/micro_ros_msgs/include/micro_ros_msgs/micro_ros_msgs/msg/detail/graph__type_support.h
[1.760s] -- Up-to-date: /home/eleclabs/ros2_ws/install/micro_ros_msgs/include/micro_ros_msgs/micro_ros_msgs/msg/detail/graph__struct.h
[1.760s] -- Up-to-date: /home/eleclabs/ros2_ws/install/micro_ros_msgs/include/micro_ros_msgs/micro_ros_msgs/msg/rosidl_generator_c__visibility_control.h
[1.760s] -- Up-to-date: /home/eleclabs/ros2_ws/install/micro_ros_msgs/include/micro_ros_msgs/micro_ros_msgs/msg/node.h
[1.761s] -- Up-to-date: /home/eleclabs/ros2_ws/install/micro_ros_msgs/include/micro_ros_msgs/micro_ros_msgs/msg/graph.h
[1.762s] -- Up-to-date: /home/eleclabs/ros2_ws/install/micro_ros_msgs/include/micro_ros_msgs/micro_ros_msgs/msg/entity.h
[1.763s] -- Up-to-date: /home/eleclabs/ros2_ws/install/micro_ros_msgs/share/micro_ros_msgs/environment/library_path.sh
[1.763s] -- Up-to-date: /home/eleclabs/ros2_ws/install/micro_ros_msgs/share/micro_ros_msgs/environment/library_path.dsv
[1.804s] -- Up-to-date: /home/eleclabs/ros2_ws/install/micro_ros_msgs/lib/libmicro_ros_msgs__rosidl_generator_c.so
[1.805s] -- Up-to-date: /home/eleclabs/ros2_ws/install/micro_ros_msgs/include/micro_ros_msgs/micro_ros_msgs
[1.805s] -- Up-to-date: /home/eleclabs/ros2_ws/install/micro_ros_msgs/include/micro_ros_msgs/micro_ros_msgs/msg
[1.805s] -- Up-to-date: /home/eleclabs/ros2_ws/install/micro_ros_msgs/include/micro_ros_msgs/micro_ros_msgs/msg/rosidl_typesupport_fastrtps_c__visibility_control.h
[1.805s] -- Up-to-date: /home/eleclabs/ros2_ws/install/micro_ros_msgs/include/micro_ros_msgs/micro_ros_msgs/msg/detail
[1.806s] -- Up-to-date: /home/eleclabs/ros2_ws/install/micro_ros_msgs/include/micro_ros_msgs/micro_ros_msgs/msg/detail/entity__rosidl_typesupport_fastrtps_c.h
[1.806s] -- Up-to-date: /home/eleclabs/ros2_ws/install/micro_ros_msgs/include/micro_ros_msgs/micro_ros_msgs/msg/detail/graph__rosidl_typesupport_fastrtps_c.h
[1.806s] -- Up-to-date: /home/eleclabs/ros2_ws/install/micro_ros_msgs/include/micro_ros_msgs/micro_ros_msgs/msg/detail/node__rosidl_typesupport_fastrtps_c.h
[1.817s] -- Up-to-date: /home/eleclabs/ros2_ws/install/micro_ros_msgs/lib/libmicro_ros_msgs__rosidl_typesupport_fastrtps_c.so
[1.818s] -- Up-to-date: /home/eleclabs/ros2_ws/install/micro_ros_msgs/include/micro_ros_msgs/micro_ros_msgs
[1.818s] -- Up-to-date: /home/eleclabs/ros2_ws/install/micro_ros_msgs/include/micro_ros_msgs/micro_ros_msgs/msg
[1.819s] -- Up-to-date: /home/eleclabs/ros2_ws/install/micro_ros_msgs/include/micro_ros_msgs/micro_ros_msgs/msg/detail
[1.819s] -- Up-to-date: /home/eleclabs/ros2_ws/install/micro_ros_msgs/include/micro_ros_msgs/micro_ros_msgs/msg/detail/node__rosidl_typesupport_introspection_c.h
[1.819s] -- Up-to-date: /home/eleclabs/ros2_ws/install/micro_ros_msgs/include/micro_ros_msgs/micro_ros_msgs/msg/detail/node__type_support.c
[1.819s] -- Up-to-date: /home/eleclabs/ros2_ws/install/micro_ros_msgs/include/micro_ros_msgs/micro_ros_msgs/msg/detail/entity__rosidl_typesupport_introspection_c.h
[1.819s] -- Up-to-date: /home/eleclabs/ros2_ws/install/micro_ros_msgs/include/micro_ros_msgs/micro_ros_msgs/msg/detail/entity__type_support.c
[1.820s] -- Up-to-date: /home/eleclabs/ros2_ws/install/micro_ros_msgs/include/micro_ros_msgs/micro_ros_msgs/msg/detail/graph__rosidl_typesupport_introspection_c.h
[1.820s] -- Up-to-date: /home/eleclabs/ros2_ws/install/micro_ros_msgs/include/micro_ros_msgs/micro_ros_msgs/msg/detail/graph__type_support.c
[1.820s] -- Up-to-date: /home/eleclabs/ros2_ws/install/micro_ros_msgs/include/micro_ros_msgs/micro_ros_msgs/msg/rosidl_typesupport_introspection_c__visibility_control.h
[1.834s] -- Up-to-date: /home/eleclabs/ros2_ws/install/micro_ros_msgs/lib/libmicro_ros_msgs__rosidl_typesupport_introspection_c.so
[1.837s] -- Up-to-date: /home/eleclabs/ros2_ws/install/micro_ros_msgs/lib/libmicro_ros_msgs__rosidl_typesupport_c.so
[1.837s] -- Up-to-date: /home/eleclabs/ros2_ws/install/micro_ros_msgs/include/micro_ros_msgs/micro_ros_msgs
[1.838s] -- Up-to-date: /home/eleclabs/ros2_ws/install/micro_ros_msgs/include/micro_ros_msgs/micro_ros_msgs/msg
[1.838s] -- Up-to-date: /home/eleclabs/ros2_ws/install/micro_ros_msgs/include/micro_ros_msgs/micro_ros_msgs/msg/detail
[1.838s] -- Up-to-date: /home/eleclabs/ros2_ws/install/micro_ros_msgs/include/micro_ros_msgs/micro_ros_msgs/msg/detail/entity__builder.hpp
[1.838s] -- Up-to-date: /home/eleclabs/ros2_ws/install/micro_ros_msgs/include/micro_ros_msgs/micro_ros_msgs/msg/detail/graph__builder.hpp
[1.862s] -- Up-to-date: /home/eleclabs/ros2_ws/install/micro_ros_msgs/include/micro_ros_msgs/micro_ros_msgs/msg/detail/entity__traits.hpp
[1.862s] -- Up-to-date: /home/eleclabs/ros2_ws/install/micro_ros_msgs/include/micro_ros_msgs/micro_ros_msgs/msg/detail/node__builder.hpp
[1.862s] -- Up-to-date: /home/eleclabs/ros2_ws/install/micro_ros_msgs/include/micro_ros_msgs/micro_ros_msgs/msg/detail/entity__struct.hpp
[1.862s] -- Up-to-date: /home/eleclabs/ros2_ws/install/micro_ros_msgs/include/micro_ros_msgs/micro_ros_msgs/msg/detail/graph__struct.hpp
[1.864s] -- Up-to-date: /home/eleclabs/ros2_ws/install/micro_ros_msgs/include/micro_ros_msgs/micro_ros_msgs/msg/detail/node__struct.hpp
[1.866s] -- Up-to-date: /home/eleclabs/ros2_ws/install/micro_ros_msgs/include/micro_ros_msgs/micro_ros_msgs/msg/detail/graph__type_support.hpp
[1.866s] -- Up-to-date: /home/eleclabs/ros2_ws/install/micro_ros_msgs/include/micro_ros_msgs/micro_ros_msgs/msg/detail/node__traits.hpp
[1.867s] -- Up-to-date: /home/eleclabs/ros2_ws/install/micro_ros_msgs/include/micro_ros_msgs/micro_ros_msgs/msg/detail/entity__type_support.hpp
[1.867s] -- Up-to-date: /home/eleclabs/ros2_ws/install/micro_ros_msgs/include/micro_ros_msgs/micro_ros_msgs/msg/detail/graph__traits.hpp
[1.867s] -- Up-to-date: /home/eleclabs/ros2_ws/install/micro_ros_msgs/include/micro_ros_msgs/micro_ros_msgs/msg/detail/node__type_support.hpp
[1.867s] -- Up-to-date: /home/eleclabs/ros2_ws/install/micro_ros_msgs/include/micro_ros_msgs/micro_ros_msgs/msg/rosidl_generator_cpp__visibility_control.hpp
[1.867s] -- Up-to-date: /home/eleclabs/ros2_ws/install/micro_ros_msgs/include/micro_ros_msgs/micro_ros_msgs/msg/graph.hpp
[1.867s] -- Up-to-date: /home/eleclabs/ros2_ws/install/micro_ros_msgs/include/micro_ros_msgs/micro_ros_msgs/msg/entity.hpp
[1.867s] -- Up-to-date: /home/eleclabs/ros2_ws/install/micro_ros_msgs/include/micro_ros_msgs/micro_ros_msgs/msg/node.hpp
[1.867s] -- Up-to-date: /home/eleclabs/ros2_ws/install/micro_ros_msgs/include/micro_ros_msgs/micro_ros_msgs
[1.875s] -- Up-to-date: /home/eleclabs/ros2_ws/install/micro_ros_msgs/include/micro_ros_msgs/micro_ros_msgs/msg
[1.875s] -- Up-to-date: /home/eleclabs/ros2_ws/install/micro_ros_msgs/include/micro_ros_msgs/micro_ros_msgs/msg/rosidl_typesupport_fastrtps_cpp__visibility_control.h
[1.876s] -- Up-to-date: /home/eleclabs/ros2_ws/install/micro_ros_msgs/include/micro_ros_msgs/micro_ros_msgs/msg/detail
[1.876s] -- Up-to-date: /home/eleclabs/ros2_ws/install/micro_ros_msgs/include/micro_ros_msgs/micro_ros_msgs/msg/detail/entity__rosidl_typesupport_fastrtps_cpp.hpp
[1.880s] -- Up-to-date: /home/eleclabs/ros2_ws/install/micro_ros_msgs/include/micro_ros_msgs/micro_ros_msgs/msg/detail/node__rosidl_typesupport_fastrtps_cpp.hpp
[1.880s] -- Up-to-date: /home/eleclabs/ros2_ws/install/micro_ros_msgs/include/micro_ros_msgs/micro_ros_msgs/msg/detail/graph__rosidl_typesupport_fastrtps_cpp.hpp
[1.880s] -- Up-to-date: /home/eleclabs/ros2_ws/install/micro_ros_msgs/include/micro_ros_msgs/micro_ros_msgs/msg/detail/dds_fastrtps
[1.880s] -- Up-to-date: /home/eleclabs/ros2_ws/install/micro_ros_msgs/lib/libmicro_ros_msgs__rosidl_typesupport_fastrtps_cpp.so
[1.880s] -- Up-to-date: /home/eleclabs/ros2_ws/install/micro_ros_msgs/include/micro_ros_msgs/micro_ros_msgs
[1.881s] -- Up-to-date: /home/eleclabs/ros2_ws/install/micro_ros_msgs/include/micro_ros_msgs/micro_ros_msgs/msg
[1.881s] -- Up-to-date: /home/eleclabs/ros2_ws/install/micro_ros_msgs/include/micro_ros_msgs/micro_ros_msgs/msg/detail
[1.881s] -- Up-to-date: /home/eleclabs/ros2_ws/install/micro_ros_msgs/include/micro_ros_msgs/micro_ros_msgs/msg/detail/node__type_support.cpp
[1.882s] -- Up-to-date: /home/eleclabs/ros2_ws/install/micro_ros_msgs/include/micro_ros_msgs/micro_ros_msgs/msg/detail/node__rosidl_typesupport_introspection_cpp.hpp
[1.882s] -- Up-to-date: /home/eleclabs/ros2_ws/install/micro_ros_msgs/include/micro_ros_msgs/micro_ros_msgs/msg/detail/entity__rosidl_typesupport_introspection_cpp.hpp
[1.882s] -- Up-to-date: /home/eleclabs/ros2_ws/install/micro_ros_msgs/include/micro_ros_msgs/micro_ros_msgs/msg/detail/entity__type_support.cpp
[1.882s] -- Up-to-date: /home/eleclabs/ros2_ws/install/micro_ros_msgs/include/micro_ros_msgs/micro_ros_msgs/msg/detail/graph__rosidl_typesupport_introspection_cpp.hpp
[1.882s] -- Up-to-date: /home/eleclabs/ros2_ws/install/micro_ros_msgs/include/micro_ros_msgs/micro_ros_msgs/msg/detail/graph__type_support.cpp
[1.890s] -- Up-to-date: /home/eleclabs/ros2_ws/install/micro_ros_msgs/lib/libmicro_ros_msgs__rosidl_typesupport_introspection_cpp.so
[1.892s] -- Up-to-date: /home/eleclabs/ros2_ws/install/micro_ros_msgs/lib/libmicro_ros_msgs__rosidl_typesupport_cpp.so
[1.894s] -- Up-to-date: /home/eleclabs/ros2_ws/install/micro_ros_msgs/share/micro_ros_msgs/environment/pythonpath.sh
[1.894s] -- Up-to-date: /home/eleclabs/ros2_ws/install/micro_ros_msgs/share/micro_ros_msgs/environment/pythonpath.dsv
[1.894s] -- Up-to-date: /home/eleclabs/ros2_ws/install/micro_ros_msgs/local/lib/python3.10/dist-packages/micro_ros_msgs-3.0.1-py3.10.egg-info
[1.894s] -- Installing: /home/eleclabs/ros2_ws/install/micro_ros_msgs/local/lib/python3.10/dist-packages/micro_ros_msgs-3.0.1-py3.10.egg-info/PKG-INFO
[1.895s] -- Installing: /home/eleclabs/ros2_ws/install/micro_ros_msgs/local/lib/python3.10/dist-packages/micro_ros_msgs-3.0.1-py3.10.egg-info/SOURCES.txt
[1.895s] -- Installing: /home/eleclabs/ros2_ws/install/micro_ros_msgs/local/lib/python3.10/dist-packages/micro_ros_msgs-3.0.1-py3.10.egg-info/dependency_links.txt
[1.896s] -- Installing: /home/eleclabs/ros2_ws/install/micro_ros_msgs/local/lib/python3.10/dist-packages/micro_ros_msgs-3.0.1-py3.10.egg-info/top_level.txt
[1.896s] -- Up-to-date: /home/eleclabs/ros2_ws/install/micro_ros_msgs/local/lib/python3.10/dist-packages/micro_ros_msgs
[1.896s] -- Up-to-date: /home/eleclabs/ros2_ws/install/micro_ros_msgs/local/lib/python3.10/dist-packages/micro_ros_msgs/micro_ros_msgs_s__rosidl_typesupport_fastrtps_c.cpython-310-x86_64-linux-gnu.so
[1.896s] -- Up-to-date: /home/eleclabs/ros2_ws/install/micro_ros_msgs/local/lib/python3.10/dist-packages/micro_ros_msgs/_micro_ros_msgs_s.ep.rosidl_typesupport_c.c
[1.896s] -- Up-to-date: /home/eleclabs/ros2_ws/install/micro_ros_msgs/local/lib/python3.10/dist-packages/micro_ros_msgs/micro_ros_msgs_s__rosidl_typesupport_introspection_c.cpython-310-x86_64-linux-gnu.so
[1.896s] -- Up-to-date: /home/eleclabs/ros2_ws/install/micro_ros_msgs/local/lib/python3.10/dist-packages/micro_ros_msgs/__init__.py
[1.896s] -- Up-to-date: /home/eleclabs/ros2_ws/install/micro_ros_msgs/local/lib/python3.10/dist-packages/micro_ros_msgs/_micro_ros_msgs_s.ep.rosidl_typesupport_fastrtps_c.c
[1.902s] -- Up-to-date: /home/eleclabs/ros2_ws/install/micro_ros_msgs/local/lib/python3.10/dist-packages/micro_ros_msgs/msg
[1.902s] -- Up-to-date: /home/eleclabs/ros2_ws/install/micro_ros_msgs/local/lib/python3.10/dist-packages/micro_ros_msgs/msg/_graph.py
[1.905s] -- Up-to-date: /home/eleclabs/ros2_ws/install/micro_ros_msgs/local/lib/python3.10/dist-packages/micro_ros_msgs/msg/_node_s.c
[1.906s] -- Up-to-date: /home/eleclabs/ros2_ws/install/micro_ros_msgs/local/lib/python3.10/dist-packages/micro_ros_msgs/msg/_entity_s.c
[1.906s] -- Up-to-date: /home/eleclabs/ros2_ws/install/micro_ros_msgs/local/lib/python3.10/dist-packages/micro_ros_msgs/msg/_entity.py
[1.906s] -- Up-to-date: /home/eleclabs/ros2_ws/install/micro_ros_msgs/local/lib/python3.10/dist-packages/micro_ros_msgs/msg/_graph_s.c
[1.906s] -- Up-to-date: /home/eleclabs/ros2_ws/install/micro_ros_msgs/local/lib/python3.10/dist-packages/micro_ros_msgs/msg/__init__.py
[1.906s] -- Up-to-date: /home/eleclabs/ros2_ws/install/micro_ros_msgs/local/lib/python3.10/dist-packages/micro_ros_msgs/msg/_node.py
[1.906s] -- Up-to-date: /home/eleclabs/ros2_ws/install/micro_ros_msgs/local/lib/python3.10/dist-packages/micro_ros_msgs/micro_ros_msgs_s__rosidl_typesupport_c.cpython-310-x86_64-linux-gnu.so
[1.906s] -- Up-to-date: /home/eleclabs/ros2_ws/install/micro_ros_msgs/local/lib/python3.10/dist-packages/micro_ros_msgs/_micro_ros_msgs_s.ep.rosidl_typesupport_introspection_c.c
[1.906s] -- Up-to-date: /home/eleclabs/ros2_ws/install/micro_ros_msgs/local/lib/python3.10/dist-packages/micro_ros_msgs/libmicro_ros_msgs__rosidl_generator_py.so
[2.021s] Listing '/home/eleclabs/ros2_ws/install/micro_ros_msgs/local/lib/python3.10/dist-packages/micro_ros_msgs'...
[2.022s] Listing '/home/eleclabs/ros2_ws/install/micro_ros_msgs/local/lib/python3.10/dist-packages/micro_ros_msgs/msg'...
[2.044s] -- Up-to-date: /home/eleclabs/ros2_ws/install/micro_ros_msgs/local/lib/python3.10/dist-packages/micro_ros_msgs/micro_ros_msgs_s__rosidl_typesupport_fastrtps_c.cpython-310-x86_64-linux-gnu.so
[2.087s] -- Up-to-date: /home/eleclabs/ros2_ws/install/micro_ros_msgs/local/lib/python3.10/dist-packages/micro_ros_msgs/micro_ros_msgs_s__rosidl_typesupport_introspection_c.cpython-310-x86_64-linux-gnu.so
[2.097s] -- Up-to-date: /home/eleclabs/ros2_ws/install/micro_ros_msgs/local/lib/python3.10/dist-packages/micro_ros_msgs/micro_ros_msgs_s__rosidl_typesupport_c.cpython-310-x86_64-linux-gnu.so
[2.114s] -- Up-to-date: /home/eleclabs/ros2_ws/install/micro_ros_msgs/lib/libmicro_ros_msgs__rosidl_generator_py.so
[2.115s] -- Up-to-date: /home/eleclabs/ros2_ws/install/micro_ros_msgs/share/micro_ros_msgs/msg/Graph.idl
[2.115s] -- Up-to-date: /home/eleclabs/ros2_ws/install/micro_ros_msgs/share/micro_ros_msgs/msg/Node.idl
[2.115s] -- Up-to-date: /home/eleclabs/ros2_ws/install/micro_ros_msgs/share/micro_ros_msgs/msg/Entity.idl
[2.115s] -- Up-to-date: /home/eleclabs/ros2_ws/install/micro_ros_msgs/share/micro_ros_msgs/msg/Graph.msg
[2.119s] -- Up-to-date: /home/eleclabs/ros2_ws/install/micro_ros_msgs/share/micro_ros_msgs/msg/Node.msg
[2.119s] -- Up-to-date: /home/eleclabs/ros2_ws/install/micro_ros_msgs/share/micro_ros_msgs/msg/Entity.msg
[2.119s] -- Up-to-date: /home/eleclabs/ros2_ws/install/micro_ros_msgs/share/ament_index/resource_index/package_run_dependencies/micro_ros_msgs
[2.120s] -- Up-to-date: /home/eleclabs/ros2_ws/install/micro_ros_msgs/share/ament_index/resource_index/parent_prefix_path/micro_ros_msgs
[2.120s] -- Up-to-date: /home/eleclabs/ros2_ws/install/micro_ros_msgs/share/micro_ros_msgs/environment/ament_prefix_path.sh
[2.120s] -- Up-to-date: /home/eleclabs/ros2_ws/install/micro_ros_msgs/share/micro_ros_msgs/environment/ament_prefix_path.dsv
[2.120s] -- Up-to-date: /home/eleclabs/ros2_ws/install/micro_ros_msgs/share/micro_ros_msgs/environment/path.sh
[2.124s] -- Up-to-date: /home/eleclabs/ros2_ws/install/micro_ros_msgs/share/micro_ros_msgs/environment/path.dsv
[2.124s] -- Up-to-date: /home/eleclabs/ros2_ws/install/micro_ros_msgs/share/micro_ros_msgs/local_setup.bash
[2.125s] -- Up-to-date: /home/eleclabs/ros2_ws/install/micro_ros_msgs/share/micro_ros_msgs/local_setup.sh
[2.125s] -- Up-to-date: /home/eleclabs/ros2_ws/install/micro_ros_msgs/share/micro_ros_msgs/local_setup.zsh
[2.125s] -- Up-to-date: /home/eleclabs/ros2_ws/install/micro_ros_msgs/share/micro_ros_msgs/local_setup.dsv
[2.126s] -- Installing: /home/eleclabs/ros2_ws/install/micro_ros_msgs/share/micro_ros_msgs/package.dsv
[2.130s] -- Up-to-date: /home/eleclabs/ros2_ws/install/micro_ros_msgs/share/ament_index/resource_index/packages/micro_ros_msgs
[2.137s] -- Up-to-date: /home/eleclabs/ros2_ws/install/micro_ros_msgs/share/micro_ros_msgs/cmake/export_micro_ros_msgs__rosidl_generator_cExport.cmake
[2.137s] -- Up-to-date: /home/eleclabs/ros2_ws/install/micro_ros_msgs/share/micro_ros_msgs/cmake/export_micro_ros_msgs__rosidl_generator_cExport-noconfig.cmake
[2.145s] -- Up-to-date: /home/eleclabs/ros2_ws/install/micro_ros_msgs/share/micro_ros_msgs/cmake/export_micro_ros_msgs__rosidl_typesupport_fastrtps_cExport.cmake
[2.146s] -- Up-to-date: /home/eleclabs/ros2_ws/install/micro_ros_msgs/share/micro_ros_msgs/cmake/export_micro_ros_msgs__rosidl_typesupport_fastrtps_cExport-noconfig.cmake
[2.164s] -- Up-to-date: /home/eleclabs/ros2_ws/install/micro_ros_msgs/share/micro_ros_msgs/cmake/micro_ros_msgs__rosidl_typesupport_introspection_cExport.cmake
[2.164s] -- Up-to-date: /home/eleclabs/ros2_ws/install/micro_ros_msgs/share/micro_ros_msgs/cmake/micro_ros_msgs__rosidl_typesupport_introspection_cExport-noconfig.cmake
[2.168s] -- Up-to-date: /home/eleclabs/ros2_ws/install/micro_ros_msgs/share/micro_ros_msgs/cmake/micro_ros_msgs__rosidl_typesupport_cExport.cmake
[2.168s] -- Up-to-date: /home/eleclabs/ros2_ws/install/micro_ros_msgs/share/micro_ros_msgs/cmake/micro_ros_msgs__rosidl_typesupport_cExport-noconfig.cmake
[2.183s] -- Up-to-date: /home/eleclabs/ros2_ws/install/micro_ros_msgs/share/micro_ros_msgs/cmake/export_micro_ros_msgs__rosidl_generator_cppExport.cmake
[2.184s] -- Up-to-date: /home/eleclabs/ros2_ws/install/micro_ros_msgs/share/micro_ros_msgs/cmake/export_micro_ros_msgs__rosidl_typesupport_fastrtps_cppExport.cmake
[2.184s] -- Up-to-date: /home/eleclabs/ros2_ws/install/micro_ros_msgs/share/micro_ros_msgs/cmake/export_micro_ros_msgs__rosidl_typesupport_fastrtps_cppExport-noconfig.cmake
[2.196s] -- Up-to-date: /home/eleclabs/ros2_ws/install/micro_ros_msgs/share/micro_ros_msgs/cmake/micro_ros_msgs__rosidl_typesupport_introspection_cppExport.cmake
[2.196s] -- Up-to-date: /home/eleclabs/ros2_ws/install/micro_ros_msgs/share/micro_ros_msgs/cmake/micro_ros_msgs__rosidl_typesupport_introspection_cppExport-noconfig.cmake
[2.204s] -- Up-to-date: /home/eleclabs/ros2_ws/install/micro_ros_msgs/share/micro_ros_msgs/cmake/micro_ros_msgs__rosidl_typesupport_cppExport.cmake
[2.207s] -- Up-to-date: /home/eleclabs/ros2_ws/install/micro_ros_msgs/share/micro_ros_msgs/cmake/micro_ros_msgs__rosidl_typesupport_cppExport-noconfig.cmake
[2.208s] -- Up-to-date: /home/eleclabs/ros2_ws/install/micro_ros_msgs/share/micro_ros_msgs/cmake/export_micro_ros_msgs__rosidl_generator_pyExport.cmake
[2.208s] -- Up-to-date: /home/eleclabs/ros2_ws/install/micro_ros_msgs/share/micro_ros_msgs/cmake/export_micro_ros_msgs__rosidl_generator_pyExport-noconfig.cmake
[2.208s] -- Up-to-date: /home/eleclabs/ros2_ws/install/micro_ros_msgs/share/micro_ros_msgs/cmake/rosidl_cmake-extras.cmake
[2.208s] -- Up-to-date: /home/eleclabs/ros2_ws/install/micro_ros_msgs/share/micro_ros_msgs/cmake/ament_cmake_export_include_directories-extras.cmake
[2.208s] -- Up-to-date: /home/eleclabs/ros2_ws/install/micro_ros_msgs/share/micro_ros_msgs/cmake/ament_cmake_export_libraries-extras.cmake
[2.217s] -- Up-to-date: /home/eleclabs/ros2_ws/install/micro_ros_msgs/share/micro_ros_msgs/cmake/ament_cmake_export_targets-extras.cmake
[2.217s] -- Up-to-date: /home/eleclabs/ros2_ws/install/micro_ros_msgs/share/micro_ros_msgs/cmake/rosidl_cmake_export_typesupport_targets-extras.cmake
[2.219s] -- Up-to-date: /home/eleclabs/ros2_ws/install/micro_ros_msgs/share/micro_ros_msgs/cmake/ament_cmake_export_dependencies-extras.cmake
[2.219s] -- Up-to-date: /home/eleclabs/ros2_ws/install/micro_ros_msgs/share/micro_ros_msgs/cmake/rosidl_cmake_export_typesupport_libraries-extras.cmake
[2.219s] -- Up-to-date: /home/eleclabs/ros2_ws/install/micro_ros_msgs/share/micro_ros_msgs/cmake/micro_ros_msgsConfig.cmake
[2.220s] -- Up-to-date: /home/eleclabs/ros2_ws/install/micro_ros_msgs/share/micro_ros_msgs/cmake/micro_ros_msgsConfig-version.cmake
[2.220s] -- Up-to-date: /home/eleclabs/ros2_ws/install/micro_ros_msgs/share/micro_ros_msgs/package.xml
[2.265s] Invoked command in '/home/eleclabs/ros2_ws/build/micro_ros_msgs' returned '0': CMAKE_PREFIX_PATH=${CMAKE_PREFIX_PATH}:/home/eleclabs/ros2_ws/install/image_viewer:/opt/ros/humble /usr/bin/cmake --install /home/eleclabs/ros2_ws/build/micro_ros_msgs
