[1.094s] Invoking command in '/home/eleclabs/ros2_ws/build/opencv_detechtion': CMAKE_PREFIX_PATH=${CMAKE_PREFIX_PATH}:/home/eleclabs/ros2_ws/install/usb_cam_realtime:/home/eleclabs/ros2_ws/install/usb_cam_example:/home/eleclabs/ros2_ws/install/ros2_opencv:/home/eleclabs/ros2_ws/install/opencv_tools:/home/eleclabs/ros2_ws/install/object_detection:/home/eleclabs/ros2_ws/install/image_viewer:/opt/ros/humble /usr/bin/cmake /home/eleclabs/ros2_ws/src/opencv_detechtion -DCMAKE_INSTALL_PREFIX=/home/eleclabs/ros2_ws/install/opencv_detechtion
[1.095s] -- Found ament_cmake: 1.3.11 (/opt/ros/humble/share/ament_cmake/cmake)
[1.292s] -- Found rclcpp: 16.0.11 (/opt/ros/humble/share/rclcpp/cmake)
[1.341s] -- Found rosidl_generator_c: 3.1.6 (/opt/ros/humble/share/rosidl_generator_c/cmake)
[1.346s] -- Found rosidl_adapter: 3.1.6 (/opt/ros/humble/share/rosidl_adapter/cmake)
[1.356s] -- Found rosidl_generator_cpp: 3.1.6 (/opt/ros/humble/share/rosidl_generator_cpp/cmake)
[1.373s] -- Using all available rosidl_typesupport_c: rosidl_typesupport_fastrtps_c;rosidl_typesupport_introspection_c
[1.395s] -- Using all available rosidl_typesupport_cpp: rosidl_typesupport_fastrtps_cpp;rosidl_typesupport_introspection_cpp
[1.453s] -- Found rmw_implementation_cmake: 6.1.2 (/opt/ros/humble/share/rmw_implementation_cmake/cmake)
[1.453s] -- Found rmw_cyclonedds_cpp: 1.3.4 (/opt/ros/humble/share/rmw_cyclonedds_cpp/cmake)
[1.485s] -- Using RMW implementation 'rmw_cyclonedds_cpp' as default
[1.877s] -- Found sensor_msgs: 4.2.4 (/opt/ros/humble/share/sensor_msgs/cmake)
[2.055s] -- Found cv_bridge: 3.2.1 (/opt/ros/humble/share/cv_bridge/cmake)
[2.089s] -- Found image_transport: 3.1.10 (/opt/ros/humble/share/image_transport/cmake)
[2.202s] -- Found ament_lint_auto: 0.12.11 (/opt/ros/humble/share/ament_lint_auto/cmake)
[2.346s] -- Added test 'cppcheck' to perform static code analysis on C / C++ code
[2.363s] -- Configured cppcheck include dirs: 
[2.367s] -- Configured cppcheck exclude dirs and/or files: 
[2.371s] -- Added test 'lint_cmake' to check CMake code style
[2.382s] -- Added test 'uncrustify' to check C / C++ code style
[2.386s] -- Configured uncrustify additional arguments: 
[2.386s] -- Added test 'xmllint' to check XML markup files
[2.387s] -- Configuring done
[2.447s] [31mCMake Error at CMakeLists.txt:16 (add_executable):
[2.447s]   Cannot find source file:
[2.447s] 
[2.447s]     src/image_publisher.cpp
[2.448s] 
[2.448s]   Tried extensions .c .C .c++ .cc .cpp .cxx .cu .mpp .m .M .mm .ixx .cppm .h
[2.448s]   .hh .h++ .hm .hpp .hxx .in .txx .f .F .for .f77 .f90 .f95 .f03 .hip .ispc
[2.448s] 
[2.448s] [0m
[2.477s] [31mCMake Error at CMakeLists.txt:16 (add_executable):
[2.481s]   No SOURCES given to target: image_publisher
[2.482s] 
[2.501s] [0m
[2.502s] [0mCMake Generate step failed.  Build files cannot be regenerated correctly.[0m
[2.808s] Invoked command in '/home/eleclabs/ros2_ws/build/opencv_detechtion' returned '1': CMAKE_PREFIX_PATH=${CMAKE_PREFIX_PATH}:/home/eleclabs/ros2_ws/install/usb_cam_realtime:/home/eleclabs/ros2_ws/install/usb_cam_example:/home/eleclabs/ros2_ws/install/ros2_opencv:/home/eleclabs/ros2_ws/install/opencv_tools:/home/eleclabs/ros2_ws/install/object_detection:/home/eleclabs/ros2_ws/install/image_viewer:/opt/ros/humble /usr/bin/cmake /home/eleclabs/ros2_ws/src/opencv_detechtion -DCMAKE_INSTALL_PREFIX=/home/eleclabs/ros2_ws/install/opencv_detechtion
