[4.209s] Invoking command in '/home/eleclabs/ros2_ws/src/image_viewer': PYTHONPATH=/home/eleclabs/ros2_ws/build/image_viewer/prefix_override:/usr/lib/python3/dist-packages/colcon_core/task/python/colcon_distutils_commands:/home/eleclabs/ros2_ws/install/image_viewer/lib/python3.10/site-packages:${PYTHONPATH} /usr/bin/python3 -W ignore:setup.py install is deprecated -W ignore:easy_install command is deprecated setup.py egg_info --egg-base ../../build/image_viewer build --build-base /home/eleclabs/ros2_ws/build/image_viewer/build install --record /home/eleclabs/ros2_ws/build/image_viewer/install.log --single-version-externally-managed install_data
[5.453s] running egg_info
[5.455s] writing ../../build/image_viewer/image_viewer.egg-info/PKG-INFO
[5.460s] writing dependency_links to ../../build/image_viewer/image_viewer.egg-info/dependency_links.txt
[5.475s] writing entry points to ../../build/image_viewer/image_viewer.egg-info/entry_points.txt
[5.477s] writing requirements to ../../build/image_viewer/image_viewer.egg-info/requires.txt
[5.478s] writing top-level names to ../../build/image_viewer/image_viewer.egg-info/top_level.txt
[5.549s] reading manifest file '../../build/image_viewer/image_viewer.egg-info/SOURCES.txt'
[5.550s] writing manifest file '../../build/image_viewer/image_viewer.egg-info/SOURCES.txt'
[5.550s] running build
[5.550s] running build_py
[5.550s] running install
[5.552s] running install_lib
[5.581s] running install_data
[5.595s] running install_egg_info
[5.595s] removing '/home/eleclabs/ros2_ws/install/image_viewer/lib/python3.10/site-packages/image_viewer-0.0.0-py3.10.egg-info' (and everything under it)
[5.596s] Copying ../../build/image_viewer/image_viewer.egg-info to /home/eleclabs/ros2_ws/install/image_viewer/lib/python3.10/site-packages/image_viewer-0.0.0-py3.10.egg-info
[5.638s] running install_scripts
[5.655s] Installing image_viewer_node script to /home/eleclabs/ros2_ws/install/image_viewer/lib/image_viewer
[5.669s] writing list of installed files to '/home/eleclabs/ros2_ws/build/image_viewer/install.log'
[6.651s] Invoked command in '/home/eleclabs/ros2_ws/src/image_viewer' returned '0': PYTHONPATH=/home/eleclabs/ros2_ws/build/image_viewer/prefix_override:/usr/lib/python3/dist-packages/colcon_core/task/python/colcon_distutils_commands:/home/eleclabs/ros2_ws/install/image_viewer/lib/python3.10/site-packages:${PYTHONPATH} /usr/bin/python3 -W ignore:setup.py install is deprecated -W ignore:easy_install command is deprecated setup.py egg_info --egg-base ../../build/image_viewer build --build-base /home/eleclabs/ros2_ws/build/image_viewer/build install --record /home/eleclabs/ros2_ws/build/image_viewer/install.log --single-version-externally-managed install_data
