[1.351s] Invoking command in '/home/eleclabs/ros2_ws/build/micro_ros_setup': CMAKE_PREFIX_PATH=${CMAKE_PREFIX_PATH}:/home/eleclabs/ros2_ws/install/usb_cam_realtime:/home/eleclabs/ros2_ws/install/usb_cam_example:/home/eleclabs/ros2_ws/install/ros2_opencv:/home/eleclabs/ros2_ws/install/opencv_tools:/home/eleclabs/ros2_ws/install/object_detection:/home/eleclabs/ros2_ws/install/image_viewer:/opt/ros/humble /usr/bin/cmake --build /home/eleclabs/ros2_ws/build/micro_ros_setup -- -j4 -l4
[1.649s] Invoked command in '/home/eleclabs/ros2_ws/build/micro_ros_setup' returned '0': CMAKE_PREFIX_PATH=${CMAKE_PREFIX_PATH}:/home/eleclabs/ros2_ws/install/usb_cam_realtime:/home/eleclabs/ros2_ws/install/usb_cam_example:/home/eleclabs/ros2_ws/install/ros2_opencv:/home/eleclabs/ros2_ws/install/opencv_tools:/home/eleclabs/ros2_ws/install/object_detection:/home/eleclabs/ros2_ws/install/image_viewer:/opt/ros/humble /usr/bin/cmake --build /home/eleclabs/ros2_ws/build/micro_ros_setup -- -j4 -l4
[1.788s] Invoking command in '/home/eleclabs/ros2_ws/build/micro_ros_setup': CMAKE_PREFIX_PATH=${CMAKE_PREFIX_PATH}:/home/eleclabs/ros2_ws/install/usb_cam_realtime:/home/eleclabs/ros2_ws/install/usb_cam_example:/home/eleclabs/ros2_ws/install/ros2_opencv:/home/eleclabs/ros2_ws/install/opencv_tools:/home/eleclabs/ros2_ws/install/object_detection:/home/eleclabs/ros2_ws/install/image_viewer:/opt/ros/humble /usr/bin/cmake --install /home/eleclabs/ros2_ws/build/micro_ros_setup
[1.906s] -- Install configuration: ""
[1.906s] -- Up-to-date: /home/eleclabs/ros2_ws/install/micro_ros_setup/share/ament_index/resource_index/package_run_dependencies/micro_ros_setup
[1.906s] -- Up-to-date: /home/eleclabs/ros2_ws/install/micro_ros_setup/share/ament_index/resource_index/parent_prefix_path/micro_ros_setup
[1.906s] -- Up-to-date: /home/eleclabs/ros2_ws/install/micro_ros_setup/share/micro_ros_setup/environment/ament_prefix_path.sh
[1.906s] -- Up-to-date: /home/eleclabs/ros2_ws/install/micro_ros_setup/share/micro_ros_setup/environment/ament_prefix_path.dsv
[1.906s] -- Up-to-date: /home/eleclabs/ros2_ws/install/micro_ros_setup/share/micro_ros_setup/environment/path.sh
[1.907s] -- Up-to-date: /home/eleclabs/ros2_ws/install/micro_ros_setup/share/micro_ros_setup/environment/path.dsv
[1.907s] -- Up-to-date: /home/eleclabs/ros2_ws/install/micro_ros_setup/share/micro_ros_setup/local_setup.bash
[1.914s] -- Up-to-date: /home/eleclabs/ros2_ws/install/micro_ros_setup/share/micro_ros_setup/local_setup.sh
[1.960s] -- Up-to-date: /home/eleclabs/ros2_ws/install/micro_ros_setup/share/micro_ros_setup/local_setup.zsh
[1.960s] -- Up-to-date: /home/eleclabs/ros2_ws/install/micro_ros_setup/share/micro_ros_setup/local_setup.dsv
[1.960s] -- Installing: /home/eleclabs/ros2_ws/install/micro_ros_setup/share/micro_ros_setup/package.dsv
[1.961s] -- Up-to-date: /home/eleclabs/ros2_ws/install/micro_ros_setup/share/ament_index/resource_index/packages/micro_ros_setup
[2.012s] -- Up-to-date: /home/eleclabs/ros2_ws/install/micro_ros_setup/share/micro_ros_setup/cmake/micro_ros_setupConfig.cmake
[2.033s] -- Up-to-date: /home/eleclabs/ros2_ws/install/micro_ros_setup/share/micro_ros_setup/cmake/micro_ros_setupConfig-version.cmake
[2.033s] -- Up-to-date: /home/eleclabs/ros2_ws/install/micro_ros_setup/share/micro_ros_setup/package.xml
[2.033s] -- Up-to-date: /home/eleclabs/ros2_ws/install/micro_ros_setup/./config
[2.034s] -- Up-to-date: /home/eleclabs/ros2_ws/install/micro_ros_setup/./config/host
[2.035s] -- Up-to-date: /home/eleclabs/ros2_ws/install/micro_ros_setup/./config/host/dev_uros_packages.repos
[2.035s] -- Up-to-date: /home/eleclabs/ros2_ws/install/micro_ros_setup/./config/host/dev_ros2_packages.txt
[2.035s] -- Up-to-date: /home/eleclabs/ros2_ws/install/micro_ros_setup/./config/host/generic
[2.036s] -- Up-to-date: /home/eleclabs/ros2_ws/install/micro_ros_setup/./config/host/generic/build.sh
[2.036s] -- Up-to-date: /home/eleclabs/ros2_ws/install/micro_ros_setup/./config/host/generic/client_host_packages.repos
[2.036s] -- Up-to-date: /home/eleclabs/ros2_ws/install/micro_ros_setup/./config/host/generic/client-host-colcon.meta
[2.037s] -- Up-to-date: /home/eleclabs/ros2_ws/install/micro_ros_setup/./config/host/generic/package.xml
[2.037s] -- Up-to-date: /home/eleclabs/ros2_ws/install/micro_ros_setup/./config/host/generic/create.sh
[2.042s] -- Up-to-date: /home/eleclabs/ros2_ws/install/micro_ros_setup/./config/host/generic/flash.sh
[2.043s] -- Up-to-date: /home/eleclabs/ros2_ws/install/micro_ros_setup/./config/host/client_ros2_packages.txt
[2.043s] -- Up-to-date: /home/eleclabs/ros2_ws/install/micro_ros_setup/./config/agent_uros_packages.repos
[2.043s] -- Up-to-date: /home/eleclabs/ros2_ws/install/micro_ros_setup/./config/mbed
[2.043s] -- Up-to-date: /home/eleclabs/ros2_ws/install/micro_ros_setup/./config/mbed/dev_uros_packages.repos
[2.043s] -- Up-to-date: /home/eleclabs/ros2_ws/install/micro_ros_setup/./config/mbed/dev_ros2_packages.txt
[2.043s] -- Up-to-date: /home/eleclabs/ros2_ws/install/micro_ros_setup/./config/mbed/list_apps.sh
[2.046s] -- Up-to-date: /home/eleclabs/ros2_ws/install/micro_ros_setup/./config/mbed/generic
[2.047s] -- Up-to-date: /home/eleclabs/ros2_ws/install/micro_ros_setup/./config/mbed/generic/build.sh
[2.047s] -- Up-to-date: /home/eleclabs/ros2_ws/install/micro_ros_setup/./config/mbed/generic/board.repos
[2.048s] -- Up-to-date: /home/eleclabs/ros2_ws/install/micro_ros_setup/./config/mbed/generic/client_uros_packages.repos
[2.048s] -- Up-to-date: /home/eleclabs/ros2_ws/install/micro_ros_setup/./config/mbed/generic/supported_platforms
[2.048s] -- Up-to-date: /home/eleclabs/ros2_ws/install/micro_ros_setup/./config/mbed/generic/package.xml
[2.049s] -- Up-to-date: /home/eleclabs/ros2_ws/install/micro_ros_setup/./config/mbed/generic/create.sh
[2.057s] -- Up-to-date: /home/eleclabs/ros2_ws/install/micro_ros_setup/./config/mbed/generic/flash.sh
[2.057s] -- Up-to-date: /home/eleclabs/ros2_ws/install/micro_ros_setup/./config/raspbian
[2.057s] -- Up-to-date: /home/eleclabs/ros2_ws/install/micro_ros_setup/./config/raspbian/dev_uros_packages.repos
[2.057s] -- Up-to-date: /home/eleclabs/ros2_ws/install/micro_ros_setup/./config/raspbian/dev_ros2_packages.txt
[2.057s] -- Up-to-date: /home/eleclabs/ros2_ws/install/micro_ros_setup/./config/raspbian/generic
[2.057s] -- Up-to-date: /home/eleclabs/ros2_ws/install/micro_ros_setup/./config/raspbian/generic/build.sh
[2.059s] -- Up-to-date: /home/eleclabs/ros2_ws/install/micro_ros_setup/./config/raspbian/generic/configure.sh
[2.059s] -- Up-to-date: /home/eleclabs/ros2_ws/install/micro_ros_setup/./config/raspbian/generic/client_uros_packages.repos
[2.059s] -- Up-to-date: /home/eleclabs/ros2_ws/install/micro_ros_setup/./config/raspbian/generic/supported_platforms
[2.059s] -- Up-to-date: /home/eleclabs/ros2_ws/install/micro_ros_setup/./config/raspbian/generic/create.sh
[2.075s] -- Up-to-date: /home/eleclabs/ros2_ws/install/micro_ros_setup/./config/raspbian/generic/client-colcon.meta
[2.075s] -- Up-to-date: /home/eleclabs/ros2_ws/install/micro_ros_setup/./config/raspbian/generic/flash.sh
[2.075s] -- Up-to-date: /home/eleclabs/ros2_ws/install/micro_ros_setup/./config/renesas_ra
[2.075s] -- Up-to-date: /home/eleclabs/ros2_ws/install/micro_ros_setup/./config/renesas_ra/dev_uros_packages.repos
[2.075s] -- Up-to-date: /home/eleclabs/ros2_ws/install/micro_ros_setup/./config/renesas_ra/dev_ros2_packages.txt
[2.075s] -- Up-to-date: /home/eleclabs/ros2_ws/install/micro_ros_setup/./config/renesas_ra/list_apps.sh
[2.075s] -- Up-to-date: /home/eleclabs/ros2_ws/install/micro_ros_setup/./config/renesas_ra/ra6m5
[2.075s] -- Up-to-date: /home/eleclabs/ros2_ws/install/micro_ros_setup/./config/renesas_ra/ra6m5/build.sh
[2.077s] -- Up-to-date: /home/eleclabs/ros2_ws/install/micro_ros_setup/./config/renesas_ra/ra6m5/configure.sh
[2.088s] -- Up-to-date: /home/eleclabs/ros2_ws/install/micro_ros_setup/./config/renesas_ra/ra6m5/board.repos
[2.088s] -- Up-to-date: /home/eleclabs/ros2_ws/install/micro_ros_setup/./config/renesas_ra/ra6m5/client_uros_packages.repos
[2.088s] -- Up-to-date: /home/eleclabs/ros2_ws/install/micro_ros_setup/./config/renesas_ra/ra6m5/create.sh
[2.088s] -- Up-to-date: /home/eleclabs/ros2_ws/install/micro_ros_setup/./config/renesas_ra/ra6m5/client-colcon.meta
[2.100s] -- Up-to-date: /home/eleclabs/ros2_ws/install/micro_ros_setup/./config/renesas_ra/ra6m5/flash.sh
[2.100s] -- Up-to-date: /home/eleclabs/ros2_ws/install/micro_ros_setup/./config/utils.sh
[2.100s] -- Up-to-date: /home/eleclabs/ros2_ws/install/micro_ros_setup/./config/generate_lib
[2.102s] -- Up-to-date: /home/eleclabs/ros2_ws/install/micro_ros_setup/./config/generate_lib/dev_uros_packages.repos
[2.102s] -- Up-to-date: /home/eleclabs/ros2_ws/install/micro_ros_setup/./config/generate_lib/dev_ros2_packages.txt
[2.102s] -- Up-to-date: /home/eleclabs/ros2_ws/install/micro_ros_setup/./config/generate_lib/generic
[2.102s] -- Up-to-date: /home/eleclabs/ros2_ws/install/micro_ros_setup/./config/generate_lib/generic/build.sh
[2.103s] -- Up-to-date: /home/eleclabs/ros2_ws/install/micro_ros_setup/./config/generate_lib/generic/client_uros_packages.repos
[2.103s] -- Up-to-date: /home/eleclabs/ros2_ws/install/micro_ros_setup/./config/generate_lib/generic/demo_toolchain.cmake
[2.103s] -- Up-to-date: /home/eleclabs/ros2_ws/install/micro_ros_setup/./config/generate_lib/generic/package.xml
[2.103s] -- Up-to-date: /home/eleclabs/ros2_ws/install/micro_ros_setup/./config/generate_lib/generic/create.sh
[2.103s] -- Up-to-date: /home/eleclabs/ros2_ws/install/micro_ros_setup/./config/generate_lib/generic/client-colcon.meta
[2.105s] -- Up-to-date: /home/eleclabs/ros2_ws/install/micro_ros_setup/./config/generate_lib/generic/flash.sh
[2.114s] -- Up-to-date: /home/eleclabs/ros2_ws/install/micro_ros_setup/./config/android
[2.119s] -- Up-to-date: /home/eleclabs/ros2_ws/install/micro_ros_setup/./config/android/dev_uros_packages.repos
[2.119s] -- Up-to-date: /home/eleclabs/ros2_ws/install/micro_ros_setup/./config/android/dev_ros2_packages.txt
[2.119s] -- Up-to-date: /home/eleclabs/ros2_ws/install/micro_ros_setup/./config/android/generic
[2.119s] -- Up-to-date: /home/eleclabs/ros2_ws/install/micro_ros_setup/./config/android/generic/build.sh
[2.119s] -- Up-to-date: /home/eleclabs/ros2_ws/install/micro_ros_setup/./config/android/generic/client_uros_packages.repos
[2.119s] -- Up-to-date: /home/eleclabs/ros2_ws/install/micro_ros_setup/./config/android/generic/package.xml
[2.119s] -- Up-to-date: /home/eleclabs/ros2_ws/install/micro_ros_setup/./config/android/generic/create.sh
[2.119s] -- Up-to-date: /home/eleclabs/ros2_ws/install/micro_ros_setup/./config/android/generic/client-colcon.meta
[2.120s] -- Up-to-date: /home/eleclabs/ros2_ws/install/micro_ros_setup/./config/android/generic/flash.sh
[2.120s] -- Up-to-date: /home/eleclabs/ros2_ws/install/micro_ros_setup/./config/agent_ros2_packages.txt
[2.120s] -- Up-to-date: /home/eleclabs/ros2_ws/install/micro_ros_setup/./config/zephyr
[2.120s] -- Up-to-date: /home/eleclabs/ros2_ws/install/micro_ros_setup/./config/zephyr/dev_uros_packages.repos
[2.120s] -- Up-to-date: /home/eleclabs/ros2_ws/install/micro_ros_setup/./config/zephyr/dev_ros2_packages.txt
[2.159s] -- Up-to-date: /home/eleclabs/ros2_ws/install/micro_ros_setup/./config/zephyr/list_apps.sh
[2.159s] -- Up-to-date: /home/eleclabs/ros2_ws/install/micro_ros_setup/./config/zephyr/generic
[2.159s] -- Up-to-date: /home/eleclabs/ros2_ws/install/micro_ros_setup/./config/zephyr/generic/build.sh
[2.159s] -- Up-to-date: /home/eleclabs/ros2_ws/install/micro_ros_setup/./config/zephyr/generic/configure.sh
[2.159s] -- Up-to-date: /home/eleclabs/ros2_ws/install/micro_ros_setup/./config/zephyr/generic/board.repos
[2.159s] -- Up-to-date: /home/eleclabs/ros2_ws/install/micro_ros_setup/./config/zephyr/generic/client_uros_packages.repos
[2.160s] -- Up-to-date: /home/eleclabs/ros2_ws/install/micro_ros_setup/./config/zephyr/generic/supported_platforms
[2.160s] -- Up-to-date: /home/eleclabs/ros2_ws/install/micro_ros_setup/./config/zephyr/generic/package.xml
[2.160s] -- Up-to-date: /home/eleclabs/ros2_ws/install/micro_ros_setup/./config/zephyr/generic/create.sh
[2.160s] -- Up-to-date: /home/eleclabs/ros2_ws/install/micro_ros_setup/./config/zephyr/generic/client-colcon.meta
[2.160s] -- Up-to-date: /home/eleclabs/ros2_ws/install/micro_ros_setup/./config/zephyr/generic/flash.sh
[2.160s] -- Up-to-date: /home/eleclabs/ros2_ws/install/micro_ros_setup/./config/client_uros_packages.repos
[2.160s] -- Up-to-date: /home/eleclabs/ros2_ws/install/micro_ros_setup/./config/client_ros2_packages.txt
[2.160s] -- Up-to-date: /home/eleclabs/ros2_ws/install/micro_ros_setup/./config/freertos
[2.161s] -- Up-to-date: /home/eleclabs/ros2_ws/install/micro_ros_setup/./config/freertos/olimex-stm32-e407
[2.161s] -- Up-to-date: /home/eleclabs/ros2_ws/install/micro_ros_setup/./config/freertos/olimex-stm32-e407/build.sh
[2.161s] -- Up-to-date: /home/eleclabs/ros2_ws/install/micro_ros_setup/./config/freertos/olimex-stm32-e407/configure.sh
[2.161s] -- Up-to-date: /home/eleclabs/ros2_ws/install/micro_ros_setup/./config/freertos/olimex-stm32-e407/board.repos
[2.161s] -- Up-to-date: /home/eleclabs/ros2_ws/install/micro_ros_setup/./config/freertos/olimex-stm32-e407/client_uros_packages.repos
[2.161s] -- Up-to-date: /home/eleclabs/ros2_ws/install/micro_ros_setup/./config/freertos/olimex-stm32-e407/package.xml
[2.224s] -- Up-to-date: /home/eleclabs/ros2_ws/install/micro_ros_setup/./config/freertos/olimex-stm32-e407/create.sh
[2.230s] -- Up-to-date: /home/eleclabs/ros2_ws/install/micro_ros_setup/./config/freertos/olimex-stm32-e407/client-colcon.meta
[2.231s] -- Up-to-date: /home/eleclabs/ros2_ws/install/micro_ros_setup/./config/freertos/olimex-stm32-e407/flash.sh
[2.231s] -- Up-to-date: /home/eleclabs/ros2_ws/install/micro_ros_setup/./config/freertos/esp32
[2.231s] -- Up-to-date: /home/eleclabs/ros2_ws/install/micro_ros_setup/./config/freertos/esp32/build.sh
[2.231s] -- Up-to-date: /home/eleclabs/ros2_ws/install/micro_ros_setup/./config/freertos/esp32/configure.sh
[2.231s] -- Up-to-date: /home/eleclabs/ros2_ws/install/micro_ros_setup/./config/freertos/esp32/README.md
[2.231s] -- Up-to-date: /home/eleclabs/ros2_ws/install/micro_ros_setup/./config/freertos/esp32/board.repos
[2.231s] -- Up-to-date: /home/eleclabs/ros2_ws/install/micro_ros_setup/./config/freertos/esp32/client_uros_packages.repos
[2.232s] -- Up-to-date: /home/eleclabs/ros2_ws/install/micro_ros_setup/./config/freertos/esp32/package.xml
[2.232s] -- Up-to-date: /home/eleclabs/ros2_ws/install/micro_ros_setup/./config/freertos/esp32/create.sh
[2.245s] -- Up-to-date: /home/eleclabs/ros2_ws/install/micro_ros_setup/./config/freertos/esp32/client-colcon.meta
[2.245s] -- Up-to-date: /home/eleclabs/ros2_ws/install/micro_ros_setup/./config/freertos/esp32/flash.sh
[2.246s] -- Up-to-date: /home/eleclabs/ros2_ws/install/micro_ros_setup/./config/freertos/nucleo_f446ze
[2.246s] -- Up-to-date: /home/eleclabs/ros2_ws/install/micro_ros_setup/./config/freertos/nucleo_f446ze/build.sh
[2.246s] -- Up-to-date: /home/eleclabs/ros2_ws/install/micro_ros_setup/./config/freertos/nucleo_f446ze/configure.sh
[2.246s] -- Up-to-date: /home/eleclabs/ros2_ws/install/micro_ros_setup/./config/freertos/nucleo_f446ze/board.repos
[2.246s] -- Up-to-date: /home/eleclabs/ros2_ws/install/micro_ros_setup/./config/freertos/nucleo_f446ze/client_uros_packages.repos
[2.246s] -- Up-to-date: /home/eleclabs/ros2_ws/install/micro_ros_setup/./config/freertos/nucleo_f446ze/package.xml
[2.246s] -- Up-to-date: /home/eleclabs/ros2_ws/install/micro_ros_setup/./config/freertos/nucleo_f446ze/create.sh
[2.246s] -- Up-to-date: /home/eleclabs/ros2_ws/install/micro_ros_setup/./config/freertos/nucleo_f446ze/client-colcon.meta
[2.246s] -- Up-to-date: /home/eleclabs/ros2_ws/install/micro_ros_setup/./config/freertos/nucleo_f446ze/flash.sh
[2.246s] -- Up-to-date: /home/eleclabs/ros2_ws/install/micro_ros_setup/./config/freertos/dev_uros_packages.repos
[2.246s] -- Up-to-date: /home/eleclabs/ros2_ws/install/micro_ros_setup/./config/freertos/crazyflie21
[2.247s] -- Up-to-date: /home/eleclabs/ros2_ws/install/micro_ros_setup/./config/freertos/crazyflie21/build.sh
[2.247s] -- Up-to-date: /home/eleclabs/ros2_ws/install/micro_ros_setup/./config/freertos/crazyflie21/configure.sh
[2.247s] -- Up-to-date: /home/eleclabs/ros2_ws/install/micro_ros_setup/./config/freertos/crazyflie21/board.repos
[2.247s] -- Up-to-date: /home/eleclabs/ros2_ws/install/micro_ros_setup/./config/freertos/crazyflie21/client_uros_packages.repos
[2.247s] -- Up-to-date: /home/eleclabs/ros2_ws/install/micro_ros_setup/./config/freertos/crazyflie21/package.xml
[2.247s] -- Up-to-date: /home/eleclabs/ros2_ws/install/micro_ros_setup/./config/freertos/crazyflie21/create.sh
[2.247s] -- Up-to-date: /home/eleclabs/ros2_ws/install/micro_ros_setup/./config/freertos/crazyflie21/client-colcon.meta
[2.282s] -- Up-to-date: /home/eleclabs/ros2_ws/install/micro_ros_setup/./config/freertos/crazyflie21/flash.sh
[2.283s] -- Up-to-date: /home/eleclabs/ros2_ws/install/micro_ros_setup/./config/freertos/dev_ros2_packages.txt
[2.283s] -- Up-to-date: /home/eleclabs/ros2_ws/install/micro_ros_setup/./config/freertos/list_apps.sh
[2.283s] -- Up-to-date: /home/eleclabs/ros2_ws/install/micro_ros_setup/./config/freertos/nucleo_f767zi
[2.283s] -- Up-to-date: /home/eleclabs/ros2_ws/install/micro_ros_setup/./config/freertos/nucleo_f767zi/build.sh
[2.283s] -- Up-to-date: /home/eleclabs/ros2_ws/install/micro_ros_setup/./config/freertos/nucleo_f767zi/configure.sh
[2.283s] -- Up-to-date: /home/eleclabs/ros2_ws/install/micro_ros_setup/./config/freertos/nucleo_f767zi/board.repos
[2.283s] -- Up-to-date: /home/eleclabs/ros2_ws/install/micro_ros_setup/./config/freertos/nucleo_f767zi/client_uros_packages.repos
[2.284s] -- Up-to-date: /home/eleclabs/ros2_ws/install/micro_ros_setup/./config/freertos/nucleo_f767zi/package.xml
[2.284s] -- Up-to-date: /home/eleclabs/ros2_ws/install/micro_ros_setup/./config/freertos/nucleo_f767zi/create.sh
[2.284s] -- Up-to-date: /home/eleclabs/ros2_ws/install/micro_ros_setup/./config/freertos/nucleo_f767zi/client-colcon.meta
[2.284s] -- Up-to-date: /home/eleclabs/ros2_ws/install/micro_ros_setup/./config/freertos/nucleo_f767zi/flash.sh
[2.284s] -- Up-to-date: /home/eleclabs/ros2_ws/install/micro_ros_setup/./config/freertos/nucleo_f446re
[2.285s] -- Up-to-date: /home/eleclabs/ros2_ws/install/micro_ros_setup/./config/freertos/nucleo_f446re/build.sh
[2.285s] -- Up-to-date: /home/eleclabs/ros2_ws/install/micro_ros_setup/./config/freertos/nucleo_f446re/configure.sh
[2.285s] -- Up-to-date: /home/eleclabs/ros2_ws/install/micro_ros_setup/./config/freertos/nucleo_f446re/board.repos
[2.285s] -- Up-to-date: /home/eleclabs/ros2_ws/install/micro_ros_setup/./config/freertos/nucleo_f446re/client_uros_packages.repos
[2.285s] -- Up-to-date: /home/eleclabs/ros2_ws/install/micro_ros_setup/./config/freertos/nucleo_f446re/package.xml
[2.285s] -- Up-to-date: /home/eleclabs/ros2_ws/install/micro_ros_setup/./config/freertos/nucleo_f446re/create.sh
[2.285s] -- Up-to-date: /home/eleclabs/ros2_ws/install/micro_ros_setup/./config/freertos/nucleo_f446re/client-colcon.meta
[2.285s] -- Up-to-date: /home/eleclabs/ros2_ws/install/micro_ros_setup/./config/freertos/nucleo_f446re/flash.sh
[2.285s] -- Up-to-date: /home/eleclabs/ros2_ws/install/micro_ros_setup/./config/freertos/nucleo_f746zg
[2.286s] -- Up-to-date: /home/eleclabs/ros2_ws/install/micro_ros_setup/./config/freertos/nucleo_f746zg/build.sh
[2.286s] -- Up-to-date: /home/eleclabs/ros2_ws/install/micro_ros_setup/./config/freertos/nucleo_f746zg/configure.sh
[2.286s] -- Up-to-date: /home/eleclabs/ros2_ws/install/micro_ros_setup/./config/freertos/nucleo_f746zg/board.repos
[2.286s] -- Up-to-date: /home/eleclabs/ros2_ws/install/micro_ros_setup/./config/freertos/nucleo_f746zg/client_uros_packages.repos
[2.286s] -- Up-to-date: /home/eleclabs/ros2_ws/install/micro_ros_setup/./config/freertos/nucleo_f746zg/package.xml
[2.286s] -- Up-to-date: /home/eleclabs/ros2_ws/install/micro_ros_setup/./config/freertos/nucleo_f746zg/create.sh
[2.286s] -- Up-to-date: /home/eleclabs/ros2_ws/install/micro_ros_setup/./config/freertos/nucleo_f746zg/client-colcon.meta
[2.286s] -- Up-to-date: /home/eleclabs/ros2_ws/install/micro_ros_setup/./config/freertos/nucleo_f746zg/flash.sh
[2.286s] -- Up-to-date: /home/eleclabs/ros2_ws/install/micro_ros_setup/lib/micro_ros_setup/create_ws.sh
[2.287s] -- Up-to-date: /home/eleclabs/ros2_ws/install/micro_ros_setup/lib/micro_ros_setup/create_agent_ws.sh
[2.287s] -- Up-to-date: /home/eleclabs/ros2_ws/install/micro_ros_setup/lib/micro_ros_setup/create_firmware_ws.sh
[2.287s] -- Up-to-date: /home/eleclabs/ros2_ws/install/micro_ros_setup/lib/micro_ros_setup/configure_firmware.sh
[2.287s] -- Up-to-date: /home/eleclabs/ros2_ws/install/micro_ros_setup/lib/micro_ros_setup/flash_firmware.sh
[2.287s] -- Up-to-date: /home/eleclabs/ros2_ws/install/micro_ros_setup/lib/micro_ros_setup/build_firmware.sh
[2.320s] -- Up-to-date: /home/eleclabs/ros2_ws/install/micro_ros_setup/lib/micro_ros_setup/build_agent.sh
[2.320s] -- Up-to-date: /home/eleclabs/ros2_ws/install/micro_ros_setup/lib/micro_ros_setup/yaml_filter.py
[2.320s] -- Up-to-date: /home/eleclabs/ros2_ws/install/micro_ros_setup/lib/micro_ros_setup/clean_env.sh
[2.321s] -- Up-to-date: /home/eleclabs/ros2_ws/install/micro_ros_setup/lib/micro_ros_setup/component
[2.341s] Invoked command in '/home/eleclabs/ros2_ws/build/micro_ros_setup' returned '0': CMAKE_PREFIX_PATH=${CMAKE_PREFIX_PATH}:/home/eleclabs/ros2_ws/install/usb_cam_realtime:/home/eleclabs/ros2_ws/install/usb_cam_example:/home/eleclabs/ros2_ws/install/ros2_opencv:/home/eleclabs/ros2_ws/install/opencv_tools:/home/eleclabs/ros2_ws/install/object_detection:/home/eleclabs/ros2_ws/install/image_viewer:/opt/ros/humble /usr/bin/cmake --install /home/eleclabs/ros2_ws/build/micro_ros_setup
