[2.201s] Invoking command in '/home/eleclabs/ros2_ws/src/ros2_opencv': PYTHONPATH=/home/eleclabs/ros2_ws/build/ros2_opencv/prefix_override:/usr/lib/python3/dist-packages/colcon_core/task/python/colcon_distutils_commands:/home/eleclabs/ros2_ws/install/ros2_opencv/lib/python3.10/site-packages:${PYTHONPATH} /usr/bin/python3 -W ignore:setup.py install is deprecated -W ignore:easy_install command is deprecated setup.py egg_info --egg-base ../../build/ros2_opencv build --build-base /home/eleclabs/ros2_ws/build/ros2_opencv/build install --record /home/eleclabs/ros2_ws/build/ros2_opencv/install.log --single-version-externally-managed install_data
[2.925s] running egg_info
[2.927s] writing ../../build/ros2_opencv/ros2_opencv.egg-info/PKG-INFO
[2.927s] writing dependency_links to ../../build/ros2_opencv/ros2_opencv.egg-info/dependency_links.txt
[2.930s] writing entry points to ../../build/ros2_opencv/ros2_opencv.egg-info/entry_points.txt
[2.930s] writing requirements to ../../build/ros2_opencv/ros2_opencv.egg-info/requires.txt
[2.932s] writing top-level names to ../../build/ros2_opencv/ros2_opencv.egg-info/top_level.txt
[2.936s] reading manifest file '../../build/ros2_opencv/ros2_opencv.egg-info/SOURCES.txt'
[2.939s] writing manifest file '../../build/ros2_opencv/ros2_opencv.egg-info/SOURCES.txt'
[2.941s] running build
[2.941s] running build_py
[2.942s] running install
[2.942s] running install_lib
[2.944s] running install_data
[2.945s] running install_egg_info
[2.950s] removing '/home/eleclabs/ros2_ws/install/ros2_opencv/lib/python3.10/site-packages/ros2_opencv-0.0.0-py3.10.egg-info' (and everything under it)
[2.957s] Copying ../../build/ros2_opencv/ros2_opencv.egg-info to /home/eleclabs/ros2_ws/install/ros2_opencv/lib/python3.10/site-packages/ros2_opencv-0.0.0-py3.10.egg-info
[2.966s] running install_scripts
[3.001s] Installing subscriber_node script to /home/eleclabs/ros2_ws/install/ros2_opencv/lib/ros2_opencv
[3.002s] writing list of installed files to '/home/eleclabs/ros2_ws/build/ros2_opencv/install.log'
[3.165s] Invoked command in '/home/eleclabs/ros2_ws/src/ros2_opencv' returned '0': PYTHONPATH=/home/eleclabs/ros2_ws/build/ros2_opencv/prefix_override:/usr/lib/python3/dist-packages/colcon_core/task/python/colcon_distutils_commands:/home/eleclabs/ros2_ws/install/ros2_opencv/lib/python3.10/site-packages:${PYTHONPATH} /usr/bin/python3 -W ignore:setup.py install is deprecated -W ignore:easy_install command is deprecated setup.py egg_info --egg-base ../../build/ros2_opencv build --build-base /home/eleclabs/ros2_ws/build/ros2_opencv/build install --record /home/eleclabs/ros2_ws/build/ros2_opencv/install.log --single-version-externally-managed install_data
