[0.040s] Invoking command in '/home/eleclabs/ros2_ws/build/mypkg': CMAKE_PREFIX_PATH=${CMAKE_PREFIX_PATH}:/opt/ros/humble /usr/bin/cmake /home/eleclabs/ros2_ws/src/mypkg -DCMAKE_INSTALL_PREFIX=/home/eleclabs/ros2_ws/install/mypkg
[0.242s] -- The C compiler identification is GNU 11.4.0
[0.401s] -- The CXX compiler identification is GNU 11.4.0
[0.422s] -- Detecting C compiler ABI info
[0.695s] -- Detecting C compiler ABI info - done
[0.708s] -- Check for working C compiler: /usr/bin/cc - skipped
[0.709s] -- Detecting C compile features
[0.711s] -- Detecting C compile features - done
[0.717s] -- Detecting CXX compiler ABI info
[0.998s] -- Detecting CXX compiler ABI info - done
[1.027s] -- Check for working CXX compiler: /usr/bin/c++ - skipped
[1.027s] -- Detecting CXX compile features
[1.029s] -- Detecting CXX compile features - done
[1.035s] -- Found ament_cmake: 1.3.11 (/opt/ros/humble/share/ament_cmake/cmake)
[1.443s] -- Found Python3: /usr/bin/python3 (found version "3.10.12") found components: Interpreter 
[1.640s] [31mCMake Error at CMakeLists.txt:10 (find_package):
[1.641s]   By not providing "Findrclc.cmake" in CMAKE_MODULE_PATH this project has
[1.641s]   asked CMake to find a package configuration file provided by "rclc", but
[1.641s]   CMake did not find one.
[1.641s] 
[1.641s]   Could not find a package configuration file provided by "rclc" with any of
[1.641s]   the following names:
[1.641s] 
[1.641s]     rclcConfig.cmake
[1.641s]     rclc-config.cmake
[1.642s] 
[1.642s]   Add the installation prefix of "rclc" to CMAKE_PREFIX_PATH or set
[1.642s]   "rclc_DIR" to a directory containing one of the above files.  If "rclc"
[1.642s]   provides a separate development package or SDK, be sure it has been
[1.642s]   installed.
[1.642s] 
[1.642s] [0m
[1.642s] -- Configuring incomplete, errors occurred!
[1.642s] See also "/home/eleclabs/ros2_ws/build/mypkg/CMakeFiles/CMakeOutput.log".
[1.654s] Invoked command in '/home/eleclabs/ros2_ws/build/mypkg' returned '1': CMAKE_PREFIX_PATH=${CMAKE_PREFIX_PATH}:/opt/ros/humble /usr/bin/cmake /home/eleclabs/ros2_ws/src/mypkg -DCMAKE_INSTALL_PREFIX=/home/eleclabs/ros2_ws/install/mypkg
