[2.144s] Invoking command in '/home/eleclabs/ros2_ws/src/usb_cam_realtime': PYTHONPATH=/home/eleclabs/ros2_ws/build/usb_cam_realtime/prefix_override:/usr/lib/python3/dist-packages/colcon_core/task/python/colcon_distutils_commands:/home/eleclabs/ros2_ws/install/usb_cam_realtime/lib/python3.10/site-packages:${PYTHONPATH} /usr/bin/python3 -W ignore:setup.py install is deprecated -W ignore:easy_install command is deprecated setup.py egg_info --egg-base ../../build/usb_cam_realtime build --build-base /home/eleclabs/ros2_ws/build/usb_cam_realtime/build install --record /home/eleclabs/ros2_ws/build/usb_cam_realtime/install.log --single-version-externally-managed install_data
[3.028s] running egg_info
[3.029s] writing ../../build/usb_cam_realtime/usb_cam_realtime.egg-info/PKG-INFO
[3.030s] writing dependency_links to ../../build/usb_cam_realtime/usb_cam_realtime.egg-info/dependency_links.txt
[3.032s] writing entry points to ../../build/usb_cam_realtime/usb_cam_realtime.egg-info/entry_points.txt
[3.033s] writing requirements to ../../build/usb_cam_realtime/usb_cam_realtime.egg-info/requires.txt
[3.034s] writing top-level names to ../../build/usb_cam_realtime/usb_cam_realtime.egg-info/top_level.txt
[3.063s] reading manifest file '../../build/usb_cam_realtime/usb_cam_realtime.egg-info/SOURCES.txt'
[3.068s] writing manifest file '../../build/usb_cam_realtime/usb_cam_realtime.egg-info/SOURCES.txt'
[3.068s] running build
[3.069s] running build_py
[3.070s] running install
[3.070s] running install_lib
[3.074s] running install_data
[3.074s] running install_egg_info
[3.095s] removing '/home/eleclabs/ros2_ws/install/usb_cam_realtime/lib/python3.10/site-packages/usb_cam_realtime-0.0.0-py3.10.egg-info' (and everything under it)
[3.100s] Copying ../../build/usb_cam_realtime/usb_cam_realtime.egg-info to /home/eleclabs/ros2_ws/install/usb_cam_realtime/lib/python3.10/site-packages/usb_cam_realtime-0.0.0-py3.10.egg-info
[3.104s] running install_scripts
[3.164s] Installing camera_publisher script to /home/eleclabs/ros2_ws/install/usb_cam_realtime/lib/usb_cam_realtime
[3.165s] Installing camera_subscriber script to /home/eleclabs/ros2_ws/install/usb_cam_realtime/lib/usb_cam_realtime
[3.165s] writing list of installed files to '/home/eleclabs/ros2_ws/build/usb_cam_realtime/install.log'
