[2.861s] Invoking command in '/home/eleclabs/ros2_ws/src/opencv_tools': PYTHONPATH=/home/eleclabs/ros2_ws/build/opencv_tools/prefix_override:/usr/lib/python3/dist-packages/colcon_core/task/python/colcon_distutils_commands:/home/eleclabs/ros2_ws/install/opencv_tools/lib/python3.10/site-packages:${PYTHONPATH} /usr/bin/python3 -W ignore:setup.py install is deprecated -W ignore:easy_install command is deprecated setup.py egg_info --egg-base ../../build/opencv_tools build --build-base /home/eleclabs/ros2_ws/build/opencv_tools/build install --record /home/eleclabs/ros2_ws/build/opencv_tools/install.log --single-version-externally-managed install_data
[3.468s] running egg_info
[3.472s] writing ../../build/opencv_tools/opencv_tools.egg-info/PKG-INFO
[3.483s] writing dependency_links to ../../build/opencv_tools/opencv_tools.egg-info/dependency_links.txt
[3.483s] writing entry points to ../../build/opencv_tools/opencv_tools.egg-info/entry_points.txt
[3.483s] writing requirements to ../../build/opencv_tools/opencv_tools.egg-info/requires.txt
[3.483s] writing top-level names to ../../build/opencv_tools/opencv_tools.egg-info/top_level.txt
[3.506s] reading manifest file '../../build/opencv_tools/opencv_tools.egg-info/SOURCES.txt'
[3.506s] writing manifest file '../../build/opencv_tools/opencv_tools.egg-info/SOURCES.txt'
[3.506s] running build
[3.506s] running build_py
[3.506s] running install
[3.520s] running install_lib
[3.557s] running install_data
[3.559s] running install_egg_info
[3.577s] removing '/home/eleclabs/ros2_ws/install/opencv_tools/lib/python3.10/site-packages/opencv_tools-0.0.0-py3.10.egg-info' (and everything under it)
[3.581s] Copying ../../build/opencv_tools/opencv_tools.egg-info to /home/eleclabs/ros2_ws/install/opencv_tools/lib/python3.10/site-packages/opencv_tools-0.0.0-py3.10.egg-info
[3.592s] running install_scripts
[3.653s] Installing img_sub_node script to /home/eleclabs/ros2_ws/install/opencv_tools/lib/opencv_tools
[3.654s] writing list of installed files to '/home/eleclabs/ros2_ws/build/opencv_tools/install.log'
[3.762s] Invoked command in '/home/eleclabs/ros2_ws/src/opencv_tools' returned '0': PYTHONPATH=/home/eleclabs/ros2_ws/build/opencv_tools/prefix_override:/usr/lib/python3/dist-packages/colcon_core/task/python/colcon_distutils_commands:/home/eleclabs/ros2_ws/install/opencv_tools/lib/python3.10/site-packages:${PYTHONPATH} /usr/bin/python3 -W ignore:setup.py install is deprecated -W ignore:easy_install command is deprecated setup.py egg_info --egg-base ../../build/opencv_tools build --build-base /home/eleclabs/ros2_ws/build/opencv_tools/build install --record /home/eleclabs/ros2_ws/build/opencv_tools/install.log --single-version-externally-managed install_data
