[4.254s] Invoking command in '/home/eleclabs/ros2_ws/src/opencv_tools': PYTHONPATH=/home/eleclabs/ros2_ws/build/opencv_tools/prefix_override:/usr/lib/python3/dist-packages/colcon_core/task/python/colcon_distutils_commands:/home/eleclabs/ros2_ws/install/opencv_tools/lib/python3.10/site-packages:${PYTHONPATH} /usr/bin/python3 -W ignore:setup.py install is deprecated -W ignore:easy_install command is deprecated setup.py egg_info --egg-base ../../build/opencv_tools build --build-base /home/eleclabs/ros2_ws/build/opencv_tools/build install --record /home/eleclabs/ros2_ws/build/opencv_tools/install.log --single-version-externally-managed install_data
[4.842s] running egg_info
[4.869s] writing ../../build/opencv_tools/opencv_tools.egg-info/PKG-INFO
[4.878s] writing dependency_links to ../../build/opencv_tools/opencv_tools.egg-info/dependency_links.txt
[4.878s] writing entry points to ../../build/opencv_tools/opencv_tools.egg-info/entry_points.txt
[4.881s] writing requirements to ../../build/opencv_tools/opencv_tools.egg-info/requires.txt
[4.881s] writing top-level names to ../../build/opencv_tools/opencv_tools.egg-info/top_level.txt
[4.899s] reading manifest file '../../build/opencv_tools/opencv_tools.egg-info/SOURCES.txt'
[4.904s] writing manifest file '../../build/opencv_tools/opencv_tools.egg-info/SOURCES.txt'
[4.922s] running build
[4.923s] running build_py
[4.930s] running install
[4.935s] running install_lib
[4.951s] running install_data
[4.963s] running install_egg_info
[4.994s] removing '/home/eleclabs/ros2_ws/install/opencv_tools/lib/python3.10/site-packages/opencv_tools-0.0.0-py3.10.egg-info' (and everything under it)
[4.995s] Copying ../../build/opencv_tools/opencv_tools.egg-info to /home/eleclabs/ros2_ws/install/opencv_tools/lib/python3.10/site-packages/opencv_tools-0.0.0-py3.10.egg-info
[5.008s] running install_scripts
[5.088s] Installing img_sub_node script to /home/eleclabs/ros2_ws/install/opencv_tools/lib/opencv_tools
[5.095s] writing list of installed files to '/home/eleclabs/ros2_ws/build/opencv_tools/install.log'
[5.260s] Invoked command in '/home/eleclabs/ros2_ws/src/opencv_tools' returned '0': PYTHONPATH=/home/eleclabs/ros2_ws/build/opencv_tools/prefix_override:/usr/lib/python3/dist-packages/colcon_core/task/python/colcon_distutils_commands:/home/eleclabs/ros2_ws/install/opencv_tools/lib/python3.10/site-packages:${PYTHONPATH} /usr/bin/python3 -W ignore:setup.py install is deprecated -W ignore:easy_install command is deprecated setup.py egg_info --egg-base ../../build/opencv_tools build --build-base /home/eleclabs/ros2_ws/build/opencv_tools/build install --record /home/eleclabs/ros2_ws/build/opencv_tools/install.log --single-version-externally-managed install_data
