[1.244s] Invoking command in '/home/eleclabs/ros2_ws/src/ros2_opencv': PYTHONPATH=/home/eleclabs/ros2_ws/build/ros2_opencv/prefix_override:/usr/lib/python3/dist-packages/colcon_core/task/python/colcon_distutils_commands:/home/eleclabs/ros2_ws/install/ros2_opencv/lib/python3.10/site-packages:${PYTHONPATH} /usr/bin/python3 -W ignore:setup.py install is deprecated -W ignore:easy_install command is deprecated setup.py egg_info --egg-base ../../build/ros2_opencv build --build-base /home/eleclabs/ros2_ws/build/ros2_opencv/build install --record /home/eleclabs/ros2_ws/build/ros2_opencv/install.log --single-version-externally-managed install_data
[1.589s] running egg_info
[1.589s] creating ../../build/ros2_opencv/ros2_opencv.egg-info
[1.589s] writing ../../build/ros2_opencv/ros2_opencv.egg-info/PKG-INFO
[1.589s] writing dependency_links to ../../build/ros2_opencv/ros2_opencv.egg-info/dependency_links.txt
[1.589s] writing entry points to ../../build/ros2_opencv/ros2_opencv.egg-info/entry_points.txt
[1.589s] writing requirements to ../../build/ros2_opencv/ros2_opencv.egg-info/requires.txt
[1.589s] writing top-level names to ../../build/ros2_opencv/ros2_opencv.egg-info/top_level.txt
[1.590s] writing manifest file '../../build/ros2_opencv/ros2_opencv.egg-info/SOURCES.txt'
[1.606s] reading manifest file '../../build/ros2_opencv/ros2_opencv.egg-info/SOURCES.txt'
[1.609s] writing manifest file '../../build/ros2_opencv/ros2_opencv.egg-info/SOURCES.txt'
[1.609s] running build
[1.609s] running build_py
[1.609s] creating /home/eleclabs/ros2_ws/build/ros2_opencv/build
[1.609s] creating /home/eleclabs/ros2_ws/build/ros2_opencv/build/lib
[1.609s] creating /home/eleclabs/ros2_ws/build/ros2_opencv/build/lib/ros2_opencv
[1.609s] copying ros2_opencv/subscriberImage.py -> /home/eleclabs/ros2_ws/build/ros2_opencv/build/lib/ros2_opencv
[1.609s] copying ros2_opencv/cameraPublisher.py -> /home/eleclabs/ros2_ws/build/ros2_opencv/build/lib/ros2_opencv
[1.609s] copying ros2_opencv/__init__.py -> /home/eleclabs/ros2_ws/build/ros2_opencv/build/lib/ros2_opencv
[1.609s] running install
[1.610s] running install_lib
[1.610s] creating /home/eleclabs/ros2_ws/install/ros2_opencv/lib/python3.10/site-packages/ros2_opencv
[1.611s] copying /home/eleclabs/ros2_ws/build/ros2_opencv/build/lib/ros2_opencv/subscriberImage.py -> /home/eleclabs/ros2_ws/install/ros2_opencv/lib/python3.10/site-packages/ros2_opencv
[1.611s] copying /home/eleclabs/ros2_ws/build/ros2_opencv/build/lib/ros2_opencv/cameraPublisher.py -> /home/eleclabs/ros2_ws/install/ros2_opencv/lib/python3.10/site-packages/ros2_opencv
[1.612s] copying /home/eleclabs/ros2_ws/build/ros2_opencv/build/lib/ros2_opencv/__init__.py -> /home/eleclabs/ros2_ws/install/ros2_opencv/lib/python3.10/site-packages/ros2_opencv
[1.615s] byte-compiling /home/eleclabs/ros2_ws/install/ros2_opencv/lib/python3.10/site-packages/ros2_opencv/subscriberImage.py to subscriberImage.cpython-310.pyc
[1.615s] byte-compiling /home/eleclabs/ros2_ws/install/ros2_opencv/lib/python3.10/site-packages/ros2_opencv/cameraPublisher.py to cameraPublisher.cpython-310.pyc
[1.615s] byte-compiling /home/eleclabs/ros2_ws/install/ros2_opencv/lib/python3.10/site-packages/ros2_opencv/__init__.py to __init__.cpython-310.pyc
[1.616s] running install_data
[1.616s] creating /home/eleclabs/ros2_ws/install/ros2_opencv/share/ament_index
[1.616s] creating /home/eleclabs/ros2_ws/install/ros2_opencv/share/ament_index/resource_index
[1.616s] creating /home/eleclabs/ros2_ws/install/ros2_opencv/share/ament_index/resource_index/packages
[1.616s] copying resource/ros2_opencv -> /home/eleclabs/ros2_ws/install/ros2_opencv/share/ament_index/resource_index/packages
[1.616s] copying package.xml -> /home/eleclabs/ros2_ws/install/ros2_opencv/share/ros2_opencv
[1.616s] running install_egg_info
[1.618s] Copying ../../build/ros2_opencv/ros2_opencv.egg-info to /home/eleclabs/ros2_ws/install/ros2_opencv/lib/python3.10/site-packages/ros2_opencv-0.0.0-py3.10.egg-info
[1.619s] running install_scripts
[1.642s] Installing publisher_node=ros2_opencv.cameraPublisher:mainsubscriber_node script to /home/eleclabs/ros2_ws/install/ros2_opencv/lib/ros2_opencv
[1.642s] writing list of installed files to '/home/eleclabs/ros2_ws/build/ros2_opencv/install.log'
[1.684s] Invoked command in '/home/eleclabs/ros2_ws/src/ros2_opencv' returned '0': PYTHONPATH=/home/eleclabs/ros2_ws/build/ros2_opencv/prefix_override:/usr/lib/python3/dist-packages/colcon_core/task/python/colcon_distutils_commands:/home/eleclabs/ros2_ws/install/ros2_opencv/lib/python3.10/site-packages:${PYTHONPATH} /usr/bin/python3 -W ignore:setup.py install is deprecated -W ignore:easy_install command is deprecated setup.py egg_info --egg-base ../../build/ros2_opencv build --build-base /home/eleclabs/ros2_ws/build/ros2_opencv/build install --record /home/eleclabs/ros2_ws/build/ros2_opencv/install.log --single-version-externally-managed install_data
