[0.066s] Invoking command in '/home/eleclabs/ros2_ws/build/mypkg': CMAKE_PREFIX_PATH=${CMAKE_PREFIX_PATH}:/opt/ros/humble /usr/bin/cmake --build /home/eleclabs/ros2_ws/build/mypkg -- -j4 -l4
[0.482s] Invoked command in '/home/eleclabs/ros2_ws/build/mypkg' returned '0': CMAKE_PREFIX_PATH=${CMAKE_PREFIX_PATH}:/opt/ros/humble /usr/bin/cmake --build /home/eleclabs/ros2_ws/build/mypkg -- -j4 -l4
[0.482s] Invoking command in '/home/eleclabs/ros2_ws/build/mypkg': CMAKE_PREFIX_PATH=${CMAKE_PREFIX_PATH}:/opt/ros/humble /usr/bin/cmake --install /home/eleclabs/ros2_ws/build/mypkg
[0.529s] -- Install configuration: ""
[0.530s] -- Execute custom install script
[0.530s] -- Up-to-date symlink: /home/eleclabs/ros2_ws/install/mypkg/share/ament_index/resource_index/package_run_dependencies/mypkg
[0.530s] -- Up-to-date symlink: /home/eleclabs/ros2_ws/install/mypkg/share/ament_index/resource_index/parent_prefix_path/mypkg
[0.530s] -- Up-to-date symlink: /home/eleclabs/ros2_ws/install/mypkg/share/mypkg/environment/ament_prefix_path.sh
[0.530s] -- Up-to-date symlink: /home/eleclabs/ros2_ws/install/mypkg/share/mypkg/environment/ament_prefix_path.dsv
[0.530s] -- Up-to-date symlink: /home/eleclabs/ros2_ws/install/mypkg/share/mypkg/environment/path.sh
[0.530s] -- Up-to-date symlink: /home/eleclabs/ros2_ws/install/mypkg/share/mypkg/environment/path.dsv
[0.530s] -- Up-to-date symlink: /home/eleclabs/ros2_ws/install/mypkg/share/mypkg/local_setup.bash
[0.530s] -- Up-to-date symlink: /home/eleclabs/ros2_ws/install/mypkg/share/mypkg/local_setup.sh
[0.531s] -- Up-to-date symlink: /home/eleclabs/ros2_ws/install/mypkg/share/mypkg/local_setup.zsh
[0.531s] -- Up-to-date symlink: /home/eleclabs/ros2_ws/install/mypkg/share/mypkg/local_setup.dsv
[0.531s] -- Symlinking: /home/eleclabs/ros2_ws/install/mypkg/share/mypkg/package.dsv
[0.603s] -- Up-to-date symlink: /home/eleclabs/ros2_ws/install/mypkg/share/ament_index/resource_index/packages/mypkg
[0.607s] -- Up-to-date symlink: /home/eleclabs/ros2_ws/install/mypkg/share/mypkg/cmake/mypkgConfig.cmake
[0.607s] -- Up-to-date symlink: /home/eleclabs/ros2_ws/install/mypkg/share/mypkg/cmake/mypkgConfig-version.cmake
[0.607s] -- Up-to-date symlink: /home/eleclabs/ros2_ws/install/mypkg/share/mypkg/package.xml
[0.612s] Invoked command in '/home/eleclabs/ros2_ws/build/mypkg' returned '0': CMAKE_PREFIX_PATH=${CMAKE_PREFIX_PATH}:/opt/ros/humble /usr/bin/cmake --install /home/eleclabs/ros2_ws/build/mypkg
