[3.057s] Invoking command in '/home/eleclabs/ros2_ws/src/object_detection': PYTHONPATH=/home/eleclabs/ros2_ws/build/object_detection/prefix_override:/usr/lib/python3/dist-packages/colcon_core/task/python/colcon_distutils_commands:/home/eleclabs/ros2_ws/install/object_detection/lib/python3.10/site-packages:${PYTHONPATH} /usr/bin/python3 -W ignore:setup.py install is deprecated -W ignore:easy_install command is deprecated setup.py egg_info --egg-base ../../build/object_detection build --build-base /home/eleclabs/ros2_ws/build/object_detection/build install --record /home/eleclabs/ros2_ws/build/object_detection/install.log --single-version-externally-managed install_data
[3.756s] running egg_info
[3.761s] writing ../../build/object_detection/object_detection.egg-info/PKG-INFO
[3.767s] writing dependency_links to ../../build/object_detection/object_detection.egg-info/dependency_links.txt
[3.769s] writing entry points to ../../build/object_detection/object_detection.egg-info/entry_points.txt
[3.770s] writing requirements to ../../build/object_detection/object_detection.egg-info/requires.txt
[3.773s] writing top-level names to ../../build/object_detection/object_detection.egg-info/top_level.txt
[3.785s] reading manifest file '../../build/object_detection/object_detection.egg-info/SOURCES.txt'
[3.792s] writing manifest file '../../build/object_detection/object_detection.egg-info/SOURCES.txt'
[3.792s] running build
[3.792s] running build_py
[3.792s] running install
[3.800s] running install_lib
[3.804s] running install_data
[3.805s] running install_egg_info
[3.828s] removing '/home/eleclabs/ros2_ws/install/object_detection/lib/python3.10/site-packages/object_detection-0.0.0-py3.10.egg-info' (and everything under it)
[3.831s] Copying ../../build/object_detection/object_detection.egg-info to /home/eleclabs/ros2_ws/install/object_detection/lib/python3.10/site-packages/object_detection-0.0.0-py3.10.egg-info
[3.838s] running install_scripts
[3.899s] Installing object_detection_node script to /home/eleclabs/ros2_ws/install/object_detection/lib/object_detection
[3.901s] writing list of installed files to '/home/eleclabs/ros2_ws/build/object_detection/install.log'
[4.829s] Invoked command in '/home/eleclabs/ros2_ws/src/object_detection' returned '0': PYTHONPATH=/home/eleclabs/ros2_ws/build/object_detection/prefix_override:/usr/lib/python3/dist-packages/colcon_core/task/python/colcon_distutils_commands:/home/eleclabs/ros2_ws/install/object_detection/lib/python3.10/site-packages:${PYTHONPATH} /usr/bin/python3 -W ignore:setup.py install is deprecated -W ignore:easy_install command is deprecated setup.py egg_info --egg-base ../../build/object_detection build --build-base /home/eleclabs/ros2_ws/build/object_detection/build install --record /home/eleclabs/ros2_ws/build/object_detection/install.log --single-version-externally-managed install_data
