[2.209s] Invoking command in '/home/eleclabs/ros2_ws/src/object_detection': PYTHONPATH=/home/eleclabs/ros2_ws/build/object_detection/prefix_override:/usr/lib/python3/dist-packages/colcon_core/task/python/colcon_distutils_commands:/home/eleclabs/ros2_ws/install/object_detection/lib/python3.10/site-packages:${PYTHONPATH} /usr/bin/python3 -W ignore:setup.py install is deprecated -W ignore:easy_install command is deprecated setup.py egg_info --egg-base ../../build/object_detection build --build-base /home/eleclabs/ros2_ws/build/object_detection/build install --record /home/eleclabs/ros2_ws/build/object_detection/install.log --single-version-externally-managed install_data
[2.917s] running egg_info
[2.922s] writing ../../build/object_detection/object_detection.egg-info/PKG-INFO
[2.926s] writing dependency_links to ../../build/object_detection/object_detection.egg-info/dependency_links.txt
[2.935s] writing entry points to ../../build/object_detection/object_detection.egg-info/entry_points.txt
[2.935s] writing requirements to ../../build/object_detection/object_detection.egg-info/requires.txt
[2.935s] writing top-level names to ../../build/object_detection/object_detection.egg-info/top_level.txt
[2.939s] reading manifest file '../../build/object_detection/object_detection.egg-info/SOURCES.txt'
[2.941s] writing manifest file '../../build/object_detection/object_detection.egg-info/SOURCES.txt'
[2.942s] running build
[2.944s] running build_py
[2.944s] running install
[2.945s] running install_lib
[2.949s] running install_data
[2.949s] running install_egg_info
[2.959s] removing '/home/eleclabs/ros2_ws/install/object_detection/lib/python3.10/site-packages/object_detection-0.0.0-py3.10.egg-info' (and everything under it)
[2.978s] Copying ../../build/object_detection/object_detection.egg-info to /home/eleclabs/ros2_ws/install/object_detection/lib/python3.10/site-packages/object_detection-0.0.0-py3.10.egg-info
[2.996s] running install_scripts
[3.046s] Installing object_detection_node script to /home/eleclabs/ros2_ws/install/object_detection/lib/object_detection
[3.047s] writing list of installed files to '/home/eleclabs/ros2_ws/build/object_detection/install.log'
[3.184s] Invoked command in '/home/eleclabs/ros2_ws/src/object_detection' returned '0': PYTHONPATH=/home/eleclabs/ros2_ws/build/object_detection/prefix_override:/usr/lib/python3/dist-packages/colcon_core/task/python/colcon_distutils_commands:/home/eleclabs/ros2_ws/install/object_detection/lib/python3.10/site-packages:${PYTHONPATH} /usr/bin/python3 -W ignore:setup.py install is deprecated -W ignore:easy_install command is deprecated setup.py egg_info --egg-base ../../build/object_detection build --build-base /home/eleclabs/ros2_ws/build/object_detection/build install --record /home/eleclabs/ros2_ws/build/object_detection/install.log --single-version-externally-managed install_data
