[2.644s] Invoking command in '/home/eleclabs/ros2_ws/src/image_viewer': PYTHONPATH=/home/eleclabs/ros2_ws/build/image_viewer/prefix_override:/usr/lib/python3/dist-packages/colcon_core/task/python/colcon_distutils_commands:/home/eleclabs/ros2_ws/install/image_viewer/lib/python3.10/site-packages:${PYTHONPATH} /usr/bin/python3 -W ignore:setup.py install is deprecated -W ignore:easy_install command is deprecated setup.py egg_info --egg-base ../../build/image_viewer build --build-base /home/eleclabs/ros2_ws/build/image_viewer/build install --record /home/eleclabs/ros2_ws/build/image_viewer/install.log --single-version-externally-managed install_data
[3.203s] running egg_info
[3.230s] writing ../../build/image_viewer/image_viewer.egg-info/PKG-INFO
[3.231s] writing dependency_links to ../../build/image_viewer/image_viewer.egg-info/dependency_links.txt
[3.278s] writing entry points to ../../build/image_viewer/image_viewer.egg-info/entry_points.txt
[3.282s] writing requirements to ../../build/image_viewer/image_viewer.egg-info/requires.txt
[3.282s] writing top-level names to ../../build/image_viewer/image_viewer.egg-info/top_level.txt
[3.289s] reading manifest file '../../build/image_viewer/image_viewer.egg-info/SOURCES.txt'
[3.290s] writing manifest file '../../build/image_viewer/image_viewer.egg-info/SOURCES.txt'
[3.293s] running build
[3.293s] running build_py
[3.295s] running install
[3.295s] running install_lib
[3.298s] running install_data
[3.299s] running install_egg_info
[3.307s] removing '/home/eleclabs/ros2_ws/install/image_viewer/lib/python3.10/site-packages/image_viewer-0.0.0-py3.10.egg-info' (and everything under it)
[3.316s] Copying ../../build/image_viewer/image_viewer.egg-info to /home/eleclabs/ros2_ws/install/image_viewer/lib/python3.10/site-packages/image_viewer-0.0.0-py3.10.egg-info
[3.324s] running install_scripts
[3.369s] Installing image_viewer_node script to /home/eleclabs/ros2_ws/install/image_viewer/lib/image_viewer
[3.377s] writing list of installed files to '/home/eleclabs/ros2_ws/build/image_viewer/install.log'
[3.822s] Invoked command in '/home/eleclabs/ros2_ws/src/image_viewer' returned '0': PYTHONPATH=/home/eleclabs/ros2_ws/build/image_viewer/prefix_override:/usr/lib/python3/dist-packages/colcon_core/task/python/colcon_distutils_commands:/home/eleclabs/ros2_ws/install/image_viewer/lib/python3.10/site-packages:${PYTHONPATH} /usr/bin/python3 -W ignore:setup.py install is deprecated -W ignore:easy_install command is deprecated setup.py egg_info --egg-base ../../build/image_viewer build --build-base /home/eleclabs/ros2_ws/build/image_viewer/build install --record /home/eleclabs/ros2_ws/build/image_viewer/install.log --single-version-externally-managed install_data
